%% logfile from robot 5
%  1    time 0.014 sec
%  2    mission (2) state 2
%  3  4  5 Acc x,y,z [m/s2]: -2.517334 -4.466470 -11.788315
%  6  7  8 Gyro x,y,z [deg/s]: -0.183105 26.397705 2.624512
%  9 10 Motor velocity ref left, right: 2.00 2.00
% 11 12 Motor voltage [V] left, right: 8.0 8.0
% 13 14 Motor current left, right [A]: 2.245 1.820
% 15 16 Wheel velocity [m/s] left, right: 0.4510 0.4362
% 17    Turnrate [r/s]: -0.0959
% 18 19 20 21 Pose x,y,h,tilt [m,m,rad,rad]: 0.0038 0.0000 0.002591 0.507481
% 22    Battery voltage [V]: 12.26
% 23 24 Get data time [us]: 500 +ctrl 810
% 25 26 27 28 29 Ballance pitch ref -0.023507 [rad], bal-out 2.000000 [rad], I-out 1.000000 [m/s], D-out 5.217732 [rad], vel ref [m/s] 0.000000
%% Configuration as seen in client (assumed updated from robot)
% [main]
% version = 2.162
% mission = 2
% statusinterval = 50
% usbdevicename = /dev/ttyACM0
% connect = True
% 
% [log]
% interval = 30
% mission_state = True
% acceleration = True
% gyro = True
% encoder = False
% motorref = True
% motorvoltage = True
% motorcurrent = True
% wheelvelocity = True
% robotpose = True
% linesensor = False
% batteryvoltage = True
% balancectrl = True
% controltime = True
% extrainfo = False
% logfilename = /home/chr/svnregbot/matlab/log_2015_11_01/bal_drive_2.log
% allow = True
% 
% [wheelVel]
% reguse = True
% usevelest = False
% usevelleadfwd = True
% acclimit = 0.0
% kp = 8.5
% taui = 0.0
% taud = 0.036
% alpha = 0.5
% imax = 8.0
% steptime = 0.2
% stepfromreg = -0.1
% steptoreg = -1.5
% stepfromv = 2.1
% steptov = 4.1
% motorvoltlimit = 8.0
% 
% [turn]
% reguse = True
% leadfwd = False
% kp = 0.5
% taui = 0.0
% taud = 0.0
% alpha = 0.1
% imax = 0.4
% outmax = 15.0
% stepontime = 0.1
% stepofftime = 0.6
% stepvaluereg = 1.0
% stepvaluemotreg = 1.0
% stepvaluemotv = 0.35
% stepvelocitymotreg = 0.2
% stepvelocitymotv = 0.2
% 
% [mission]
% mission = # demo mission
% 	vel=0.2, acc=1,log=67  : dist = 0.2
% 	bal=1,vel=0 : time=8
% 	# go straight
% 	bal=0,vel=0.2: dist = 0.3,time=5
% 	vel=0 : time=1
% filename = mission_1.mis
% 
% [balance]
% use = True
% kp = -10.0
% taui = 0.07
% taud = 0.2
% alpha = 0.2
% imax = 1.0
% outmax = 2.0
% leadfwd = True
% leadgyro = True
% 
% [balanceVel]
% use = True
% kp = 0.3
% taui = 0.0
% taud = 0.007
% alpha = 10.0
% zeta = 0.05
% imax = 0.075
% leadfwd = True
% outmax = 0.075
% steptime = 5.0
% stepfrom = 0.0
% stepto = 0.0
% stepfromvel = 0.0
% steptovel = 0.1
% stepfrommsec = 0.0
% steptomsec = 0.0
% stepfrommotvolt = 0.0
% steptomotvolt = 0.0
% 
% [balanceSS]
% use = False
% k_tilt = -8.0
% k_gyro = 0.02
% k_pos = 0.0
% k_vel = 0.0
% k_motor = 0.0
% outmax = 0.1
% steptime = 50.0
% stepfrom = 0.09
% stepto = 0.09
% steppos = -1
% 
% [lineSensor]
% maximum = 1024
% 
% [robot5]
% version = 2.156.13
% robotbase = 0.155
% gear = 9.68
% encoderppr = 48.0
% weelradiusleft = 0.0297
% weelradiusright = 0.0297
% balanceoffset = 0.07
% 
%% data log
0.044 2 0.009590 -0.201387 -13.238779 15.136719 120.056152 3.173828 2.00 2.00 8.0 8.0 1.874 1.499 0.7723 0.7872 0.0959 0.0229 0.0001 0.005182 0.460760 12.27 500 790 -0.075000 2.000000 1.000000 4.938527 0.000000 
0.074 2 -3.567422 1.258667 -11.946548 1.922607 241.027832 2.899170 2.00 2.00 7.8 7.8 1.565 1.507 0.9559 0.9559 0.0000 0.0478 0.0002 0.005182 0.354300 12.30 500 820 -0.075000 2.000000 1.000000 3.451655 0.000000 
0.104 2 -3.322881 -1.177153 -6.609799 11.871338 347.320557 -0.915527 2.00 2.00 6.2 6.6 0.898 0.905 1.1474 1.1153 -0.2073 0.0781 0.0003 0.002591 0.192698 12.33 500 810 -0.075000 2.000000 1.000000 1.464607 0.000000 
0.134 2 -1.728569 1.738159 -1.488823 5.065918 344.207764 -0.823975 0.59 0.59 -2.8 -2.4 -1.272 -1.274 0.5498 0.5213 -0.1840 0.1052 0.0003 0.000000 0.004109 12.35 500 780 -0.075000 0.589581 1.000000 -0.410419 0.000000 
0.164 2 -1.169961 -0.501069 -7.619131 7.812500 115.234375 -16.906738 0.24 0.25 -1.3 -1.2 -0.434 -0.335 0.2996 0.2868 -0.0829 0.1157 0.0003 -0.005182 -0.107063 12.39 500 800 -0.075000 0.245543 0.968419 -0.722876 0.000000 
0.194 2 0.007192 -0.083911 -9.388456 0.732422 6.378174 -4.974365 0.31 0.31 0.3 0.4 -0.095 -0.154 0.2767 0.2731 -0.0233 0.1251 0.0003 -0.002591 -0.119957 12.39 500 800 -0.075000 0.313202 0.785038 -0.471836 0.000000 
0.224 2 -0.472300 -0.685674 -9.745678 -3.021240 -25.665283 2.288818 0.35 0.35 1.2 1.4 0.044 -0.077 0.2345 0.2305 -0.0259 0.1323 0.0003 -0.002591 -0.109834 12.40 500 810 -0.075000 0.348288 0.607035 -0.258747 0.000000 
0.254 2 -0.055142 -0.433940 -10.205991 0.183105 -14.709473 -0.244141 0.30 0.30 0.9 1.1 0.169 0.082 0.1956 0.1884 -0.0466 0.1388 0.0002 -0.002591 -0.098224 12.40 500 790 -0.075000 0.303126 0.484015 -0.180890 0.000000 
0.284 2 -0.350029 -0.378799 -9.836782 0.244141 -22.521973 -2.349854 0.37 0.37 1.4 1.1 0.192 0.088 0.2217 0.2402 0.1192 0.1448 0.0002 -0.002591 -0.086694 12.39 500 800 -0.075000 0.369649 0.407977 -0.038328 0.000000 
0.314 2 -0.340439 0.647314 -10.076528 -2.014160 0.152588 -0.610352 0.34 0.34 1.3 1.6 0.110 0.159 0.1912 0.1751 -0.1036 0.1514 0.0002 -0.005182 -0.079142 12.39 500 810 -0.075000 0.337970 0.379923 -0.041954 0.000000 
0.344 2 -0.831919 0.671289 -9.141519 -0.274658 -16.235352 2.136230 0.33 0.33 1.5 1.5 0.097 0.038 0.1767 0.1799 0.0207 0.1568 0.0002 -0.002591 -0.077998 12.40 500 800 -0.069803 0.329464 0.354748 -0.025284 0.000000 
0.374 2 -0.239746 0.493877 -9.956655 0.335693 20.843506 4.119873 0.29 0.29 0.7 0.0 0.078 -0.109 0.1659 0.2056 0.2565 0.1639 0.0002 0.000000 -0.068826 12.40 500 810 -0.069346 0.285036 0.352596 -0.067560 0.000000 
0.404 2 -0.266118 -0.870278 -9.685741 -4.058838 -33.752441 2.593994 0.39 0.39 1.9 1.5 0.310 0.249 0.2169 0.2418 0.1606 0.1683 0.0002 0.000000 -0.067203 12.39 500 760 -0.062685 0.390869 0.318235 0.072634 0.000000 
0.434 2 -0.302080 -4.090068 -10.301889 2.777100 22.094727 -0.946045 0.15 0.15 -0.2 -0.0 -0.074 -0.099 0.1040 0.0932 -0.0700 0.1735 0.0002 0.000000 -0.064708 12.39 500 760 -0.056037 0.152130 0.315966 -0.163836 0.000000 
0.464 2 0.496274 0.081514 -13.938837 -2.227783 -25.939941 -8.117676 0.46 0.46 2.6 2.5 0.466 0.536 0.2241 0.2305 0.0415 0.1791 0.0002 0.000000 -0.051502 12.37 500 800 -0.058815 0.458229 0.294553 0.163677 0.000000 
0.494 2 -1.508003 0.990151 -9.453188 2.960205 -33.233643 -4.943848 0.31 0.31 1.7 2.4 0.017 0.148 0.1526 0.1133 -0.2539 0.1825 0.0002 -0.002591 -0.057505 12.37 500 800 -0.048525 0.309175 0.282966 0.026209 0.000000 
0.524 2 -0.839111 -0.911035 -7.444116 13.275146 30.181885 -2.563477 0.20 0.20 0.4 0.5 -0.043 -0.139 0.1008 0.0964 -0.0285 0.1882 0.0002 0.002591 -0.048934 12.39 500 810 -0.050037 0.202592 0.296921 -0.094329 0.000000 
0.554 2 -1.014126 -0.059937 -7.969160 -4.302979 -32.073975 -2.288818 0.42 0.42 2.1 2.0 0.252 0.132 0.2265 0.2333 0.0440 0.1922 0.0002 -0.002591 -0.046713 12.39 500 800 -0.049724 0.418897 0.276832 0.142066 0.000000 
0.584 2 -0.769585 -2.104971 -11.001948 -6.164551 29.296875 0.183105 0.10 0.10 -0.4 -0.3 -0.074 -0.081 0.0691 0.0663 -0.0181 0.1960 0.0002 0.000000 -0.051945 12.39 500 760 -0.043245 0.100182 0.289448 -0.189266 0.000000 
0.614 2 -0.258926 -0.932612 -11.809893 -0.549316 -19.287109 -1.007080 0.39 0.39 2.0 2.1 0.342 0.468 0.2056 0.1912 -0.0933 0.2010 0.0001 -0.002591 -0.042548 12.39 500 810 -0.047771 0.390116 0.270568 0.119548 0.000000 
0.644 2 -0.963779 1.191538 -9.748075 3.417969 -5.737305 -4.516602 0.14 0.15 -0.0 1.2 -0.089 -0.078 0.1108 0.0365 -0.4794 0.2036 0.0001 -0.005182 -0.051480 12.40 500 800 -0.038354 0.143539 0.254780 -0.111241 0.000000 
0.674 2 0.776777 0.791162 -10.788574 -7.537842 11.016846 9.277344 0.22 0.23 0.8 0.6 0.207 0.275 0.1177 0.1265 0.0570 0.2082 0.0001 -0.007773 -0.038993 12.39 500 820 -0.041438 0.226605 0.240609 -0.014003 0.000000 
0.704 2 -0.803149 -0.486685 -7.026958 1.678467 -33.355713 -1.892090 0.22 0.23 1.6 1.9 0.085 0.131 0.1008 0.0811 -0.1270 0.2098 0.0001 -0.007773 -0.043166 12.40 500 800 -0.033414 0.228236 0.209321 0.018916 0.000000 
0.734 2 -0.460312 1.754941 -7.909224 8.178711 23.284912 -0.274658 0.13 0.13 -0.1 0.0 -0.051 -0.025 0.0831 0.0723 -0.0700 0.2139 0.0001 -0.007773 -0.034577 12.39 500 800 -0.034870 0.130357 0.208708 -0.078350 0.000000 
0.764 2 -0.143848 -1.404912 -8.920952 -9.002686 -28.656006 10.314941 0.25 0.26 1.4 1.3 0.273 0.301 0.1181 0.1245 0.0415 0.2157 0.0000 -0.010364 -0.033149 12.39 500 810 -0.029954 0.250928 0.182851 0.068077 0.000000 
0.794 2 -1.093242 -1.392925 -8.362344 6.500244 17.486572 2.349854 0.12 0.13 0.6 0.3 -0.004 -0.049 0.0321 0.0534 0.1373 0.2185 0.0000 -0.010364 -0.030328 12.40 500 800 -0.028996 0.120880 0.195245 -0.074366 0.000000 
0.824 2 -1.179551 2.397461 -10.488892 -0.274658 -31.921387 -1.434326 0.36 0.37 2.2 2.3 0.335 0.283 0.1715 0.1699 -0.0104 0.2211 -0.0000 -0.012956 -0.024433 12.38 500 800 -0.031317 0.364290 0.184026 0.180264 0.000000 
0.854 2 -1.086050 0.896650 -10.182016 -10.314941 6.958008 10.009766 0.10 0.11 0.4 0.7 0.032 -0.050 0.0317 0.0205 -0.0726 0.2229 -0.0000 -0.010364 -0.031948 12.39 500 800 -0.024885 0.100972 0.195897 -0.094925 0.000000 
0.884 2 -0.572993 1.107627 -10.443339 6.805420 30.578613 -1.190186 0.11 0.13 -0.1 0.1 0.030 -0.009 0.0574 0.0598 0.0155 0.2263 -0.0001 -0.012956 -0.025641 12.39 500 810 -0.028118 0.118747 0.200714 -0.081967 0.000000 
0.914 2 -0.100693 -1.270654 -9.299750 -6.896973 -16.174316 9.643555 0.18 0.20 0.7 0.8 0.156 0.178 0.1088 0.1048 -0.0259 0.2279 -0.0001 -0.012956 -0.029268 12.39 500 800 -0.024940 0.191186 0.178009 0.013177 0.000000 
0.944 2 -1.114819 -1.059678 -7.705439 6.500244 14.801025 -3.051758 0.11 0.13 0.3 0.4 -0.019 -0.040 0.0482 0.0430 -0.0337 0.2303 -0.0001 -0.018138 -0.025397 12.39 500 800 -0.024191 0.116189 0.179913 -0.063724 0.000000 
0.974 2 -0.203784 0.690469 -10.210786 -0.274658 -23.437500 7.690430 0.22 0.23 1.5 1.0 0.372 0.244 0.0783 0.1137 0.2280 0.2313 -0.0002 -0.015547 -0.022795 12.39 500 800 -0.020989 0.223188 0.159426 0.063762 0.000000 
1.004 2 -0.268516 -2.534116 -11.275258 -6.408691 11.535645 4.302979 0.09 0.11 0.5 0.4 0.011 -0.020 0.0241 0.0313 0.0466 0.2331 -0.0002 -0.018138 -0.022409 12.39 500 800 -0.020045 0.103768 0.167671 -0.063903 0.000000 
1.034 2 -0.306875 -0.215771 -10.908447 1.190186 -19.500732 5.432129 0.24 0.26 1.3 1.7 0.180 -0.027 0.1125 0.1032 -0.0596 0.2349 -0.0002 -0.020729 -0.018190 12.38 500 800 -0.020851 0.247093 0.152408 0.094686 0.000000 
1.064 2 -0.287695 1.052485 -11.457465 0.366211 16.448975 -6.713867 0.06 0.08 0.0 0.1 0.021 0.001 0.0193 0.0241 0.0311 0.2362 -0.0002 -0.020729 -0.021620 12.39 500 800 -0.017953 0.066608 0.160693 -0.094085 0.000000 
1.094 2 -0.870278 -0.652109 -9.616216 -4.180908 -20.568848 5.859375 0.22 0.24 1.1 1.5 0.139 0.073 0.1064 0.0972 -0.0596 0.2378 -0.0003 -0.020729 -0.016895 12.39 500 800 -0.018325 0.227363 0.141265 0.086098 0.000000 
1.124 2 -0.572993 -1.129204 -10.910845 -0.213623 14.678955 -9.185791 0.06 0.08 0.1 0.2 0.021 0.001 0.0225 0.0277 0.0337 0.2390 -0.0003 -0.020729 -0.018774 12.39 500 800 -0.016346 0.073735 0.149256 -0.075520 0.000000 
1.154 2 -0.592173 -0.297285 -9.836782 0.091553 -13.946533 2.960205 0.13 0.15 0.6 1.3 0.146 0.092 0.0594 0.0341 -0.1632 0.2398 -0.0003 -0.020729 -0.017226 12.38 500 800 -0.013931 0.143377 0.127644 0.015733 0.000000 
1.184 2 -0.513057 0.503467 -8.719565 8.422852 23.895264 -2.471924 0.06 0.08 -0.6 -0.1 0.001 -0.032 0.0490 0.0337 -0.0985 0.2414 -0.0004 -0.020729 -0.013806 12.40 500 800 -0.015395 0.066624 0.134148 -0.067524 0.000000 
1.214 2 -0.961382 0.637725 -9.206249 -2.807617 -8.422852 3.356934 0.07 0.09 0.7 0.8 0.013 -0.037 0.0104 0.0116 0.0078 0.2416 -0.0004 -0.018138 -0.017843 12.39 500 800 -0.011234 0.081618 0.118304 -0.036685 0.000000 
1.244 2 -0.402773 -0.580186 -10.239555 -2.777100 -16.387939 3.051758 0.14 0.16 1.0 1.5 0.169 0.254 0.0402 0.0221 -0.1166 0.2426 -0.0004 -0.020729 -0.010979 12.38 500 790 -0.010123 0.148878 0.100237 0.048642 0.000000 
1.274 2 -0.930215 -0.443530 -10.306684 -1.007080 -2.258301 -12.054443 0.13 0.15 1.1 1.3 0.071 0.101 0.0201 0.0201 0.0000 0.2434 -0.0004 -0.020729 -0.008287 12.39 500 800 -0.010514 0.140410 0.110259 0.030151 0.000000 
1.304 2 -0.589775 -0.354824 -9.843974 1.129150 7.019043 -6.835938 0.09 0.11 0.4 0.6 0.039 -0.002 0.0285 0.0325 0.0259 0.2444 -0.0004 -0.018138 -0.009942 12.39 500 800 -0.010607 0.102264 0.120123 -0.017859 0.000000 
1.334 2 -0.743213 0.045552 -9.649780 0.183105 -5.950928 3.875732 0.13 0.14 1.3 0.3 0.242 -0.097 0.0088 0.0835 0.4819 0.2450 -0.0004 -0.010364 -0.009825 12.40 500 800 -0.009865 0.136521 0.115341 0.021180 0.000000 
1.364 2 -0.455518 -0.776777 -9.930283 1.159668 10.589600 -2.563477 0.10 0.11 0.4 -0.0 0.014 -0.009 0.0333 0.0619 0.1840 0.2462 -0.0004 -0.015547 -0.009610 12.39 500 800 -0.011395 0.102906 0.122024 -0.019118 0.000000 
1.394 2 -0.553813 -0.194194 -9.445995 -0.579834 -0.183105 4.119873 0.06 0.08 0.4 0.5 0.017 -0.035 0.0092 0.0116 0.0155 0.2462 -0.0004 -0.015547 -0.013442 12.40 500 800 -0.008764 0.068089 0.114228 -0.046139 0.000000 
1.424 2 -0.680879 -0.249336 -9.853564 -0.274658 -11.322021 3.845215 0.10 0.12 1.0 1.1 0.075 0.154 0.0056 0.0064 0.0052 0.2466 -0.0004 -0.015547 -0.009033 12.39 500 800 -0.006392 0.109535 0.096420 0.013114 0.000000 
1.454 2 -0.493877 0.028770 -10.007002 -1.861572 -3.875732 -7.720947 0.11 0.13 0.7 1.2 0.035 0.211 0.0361 0.0153 -0.1347 0.2472 -0.0005 -0.018138 -0.006231 12.39 510 800 -0.007462 0.122231 0.096390 0.025841 0.000000 
1.484 2 -0.582583 -1.117217 -9.692934 -0.762939 2.807617 -15.533447 0.09 0.11 0.7 0.8 0.015 -0.030 0.0116 0.0205 0.0570 0.2478 -0.0005 -0.015547 -0.006627 12.39 500 800 -0.007276 0.100610 0.103925 -0.003315 0.000000 
1.514 2 -0.517852 -0.165425 -10.170029 1.342773 -2.929688 -2.014160 0.12 0.13 1.1 0.4 0.245 -0.022 0.0108 0.0594 0.3135 0.2482 -0.0005 -0.010364 -0.005754 12.40 500 800 -0.007026 0.127476 0.104532 0.022944 0.000000 
1.544 2 -0.561006 0.184604 -9.891924 0.366211 0.549316 4.364014 0.10 0.11 0.8 0.9 0.017 0.018 0.0060 0.0141 0.0518 0.2484 -0.0005 -0.007773 -0.006370 12.38 500 800 -0.006204 0.105554 0.109128 -0.003574 0.000000 
1.574 2 -0.479492 0.393184 -10.009399 0.152588 5.279541 -7.019043 0.10 0.10 0.0 0.4 -0.013 -0.006 0.0462 0.0317 -0.0933 0.2492 -0.0005 -0.007773 -0.005272 12.39 500 800 -0.006266 0.100551 0.109036 -0.008486 0.000000 
1.604 2 -0.342837 -0.182207 -9.810410 -0.732422 3.021240 -0.091553 0.06 0.07 0.4 0.4 0.006 -0.032 0.0112 0.0177 0.0415 0.2492 -0.0005 -0.007773 -0.008670 12.39 500 800 -0.006129 0.068100 0.104057 -0.035957 0.000000 
1.634 2 -0.767187 -0.491479 -9.716908 -0.122070 -6.561279 1.739502 0.08 0.09 0.8 0.8 0.014 -0.026 0.0060 0.0076 0.0104 0.2492 -0.0005 -0.007773 -0.007388 12.39 500 800 -0.004799 0.088459 0.091448 -0.002989 0.000000 
1.664 2 -0.448325 -0.067129 -9.947065 0.152588 -2.502441 -0.976562 0.07 0.08 0.5 0.6 0.010 -0.039 0.0040 0.0048 0.0052 0.2492 -0.0005 -0.007773 -0.005257 12.39 500 790 -0.003624 0.075583 0.083170 -0.007587 0.000000 
1.694 2 -0.589775 -0.069526 -9.736089 -0.091553 -3.906250 0.976562 0.08 0.09 0.7 0.7 0.034 -0.006 0.0032 0.0032 0.0000 0.2492 -0.0005 -0.007773 -0.003548 12.40 500 790 -0.002718 0.082848 0.077507 0.005341 0.000000 
1.724 2 -0.577788 -0.055142 -9.800820 -0.244141 -2.929688 -0.854492 0.08 0.09 0.7 0.8 0.036 -0.013 0.0024 0.0028 0.0026 0.2492 -0.0005 -0.007773 -0.002142 12.39 500 800 -0.002050 0.084865 0.075563 0.009301 0.000000 
1.754 2 -0.606558 -0.167822 -9.767256 -0.274658 -2.807617 0.518799 0.09 0.10 0.8 0.9 0.021 -0.003 0.0020 0.0020 0.0000 0.2492 -0.0005 -0.007773 -0.000726 12.39 500 790 -0.001555 0.095159 0.077069 0.018090 0.000000 
1.784 2 -0.584980 -0.043154 -9.836782 -0.122070 -3.173828 -0.244141 0.11 0.11 1.0 1.0 0.113 0.143 0.0016 0.0016 0.0000 0.2492 -0.0005 -0.007773 0.000540 12.39 500 790 -0.001199 0.111060 0.082594 0.028465 0.000000 
1.814 2 -0.774380 -1.265859 -9.649780 1.617432 18.554688 -0.396729 0.05 0.06 -0.5 0.0 0.022 -0.017 0.0510 0.0205 -0.1969 0.2502 -0.0005 -0.010364 -0.002237 12.39 500 800 -0.004645 0.055290 0.095973 -0.040683 0.000000 
1.844 2 -0.788765 -0.028770 -9.829590 1.434326 0.457764 3.204346 0.06 0.07 0.5 0.6 0.030 -0.010 0.0104 0.0080 -0.0155 0.2502 -0.0005 -0.010364 -0.006637 12.39 500 800 -0.004092 0.066503 0.093550 -0.027047 0.000000 
1.874 2 -0.532236 0.160630 -9.999809 -0.183105 -2.929688 0.183105 0.06 0.07 0.5 0.6 0.043 0.001 0.0056 0.0048 -0.0052 0.2502 -0.0005 -0.010364 -0.005677 12.39 500 790 -0.003275 0.068122 0.081915 -0.013794 0.000000 
1.904 2 -0.690469 -0.033564 -9.656972 -0.274658 -1.647949 -0.305176 0.05 0.06 0.3 0.4 0.014 -0.028 0.0040 0.0036 -0.0026 0.2502 -0.0005 -0.010364 -0.005067 12.39 500 790 -0.002555 0.052470 0.071843 -0.019373 0.000000 
1.934 2 -0.563403 -0.213374 -9.947065 -0.396729 -0.762939 0.152588 0.04 0.05 0.2 0.3 0.005 -0.021 0.0028 0.0028 0.0000 0.2502 -0.0005 -0.010364 -0.004299 12.39 500 800 -0.001974 0.041081 0.061667 -0.020586 0.000000 
1.964 2 -0.649712 -0.158232 -9.736089 -0.183105 -0.885010 0.396729 0.02 0.03 0.1 0.2 0.013 -0.021 0.0024 0.0020 -0.0026 0.2502 -0.0005 -0.010364 -0.004023 12.40 500 800 -0.001533 0.029358 0.051167 -0.021809 0.000000 
1.994 2 -0.522646 -0.081514 -9.772051 0.061035 -0.396729 -0.549316 0.01 0.02 0.0 0.1 0.006 -0.043 0.0020 0.0020 0.0000 0.2502 -0.0005 -0.010364 -0.003776 12.39 500 790 -0.001209 0.016173 0.040453 -0.024280 0.000000 
2.024 2 -0.556211 -0.160630 -9.798423 -0.030518 -0.488281 0.610352 -0.00 0.01 -0.1 -0.0 0.035 -0.015 0.0016 0.0016 0.0000 0.2502 -0.0005 -0.010364 -0.003761 12.39 500 790 -0.000955 0.002510 0.028868 -0.026358 0.000000 
2.054 2 -0.616147 -0.040757 -9.822397 -0.091553 0.091553 -0.274658 -0.02 -0.01 -0.3 -0.2 0.029 -0.010 0.0016 0.0012 -0.0026 0.2502 -0.0005 -0.010364 -0.003934 12.40 500 800 -0.000777 -0.015648 0.016237 -0.031885 0.000000 
2.084 2 -0.637725 -0.124668 -9.791230 -0.152588 0.244141 -0.152588 -0.04 -0.03 -0.4 -0.4 0.016 0.001 0.0012 0.0012 0.0000 0.2502 -0.0005 -0.010364 -0.004148 12.38 500 790 -0.000630 -0.034077 0.001959 -0.036036 0.000000 
2.114 2 -0.620942 -0.103091 -9.863154 -0.213623 0.518799 0.152588 -0.06 -0.05 -0.6 -0.5 0.031 -0.016 0.0012 0.0012 0.0000 0.2502 -0.0005 -0.010364 -0.004513 12.39 500 800 -0.000536 -0.055678 -0.014094 -0.041584 0.000000 
2.144 2 -0.608955 -0.071924 -9.805614 -0.091553 0.823975 -0.213623 -0.09 -0.08 -0.9 -0.8 0.034 -0.015 0.0008 0.0008 0.0000 0.2502 -0.0005 -0.010364 -0.004999 12.40 500 790 -0.000448 -0.080655 -0.032274 -0.048382 0.000000 
2.174 2 -0.613750 -0.083911 -9.894321 -0.030518 0.976562 0.061035 -0.11 -0.10 -1.1 -1.0 -0.002 -0.038 0.0008 0.0008 0.0000 0.2502 -0.0005 -0.010364 -0.005589 12.39 500 790 -0.000376 -0.108708 -0.053173 -0.055535 0.000000 
2.204 2 -0.704853 0.234951 -9.563472 -0.030518 -1.892090 3.845215 -0.13 -0.12 -1.2 -1.1 -0.037 -0.185 -0.0008 -0.0008 0.0000 0.2498 -0.0005 -0.010364 -0.006137 12.38 500 800 -0.000272 -0.129192 -0.077141 -0.052051 0.000000 
2.234 2 -0.771982 -0.208579 -9.700127 0.488281 0.396729 2.777100 -0.16 -0.15 -1.5 -1.2 -0.188 -0.198 -0.0008 -0.0145 -0.0881 0.2496 -0.0005 -0.012956 -0.005233 12.40 500 800 0.000176 -0.155082 -0.099604 -0.055478 0.000000 
2.264 2 -0.544224 -0.129463 -10.100503 -0.152588 -3.753662 8.117676 -0.13 -0.12 -1.1 -0.9 0.012 -0.032 -0.0008 -0.0120 -0.0726 0.2496 -0.0005 -0.012956 -0.001073 12.39 500 800 0.000865 -0.121649 -0.115372 -0.006277 0.000000 
2.294 2 -0.738418 -0.426748 -9.613818 0.000000 0.885010 -2.319336 -0.17 -0.15 -1.5 -0.8 -0.226 -0.045 -0.0044 -0.0474 -0.2773 0.2490 -0.0005 -0.015547 -0.001295 12.39 500 800 0.001974 -0.159352 -0.123573 -0.035779 0.000000 
2.324 2 -0.345234 0.000000 -10.014194 -0.518799 -3.936768 3.173828 -0.14 -0.12 -1.1 -1.0 0.016 -0.027 -0.0044 -0.0141 -0.0622 0.2488 -0.0005 -0.018138 0.002025 12.39 500 790 0.002941 -0.130498 -0.135077 0.004578 0.000000 
2.354 2 -0.831919 -0.059937 -8.913759 0.335693 -3.173828 -0.518799 -0.16 -0.14 -1.3 -0.5 -0.189 -0.257 -0.0068 -0.0414 -0.2228 0.2482 -0.0005 -0.020729 0.001300 12.40 500 810 0.003179 -0.146529 -0.138817 -0.007712 0.000000 
2.384 2 -0.884663 -0.189399 -9.719306 -0.061035 -8.605957 3.204346 -0.04 -0.03 0.0 -0.1 0.029 -0.030 -0.0068 0.0197 0.1710 0.2484 -0.0005 -0.018138 0.007430 12.39 500 790 0.001130 -0.034295 -0.127336 0.093041 0.000000 
2.414 2 -0.501069 -0.076719 -9.867949 0.061035 2.075195 -1.647949 -0.04 -0.02 -0.2 -0.2 0.034 -0.017 -0.0056 0.0076 0.0855 0.2484 -0.0005 -0.018138 0.007709 12.40 500 800 0.000591 -0.032608 -0.096540 0.063932 0.000000 
2.444 2 -0.714443 0.033564 -9.791230 -0.244141 -4.486084 0.091553 0.02 0.04 0.5 0.6 0.032 -0.006 -0.0040 0.0048 0.0570 0.2484 -0.0005 -0.018138 0.008057 12.39 500 800 0.000328 0.026871 -0.066073 0.092945 0.000000 
2.474 2 -0.625737 -0.141450 -9.817602 -0.152588 -4.547119 -0.274658 0.07 0.09 0.9 1.1 0.087 0.142 -0.0028 0.0036 0.0415 0.2484 -0.0005 -0.018138 0.009804 12.40 500 800 0.000177 0.083472 -0.028673 0.112146 0.000000 
2.504 2 -0.846304 0.246938 -9.930283 0.091553 5.767822 -10.589600 0.12 0.14 0.4 1.0 -0.013 0.071 0.0614 0.0285 -0.2125 0.2494 -0.0005 -0.020729 0.009769 12.39 500 800 -0.002956 0.125616 0.018493 0.107123 0.000000 
2.534 2 0.412363 -0.436338 -11.663647 -0.183105 16.235352 -5.401611 0.14 0.15 0.5 0.2 0.272 0.017 0.0526 0.0811 0.1840 0.2504 -0.0005 -0.018138 0.006928 12.39 500 800 -0.006211 0.144443 0.069723 0.074721 0.000000 
2.564 2 -0.661699 0.131860 -8.952119 0.335693 8.056641 3.234863 0.09 0.10 0.7 0.8 0.016 -0.042 0.0120 0.0137 0.0104 0.2506 -0.0005 -0.015547 -0.003233 12.40 500 800 -0.005661 0.096703 0.100544 -0.003841 0.000000 
2.594 2 -0.733623 -0.119873 -9.726499 0.610352 -0.213623 -4.364014 0.18 0.19 0.5 1.8 -0.072 0.300 0.0996 0.0361 -0.4094 0.2520 -0.0005 -0.018138 -0.002672 12.39 500 800 -0.009494 0.185627 0.116661 0.068966 0.000000 
2.624 2 -0.970972 0.143848 -9.318931 -0.518799 11.627197 -5.767822 0.08 0.10 0.5 0.5 0.018 -0.016 0.0141 0.0197 0.0363 0.2526 -0.0005 -0.015547 -0.009424 12.40 500 800 -0.008975 0.089547 0.134620 -0.045073 0.000000 
2.654 2 -0.359619 -0.244541 -9.906308 -0.335693 -7.873535 -0.427246 0.13 0.14 1.3 0.9 0.319 -0.029 0.0072 0.0450 0.2436 0.2532 -0.0005 -0.012956 -0.009421 12.40 500 800 -0.007745 0.135268 0.124550 0.010718 0.000000 
2.684 2 -0.414761 -0.165425 -9.889526 0.030518 6.286621 -0.244141 0.09 0.10 0.5 0.5 0.014 0.003 0.0213 0.0233 0.0130 0.2540 -0.0005 -0.012956 -0.009608 12.38 500 790 -0.008637 0.094083 0.125740 -0.031657 0.000000 
2.714 2 -0.556211 -0.038359 -9.628202 -0.213623 -2.349854 -2.319336 0.07 0.09 0.6 0.7 0.015 0.001 0.0080 0.0096 0.0104 0.2540 -0.0005 -0.012956 -0.010803 12.39 500 800 -0.006763 0.080868 0.113066 -0.032198 0.000000 
2.744 2 -0.592173 0.004795 -9.863154 -0.305176 -5.737305 1.708984 0.09 0.10 0.7 0.8 0.009 -0.010 0.0048 0.0056 0.0052 0.2540 -0.0005 -0.012956 -0.007494 12.39 500 800 -0.005008 0.094043 0.098877 -0.004834 0.000000 
2.774 2 -0.525044 -0.139053 -9.843974 -0.335693 -4.852295 -0.976562 0.09 0.10 0.7 0.8 0.021 -0.010 0.0036 0.0036 0.0000 0.2540 -0.0005 -0.012956 -0.005048 12.39 500 800 -0.003670 0.093408 0.090254 0.003153 0.000000 
2.804 2 -0.611353 -0.139053 -9.772051 -0.030518 -5.432129 0.366211 0.10 0.11 0.9 1.0 0.053 0.127 0.0028 0.0028 0.0000 0.2540 -0.0005 -0.012956 -0.002545 12.39 500 790 -0.002699 0.107888 0.087389 0.020498 0.000000 
2.834 2 -0.891855 -0.249336 -9.767256 0.549316 -0.640869 -9.277344 0.11 0.12 1.0 0.9 0.028 -0.016 0.0020 0.0237 0.1399 0.2544 -0.0006 -0.007773 -0.001678 12.40 500 800 -0.003520 0.114168 0.093516 0.020653 0.000000 
2.864 2 -1.227500 0.330850 -9.352495 -0.396729 -0.091553 2.929688 0.13 0.14 0.9 0.6 0.029 -0.044 0.0273 0.0546 0.1762 0.2552 -0.0006 -0.007773 -0.001930 12.40 510 810 -0.005046 0.134375 0.102890 0.031485 0.000000 
2.894 2 0.798354 -0.309272 -11.632480 -0.183105 18.798828 4.699707 0.08 0.08 0.1 -0.5 0.181 0.127 0.0112 0.0546 0.2798 0.2558 -0.0006 -0.005182 -0.002566 12.40 500 800 -0.005477 0.078674 0.115190 -0.036516 0.000000 
2.924 2 -0.697661 -0.071924 -9.088774 0.366211 11.505127 1.007080 -0.00 0.00 -0.5 -0.4 0.033 -0.027 0.0100 0.0129 0.0181 0.2558 -0.0006 -0.005182 -0.011595 12.40 500 800 -0.005136 0.001111 0.105854 -0.104744 0.000000 
2.954 2 -0.424351 0.198989 -9.942270 0.366211 -7.629395 1.068115 0.04 0.05 0.3 0.5 0.024 -0.005 0.0076 0.0064 -0.0078 0.2560 -0.0006 -0.007773 -0.009996 12.40 500 800 -0.004113 0.044343 0.076539 -0.032196 0.000000 
2.984 2 -0.656904 -0.136655 -9.903911 -0.061035 -3.479004 -0.518799 0.02 0.03 0.1 0.2 0.029 -0.019 0.0076 0.0040 -0.0233 0.2560 -0.0006 -0.007773 -0.007485 12.39 500 800 -0.003315 0.026097 0.055651 -0.029554 0.000000 
3.014 2 -0.647314 -0.081514 -9.882334 -0.335693 -3.814697 0.732422 0.02 0.03 0.1 0.2 0.007 -0.025 0.0048 0.0032 -0.0104 0.2560 -0.0006 -0.007773 -0.005480 12.39 500 800 -0.002615 0.025395 0.040723 -0.015328 0.000000 
3.044 2 -0.604160 -0.165425 -9.740884 -0.305176 -3.204346 -0.183105 0.02 0.03 0.2 0.3 0.022 0.008 0.0036 0.0024 -0.0078 0.2560 -0.0006 -0.007773 -0.003431 12.39 500 800 -0.002034 0.028833 0.031619 -0.002786 0.000000 
3.074 2 -0.611353 -0.117476 -9.786435 -0.091553 -4.272461 0.366211 0.04 0.05 0.4 0.5 0.032 -0.005 0.0028 0.0020 -0.0052 0.2560 -0.0006 -0.007773 -0.001616 12.39 500 790 -0.001583 0.042914 0.028325 0.014589 0.000000 
3.104 2 -0.625737 -0.100693 -9.793628 0.030518 -3.875732 -0.518799 0.06 0.07 0.6 0.6 0.006 -0.025 0.0020 0.0016 -0.0026 0.2560 -0.0006 -0.007773 0.000427 12.40 500 800 -0.001237 0.062009 0.031839 0.030170 0.000000 
3.134 2 -0.704853 -0.110283 -9.793628 -0.152588 -4.913330 0.488281 0.09 0.10 0.9 1.0 0.039 0.049 0.0020 0.0016 -0.0026 0.2560 -0.0006 -0.007773 0.002480 12.40 500 800 -0.000995 0.094558 0.042658 0.051900 0.000000 
3.164 2 -0.484287 1.220308 -10.213183 -0.549316 9.826660 -2.838135 0.12 0.13 0.3 0.6 -0.002 -0.021 0.0578 0.0498 -0.0518 0.2572 -0.0006 -0.007773 0.003942 12.39 500 800 -0.005158 0.124567 0.067865 0.056701 0.000000 
3.194 2 -0.383594 -0.827124 -10.237158 -1.007080 7.171631 -9.918213 0.13 0.14 1.2 0.4 0.308 0.025 0.0116 0.0631 0.3317 0.2578 -0.0006 -0.005182 0.000714 12.40 500 800 -0.005796 0.137353 0.097290 0.040063 0.000000 
3.224 2 -0.647314 -0.491479 -9.064799 0.427246 1.892090 0.671387 0.11 0.12 1.0 1.1 0.056 0.036 0.0145 0.0112 -0.0207 0.2580 -0.0006 -0.007773 -0.005248 12.39 500 800 -0.006169 0.117431 0.114818 0.002613 0.000000 
3.254 2 -0.028770 1.141191 -10.994756 -0.915527 14.007568 5.767822 0.12 0.13 0.3 0.6 -0.010 0.226 0.0558 0.0394 -0.1062 0.2594 -0.0006 -0.005182 -0.004136 12.39 500 780 -0.009145 0.126822 0.125629 0.001193 0.000000 
3.284 2 -0.589775 -0.011987 -9.316533 -0.640869 11.199951 1.525879 0.04 0.04 0.0 0.0 0.000 -0.040 0.0104 0.0125 0.0130 0.2594 -0.0006 -0.005182 -0.011881 12.39 500 790 -0.007503 0.042237 0.125114 -0.082876 0.000000 
3.314 2 -0.640122 -0.323657 -9.889526 0.122070 -8.148193 0.396729 0.07 0.07 0.6 0.7 0.008 -0.024 0.0056 0.0064 0.0052 0.2594 -0.0006 -0.005182 -0.011343 12.40 500 800 -0.005597 0.071180 0.100197 -0.029017 0.000000 
3.344 2 -0.572993 -0.081514 -9.767256 -0.091553 -2.868652 0.701904 0.04 0.05 0.2 0.3 0.042 -0.013 0.0040 0.0040 0.0000 0.2594 -0.0006 -0.005182 -0.008631 12.39 500 790 -0.004104 0.043572 0.078826 -0.035254 0.000000 
3.374 2 -0.649712 -0.016782 -9.829590 -0.061035 -2.716064 -0.885010 0.03 0.03 0.1 0.2 0.044 -0.009 0.0028 0.0032 0.0026 0.2594 -0.0006 -0.005182 -0.006956 12.40 500 800 -0.003010 0.030776 0.060758 -0.029983 0.000000 
3.404 2 -0.587378 -0.040757 -9.870346 -0.335693 -3.356934 0.274658 0.02 0.03 0.1 0.2 -0.002 -0.040 0.0024 0.0024 0.0000 0.2594 -0.0006 -0.005182 -0.005410 12.39 500 790 -0.002223 0.025016 0.045169 -0.020153 0.000000 
3.434 2 -0.539429 -0.059937 -9.812807 -0.244141 -3.692627 0.885010 0.02 0.03 0.2 0.2 0.016 -0.002 0.0020 0.0020 0.0000 0.2594 -0.0006 -0.005182 -0.003610 12.39 500 800 -0.001664 0.027419 0.033990 -0.006570 0.000000 
3.464 2 -0.652109 -0.131860 -9.822397 -0.244141 -2.777100 -0.671387 0.03 0.03 0.2 0.3 0.026 -0.002 0.0016 0.0016 0.0000 0.2594 -0.0006 -0.005182 -0.002056 12.39 500 790 -0.001261 0.030003 0.028256 0.001746 0.000000 
3.494 2 -0.647314 -0.059937 -9.774448 -0.305176 -3.112793 -0.274658 0.04 0.04 0.4 0.4 0.025 -0.029 0.0016 0.0016 0.0000 0.2594 -0.0006 -0.005182 -0.000710 12.40 500 800 -0.000989 0.040684 0.027021 0.013662 0.000000 
3.524 2 -0.656904 -0.131860 -9.798423 -0.152588 -3.845215 0.488281 0.06 0.06 0.6 0.6 0.023 -0.006 0.0012 0.0012 0.0000 0.2594 -0.0006 -0.005182 0.000984 12.40 500 800 -0.000768 0.062123 0.031179 0.030944 0.000000 
3.554 2 -0.620942 -0.112681 -9.755268 -0.122070 -4.089355 0.091553 0.09 0.09 0.9 0.9 0.037 0.021 0.0012 0.0012 0.0000 0.2594 -0.0006 -0.005182 0.002909 12.39 500 800 -0.000626 0.092088 0.042464 0.049624 0.000000 
3.584 2 -0.354824 -0.510659 -10.184414 0.427246 2.807617 -8.117676 0.14 0.15 0.4 0.7 0.023 -0.009 0.0699 0.0598 -0.0648 0.2606 -0.0006 -0.005182 0.004555 12.39 500 800 -0.004311 0.143946 0.065093 0.078853 0.000000 
3.614 2 -0.752803 -0.479492 -9.604228 1.617432 14.068604 -14.343262 0.12 0.12 0.8 0.3 0.022 -0.006 0.0169 0.0462 0.1892 0.2612 -0.0006 -0.002591 0.001137 12.39 500 790 -0.005672 0.120665 0.101683 0.018982 0.000000 
3.644 2 -0.932612 0.023975 -9.390854 -0.122070 6.225586 -2.868652 0.13 0.13 1.0 0.2 0.026 -0.040 0.0120 0.0643 0.3368 0.2619 -0.0006 0.000000 -0.003130 12.39 500 810 -0.005958 0.127021 0.120470 0.006551 0.000000 
3.674 2 -0.745610 -0.105488 -9.815205 0.213623 2.716064 3.997803 0.13 0.13 1.0 0.8 0.105 -0.052 0.0137 0.0386 0.1606 0.2625 -0.0006 0.002591 -0.005515 12.40 500 800 -0.006524 0.130301 0.129690 0.000611 0.000000 
3.704 2 -0.724033 0.069526 -9.966245 0.640869 -1.586914 0.305176 0.14 0.14 1.0 1.2 0.202 0.245 0.0217 0.0149 -0.0440 0.2633 -0.0006 0.002591 -0.006260 12.39 500 800 -0.006465 0.139207 0.131616 0.007591 0.000000 
3.734 2 -0.644917 -0.071924 -9.841577 0.793457 3.051758 -2.136230 0.07 0.07 0.4 0.4 0.022 -0.031 0.0157 0.0120 -0.0233 0.2635 -0.0006 0.000000 -0.010438 12.39 500 760 -0.006110 0.068660 0.122598 -0.053937 0.000000 
3.764 2 -0.654507 -0.218169 -9.752871 -0.518799 -6.164551 -0.427246 0.07 0.07 0.6 0.6 0.031 -0.006 0.0072 0.0064 -0.0052 0.2635 -0.0006 0.000000 -0.009646 12.39 500 770 -0.004778 0.073086 0.100256 -0.027169 0.000000 
3.794 2 -0.618545 -0.110283 -9.721704 -0.091553 -5.187988 -0.335693 0.07 0.07 0.6 0.6 0.002 -0.040 0.0044 0.0040 -0.0026 0.2635 -0.0006 0.000000 -0.006659 12.39 500 760 -0.003599 0.071407 0.083903 -0.012496 0.000000 
3.824 2 -0.635327 -0.079116 -9.920693 -0.152588 -4.577637 0.854492 0.08 0.08 0.6 0.6 0.009 -0.029 0.0032 0.0032 0.0000 0.2635 -0.0006 0.000000 -0.004067 12.39 500 760 -0.002702 0.076554 0.074228 0.002325 0.000000 
3.854 2 -0.649712 -0.064731 -9.891924 -0.122070 -5.798340 -0.274658 0.10 0.10 0.9 0.9 0.046 -0.021 0.0024 0.0024 0.0000 0.2635 -0.0006 0.000000 -0.001278 12.40 500 760 -0.002032 0.100600 0.072819 0.027780 0.000000 
3.884 2 -0.378799 0.899048 -10.520059 -1.007080 1.647949 11.016846 0.13 0.13 0.5 0.6 0.025 0.006 0.0586 0.0462 -0.0803 0.2643 -0.0006 0.000000 0.001486 12.38 500 760 -0.004206 0.134100 0.082930 0.051169 0.000000 
3.914 2 -0.748008 0.321260 -9.585049 -0.549316 -0.549316 2.258301 0.16 0.15 1.5 0.9 0.371 -0.013 0.0108 0.0578 0.3032 0.2645 -0.0006 0.002591 -0.000975 12.39 500 800 -0.005925 0.154967 0.103553 0.051414 0.000000 
3.944 2 0.055142 -1.349770 -10.146054 3.448486 24.841309 -3.417969 0.05 0.05 -0.1 -0.2 0.008 -0.032 0.0177 0.0293 0.0751 0.2655 -0.0006 0.005182 -0.006912 12.39 500 790 -0.008011 0.050919 0.126641 -0.075723 0.000000 
3.974 2 -0.714443 0.201387 -9.712114 1.342773 -2.807617 -5.432129 0.07 0.07 0.6 0.6 0.015 -0.020 0.0112 0.0112 0.0000 0.2659 -0.0006 0.005182 -0.011427 12.39 500 790 -0.006384 0.071390 0.112025 -0.040635 0.000000 
4.004 2 -0.477095 0.304478 -10.114887 -1.220703 -8.819580 1.739502 0.10 0.10 0.9 0.9 0.061 0.037 0.0161 0.0100 -0.0389 0.2661 -0.0006 0.002591 -0.008006 12.40 500 800 -0.005607 0.102022 0.095219 0.006803 0.000000 
4.034 2 -0.632930 -0.270913 -9.625805 -0.549316 -6.744385 -1.708984 0.11 0.11 1.0 1.0 0.131 0.043 0.0072 0.0056 -0.0104 0.2663 -0.0006 0.005182 -0.004560 12.40 500 810 -0.004411 0.111980 0.089927 0.022053 0.000000 
4.064 2 -0.743213 -0.673687 -9.522715 1.617432 9.277344 -0.732422 0.11 0.11 0.6 0.3 0.018 -0.021 0.0285 0.0422 0.0881 0.2673 -0.0006 0.002591 -0.003297 12.39 500 800 -0.007221 0.107829 0.100977 0.006853 0.000000 
4.094 2 -0.532236 -0.378799 -9.798423 0.183105 -1.281738 -0.701904 0.12 0.11 1.0 1.0 0.185 0.067 0.0088 0.0100 0.0078 0.2673 -0.0006 0.002591 -0.005643 12.39 500 800 -0.005830 0.114130 0.107789 0.006341 0.000000 
4.124 2 0.203784 -0.539429 -11.632480 -1.342773 9.979248 4.028320 0.14 0.14 0.6 0.4 0.088 -0.002 0.0518 0.0610 0.0596 0.2687 -0.0006 0.005182 -0.003045 12.39 500 800 -0.008769 0.139056 0.116654 0.022402 0.000000 
4.154 2 -0.549019 0.064731 -9.347700 1.068115 11.505127 -2.716064 0.05 0.04 0.1 0.0 0.025 -0.014 0.0104 0.0129 0.0155 0.2687 -0.0006 0.005182 -0.010596 12.39 500 800 -0.007299 0.047266 0.120400 -0.073134 0.000000 
4.184 2 -0.697661 0.016782 -9.510727 0.579834 -8.300781 -4.547119 0.09 0.08 0.9 0.7 0.033 -0.009 0.0056 0.0088 0.0207 0.2689 -0.0006 0.007773 -0.009886 12.39 500 800 -0.005540 0.086363 0.100846 -0.014483 0.000000 
4.214 2 -0.570596 0.009590 -9.987822 -0.518799 -8.178711 0.518799 0.11 0.10 1.0 0.9 0.193 0.071 0.0044 0.0084 0.0259 0.2693 -0.0006 0.007773 -0.005232 12.39 500 810 -0.004300 0.108686 0.089460 0.019226 0.000000 
4.244 2 -0.172617 -0.738418 -10.357031 0.885010 8.087158 -3.540039 0.12 0.11 0.7 0.3 0.162 -0.010 0.0253 0.0458 0.1321 0.2703 -0.0006 0.005182 -0.002722 12.39 500 790 -0.006924 0.113169 0.099376 0.013793 0.000000 
4.274 2 -0.556211 -0.527441 -9.623408 0.030518 -0.274658 -3.967285 0.12 0.11 1.0 1.0 0.175 0.079 0.0112 0.0100 -0.0078 0.2703 -0.0006 0.005182 -0.005130 12.40 500 800 -0.005917 0.117212 0.108389 0.008823 0.000000 
4.304 2 -0.448325 -0.110283 -10.052553 -0.030518 6.744385 -3.997803 0.14 0.13 1.0 0.3 0.268 -0.031 0.0201 0.0659 0.2954 0.2715 -0.0006 0.010364 -0.004749 12.40 500 800 -0.008451 0.132417 0.118936 0.013481 0.000000 
4.334 2 -0.385991 0.146245 -10.258735 -0.732422 6.896973 3.326416 0.13 0.12 0.6 0.1 0.019 0.037 0.0374 0.0679 0.1969 0.2723 -0.0006 0.010364 -0.006378 12.39 500 800 -0.008695 0.126454 0.127351 -0.000897 0.000000 
4.364 2 -0.517852 -0.079116 -9.335712 0.793457 1.434326 -6.469727 0.11 0.09 0.8 0.7 0.016 -0.001 0.0104 0.0145 0.0259 0.2725 -0.0006 0.012956 -0.009924 12.39 500 800 -0.007643 0.099762 0.127573 -0.027811 0.000000 
4.394 2 -1.366553 0.942202 -10.325864 -0.091553 -6.622314 4.455566 0.19 0.17 1.0 0.3 0.002 -0.033 0.0683 0.1008 0.2099 0.2735 -0.0005 0.015547 -0.006024 12.39 500 800 -0.009457 0.179148 0.121710 0.057438 0.000000 
4.424 2 -0.429145 0.520249 -9.961450 1.342773 6.164551 3.448486 0.07 0.06 0.4 0.3 0.035 0.004 0.0108 0.0129 0.0130 0.2735 -0.0005 0.015547 -0.010854 12.39 500 800 -0.007549 0.066782 0.121355 -0.054573 0.000000 
4.454 2 -0.577788 -0.081514 -9.824795 -0.396729 -11.016846 0.030518 0.12 0.11 1.0 1.2 0.121 0.177 0.0225 0.0064 -0.1036 0.2739 -0.0005 0.010364 -0.008479 12.40 500 790 -0.006007 0.118533 0.104800 0.013733 0.000000 
4.484 2 -0.810342 0.009590 -9.505932 2.075195 5.950928 -4.547119 0.11 0.09 0.5 0.6 0.021 0.007 0.0325 0.0257 -0.0440 0.2749 -0.0005 0.012956 -0.007177 12.39 500 800 -0.008317 0.099499 0.108871 -0.009372 0.000000 
4.514 2 -0.568198 0.659302 -9.664165 -0.030518 -2.655029 -4.516602 0.10 0.09 0.9 0.8 0.038 -0.002 0.0092 0.0084 -0.0052 0.2749 -0.0005 0.012956 -0.008321 12.39 500 800 -0.006495 0.096350 0.105342 -0.008992 0.000000 
4.544 2 -0.724033 0.946997 -10.673495 -1.831055 -4.058838 10.375977 0.17 0.16 0.9 0.9 0.060 0.165 0.0647 0.0574 -0.0466 0.2761 -0.0005 0.012956 -0.003718 12.39 500 810 -0.008466 0.168164 0.106508 0.061656 0.000000 
4.574 2 -0.290093 0.083911 -10.009399 0.122070 6.195068 5.920410 0.09 0.08 0.6 0.5 0.018 -0.009 0.0129 0.0116 -0.0078 0.2761 -0.0005 0.012956 -0.008274 12.40 500 800 -0.007311 0.083462 0.114713 -0.031251 0.000000 
4.604 2 -0.664097 -0.302080 -9.654575 0.030518 -11.993408 0.244141 0.17 0.16 0.9 1.1 0.135 0.203 0.0651 0.0466 -0.1192 0.2769 -0.0005 0.012956 -0.006007 12.40 500 800 -0.007393 0.164447 0.108728 0.055720 0.000000 
4.634 2 -0.738418 0.016782 -9.599433 -3.845215 12.084961 -4.699707 0.07 0.06 0.3 0.2 -0.004 -0.036 0.0157 0.0153 -0.0026 0.2775 -0.0005 0.010364 -0.009342 12.39 500 800 -0.008426 0.069794 0.121142 -0.051349 0.000000 
4.664 2 -0.891855 -0.697661 -9.793628 -0.335693 -8.605957 -1.617432 0.10 0.09 1.0 0.8 0.032 -0.032 0.0072 0.0120 0.0311 0.2777 -0.0005 0.012956 -0.010441 12.40 500 790 -0.006523 0.097895 0.107041 -0.009145 0.000000 
4.694 2 -0.623340 -0.196592 -9.889526 0.732422 -9.735107 0.274658 0.17 0.16 1.0 0.6 -0.010 0.257 0.0647 0.0747 0.0648 0.2789 -0.0005 0.012956 -0.004991 12.38 500 810 -0.008186 0.166725 0.100790 0.065935 0.000000 
4.724 2 -0.541826 0.198989 -10.241953 0.305176 -0.122070 -3.356934 0.15 0.14 1.2 0.8 0.244 -0.025 0.0225 0.0470 0.1581 0.2793 -0.0005 0.012956 -0.005993 12.39 500 790 -0.008742 0.142720 0.114795 0.027925 0.000000 
4.754 2 -0.726431 -0.338042 -9.822397 -0.671387 10.833740 4.913330 0.09 0.07 0.4 0.3 0.029 -0.013 0.0201 0.0241 0.0259 0.2801 -0.0005 0.012956 -0.009432 12.39 500 800 -0.008902 0.080293 0.123412 -0.043118 0.000000 
4.784 2 -0.563403 -0.481890 -9.769653 0.061035 -4.913330 0.030518 0.10 0.09 0.8 0.8 0.035 -0.000 0.0088 0.0084 -0.0026 0.2803 -0.0005 0.010364 -0.010516 12.39 500 790 -0.006804 0.090969 0.110930 -0.019961 0.000000 
4.814 2 -0.266118 -1.112422 -11.287246 -0.854492 -1.312256 -7.751465 0.15 0.14 0.9 0.3 0.257 -0.025 0.0486 0.0831 0.2228 0.2815 -0.0004 0.010364 -0.005433 12.40 500 800 -0.009086 0.147828 0.106711 0.041117 0.000000 
4.844 2 -0.328452 -0.525044 -9.304545 1.159668 4.180908 -3.448486 0.08 0.07 0.5 0.4 0.040 0.008 0.0125 0.0112 -0.0078 0.2815 -0.0004 0.010364 -0.009278 12.38 500 790 -0.007404 0.075775 0.109112 -0.033337 0.000000 
4.874 2 -0.656904 -0.043154 -9.697729 1.007080 -11.077881 -0.549316 0.14 0.12 1.3 1.2 0.281 0.177 0.0064 0.0064 0.0000 0.2817 -0.0004 0.012956 -0.006527 12.40 500 800 -0.005558 0.129230 0.100256 0.028974 0.000000 
4.904 2 -0.124668 -0.563403 -10.618354 0.610352 7.659912 5.187988 0.11 0.10 0.7 0.6 0.108 0.003 0.0213 0.0197 -0.0104 0.2827 -0.0004 0.010364 -0.006313 12.39 500 780 -0.008109 0.102590 0.111370 -0.008780 0.000000 
4.934 2 -0.925420 -0.364414 -9.486753 -0.030518 -6.225586 1.800537 0.14 0.13 1.4 0.5 0.226 -0.040 0.0080 0.0598 0.3343 0.2827 -0.0004 0.010364 -0.007219 12.40 500 800 -0.007437 0.134565 0.110657 0.023908 0.000000 
4.964 2 -0.314067 1.591914 -8.904170 -0.244141 17.608643 -4.302979 0.11 0.11 0.6 0.4 0.032 0.005 0.0237 0.0390 0.0985 0.2841 -0.0004 0.007773 -0.006420 12.39 500 800 -0.010639 0.110057 0.129332 -0.019275 0.000000 
4.994 2 -0.911035 -0.805547 -8.623667 -3.326416 0.335693 -1.770020 0.07 0.06 0.5 0.4 0.000 -0.053 0.0084 0.0104 0.0130 0.2843 -0.0004 0.010364 -0.013601 12.39 500 800 -0.008032 0.065776 0.122639 -0.056863 0.000000 
5.024 3 -0.680879 -0.894253 -9.980630 0.823975 -9.552002 -0.549316 -0.02 -0.03 -0.7 -0.8 0.006 -0.007 0.0052 0.0104 0.0337 0.2843 -0.0004 0.010364 -0.009397 12.39 500 800 0.004628 -0.028151 0.078751 -0.106902 0.100000 
5.054 3 -0.779175 0.206182 -9.867949 0.030518 -22.399902 8.697510 -0.08 -0.09 -0.8 -0.7 0.032 -0.002 0.0036 -0.0068 -0.0674 0.2841 -0.0004 0.007773 -0.003635 12.39 500 790 0.013252 -0.081188 0.009494 -0.090682 0.100000 
5.084 3 -0.640122 -0.117476 -9.743281 -0.854492 -11.779785 7.812500 -0.16 -0.17 -1.7 -1.6 -0.244 -0.279 -0.0028 -0.0120 -0.0596 0.2837 -0.0004 0.007773 0.004750 12.39 500 800 0.019529 -0.163671 -0.057005 -0.106666 0.100000 
5.114 3 -0.584980 0.076719 -9.731294 -1.281738 -29.205322 6.072998 -0.07 -0.08 -0.1 -0.4 0.038 -0.019 -0.0229 -0.0157 0.0466 0.2831 -0.0004 0.005182 0.019833 12.40 500 800 0.026523 -0.075085 -0.110136 0.035052 0.100000 
5.144 3 -0.839111 -0.244541 -9.925488 -0.152588 -18.005371 -0.823975 -0.05 -0.05 -0.2 0.1 0.025 0.023 -0.0084 -0.0253 -0.1088 0.2827 -0.0004 0.000000 0.030321 12.38 500 760 0.029175 -0.045311 -0.119626 0.074314 0.100000 
5.174 3 -0.683276 -0.122271 -9.764858 -0.579834 -16.418457 -0.213623 0.02 0.02 0.6 0.6 0.035 -0.020 -0.0052 -0.0116 -0.0415 0.2827 -0.0004 0.000000 0.037206 12.40 500 760 0.030597 0.019639 -0.103762 0.123401 0.100000 
5.204 3 -0.661699 0.287695 -9.930283 -0.946045 -3.753662 0.244141 0.11 0.11 1.2 0.5 0.291 0.010 0.0044 0.0430 0.2487 0.2833 -0.0004 0.002591 0.044408 12.40 500 800 0.029189 0.108890 -0.056404 0.165294 0.100000 
5.234 3 -0.700059 0.944600 -9.434009 -3.326416 14.373779 2.624512 0.19 0.19 1.0 1.1 0.263 -0.056 0.0590 0.0663 0.0466 0.2847 -0.0004 0.000000 0.044985 12.39 500 760 0.023569 0.187086 0.023100 0.163986 0.100000 
5.264 3 -0.668892 -1.184346 -9.640190 0.976562 26.519775 3.326416 0.22 0.22 1.1 1.0 0.211 0.200 0.0855 0.0908 0.0337 0.2874 -0.0004 -0.002591 0.036923 12.39 500 800 0.016726 0.221336 0.111937 0.109398 0.100000 
5.294 3 -1.179551 0.407568 -9.177480 1.403809 23.529053 -1.007080 0.25 0.26 1.0 1.4 0.086 0.059 0.1221 0.1016 -0.1321 0.2906 -0.0004 -0.002591 0.024709 12.38 500 810 0.009669 0.255071 0.186803 0.068269 0.100000 
5.324 3 -0.143848 0.112681 -10.172426 -0.061035 25.451660 -3.753662 0.20 0.20 1.0 1.1 0.187 0.158 0.0763 0.0679 -0.0544 0.2938 -0.0005 -0.002591 0.011531 12.39 500 810 0.006381 0.200285 0.237629 -0.037343 0.100000 
5.354 3 -0.863086 -0.385991 -9.508329 -0.305176 2.563477 1.434326 0.24 0.24 1.3 0.9 0.000 -0.015 0.1036 0.1269 0.1503 0.2966 -0.0005 -0.002591 0.004669 12.40 500 810 0.004060 0.238599 0.241461 -0.002862 0.100000 
5.384 3 -0.841509 0.637725 -8.093828 8.758545 26.794434 -0.549316 0.15 0.15 0.4 0.4 -0.040 -0.055 0.0687 0.0719 0.0207 0.2998 -0.0005 -0.002591 0.000729 12.39 500 800 0.001739 0.151643 0.255275 -0.103632 0.100000 
5.414 3 -2.294370 0.716841 -8.932940 -6.042480 -24.291992 5.828857 0.32 0.33 1.7 1.7 0.140 0.054 0.1671 0.1699 0.0181 0.3024 -0.0005 -0.005182 0.000857 12.39 500 800 -0.000110 0.326303 0.231831 0.094472 0.100000 
5.444 3 -1.153179 -0.980561 -9.618613 -2.441406 2.502441 -5.065918 0.11 0.11 0.4 0.8 -0.028 -0.025 0.0430 0.0253 -0.1140 0.3042 -0.0005 -0.007773 -0.004238 12.39 500 810 0.005837 0.110258 0.219743 -0.109485 0.100000 
5.474 3 -0.287695 0.131860 -11.117026 3.814697 26.367188 4.730225 0.14 0.15 -0.2 -0.3 0.073 -0.007 0.0920 0.0972 0.0337 0.3076 -0.0005 -0.005182 0.003487 12.39 500 800 0.001358 0.143371 0.214114 -0.070743 0.100000 
5.504 3 -0.086309 -0.525044 -8.674013 -3.570557 -16.510010 -6.072998 0.20 0.21 1.2 0.9 0.265 0.143 0.0896 0.1137 0.1555 0.3092 -0.0005 -0.005182 0.000485 12.39 500 790 0.004673 0.207201 0.191448 0.015753 0.100000 
5.534 3 -0.812739 1.153179 -8.959311 7.415771 12.756348 -3.051758 0.15 0.15 0.9 0.7 0.028 -0.024 0.0357 0.0558 0.1296 0.3121 -0.0005 0.000000 0.003347 12.39 500 760 0.004194 0.145009 0.198008 -0.052999 0.100000 
5.564 3 -0.630532 -0.767187 -12.447617 -5.981445 -27.770996 -10.284424 0.41 0.41 2.3 2.5 0.473 0.362 0.2028 0.1884 -0.0933 0.3153 -0.0005 0.000000 0.010993 12.38 500 800 -0.000968 0.414717 0.198173 0.216544 0.100000 
5.594 3 -1.893994 1.366553 -9.402842 0.122070 -14.190674 -11.444092 0.23 0.23 1.6 2.4 0.158 0.192 0.0703 0.0249 -0.2928 0.3169 -0.0005 0.000000 0.001901 12.39 500 760 0.005771 0.225093 0.214259 0.010834 0.100000 
5.624 3 -0.477095 0.642520 -7.254716 8.850098 30.822754 -7.232666 0.17 0.16 0.3 0.4 -0.032 -0.025 0.0755 0.0747 -0.0052 0.3209 -0.0005 0.005182 0.003409 12.39 500 800 0.000041 0.166745 0.240660 -0.073915 0.100000 
5.654 3 -1.006934 -0.385991 -9.136724 -7.110596 -24.261475 4.943848 0.40 0.40 2.0 2.5 0.271 0.206 0.2113 0.1799 -0.2021 0.3243 -0.0005 0.002591 0.003707 12.39 500 800 -0.004184 0.402891 0.239292 0.163599 0.100000 
5.684 3 -1.119614 -0.076719 -9.592241 -1.953125 14.251709 -8.300781 0.12 0.12 0.5 0.5 -0.063 -0.055 0.0378 0.0333 -0.0285 0.3267 -0.0005 0.002591 -0.006797 12.39 500 810 0.001669 0.116384 0.250794 -0.134410 0.100000 
5.714 3 -0.045552 1.280244 -10.277915 -3.540039 26.275635 2.044678 0.21 0.21 0.7 0.1 0.080 -0.008 0.1004 0.1353 0.2254 0.3311 -0.0005 0.002591 -0.000299 12.39 500 790 -0.005280 0.213382 0.255288 -0.041906 0.100000 
5.744 3 0.340439 -1.968315 -8.705180 -2.777100 -27.069092 1.495361 0.32 0.32 1.3 1.7 0.377 0.382 0.1751 0.1526 -0.1451 0.3333 -0.0005 0.000000 -0.003957 12.38 500 770 -0.002411 0.315299 0.236276 0.079023 0.100000 
5.774 3 -0.688071 -2.263203 -9.731294 1.464844 25.604248 -0.854492 0.12 0.11 0.1 -0.0 -0.035 -0.039 0.0506 0.0606 0.0648 0.3368 -0.0005 0.002591 -0.006074 12.40 500 790 -0.001577 0.114398 0.248752 -0.134354 0.100000 
5.804 3 -0.637725 -0.261323 -11.838662 1.739502 -23.773193 -6.896973 0.38 0.38 2.0 2.3 0.444 0.416 0.1968 0.1751 -0.1399 0.3406 -0.0005 0.000000 0.000446 12.38 500 760 -0.006188 0.383099 0.233772 0.149327 0.100000 
5.834 3 -1.762134 1.872417 -9.374072 0.488281 -13.824463 -4.302979 0.19 0.19 1.5 1.9 0.030 0.068 0.0498 0.0253 -0.1581 0.3426 -0.0005 0.000000 -0.006932 12.40 500 770 0.001838 0.192275 0.231720 -0.039445 0.100000 
5.864 3 -0.620942 0.002397 -8.467832 6.378174 34.820557 -1.373291 0.19 0.19 0.6 -0.1 -0.029 -0.074 0.0771 0.1237 0.3006 0.3472 -0.0005 0.002591 0.000199 12.39 500 800 -0.005654 0.189194 0.252212 -0.063018 0.100000 
5.894 3 -0.035962 -1.064473 -9.009658 -4.028320 -25.451660 -1.495361 0.35 0.35 1.4 1.2 0.295 0.235 0.1996 0.2125 0.0829 0.3498 -0.0005 0.000000 -0.002948 12.39 500 750 -0.005305 0.349792 0.237373 0.112420 0.100000 
5.924 3 -0.743213 -2.514936 -11.368759 -3.265381 24.658203 -0.488281 0.12 0.13 -0.1 0.4 -0.065 -0.036 0.0775 0.0450 -0.2099 0.3532 -0.0005 -0.002591 -0.006960 12.40 500 800 -0.002530 0.125984 0.256357 -0.130373 0.100000 
5.954 3 -0.304478 -1.400117 -15.468417 0.122070 -18.493652 -3.173828 0.41 0.41 2.4 2.5 0.441 0.491 0.1900 0.1839 -0.0389 0.3574 -0.0005 -0.005182 0.001298 12.35 500 800 -0.008425 0.411192 0.249403 0.161789 0.100000 
5.984 3 -1.558350 1.529580 -9.184672 2.044678 -11.138916 -4.425049 0.20 0.21 0.7 2.1 -0.057 0.160 0.1084 0.0289 -0.5130 0.3596 -0.0005 -0.007773 -0.009004 12.39 500 810 -0.000710 0.204762 0.248821 -0.044058 0.100000 
6.014 3 -0.493877 1.263462 -8.599692 -0.915527 31.066895 -1.922607 0.20 0.20 0.2 0.2 0.116 0.001 0.1117 0.1096 -0.0130 0.3643 -0.0006 -0.005182 -0.001749 12.40 500 800 -0.006713 0.199783 0.258584 -0.058801 0.100000 
6.044 3 0.004795 -0.599365 -7.995532 -1.770020 -29.174805 -0.305176 0.32 0.33 1.6 1.5 0.427 0.370 0.1611 0.1743 0.0855 0.3665 -0.0006 -0.007773 -0.005129 12.38 500 790 -0.003394 0.324125 0.239635 0.084489 0.100000 
6.074 3 -1.563144 -1.630273 -7.971557 9.674072 28.747559 -4.486084 0.14 0.14 0.3 0.5 -0.022 -0.024 0.0518 0.0514 -0.0026 0.3703 -0.0006 -0.005182 -0.005597 12.40 500 790 -0.003473 0.138484 0.260076 -0.121592 0.100000 
6.104 3 0.851099 0.695264 -12.344526 -4.394531 -33.843994 2.471924 0.45 0.46 3.0 2.9 0.546 0.381 0.1948 0.2036 0.0570 0.3739 -0.0006 -0.005182 0.001134 12.37 500 800 -0.007728 0.453621 0.246861 0.206759 0.100000 
6.134 3 -1.395322 0.724033 -10.258735 -0.457764 8.422852 -5.737305 0.13 0.13 0.1 0.8 -0.060 -0.032 0.0723 0.0317 -0.2617 0.3763 -0.0006 -0.005182 -0.009938 12.39 500 810 -0.000536 0.127694 0.251121 -0.123427 0.100000 
6.164 3 0.045552 1.958726 -10.177221 -7.598877 23.254395 9.338379 0.23 0.23 0.7 0.2 0.309 0.149 0.1121 0.1398 0.1788 0.3807 -0.0007 -0.005182 -0.000369 12.39 510 790 -0.006490 0.231865 0.251834 -0.019969 0.100000 
6.194 3 -0.366812 -0.592173 -8.220893 1.922607 -31.463623 8.422852 0.30 0.31 2.1 1.4 0.295 0.439 0.1253 0.1598 0.2228 0.3825 -0.0007 -0.007773 -0.005657 12.38 500 810 -0.001836 0.305226 0.233615 0.071611 0.100000 
6.224 3 -0.860688 -0.587378 -7.506450 8.880615 27.770996 -5.767822 0.15 0.16 0.6 0.2 -0.023 -0.042 0.0534 0.0783 0.1606 0.3866 -0.0007 -0.007773 -0.003302 12.39 500 790 -0.003433 0.156630 0.252257 -0.095627 0.100000 
6.254 3 -0.652109 1.400117 -10.093310 -5.157471 -31.951904 1.678467 0.39 0.41 2.2 2.2 0.357 0.159 0.1968 0.2016 0.0311 0.3896 -0.0007 -0.010364 -0.000522 12.39 500 800 -0.005733 0.399942 0.236299 0.163642 0.100000 
6.284 3 -0.997344 0.472300 -11.467055 -5.950928 20.019531 0.793457 0.10 0.11 0.1 0.2 -0.017 -0.056 0.0446 0.0414 -0.0207 0.3922 -0.0008 -0.012956 -0.007762 12.40 500 800 -0.000452 0.105887 0.248868 -0.142981 0.100000 
6.314 3 1.014126 4.001362 -11.131411 -3.509521 27.770996 3.845215 0.22 0.23 0.8 0.2 0.363 0.263 0.0920 0.1349 0.2773 0.3966 -0.0008 -0.012956 0.001585 12.39 500 810 -0.005583 0.226004 0.251260 -0.025256 0.100000 
6.344 3 -0.525044 -1.603901 -7.233140 -2.166748 -26.763916 8.605957 0.30 0.31 1.9 1.5 0.359 0.294 0.1237 0.1526 0.1866 0.3986 -0.0009 -0.012956 -0.004060 12.38 500 810 -0.001231 0.304198 0.239063 0.065135 0.100000 
6.374 3 -1.258667 -0.853496 -6.880713 12.420654 27.313232 -10.650635 0.15 0.17 0.5 0.5 -0.024 -0.040 0.0639 0.0631 -0.0052 0.4026 -0.0009 -0.012956 -0.003526 12.39 500 790 -0.003163 0.159716 0.258694 -0.098978 0.100000 
6.404 3 -2.152920 1.431284 -9.273378 -3.814697 -32.318115 0.457764 0.39 0.40 2.1 2.1 0.310 0.127 0.1988 0.2080 0.0596 0.4058 -0.0010 -0.012956 -0.001493 12.38 500 800 -0.005794 0.395821 0.240000 0.155821 0.100000 
6.434 3 -0.558608 -0.795957 -11.232104 -5.828857 23.590088 -5.645752 0.08 0.09 -0.1 -0.1 0.021 -0.023 0.0333 0.0482 0.0959 0.4084 -0.0010 -0.010364 -0.008545 12.39 500 790 -0.000420 0.086952 0.250552 -0.163600 0.100000 
6.464 3 0.834316 -1.392925 -14.459086 -2.166748 5.371094 3.326416 0.29 0.30 1.4 0.9 0.561 0.322 0.1325 0.1671 0.2228 0.4127 -0.0010 -0.007773 0.001017 12.39 500 800 -0.006237 0.294806 0.241019 0.053786 0.100000 
6.494 3 -1.364155 0.479492 -8.503794 6.805420 -34.332275 5.279541 0.29 0.30 2.0 2.2 0.332 0.272 0.1165 0.1125 -0.0259 0.4145 -0.0011 -0.010364 -0.005631 12.38 500 810 -0.000151 0.292028 0.226982 0.065046 0.100000 
6.524 3 -0.477095 -0.354824 -6.624184 10.223389 29.632568 -7.507324 0.14 0.15 0.4 0.2 -0.002 -0.024 0.0530 0.0719 0.1218 0.4183 -0.0011 -0.007773 -0.002219 12.39 500 800 -0.002649 0.144622 0.243754 -0.099131 0.100000 
6.554 3 -1.299424 -0.038359 -8.750732 -2.014160 -29.357910 -1.831055 0.35 0.36 2.0 1.9 0.236 0.078 0.1691 0.1876 0.1192 0.4213 -0.0011 -0.010364 -0.001246 12.37 500 810 -0.003983 0.353385 0.223544 0.129842 0.100000 
6.584 3 -0.750405 -0.935010 -11.325605 -5.493164 26.000977 -4.791260 0.07 0.08 -0.3 -0.0 0.002 -0.034 0.0402 0.0281 -0.0777 0.4241 -0.0011 -0.010364 -0.006718 12.40 500 810 0.000453 0.072884 0.235352 -0.162467 0.100000 
6.614 3 -0.232554 -2.200869 -15.024887 -0.274658 -6.530762 -2.441406 0.33 0.34 1.8 1.6 0.471 0.429 0.1538 0.1671 0.0855 0.4279 -0.0012 -0.007773 0.003083 12.37 500 790 -0.005609 0.336924 0.227205 0.109719 0.100000 
6.644 3 -1.469643 0.141450 -7.995532 4.791260 -29.205322 -2.960205 0.26 0.27 1.4 2.4 0.188 0.260 0.1201 0.0699 -0.3239 0.4297 -0.0012 -0.010364 -0.004653 12.38 500 820 0.001339 0.261316 0.219296 0.042020 0.100000 
6.674 3 -0.887061 0.225361 -7.221152 10.528564 34.240723 -5.554199 0.13 0.14 0.1 -0.2 -0.020 -0.045 0.0614 0.0839 0.1451 0.4339 -0.0012 -0.007773 -0.001385 12.38 500 800 -0.002885 0.132480 0.237005 -0.104525 0.100000 
6.704 3 -0.592173 -0.659302 -8.654834 -4.089355 -25.665283 -9.490967 0.32 0.32 1.4 1.4 0.234 -0.041 0.1823 0.1847 0.0155 0.4366 -0.0012 -0.005182 -0.002043 12.39 500 800 -0.003512 0.321163 0.216884 0.104279 0.100000 
6.734 3 -0.750405 -1.508003 -10.992358 -3.662109 19.073486 -3.509521 0.09 0.10 0.1 0.3 -0.010 -0.036 0.0357 0.0309 -0.0311 0.4394 -0.0013 -0.005182 -0.005431 12.39 500 790 0.001020 0.094404 0.225499 -0.131095 0.100000 
6.764 3 -0.067129 -0.798354 -13.890888 -3.448486 -11.627197 -1.464844 0.34 0.34 1.8 1.6 0.451 0.441 0.1611 0.1715 0.0674 0.4430 -0.0013 -0.005182 0.003748 12.39 500 790 -0.004396 0.338003 0.215975 0.122028 0.100000 
6.794 3 -1.774121 1.086050 -9.501138 5.706787 -33.386230 -6.347656 0.27 0.27 2.1 2.5 0.228 0.329 0.0880 0.0671 -0.1347 0.4446 -0.0013 -0.005182 -0.003056 12.40 500 800 0.002831 0.267790 0.210123 0.057667 0.100000 
6.824 3 -0.599365 0.829521 -6.540273 9.826660 35.156250 -5.828857 0.12 0.13 -0.0 0.1 -0.017 -0.040 0.0542 0.0566 0.0155 0.4486 -0.0013 -0.005182 0.000150 12.39 500 790 -0.001132 0.122606 0.232509 -0.109902 0.100000 
6.854 3 -2.649194 0.170220 -8.108212 -5.554199 -30.883789 1.708984 0.38 0.38 2.3 2.5 0.234 0.187 0.1831 0.1687 -0.0933 0.4514 -0.0013 -0.005182 0.001710 12.38 500 800 -0.003605 0.381900 0.220951 0.160949 0.100000 
6.884 3 -1.253872 0.604160 -10.349838 -1.281738 14.526367 -2.258301 0.09 0.09 0.2 0.3 -0.020 -0.048 0.0325 0.0269 -0.0363 0.4538 -0.0013 -0.005182 -0.006229 12.40 500 810 0.002463 0.088940 0.226572 -0.137632 0.100000 
6.914 3 -0.354824 0.870278 -10.829330 0.701904 28.442383 0.122070 0.17 0.17 0.2 -0.2 0.081 -0.055 0.0896 0.1193 0.1917 0.4576 -0.0013 -0.002591 0.001477 12.39 500 800 -0.002862 0.171637 0.227534 -0.055897 0.100000 
6.944 3 -0.273311 -1.939546 -8.896977 -3.601074 -18.951416 -0.457764 0.25 0.26 1.2 0.6 0.320 0.111 0.1301 0.1691 0.2513 0.4596 -0.0014 -0.002591 -0.002013 12.39 490 790 -0.000152 0.256102 0.208558 0.047543 0.100000 
6.974 3 -1.014126 -2.390269 -10.114887 0.885010 18.127441 -0.854492 0.12 0.12 0.4 0.6 0.010 -0.021 0.0470 0.0378 -0.0596 0.4627 -0.0014 -0.005182 -0.002617 12.40 500 800 0.001055 0.118917 0.218919 -0.100002 0.100000 
7.004 3 -0.884663 -0.251733 -11.663647 -3.265381 -26.794434 -6.256104 0.35 0.36 2.0 2.1 0.386 0.306 0.1743 0.1687 -0.0363 0.4659 -0.0014 -0.005182 0.003431 12.38 500 800 -0.002378 0.353294 0.201674 0.151620 0.100000 
7.034 3 -1.440874 1.083652 -8.446255 1.892090 -11.352539 -10.986328 0.17 0.17 1.1 1.7 0.025 0.009 0.0522 0.0253 -0.1736 0.4677 -0.0014 -0.002591 -0.002107 12.40 500 800 0.004798 0.172736 0.202160 -0.029425 0.100000 
7.064 3 -0.903843 -0.460312 -7.139638 7.873535 32.989502 -5.035400 0.15 0.15 0.2 -0.1 -0.022 -0.066 0.0639 0.0904 0.1710 0.4715 -0.0014 0.000000 0.003403 12.39 500 760 -0.000594 0.146097 0.221281 -0.075184 0.100000 
7.094 3 -0.992549 -0.429145 -8.410293 -2.349854 -17.028809 -9.735107 0.27 0.27 1.2 1.3 0.088 -0.103 0.1506 0.1482 -0.0155 0.4741 -0.0014 0.002591 0.000110 12.40 500 800 -0.000455 0.273244 0.208154 0.065091 0.100000 
7.124 3 -0.712046 -1.074062 -10.090913 1.373291 16.937256 -0.946045 0.10 0.10 0.2 0.3 0.002 -0.014 0.0386 0.0321 -0.0415 0.4765 -0.0014 0.002591 -0.002272 12.39 500 800 0.003047 0.103158 0.215473 -0.112314 0.100000 
7.154 3 0.620942 2.450205 -13.715874 -0.793457 6.713867 4.852295 0.28 0.28 1.2 0.9 0.440 0.489 0.1357 0.1438 0.0518 0.4801 -0.0014 0.002591 0.006490 12.37 500 800 -0.002232 0.277453 0.213668 0.063784 0.100000 
7.184 3 -0.990151 0.556211 -8.652436 2.471924 -21.392822 -13.061523 0.23 0.23 1.3 1.3 -0.079 0.237 0.1177 0.1100 -0.0492 0.4819 -0.0014 0.005182 -0.002883 12.40 500 820 0.002141 0.231090 0.206649 0.024441 0.100000 
7.214 3 -0.520249 0.616147 -8.429472 0.427246 18.341064 0.946045 0.17 0.16 0.3 0.8 -0.025 -0.029 0.0859 0.0663 -0.1270 0.4855 -0.0013 0.005182 0.001228 12.38 500 800 -0.000322 0.166583 0.215101 -0.048518 0.100000 
7.244 3 -0.215771 -1.426489 -9.628202 -2.746582 -23.925781 4.547119 0.29 0.28 1.0 1.7 0.306 0.321 0.1691 0.1229 -0.2980 0.4878 -0.0013 0.002591 0.001625 12.38 500 810 0.001371 0.285861 0.199802 0.086059 0.100000 
7.274 3 -0.170220 -2.656387 -10.623149 3.936768 24.536133 1.159668 0.10 0.10 0.0 -0.0 -0.021 -0.028 0.0474 0.0482 0.0052 0.4906 -0.0013 0.002591 -0.000788 12.39 500 800 0.002317 0.099661 0.216354 -0.116693 0.100000 
7.304 3 -0.016782 1.016523 -13.135688 -1.312256 -13.763428 -10.467529 0.33 0.33 1.5 2.0 0.434 0.512 0.1715 0.1382 -0.2151 0.4940 -0.0013 0.000000 0.005077 12.35 500 750 -0.002054 0.329018 0.209660 0.119358 0.100000 
7.334 3 -1.793301 0.640122 -8.302407 0.976562 -8.117676 -2.868652 0.14 0.14 1.2 1.3 -0.047 -0.077 0.0333 0.0261 -0.0466 0.4958 -0.0013 0.002591 -0.004579 12.39 500 790 0.004685 0.143578 0.207884 -0.064306 0.100000 
7.364 3 -0.937407 -0.266118 -7.094087 5.126953 24.139404 -5.401611 0.15 0.15 0.6 0.1 0.044 -0.062 0.0550 0.0855 0.1969 0.4996 -0.0013 0.005182 0.001985 12.39 500 800 -0.000025 0.151925 0.216089 -0.064164 0.100000 
7.394 3 -0.805547 -1.074062 -8.335972 -3.204346 -24.383545 -14.099121 0.32 0.32 1.5 1.6 0.250 0.015 0.1735 0.1631 -0.0674 0.5020 -0.0013 0.005182 0.002576 12.39 500 810 -0.000547 0.319254 0.202906 0.116348 0.100000 
7.424 3 -0.424351 -1.536772 -10.263530 -4.699707 21.545410 -6.622314 0.09 0.09 0.1 0.1 -0.013 -0.015 0.0345 0.0378 0.0207 0.5042 -0.0013 0.007773 -0.002150 12.39 500 800 0.003124 0.090275 0.218217 -0.127942 0.100000 
7.454 3 1.011729 1.311411 -12.900737 3.326416 19.958496 10.681152 0.22 0.21 0.6 0.3 0.439 0.170 0.1020 0.1205 0.1192 0.5080 -0.0013 0.010364 0.004790 12.39 500 810 -0.001400 0.210982 0.218750 -0.007768 0.100000 
7.484 3 -1.014126 -0.544224 -7.842094 0.885010 -28.686523 -1.373291 0.26 0.26 1.9 2.5 0.203 0.381 0.0984 0.0498 -0.3135 0.5096 -0.0013 0.005182 -0.001218 12.38 500 800 0.003846 0.257827 0.208328 0.049499 0.100000 
7.514 3 -0.282900 1.438477 -8.218495 9.277344 29.693604 -2.655029 0.12 0.12 0.2 -0.3 0.005 -0.040 0.0490 0.0835 0.2228 0.5135 -0.0012 0.007773 0.000374 12.39 500 800 0.000358 0.119283 0.222774 -0.103490 0.100000 
7.544 3 -1.225103 0.505864 -8.340766 -4.211426 -28.930664 -8.026123 0.33 0.33 1.9 1.8 0.287 -0.003 0.1651 0.1691 0.0259 0.5161 -0.0012 0.005182 0.002003 12.38 500 810 -0.000706 0.332185 0.204115 0.128070 0.100000 
7.574 3 -0.400376 -1.131602 -11.426298 -4.638672 18.981934 2.777100 0.09 0.08 -0.1 0.1 -0.011 -0.010 0.0470 0.0293 -0.1140 0.5181 -0.0012 0.005182 -0.002706 12.39 500 800 0.003440 0.084303 0.212025 -0.127722 0.100000 
7.604 3 0.127065 -0.496274 -13.385024 -3.082275 0.000000 6.317139 0.27 0.27 1.4 1.3 0.321 0.478 0.1265 0.1229 -0.0233 0.5217 -0.0012 0.005182 0.005735 12.38 500 780 -0.000859 0.270260 0.204324 0.065936 0.100000 
7.634 3 -1.414502 0.714443 -8.417485 4.272461 -29.022217 -1.464844 0.25 0.25 1.9 1.8 0.234 0.372 0.0916 0.0912 -0.0026 0.5231 -0.0012 0.002591 0.000157 12.39 500 800 0.004592 0.252848 0.195889 0.056959 0.100000 
7.664 3 -0.469902 1.018921 -8.290420 9.765625 30.914307 -2.807617 0.12 0.12 0.1 0.1 -0.030 -0.023 0.0538 0.0606 0.0440 0.5267 -0.0012 0.002591 0.002774 12.39 500 800 0.001263 0.122252 0.215054 -0.092802 0.100000 
7.694 3 -0.628135 0.561006 -8.774707 -5.096436 -23.437500 -0.549316 0.30 0.30 1.7 1.2 0.314 -0.087 0.1418 0.1731 0.2021 0.5291 -0.0012 0.002591 0.002293 12.39 490 790 0.000620 0.298469 0.199919 0.098550 0.100000 
7.724 3 -0.762393 -2.536514 -10.946806 -2.899170 16.296387 -3.631592 0.12 0.11 0.4 0.5 0.024 -0.002 0.0345 0.0349 0.0026 0.5315 -0.0012 0.002591 -0.000362 12.39 500 800 0.003801 0.113950 0.212462 -0.098512 0.100000 
7.754 3 1.309014 2.486167 -12.905532 -1.464844 21.087646 2.380371 0.25 0.24 0.8 0.4 0.470 0.276 0.1141 0.1406 0.1710 0.5354 -0.0012 0.005182 0.008347 12.39 500 810 -0.001498 0.243800 0.218960 0.024839 0.100000 
7.784 3 -0.954189 0.079116 -8.295215 4.302979 -30.303955 -3.967285 0.29 0.29 1.8 1.8 0.369 0.300 0.1317 0.1317 0.0000 0.5370 -0.0012 0.005182 -0.000012 12.39 500 800 0.002607 0.292067 0.212478 0.079589 0.100000 
7.814 3 -1.102832 -2.584463 -8.949721 4.638672 23.345947 0.946045 0.12 0.12 -0.0 0.6 -0.043 -0.007 0.0671 0.0289 -0.2462 0.5400 -0.0011 0.002591 0.000001 12.39 500 800 0.002258 0.121955 0.226023 -0.104069 0.100000 
7.844 3 -0.208579 -0.071924 -11.606108 -3.082275 -25.756836 11.199951 0.35 0.35 1.6 2.1 0.194 0.283 0.1940 0.1566 -0.2410 0.5428 -0.0011 0.002591 0.004874 12.39 500 790 -0.000400 0.353055 0.210409 0.142646 0.100000 
7.874 3 -1.035703 -0.014385 -10.517661 -4.150391 15.411377 -5.310059 0.09 0.09 0.3 0.3 -0.036 -0.038 0.0285 0.0245 -0.0259 0.5448 -0.0011 0.002591 -0.001986 12.39 500 800 0.005271 0.093049 0.219413 -0.126364 0.100000 
7.904 3 -0.009590 0.963779 -11.152987 -6.195068 12.603760 8.666992 0.24 0.24 1.2 0.4 0.342 0.174 0.1008 0.1402 0.2539 0.5484 -0.0011 0.002591 0.006551 12.39 500 790 -0.000181 0.240669 0.217337 0.023332 0.100000 
7.934 3 -1.519990 -0.122271 -6.777622 4.577637 -20.446777 -1.220703 0.20 0.20 1.3 1.7 0.150 0.111 0.0767 0.0542 -0.1451 0.5498 -0.0011 0.000000 -0.002108 12.37 500 800 0.005954 0.195240 0.204486 -0.009246 0.100000 
7.964 3 -0.544224 -0.208579 -8.043481 6.530762 26.489258 -1.281738 0.12 0.12 0.3 -0.1 -0.005 -0.067 0.0422 0.0699 0.1788 0.5528 -0.0011 0.002591 0.003694 12.39 500 790 0.003103 0.120785 0.207339 -0.086554 0.100000 
7.994 3 -1.026113 -1.639863 -7.942788 -3.204346 -27.862549 -0.427246 0.30 0.30 1.7 1.2 0.307 -0.020 0.1390 0.1751 0.2332 0.5546 -0.0011 0.000000 0.005397 12.38 500 760 0.003594 0.303633 0.188343 0.115290 0.100000 
8.024 3 -0.592173 -1.193936 -11.344785 -1.190186 21.881104 1.129150 0.09 0.09 0.2 0.1 -0.002 -0.021 0.0209 0.0237 0.0181 0.5566 -0.0011 0.000000 0.002547 12.39 500 770 0.006726 0.087319 0.205495 -0.118176 0.100000 
8.054 3 1.196333 0.311670 -14.104262 -1.647949 6.744385 3.051758 0.28 0.28 1.6 1.1 0.553 0.478 0.1064 0.1378 0.2021 0.5603 -0.0011 0.000000 0.011049 12.38 500 760 0.001354 0.280438 0.207029 0.073409 0.100000 
8.084 3 -1.050088 0.534634 -9.410034 5.004883 -27.374268 -1.586914 0.26 0.26 1.6 2.3 0.264 0.314 0.1040 0.0610 -0.2773 0.5615 -0.0011 0.000000 0.002580 12.39 500 810 0.006881 0.255247 0.202708 0.052539 0.100000 
8.114 3 -0.616147 0.887061 -7.074907 10.620117 38.085938 -2.899170 0.10 0.10 -0.0 -0.3 -0.012 -0.040 0.0398 0.0586 0.1218 0.5649 -0.0011 0.002591 0.003959 12.40 500 800 0.002930 0.101708 0.224360 -0.122652 0.100000 
8.144 3 -0.724033 -0.580186 -8.820258 -3.265381 -20.935059 2.166748 0.24 0.24 1.7 0.9 0.212 0.067 0.0940 0.1374 0.2798 0.5669 -0.0011 0.002591 0.000936 12.40 500 790 0.004211 0.238726 0.198397 0.040329 0.100000 
8.174 3 -0.350029 -2.361499 -10.834126 -2.838135 11.688232 4.516602 0.13 0.13 0.5 0.6 0.026 -0.013 0.0490 0.0402 -0.0570 0.5695 -0.0011 0.000000 0.001935 12.40 500 760 0.005147 0.129524 0.202443 -0.072919 0.100000 
8.204 3 -1.546362 -2.332729 -13.622373 -5.187988 -30.487061 -2.868652 0.39 0.39 2.2 2.5 0.375 0.323 0.1856 0.1707 -0.0959 0.5721 -0.0011 -0.002591 0.010032 12.39 500 800 0.001013 0.387735 0.191123 0.196612 0.100000 
8.234 3 -0.716841 0.973369 -10.294697 0.000000 8.636475 -4.394531 0.10 0.10 0.5 0.6 -0.026 -0.036 0.0165 0.0205 0.0259 0.5733 -0.0011 -0.002591 0.000824 12.39 500 800 0.008027 0.098993 0.201169 -0.102176 0.100000 
8.264 3 -0.877471 0.982959 -9.467573 2.044678 30.120850 -0.640869 0.17 0.17 0.7 -0.2 0.057 -0.031 0.0562 0.1088 0.3394 0.5769 -0.0011 0.002591 0.008385 12.39 500 800 0.002250 0.168433 0.212232 -0.043799 0.100000 
8.294 3 0.306875 -1.412104 -7.285883 -2.441406 -25.482178 -3.875732 0.30 0.30 1.5 1.2 0.402 0.364 0.1502 0.1639 0.0881 0.5787 -0.0011 0.000000 0.004523 12.38 500 770 0.003871 0.297713 0.202249 0.095464 0.100000 
8.324 3 -0.944600 -2.138535 -8.386318 5.279541 28.381348 -2.441406 0.11 0.11 0.1 0.4 -0.029 -0.002 0.0438 0.0313 -0.0803 0.5815 -0.0011 0.000000 0.002095 12.39 500 760 0.003962 0.108342 0.226080 -0.117738 0.100000 
8.354 3 -1.229897 2.191279 -10.407377 0.579834 -28.808594 11.962891 0.34 0.34 2.2 2.4 0.266 0.299 0.1462 0.1345 -0.0751 0.5841 -0.0011 -0.002591 0.005122 12.38 500 810 0.002042 0.338171 0.206816 0.131355 0.100000 
8.384 3 -0.455518 0.534634 -12.205473 -7.812500 10.345459 8.850098 0.10 0.10 0.4 0.5 -0.006 -0.017 0.0265 0.0165 -0.0648 0.5856 -0.0011 -0.005182 -0.000427 12.39 500 800 0.007088 0.098737 0.209993 -0.111256 0.100000 
8.414 3 0.810342 1.846045 -12.109575 -8.728027 20.141602 11.840820 0.21 0.21 0.7 0.6 0.202 0.377 0.0920 0.0924 0.0026 0.5892 -0.0011 -0.005182 0.009086 12.39 500 800 0.002083 0.209326 0.209605 -0.000280 0.100000 
8.444 3 -1.066870 -0.100693 -6.916675 2.197266 -28.594971 2.593994 0.24 0.25 1.4 1.9 0.156 0.462 0.1141 0.0831 -0.1995 0.5904 -0.0012 -0.010364 0.001826 12.37 500 810 0.006698 0.247236 0.196143 0.051093 0.100000 
8.474 3 -0.724033 -0.234951 -6.789609 11.016846 27.801514 -2.227783 0.09 0.10 -0.2 0.1 -0.014 -0.006 0.0506 0.0361 -0.0933 0.5934 -0.0012 -0.012956 0.002987 12.40 500 800 0.004596 0.094517 0.207657 -0.113140 0.100000 
8.504 3 -0.764790 1.086050 -9.004863 -3.631592 -27.435303 10.192871 0.27 0.28 1.4 1.5 0.136 0.124 0.1353 0.1378 0.0155 0.5954 -0.0012 -0.012956 0.004327 12.40 500 810 0.004861 0.271988 0.181559 0.090429 0.100000 
8.534 3 0.450723 -4.706216 -11.850649 1.586914 23.345947 -1.770020 0.07 0.08 0.0 0.0 0.003 -0.008 0.0233 0.0321 0.0570 0.5974 -0.0012 -0.012956 0.003289 12.37 500 800 0.006698 0.078149 0.193728 -0.115579 0.100000 
8.564 3 -0.565801 1.196333 -14.310444 -2.593994 -17.486572 -4.852295 0.33 0.34 2.2 2.0 0.569 0.523 0.1313 0.1530 0.1399 0.6006 -0.0013 -0.012956 0.011369 12.38 510 810 0.002356 0.337559 0.186387 0.151172 0.100000 
8.594 3 -1.730967 0.230156 -10.546431 3.540039 -18.646240 0.366211 0.18 0.19 2.0 1.3 0.120 -0.050 0.0181 0.0707 0.3394 0.6016 -0.0013 -0.010364 0.001806 12.37 500 800 0.008454 0.185449 0.186844 -0.001396 0.100000 
8.624 3 -0.944600 0.810342 -6.777622 11.077881 29.022217 -7.446289 0.13 0.14 0.3 -0.0 0.044 -0.032 0.0478 0.0755 0.1788 0.6050 -0.0013 -0.007773 0.006544 12.40 500 800 0.003617 0.131701 0.203732 -0.072031 0.100000 
8.654 3 -0.577788 -1.215513 -7.926006 -3.906250 -23.345947 -0.457764 0.31 0.32 1.3 1.1 0.143 -0.090 0.1723 0.1940 0.1399 0.6072 -0.0013 -0.010364 0.005728 12.40 500 810 0.001956 0.310909 0.191691 0.119218 0.100000 
8.684 3 -0.450723 1.227500 -10.846113 -1.525879 16.082764 -0.946045 0.09 0.10 0.1 0.4 0.003 -0.001 0.0402 0.0237 -0.1062 0.6090 -0.0014 -0.012956 0.001426 12.39 500 790 0.006451 0.096329 0.202716 -0.106387 0.100000 
8.714 3 -0.002397 -0.570596 -11.591723 -5.096436 -11.047363 -0.488281 0.28 0.29 0.8 2.1 0.169 0.493 0.1699 0.0964 -0.4742 0.6121 -0.0014 -0.015547 0.008108 12.39 500 780 0.002704 0.285177 0.192577 0.092600 0.100000 
8.744 3 -1.045293 -0.467505 -8.863413 1.770020 2.990723 -4.333496 0.10 0.11 0.6 0.8 0.008 -0.014 0.0181 0.0201 0.0130 0.6133 -0.0014 -0.015547 0.001174 12.39 500 800 0.008788 0.106057 0.192629 -0.086571 0.100000 
8.774 3 0.100693 0.522646 -10.486494 -0.671387 19.653320 2.410889 0.18 0.20 0.9 0.0 0.167 0.094 0.0679 0.1253 0.3705 0.6169 -0.0015 -0.015547 0.009300 12.39 500 800 0.002989 0.192000 0.197490 -0.005490 0.100000 
8.804 3 -0.424351 -0.534634 -7.707837 -0.244141 -25.512695 -9.002686 0.23 0.24 1.5 1.7 0.418 0.177 0.0900 0.0908 0.0052 0.6181 -0.0015 -0.010364 0.002903 12.38 500 810 0.007095 0.233623 0.186485 0.047138 0.100000 
8.834 3 -1.285039 -0.383594 -8.398305 10.192871 23.223877 -5.859375 0.11 0.11 0.2 0.4 0.006 -0.012 0.0402 0.0386 -0.0104 0.6211 -0.0015 -0.007773 0.004270 12.40 500 800 0.004995 0.111014 0.199337 -0.088322 0.100000 
8.864 3 -1.711787 2.109766 -9.918296 -3.295898 -27.954102 5.279541 0.32 0.33 2.0 2.2 0.059 0.219 0.1498 0.1394 -0.0674 0.6235 -0.0015 -0.007773 0.007240 12.39 500 800 0.003114 0.323961 0.185123 0.138839 0.100000 
8.894 3 -1.136396 1.402515 -11.289643 -5.340576 15.441895 6.317139 0.07 0.08 0.1 0.2 -0.005 -0.041 0.0305 0.0189 -0.0751 0.6253 -0.0015 -0.010364 0.001363 12.40 500 800 0.007488 0.079561 0.194713 -0.115152 0.100000 
8.924 3 -0.258926 1.244282 -11.263271 -5.096436 -0.518799 -5.035400 0.26 0.27 0.7 2.0 0.155 0.467 0.1574 0.0807 -0.4949 0.6287 -0.0016 -0.012956 0.009195 12.39 500 810 0.002229 0.264978 0.193508 0.071470 0.100000 
8.954 3 -1.189141 -0.460312 -7.602348 2.777100 -28.991699 -5.859375 0.24 0.25 2.0 2.2 0.386 0.286 0.0727 0.0675 -0.0337 0.6299 -0.0016 -0.012956 0.003568 12.38 500 800 0.007686 0.247191 0.187169 0.060022 0.100000 
8.984 3 -1.265859 -0.148643 -7.825312 8.544922 25.817871 -9.552002 0.11 0.13 0.2 0.2 -0.006 -0.034 0.0442 0.0546 0.0674 0.6331 -0.0016 -0.012956 0.004975 12.39 500 790 0.004411 0.121222 0.205707 -0.084485 0.100000 
9.014 3 -1.117217 0.290093 -10.119682 -4.028320 -28.228760 -7.659912 0.37 0.38 1.8 2.5 0.074 0.367 0.1968 0.1606 -0.2332 0.6358 -0.0017 -0.010364 0.008327 12.36 500 790 0.000745 0.373410 0.199053 0.174357 0.100000 
9.044 3 -1.292231 1.126807 -10.323466 0.671387 1.556396 -5.554199 0.12 0.13 0.9 1.0 -0.030 -0.059 0.0181 0.0221 0.0259 0.6374 -0.0017 -0.005182 0.000117 12.40 500 800 0.007524 0.126957 0.206458 -0.079501 0.100000 
9.074 3 -0.294888 1.086050 -8.506191 4.913330 30.944824 -5.645752 0.14 0.14 0.3 0.2 0.027 -0.017 0.0518 0.0667 0.0959 0.6408 -0.0017 -0.002591 0.005537 12.39 500 800 0.002444 0.140318 0.217405 -0.077087 0.100000 
9.104 3 -0.498672 -1.222705 -8.880195 -2.197266 -20.629883 -2.227783 0.30 0.30 0.3 0.8 0.193 0.094 0.2181 0.1940 -0.1555 0.6430 -0.0017 0.000000 0.003476 12.39 500 810 0.001080 0.297733 0.201762 0.095971 0.100000 
9.134 3 -0.683276 -0.697661 -10.107695 -3.570557 21.697998 -8.514404 0.07 0.07 -0.3 -0.1 -0.007 -0.004 0.0349 0.0285 -0.0415 0.6450 -0.0017 0.000000 -0.001102 12.38 500 760 0.005657 0.065784 0.209117 -0.143333 0.100000 
9.164 3 -0.019180 -0.819932 -13.373036 -2.044678 -9.216309 0.518799 0.26 0.26 1.6 1.0 0.488 0.291 0.1056 0.1450 0.2539 0.6480 -0.0017 0.002591 0.006086 12.39 500 790 0.002215 0.263234 0.192358 0.070877 0.100000 
9.194 3 -1.126807 1.790903 -9.582651 3.845215 -10.559082 12.634277 0.15 0.15 1.3 1.4 0.050 0.070 0.0293 0.0165 -0.0829 0.6494 -0.0017 0.000000 0.000922 12.39 500 800 0.008325 0.147246 0.184416 -0.037170 0.100000 
9.224 3 -0.287695 0.848701 -9.673755 -5.767822 -8.880615 -3.021240 0.26 0.26 1.2 1.6 0.179 0.315 0.1293 0.1008 -0.1840 0.6522 -0.0017 0.000000 0.009589 12.39 500 770 0.004235 0.263109 0.178563 0.084547 0.100000 
9.254 3 -1.714185 -1.239487 -7.273896 2.563477 -20.721436 -4.699707 0.19 0.20 2.1 2.1 0.224 0.182 0.0177 0.0161 -0.0104 0.6530 -0.0017 -0.005182 0.005199 12.40 500 810 0.010639 0.193593 0.175666 0.017927 0.100000 
9.284 3 -0.515454 1.615889 -7.036548 12.237549 26.947021 -0.549316 0.15 0.15 0.2 0.3 -0.009 0.006 0.0739 0.0651 -0.0570 0.6564 -0.0017 -0.002591 0.009125 12.39 500 800 0.004785 0.147737 0.198404 -0.050666 0.100000 
9.314 3 -0.606558 0.515454 -9.441201 -3.540039 -19.775391 -1.922607 0.32 0.32 1.4 1.3 0.053 0.184 0.1759 0.1839 0.0518 0.6584 -0.0017 -0.002591 0.008401 12.40 500 800 0.002849 0.319213 0.194665 0.124548 0.100000 
9.344 3 -0.589775 -2.299165 -11.196142 -7.324219 26.367188 0.030518 0.07 0.07 -0.1 -0.1 -0.033 -0.028 0.0289 0.0341 0.0337 0.6609 -0.0017 -0.002591 0.001070 12.39 500 800 0.006064 0.073184 0.215162 -0.141977 0.100000 
9.374 3 0.299683 -0.551416 -14.658075 1.220703 3.356934 2.960205 0.26 0.26 1.0 1.2 0.267 0.345 0.1341 0.1289 -0.0337 0.6645 -0.0017 -0.002591 0.006936 12.39 500 820 0.000577 0.262823 0.210952 0.051871 0.100000 
9.404 3 -1.527183 0.990151 -7.499258 1.861572 -16.052246 -9.613037 0.15 0.16 0.9 1.7 -0.065 0.045 0.0663 0.0229 -0.2798 0.6657 -0.0017 -0.002591 -0.003112 12.39 500 800 0.006778 0.154700 0.197565 -0.042865 0.100000 
9.434 3 -0.350029 -0.059937 -9.472368 -2.899170 18.432617 3.295898 0.13 0.13 0.4 -0.3 0.029 -0.027 0.0542 0.1004 0.2980 0.6687 -0.0017 0.000000 0.004252 12.38 500 760 0.003479 0.132533 0.189147 -0.056614 0.100000 
9.464 3 -0.350029 -0.644917 -8.180137 0.396729 -26.245117 -3.631592 0.21 0.21 1.3 1.8 0.255 0.397 0.0859 0.0534 -0.2099 0.6697 -0.0017 -0.002591 0.004398 12.39 500 790 0.008821 0.212638 0.165250 0.047389 0.100000 
9.494 3 -1.349770 0.086309 -8.884990 4.455566 15.258789 4.913330 0.11 0.11 0.3 0.5 0.005 -0.015 0.0450 0.0414 -0.0233 0.6723 -0.0017 0.000000 0.006144 12.39 500 770 0.006992 0.114934 0.176679 -0.061745 0.100000 
9.524 3 0.198989 -0.731226 -13.332280 -5.828857 -26.031494 -5.065918 0.38 0.38 2.5 2.4 0.468 0.335 0.1639 0.1707 0.0440 0.6751 -0.0017 0.000000 0.014101 12.35 500 800 0.002367 0.384357 0.176149 0.208209 0.100000 
9.554 3 -1.551157 1.546362 -9.525112 2.716064 -18.951416 -18.890381 0.21 0.21 1.1 2.4 0.173 0.171 0.0920 0.0177 -0.4794 0.6763 -0.0017 0.000000 0.003605 12.39 500 810 0.008361 0.205599 0.187007 0.018593 0.100000 
9.584 3 -0.393184 1.256269 -8.813066 7.812500 27.496338 -7.965088 0.13 0.13 0.4 0.2 -0.016 -0.036 0.0430 0.0635 0.1321 0.6797 -0.0017 0.007773 0.005896 12.39 500 800 0.004026 0.130893 0.208173 -0.077280 0.100000 
9.614 3 -1.721377 -0.270913 -7.866069 -6.439209 -27.038574 -8.331299 0.35 0.35 1.8 2.3 0.069 0.183 0.1839 0.1538 -0.1943 0.6823 -0.0017 0.005182 0.006582 12.40 500 810 0.001060 0.350621 0.201020 0.149601 0.100000 
9.644 3 -0.318862 -0.690469 -10.143657 -7.141113 15.106201 -4.608154 0.08 0.07 0.1 0.2 -0.018 -0.023 0.0317 0.0205 -0.0726 0.6839 -0.0017 0.010364 -0.001324 12.39 500 800 0.006650 0.076037 0.208505 -0.132467 0.100000 
9.674 3 -0.630532 2.047431 -9.239814 -3.509521 20.874023 9.613037 0.16 0.15 0.4 0.4 0.071 -0.028 0.0695 0.0739 0.0285 0.6872 -0.0017 0.010364 0.005150 12.39 500 800 0.003029 0.154884 0.206537 -0.051653 0.100000 
9.704 3 0.129463 -1.395322 -9.441201 -2.441406 -20.141602 7.171631 0.26 0.26 1.2 0.7 0.414 0.368 0.1297 0.1506 0.1347 0.6888 -0.0017 0.005182 0.004683 12.40 500 790 0.004834 0.258312 0.189520 0.068792 0.100000 
9.734 3 -0.378799 -2.095381 -10.985166 0.396729 22.186279 7.629395 0.08 0.08 -0.1 0.1 -0.010 -0.003 0.0406 0.0225 -0.1166 0.6910 -0.0016 0.002591 0.002031 12.39 500 800 0.006596 0.078860 0.201953 -0.123093 0.100000 
9.764 3 -0.632930 0.234951 -13.574424 -0.183105 -15.106201 1.861572 0.30 0.30 1.5 1.7 0.400 0.345 0.1490 0.1349 -0.0907 0.6940 -0.0016 0.000000 0.007951 12.36 500 770 0.002372 0.298569 0.190050 0.108519 0.100000 
9.794 3 -2.069009 1.249077 -8.196918 2.960205 -21.575928 -5.889893 0.20 0.20 2.1 2.2 0.177 0.194 0.0229 0.0157 -0.0466 0.6950 -0.0016 -0.002591 0.002783 12.36 500 800 0.009166 0.198491 0.187008 0.011484 0.100000 
9.824 3 -0.620942 0.745610 -7.209165 8.544922 27.221680 -4.241943 0.13 0.13 0.3 0.1 -0.009 0.055 0.0470 0.0619 0.0959 0.6984 -0.0017 0.000000 0.006115 12.39 500 760 0.004332 0.128188 0.205384 -0.077196 0.100000 
9.854 3 -1.522388 0.249336 -9.457983 -5.126953 -26.641846 0.366211 0.35 0.35 2.0 1.9 0.166 0.050 0.1679 0.1831 0.0985 0.7010 -0.0017 -0.002591 0.007019 12.36 500 800 0.001103 0.348653 0.196497 0.152156 0.100000 
9.884 3 -0.944600 0.606558 -10.469711 -1.953125 6.164551 -1.007080 0.10 0.10 0.4 0.6 -0.049 -0.035 0.0309 0.0193 -0.0751 0.7024 -0.0017 0.000000 -0.000382 12.38 490 760 0.007563 0.097592 0.198560 -0.100968 0.100000 
9.914 3 -0.489082 0.997344 -10.347441 0.946045 25.695801 2.044678 0.15 0.15 0.2 -0.0 0.013 -0.045 0.0747 0.0900 0.0985 0.7058 -0.0017 -0.002591 0.006611 12.39 500 800 0.002681 0.151659 0.202047 -0.050388 0.100000 
9.944 3 0.007192 -1.215513 -8.077045 -2.471924 -13.275146 0.640869 0.19 0.19 0.6 0.7 0.076 0.150 0.1104 0.1052 -0.0337 0.7074 -0.0017 -0.002591 0.001895 12.39 500 800 0.005777 0.189921 0.182406 0.007515 0.100000 
9.974 3 -1.138794 0.335645 -7.022163 12.359619 14.526367 -4.638672 0.14 0.14 0.3 0.6 -0.006 -0.025 0.0691 0.0514 -0.1140 0.7103 -0.0017 -0.007773 0.004846 12.39 500 800 0.004674 0.139987 0.188976 -0.048989 0.100000 
10.004 3 -0.441133 1.280244 -9.625805 -5.279541 -27.038574 4.486084 0.28 0.29 0.8 2.1 0.349 0.332 0.1715 0.1036 -0.4379 0.7119 -0.0017 -0.007773 0.007759 12.38 510 820 0.006095 0.284091 0.173069 0.111022 0.100000 
10.034 3 -0.980561 -3.385215 -11.850649 -6.622314 20.019531 -2.044678 0.10 0.11 0.3 0.4 0.014 -0.009 0.0233 0.0221 -0.0078 0.7139 -0.0017 -0.007773 0.005520 12.40 500 800 0.007803 0.101169 0.193885 -0.092716 0.100000 
10.064 3 1.285039 1.016523 -14.073095 4.486084 12.451172 5.340576 0.26 0.27 1.3 1.1 0.588 0.418 0.1048 0.1237 0.1218 0.7173 -0.0017 -0.005182 0.013080 12.37 510 810 0.002286 0.267547 0.203061 0.064486 0.100000 
10.094 3 -1.762134 -0.987754 -6.792006 3.204346 -23.651123 5.310059 0.25 0.26 2.8 1.6 0.348 0.279 0.0301 0.1028 0.4690 0.7189 -0.0017 -0.005182 0.003589 12.38 500 800 0.006955 0.257006 0.208110 0.048896 0.100000 
10.124 3 -0.390786 0.632930 -6.492324 11.810303 36.193848 -7.446289 0.12 0.12 0.1 0.1 0.002 -0.002 0.0502 0.0562 0.0389 0.7225 -0.0018 -0.005182 0.003332 12.40 500 800 0.002186 0.118593 0.233475 -0.114881 0.100000 
10.154 3 -0.946997 0.899048 -9.091171 -4.150391 -23.162842 -5.004883 0.28 0.29 1.6 1.4 0.281 -0.034 0.1370 0.1578 0.1347 0.7249 -0.0018 -0.005182 0.001101 12.38 500 800 0.001733 0.285380 0.210843 0.074536 0.100000 
10.184 3 -0.443530 -2.838594 -11.440683 -5.096436 19.317627 1.129150 0.07 0.08 0.1 0.1 0.005 -0.021 0.0225 0.0221 -0.0026 0.7269 -0.0018 -0.005182 -0.001751 12.39 500 790 0.005473 0.074067 0.213737 -0.139671 0.100000 
10.214 3 -0.210977 -0.949395 -15.760908 -0.640869 -12.084961 -2.258301 0.30 0.30 1.7 1.8 0.447 0.425 0.1353 0.1293 -0.0389 0.7301 -0.0018 -0.005182 0.007699 12.39 500 790 0.001415 0.302140 0.197118 0.105022 0.100000 
10.245 3 -1.718979 0.791162 -8.101020 5.157471 -19.134521 -4.852295 0.17 0.18 0.8 2.0 0.093 0.097 0.0767 0.0149 -0.3990 0.7311 -0.0018 -0.007773 0.000343 12.39 500 810 0.008498 0.171768 0.186528 -0.014760 0.100000 
10.275 3 -0.481890 1.126807 -7.667080 6.072998 30.273438 -0.518799 0.12 0.12 -0.2 0.0 -0.023 -0.017 0.0695 0.0619 -0.0492 0.7344 -0.0018 -0.007773 0.006984 12.39 500 800 0.003990 0.121013 0.196746 -0.075733 0.100000 
10.305 3 -0.227759 -1.862827 -8.410293 -4.486084 -27.313232 4.974365 0.28 0.29 1.1 1.2 0.351 0.329 0.1623 0.1623 0.0000 0.7360 -0.0018 -0.007773 0.006328 12.38 500 810 0.005105 0.287462 0.179893 0.107569 0.100000 
10.335 3 -0.572993 -3.756821 -10.366621 1.708984 26.153564 1.159668 0.07 0.07 -0.1 -0.0 -0.009 -0.000 0.0273 0.0225 -0.0311 0.7380 -0.0019 -0.007773 0.003297 12.39 500 800 0.007143 0.068950 0.198701 -0.129751 0.100000 
10.365 3 -0.414761 1.105229 -12.658593 0.213623 -26.672363 5.187988 0.31 0.31 1.7 2.5 0.368 0.329 0.1518 0.1088 -0.2773 0.7408 -0.0019 -0.007773 0.008086 12.37 500 800 0.004430 0.310352 0.180689 0.129663 0.100000 
10.395 3 -0.793560 -0.584980 -11.958535 -8.636475 16.357422 -3.021240 0.07 0.08 0.2 0.1 -0.006 -0.017 0.0185 0.0265 0.0518 0.7424 -0.0019 -0.007773 0.001850 12.39 500 790 0.007926 0.073690 0.191550 -0.117859 0.100000 
10.425 3 0.812739 -2.033047 -15.715356 -1.525879 5.676270 2.807617 0.26 0.27 1.0 1.1 0.544 0.436 0.1301 0.1297 -0.0026 0.7456 -0.0019 -0.007773 0.012229 12.38 500 800 0.002764 0.263504 0.188673 0.074832 0.100000 
10.455 3 -1.666235 0.896650 -7.319448 6.134033 -30.120850 -8.911133 0.23 0.24 1.9 2.9 0.325 0.354 0.0675 0.0157 -0.3343 0.7464 -0.0019 -0.007773 0.004885 12.39 500 800 0.010111 0.237272 0.184383 0.052889 0.100000 
10.485 3 -0.472300 0.656904 -7.204370 5.950928 33.142090 -4.943848 0.11 0.11 0.2 0.1 -0.010 -0.031 0.0353 0.0478 0.0803 0.7496 -0.0019 -0.002591 0.007386 12.39 500 800 0.005451 0.112810 0.209149 -0.096339 0.100000 
10.515 3 -1.870019 0.596968 -8.314394 -4.913330 -32.073975 2.960205 0.38 0.38 2.0 1.9 0.325 0.022 0.1892 0.2036 0.0933 0.7520 -0.0020 -0.002591 0.008855 12.36 500 820 0.002161 0.376786 0.197891 0.178896 0.100000 
10.545 3 -0.525044 -0.522646 -10.464916 -7.354736 20.751953 -6.072998 0.07 0.07 0.0 0.1 -0.020 0.013 0.0193 0.0209 0.0104 0.7536 -0.0020 -0.002591 -0.000055 12.39 500 790 0.007352 0.067132 0.213643 -0.146511 0.100000 
10.575 3 0.736021 -0.894253 -13.838144 -2.899170 9.857178 12.359619 0.23 0.24 0.8 0.4 0.352 0.188 0.1153 0.1454 0.1943 0.7572 -0.0020 -0.002591 0.008075 12.40 500 800 0.001698 0.235533 0.206174 0.029359 0.100000 
10.605 3 -1.671030 0.608955 -8.012314 5.737305 -18.249512 2.593994 0.16 0.17 0.6 1.9 0.020 0.097 0.0876 0.0145 -0.4716 0.7582 -0.0020 -0.005182 -0.000669 12.39 500 810 0.008423 0.163732 0.190948 -0.027217 0.100000 
10.635 3 0.901445 1.277847 -10.357031 -0.366211 22.338867 3.295898 0.14 0.14 0.2 -0.2 0.074 0.043 0.0683 0.0884 0.1296 0.7611 -0.0020 -0.005182 0.007915 12.39 500 800 0.004780 0.141250 0.187879 -0.046629 0.100000 
10.665 3 -0.978164 -0.537031 -6.945444 -1.953125 -21.392822 -0.396729 0.17 0.18 1.1 2.0 0.024 0.277 0.0643 0.0145 -0.3213 0.7619 -0.0020 -0.005182 0.003852 12.39 500 800 0.010723 0.173848 0.167877 0.005971 0.100000 
10.695 3 -0.903843 0.680879 -8.180137 8.483887 24.688721 2.136230 0.11 0.12 -0.0 0.1 -0.012 -0.042 0.0546 0.0550 0.0026 0.7647 -0.0020 -0.005182 0.009983 12.40 500 800 0.007347 0.115776 0.175592 -0.059816 0.100000 
10.725 3 -0.194194 -0.534634 -8.448652 -8.636475 -27.709961 6.042480 0.22 0.23 1.8 2.1 0.424 0.519 0.0631 0.0490 -0.0907 0.7655 -0.0020 -0.005182 0.008996 12.38 500 800 0.012018 0.226970 0.160467 0.066503 0.100000 
10.755 3 -1.349770 -0.563403 -7.137241 8.972168 21.331787 -2.044678 0.12 0.12 0.6 0.2 0.020 0.007 0.0249 0.0526 0.1788 0.7681 -0.0020 -0.002591 0.010131 12.38 500 790 0.008858 0.120946 0.182679 -0.061733 0.100000 
10.785 3 -2.040239 2.977646 -11.071474 -0.976562 -28.106689 1.953125 0.34 0.34 2.1 2.0 0.314 0.054 0.1526 0.1578 0.0337 0.7703 -0.0020 -0.005182 0.013035 12.39 500 810 0.006349 0.342170 0.177198 0.164972 0.100000 
10.815 3 -0.393184 -0.323657 -11.843456 -7.171631 8.605957 -3.448486 0.11 0.11 0.7 0.8 0.018 -0.002 0.0173 0.0201 0.0181 0.7715 -0.0021 -0.005182 0.005708 12.39 500 800 0.010817 0.109888 0.191014 -0.081126 0.100000 
10.845 3 0.071924 0.762393 -11.538980 3.997803 35.125732 5.218506 0.16 0.16 -0.1 -0.3 0.165 0.127 0.0892 0.1044 0.0985 0.7747 -0.0021 -0.005182 0.012610 12.39 500 790 0.004806 0.158425 0.202993 -0.044567 0.100000 
10.875 3 0.187002 -1.169961 -7.616733 -5.950928 -29.479980 1.129150 0.28 0.28 2.1 1.9 0.526 0.450 0.0904 0.1056 0.0985 0.7757 -0.0021 -0.002591 0.007330 12.38 500 800 0.009220 0.277801 0.193796 0.084005 0.100000 
10.905 3 -0.026372 -2.864966 -9.422021 0.213623 27.099609 1.403809 0.08 0.08 -0.0 -0.0 0.009 0.003 0.0245 0.0245 0.0000 0.7779 -0.0021 -0.005182 0.004992 12.39 500 780 0.008532 0.078780 0.208770 -0.129990 0.100000 
10.935 3 -0.364414 -1.826865 -14.514228 -3.082275 -21.057129 -8.544922 0.35 0.36 2.1 2.3 0.502 0.474 0.1574 0.1462 -0.0726 0.7807 -0.0021 -0.005182 0.011901 12.38 500 800 0.003740 0.352729 0.197611 0.155118 0.100000 
10.965 3 -1.337783 0.139053 -9.599433 6.896973 -13.397217 7.781982 0.15 0.15 1.5 1.5 0.089 0.029 0.0137 0.0161 0.0155 0.7815 -0.0021 -0.005182 0.002608 12.39 500 810 0.011403 0.150613 0.191792 -0.041178 0.100000 
10.995 3 -0.975767 1.038101 -6.214219 10.620117 30.456543 -7.080078 0.08 0.09 -0.2 -0.1 0.019 -0.018 0.0402 0.0341 -0.0389 0.7842 -0.0021 -0.007773 0.007353 12.40 500 800 0.007618 0.086795 0.195761 -0.108966 0.100000 
11.025 3 -0.469902 -0.378799 -8.534961 -7.049561 -23.376465 4.150391 0.23 0.24 1.0 1.4 0.184 0.263 0.1233 0.1008 -0.1451 0.7856 -0.0021 -0.005182 0.007459 12.39 500 810 0.009312 0.235297 0.172222 0.063075 0.100000 
11.055 3 -0.316465 -3.740039 -10.659111 -0.701904 19.012451 1.892090 0.07 0.08 0.1 0.2 0.036 0.003 0.0229 0.0229 0.0000 0.7874 -0.0021 -0.007773 0.006278 12.39 500 790 0.010081 0.077003 0.181400 -0.104397 0.100000 
11.085 3 -0.944600 0.927817 -11.996894 0.976562 -27.954102 2.044678 0.30 0.31 1.4 2.1 0.237 0.359 0.1639 0.1241 -0.2565 0.7896 -0.0021 -0.010364 0.012171 12.39 500 820 0.007544 0.306454 0.162607 0.143847 0.100000 
11.115 3 -0.889458 1.316206 -11.651660 -7.720947 12.451172 -4.425049 0.06 0.07 0.2 0.2 0.001 -0.025 0.0157 0.0189 0.0207 0.7906 -0.0022 -0.007773 0.005808 12.39 500 800 0.011873 0.067385 0.171500 -0.104115 0.100000 
11.145 3 0.656904 -1.795698 -14.034736 -1.312256 5.981445 2.899170 0.23 0.24 0.9 0.6 0.514 0.301 0.1125 0.1353 0.1477 0.7936 -0.0022 -0.005182 0.014998 12.38 500 790 0.006310 0.235355 0.169360 0.065995 0.100000 
11.175 3 -1.591914 0.103091 -6.648159 6.927490 -24.353027 0.213623 0.20 0.20 2.2 2.3 0.270 0.244 0.0149 0.0157 0.0052 0.7942 -0.0022 -0.002591 0.008007 12.38 500 800 0.013256 0.199113 0.166595 0.032518 0.100000 
11.205 3 -1.145986 -0.043154 -6.329297 11.413574 28.991699 -5.432129 0.11 0.11 0.2 0.2 0.038 0.019 0.0442 0.0430 -0.0078 0.7972 -0.0022 -0.005182 0.010222 12.39 500 800 0.007928 0.109447 0.187709 -0.078262 0.100000 
11.235 3 -0.963779 0.721636 -9.177480 -4.028320 -23.986816 7.598877 0.30 0.30 1.3 1.5 0.111 0.158 0.1679 0.1566 -0.0726 0.7990 -0.0022 -0.002591 0.010514 12.38 500 790 0.006299 0.303247 0.177369 0.125878 0.100000 
11.265 3 -0.736021 1.045293 -11.548569 -7.720947 19.836426 -1.739502 0.06 0.06 -0.0 -0.0 -0.010 -0.026 0.0197 0.0181 -0.0104 0.8004 -0.0022 -0.005182 0.004173 12.39 500 800 0.010195 0.059811 0.189272 -0.129461 0.100000 
11.295 3 -0.522646 -1.117217 -13.413794 -4.089355 -3.631592 0.183105 0.25 0.26 1.2 1.4 0.321 0.370 0.1209 0.1084 -0.0803 0.8036 -0.0022 -0.005182 0.011572 12.39 500 810 0.005627 0.253899 0.181766 0.072132 0.100000 
11.325 3 -1.714185 -0.397979 -7.343422 6.469727 -15.747070 3.570557 0.14 0.15 1.5 1.5 0.078 0.024 0.0137 0.0157 0.0130 0.8040 -0.0022 -0.005182 0.004126 12.39 500 800 0.012468 0.143748 0.172203 -0.028455 0.100000 
11.355 3 -0.724033 2.244023 -7.154023 5.676270 27.343750 -3.540039 0.10 0.10 -0.0 -0.2 0.029 -0.011 0.0490 0.0606 0.0751 0.8068 -0.0022 -0.005182 0.009745 12.39 500 800 0.007817 0.101982 0.178148 -0.076166 0.100000 
11.385 3 -0.352427 -0.906240 -8.978491 -6.561279 -21.667480 -2.197266 0.22 0.23 0.9 1.0 0.381 0.324 0.1213 0.1149 -0.0415 0.8080 -0.0022 -0.005182 0.009104 12.39 500 800 0.010084 0.225891 0.160059 0.065831 0.100000 
11.415 3 -0.479492 -2.579668 -10.397788 -0.061035 17.639160 -2.258301 0.08 0.09 0.2 0.2 0.014 -0.010 0.0225 0.0297 0.0466 0.8099 -0.0022 -0.002591 0.007847 12.39 500 800 0.010425 0.084558 0.171906 -0.087348 0.100000 
11.445 3 -1.186743 -1.404912 -13.262753 -2.197266 -25.726318 -8.483887 0.34 0.34 1.8 2.5 0.351 0.347 0.1651 0.1301 -0.2254 0.8125 -0.0023 -0.005182 0.014935 12.38 500 800 0.006370 0.340302 0.164853 0.175449 0.100000 
11.475 3 -0.704853 1.733364 -10.486494 3.326416 6.378174 3.631592 0.09 0.09 0.6 0.6 0.000 -0.036 0.0149 0.0189 0.0259 0.8131 -0.0023 -0.002591 0.005888 12.39 500 800 0.011930 0.092254 0.174937 -0.082683 0.100000 
11.505 3 0.654507 1.050088 -9.784038 -0.518799 29.541016 0.885010 0.13 0.14 0.1 -0.1 0.036 0.150 0.0683 0.0751 0.0440 0.8163 -0.0023 -0.002591 0.012573 12.39 500 800 0.006993 0.136254 0.183564 -0.047311 0.100000 
11.535 3 -0.095898 -1.251475 -7.554399 -4.608154 -21.636963 2.136230 0.23 0.23 1.2 1.3 0.413 0.331 0.1088 0.1056 -0.0207 0.8175 -0.0023 -0.002591 0.008199 12.38 500 800 0.009823 0.231219 0.171931 0.059288 0.100000 
11.565 3 -1.301821 -1.937148 -9.000068 2.441406 17.120361 3.845215 0.11 0.11 0.5 0.6 0.005 -0.014 0.0325 0.0265 -0.0389 0.8197 -0.0023 -0.005182 0.007237 12.40 500 800 0.008882 0.110788 0.187005 -0.076217 0.100000 
11.595 3 -0.347632 1.095640 -11.457465 -1.129150 -23.834229 -0.396729 0.31 0.31 1.7 2.0 0.242 0.312 0.1482 0.1285 -0.1270 0.8219 -0.0023 -0.002591 0.011557 12.34 500 800 0.006353 0.309366 0.174129 0.135237 0.100000 
11.625 3 -1.347373 1.685415 -11.112231 0.457764 8.422852 1.220703 0.08 0.08 0.4 0.4 0.001 -0.036 0.0177 0.0177 0.0000 0.8229 -0.0023 -0.005182 0.004121 12.39 500 800 0.011057 0.080869 0.179633 -0.098764 0.100000 
11.655 3 -0.136655 1.563144 -9.402842 -5.676270 20.233154 5.767822 0.15 0.15 0.3 -0.1 0.254 0.006 0.0655 0.0948 0.1892 0.8259 -0.0023 -0.002591 0.011272 12.39 500 800 0.007148 0.147999 0.177380 -0.029381 0.100000 
11.685 3 -0.582583 -1.498413 -7.391372 1.831055 -25.695801 0.305176 0.19 0.19 2.1 2.2 0.352 0.305 0.0157 0.0141 -0.0104 0.8263 -0.0023 -0.002591 0.007126 12.38 500 790 0.013338 0.191201 0.163631 0.027571 0.100000 
11.715 3 -1.157974 0.426748 -7.127651 11.840820 25.817871 -5.920410 0.10 0.10 0.1 -0.0 0.017 0.002 0.0402 0.0478 0.0492 0.8291 -0.0023 -0.002591 0.009816 12.39 500 800 0.008651 0.097691 0.176160 -0.078469 0.100000 
11.745 3 -0.438735 0.139053 -10.054951 -2.777100 -19.744873 -2.014160 0.22 0.22 1.0 1.1 0.116 0.088 0.1104 0.1048 -0.0363 0.8303 -0.0023 -0.002591 0.009353 12.40 500 800 0.010331 0.217089 0.157954 0.059135 0.100000 
11.775 3 -0.155835 -3.859912 -11.124218 1.098633 14.831543 0.701904 0.10 0.10 0.5 0.5 0.003 -0.021 0.0213 0.0253 0.0259 0.8321 -0.0023 0.000000 0.009104 12.39 500 760 0.010981 0.100111 0.170659 -0.070548 0.100000 
11.805 3 -1.297026 0.328452 -11.109834 3.540039 -23.834229 -0.335693 0.29 0.30 1.5 1.7 0.344 0.077 0.1442 0.1374 -0.0440 0.8344 -0.0023 -0.002591 0.013621 12.36 500 800 0.008484 0.294237 0.159669 0.134568 0.100000 
11.835 3 -0.688071 1.157974 -10.697471 -7.781982 18.493652 3.295898 0.06 0.06 -0.2 0.1 -0.003 0.005 0.0325 0.0193 -0.0855 0.8356 -0.0023 -0.002591 0.007123 12.39 500 800 0.011646 0.063256 0.173042 -0.109785 0.100000 
11.865 3 0.287695 -0.779175 -12.083202 -5.462646 4.180908 8.575439 0.23 0.23 1.0 0.8 0.322 0.301 0.1092 0.1189 0.0622 0.8384 -0.0023 -0.002591 0.014163 12.39 500 800 0.006908 0.229153 0.171202 0.057951 0.100000 
11.895 3 -1.105229 0.323657 -7.772568 6.530762 -18.920898 -8.758545 0.17 0.17 1.8 2.0 0.238 0.252 0.0193 0.0141 -0.0337 0.8390 -0.0023 -0.005182 0.007001 12.37 500 800 0.012988 0.172175 0.166009 0.006167 0.100000 
11.925 3 -0.443530 1.896392 -8.616474 5.310059 17.547607 -2.441406 0.12 0.12 0.4 0.1 -0.009 -0.047 0.0390 0.0639 0.1606 0.8418 -0.0023 0.000000 0.010079 12.40 500 760 0.009368 0.118677 0.172814 -0.054137 0.100000 
11.955 3 -0.522646 -0.942202 -9.398046 -4.669189 -21.789551 -1.312256 0.23 0.23 1.5 1.2 0.291 0.287 0.0855 0.1040 0.1192 0.8428 -0.0023 -0.002591 0.010689 12.39 490 790 0.011149 0.229379 0.157920 0.071459 0.100000 
11.985 3 -0.129463 -3.138276 -11.313618 0.427246 21.087646 1.708984 0.09 0.09 0.3 -0.1 0.021 -0.002 0.0233 0.0490 0.1658 0.8450 -0.0023 0.000000 0.008770 12.39 500 750 0.010274 0.086140 0.174784 -0.088644 0.100000 
12.015 3 -1.443271 0.786367 -11.275258 1.708984 -21.606445 2.716064 0.26 0.26 1.8 1.5 0.409 -0.045 0.0980 0.1185 0.1321 0.8470 -0.0024 0.000000 0.011689 12.36 500 800 0.009181 0.261037 0.160533 0.100504 0.100000 
