%% logfile from robot 5
%  1    time 0.022 sec
%  2    mission (2) state 2
%  3  4  5 Acc x,y,z [m/s2]: -4.351391 0.683276 -18.100830
%  6  7  8 Gyro x,y,z [deg/s]: 21.667480 51.483154 2.136230
%  9 10 Motor velocity ref left, right: 2.00 2.00
% 11 12 Motor voltage [V] left, right: 8.0 7.6
% 13 14 Motor current left, right [A]: 2.007 1.888
% 15 16 Wheel velocity [m/s] left, right: 0.5820 0.6804
% 17    Turnrate [r/s]: 0.6348
% 18 19 20 21 Pose x,y,h,tilt [m,m,rad,rad]: 0.0088 0.0000 0.005182 0.500302
% 22    Battery voltage [V]: 12.22
% 23 24 Get data time [us]: 500 +ctrl 810
% 25 26 27 28 29 Ballance pitch ref -0.045517 [rad], bal-out 2.000000 [rad], I-out 1.000000 [m/s], D-out 5.278479 [rad], vel ref [m/s] 0.000000
%% Configuration as seen in client (assumed updated from robot)
% [main]
% version = 2.162
% mission = 2
% statusinterval = 50
% usbdevicename = /dev/ttyACM0
% connect = True
% 
% [log]
% interval = 30
% mission_state = True
% acceleration = True
% gyro = True
% encoder = False
% motorref = True
% motorvoltage = True
% motorcurrent = True
% wheelvelocity = True
% robotpose = True
% linesensor = False
% batteryvoltage = True
% balancectrl = True
% controltime = True
% extrainfo = False
% logfilename = /home/chr/svnregbot/matlab/log_2015_11_01/bal_drive_4.log
% allow = True
% 
% [wheelVel]
% reguse = True
% usevelest = False
% usevelleadfwd = True
% acclimit = 0.0
% kp = 5.0
% taui = 0.0
% taud = 0.036
% alpha = 0.5
% imax = 8.0
% steptime = 0.2
% stepfromreg = -0.1
% steptoreg = -1.5
% stepfromv = 2.1
% steptov = 4.1
% motorvoltlimit = 8.0
% 
% [turn]
% reguse = True
% leadfwd = False
% kp = 0.5
% taui = 0.0
% taud = 0.0
% alpha = 0.1
% imax = 0.4
% outmax = 15.0
% stepontime = 0.1
% stepofftime = 0.6
% stepvaluereg = 1.0
% stepvaluemotreg = 1.0
% stepvaluemotv = 0.35
% stepvelocitymotreg = 0.2
% stepvelocitymotv = 0.2
% 
% [mission]
% mission = # demo mission
% 	vel=0.2, acc=1,log=67  : dist = 0.2
% 	bal=1,vel=0 : time=8
% 	# go straight
% 	bal=0,vel=0.2: dist = 0.3,time=5
% 	vel=0 : time=1
% filename = mission_1.mis
% 
% [balance]
% use = True
% kp = -10.0
% taui = 0.07
% taud = 0.2
% alpha = 0.2
% imax = 1.0
% outmax = 2.0
% leadfwd = True
% leadgyro = True
% 
% [balanceVel]
% use = True
% kp = 0.3
% taui = 0.0
% taud = 0.007
% alpha = 10.0
% zeta = 0.05
% imax = 0.075
% leadfwd = True
% outmax = 0.075
% steptime = 5.0
% stepfrom = 0.0
% stepto = 0.0
% stepfromvel = 0.0
% steptovel = 0.2
% stepfrommsec = 0.0
% steptomsec = 0.0
% stepfrommotvolt = 0.0
% steptomotvolt = 0.0
% 
% [balanceSS]
% use = False
% k_tilt = -8.0
% k_gyro = 0.02
% k_pos = 0.0
% k_vel = 0.0
% k_motor = 0.0
% outmax = 0.1
% steptime = 50.0
% stepfrom = 0.09
% stepto = 0.09
% steppos = -1
% 
% [lineSensor]
% maximum = 1024
% 
% [robot5]
% version = 2.156.13
% robotbase = 0.155
% gear = 9.68
% encoderppr = 48.0
% weelradiusleft = 0.0297
% weelradiusright = 0.0297
% balanceoffset = 0.07
% 
%% data log
0.052 2 -2.589258 -4.360981 -16.427402 -8.239746 174.743652 -4.730225 2.00 2.00 6.3 7.0 1.367 1.325 0.7302 0.6583 -0.4638 0.0289 0.0001 0.000000 0.429559 12.30 500 770 -0.075000 2.000000 1.000000 4.435615 0.000000 
0.082 2 -0.139053 2.354306 -10.627944 8.056641 255.096436 -0.549316 2.00 2.00 6.4 5.9 0.995 0.839 0.7302 0.7872 0.3679 0.0508 0.0001 0.002591 0.306194 12.34 500 800 -0.075000 2.000000 1.000000 2.921483 0.000000 
0.112 2 -0.326055 -1.335386 -9.666562 -1.129150 298.034668 6.805420 2.00 2.00 4.7 5.4 0.630 0.702 0.9559 0.8924 -0.4094 0.0765 0.0001 -0.002591 0.157479 12.34 500 810 -0.075000 2.000000 1.000000 1.284448 0.000000 
0.142 2 -0.762393 -0.302080 -5.641225 2.838135 280.822754 -0.518799 0.77 0.77 -1.6 -1.7 -0.645 -0.687 0.6374 0.6374 0.0000 0.1008 0.0000 -0.005182 0.000099 12.39 500 800 -0.075000 0.770735 1.000000 -0.229265 0.000000 
0.172 2 -1.450464 -0.606558 -7.837299 11.962891 103.179932 -0.854492 0.54 0.55 -0.2 -0.1 -0.434 -0.380 0.4667 0.4615 -0.0337 0.1173 -0.0001 -0.005182 -0.084181 12.39 500 810 -0.075000 0.544665 0.996637 -0.451973 0.000000 
0.202 2 -0.354824 -0.184604 -9.805614 -3.417969 20.385742 8.392334 0.47 0.47 0.7 0.8 -0.140 -0.162 0.3265 0.3237 -0.0181 0.1285 -0.0001 -0.005182 -0.109600 12.39 500 810 -0.075000 0.470339 0.887494 -0.417155 0.000000 
0.232 2 -0.187002 -0.158232 -10.033374 0.518799 -4.699707 2.777100 0.40 0.41 0.7 0.7 -0.112 -0.139 0.2510 0.2554 0.0285 0.1368 -0.0002 -0.007773 -0.109624 12.39 500 800 -0.075000 0.402994 0.732827 -0.329833 0.000000 
0.262 2 -0.563403 0.131860 -9.553882 1.373291 -19.470215 -5.126953 0.42 0.42 1.1 1.1 0.026 -0.003 0.2169 0.2229 0.0389 0.1432 -0.0002 -0.007773 -0.100116 12.39 500 800 -0.075000 0.418929 0.602123 -0.183194 0.000000 
0.292 2 -0.338042 0.031167 -9.968642 -0.366211 -16.448975 -5.065918 0.44 0.44 1.2 1.3 0.135 0.087 0.2088 0.2125 0.0233 0.1496 -0.0003 -0.007773 -0.088726 12.39 500 800 -0.075000 0.440093 0.519939 -0.079846 0.000000 
0.322 2 0.007192 -0.642520 -10.594379 0.976562 -0.671387 -0.549316 0.42 0.43 1.1 1.0 0.179 0.023 0.2016 0.2193 0.1140 0.1564 -0.0003 -0.007773 -0.080467 12.39 500 790 -0.075000 0.428503 0.480827 -0.052324 0.000000 
0.352 2 -0.443530 0.201387 -9.592241 -0.488281 0.946045 0.823975 0.42 0.42 1.0 1.1 0.076 0.065 0.2016 0.2016 0.0000 0.1625 -0.0004 -0.002591 -0.078797 12.39 510 820 -0.074938 0.419615 0.461505 -0.041890 0.000000 
0.382 2 -0.378799 -0.493877 -9.493945 -0.549316 -18.096924 2.014160 0.39 0.39 1.3 1.1 0.053 -0.025 0.1538 0.1775 0.1529 0.1677 -0.0004 -0.002591 -0.076556 12.38 500 810 -0.066258 0.388368 0.428180 -0.039812 0.000000 
0.412 2 -0.091104 -0.026372 -10.594379 0.152588 -11.962891 -5.523682 0.46 0.47 1.4 1.5 0.195 0.210 0.2080 0.1884 -0.1270 0.1739 -0.0004 -0.005182 -0.064236 12.39 500 800 -0.065346 0.463248 0.410397 0.052850 0.000000 
0.442 2 -0.151040 -0.345234 -9.781640 0.579834 2.960205 -4.821777 0.35 0.36 0.8 0.9 0.019 0.006 0.1643 0.1550 -0.0596 0.1789 -0.0005 -0.007773 -0.063847 12.39 500 800 -0.059914 0.355904 0.405566 -0.049662 0.000000 
0.472 2 -0.374004 0.225361 -9.781640 -0.488281 -22.674561 4.150391 0.41 0.42 1.4 1.4 0.144 0.141 0.1691 0.1699 0.0052 0.1835 -0.0005 -0.005182 -0.058957 12.39 500 810 -0.054886 0.416905 0.378458 0.038447 0.000000 
0.502 2 0.107886 0.927817 -10.062143 2.471924 16.601562 3.601074 0.37 0.37 1.1 0.7 0.208 -0.038 0.1390 0.1751 0.2332 0.1894 -0.0005 -0.002591 -0.051440 12.39 510 800 -0.055458 0.373049 0.390816 -0.017766 0.000000 
0.532 2 -1.244282 -0.165425 -8.477422 -1.464844 -21.179199 -3.906250 0.42 0.43 1.5 1.4 0.075 0.167 0.1643 0.1751 0.0700 0.1934 -0.0005 -0.002591 -0.053985 12.39 500 810 -0.050871 0.425813 0.383022 0.042791 0.000000 
0.562 2 -0.781572 -0.769585 -10.198798 3.143311 15.777588 -4.058838 0.42 0.42 1.1 1.2 0.162 0.059 0.1759 0.1659 -0.0648 0.1994 -0.0005 -0.002591 -0.047447 12.38 500 800 -0.054286 0.418356 0.405043 0.013313 0.000000 
0.592 2 -0.932612 -0.541826 -7.868466 -2.807617 -3.479004 7.263184 0.34 0.34 1.2 0.8 0.154 -0.126 0.1145 0.1631 0.3135 0.2036 -0.0006 0.000000 -0.055767 12.39 500 770 -0.048654 0.340881 0.399867 -0.058986 0.000000 
0.622 2 0.359619 2.375884 -9.896718 -1.220703 20.385742 7.049561 0.37 0.37 0.9 0.8 0.179 0.100 0.1590 0.1631 0.0259 0.2090 -0.0006 -0.002591 -0.047808 12.39 500 800 -0.051693 0.370832 0.403139 -0.032307 0.000000 
0.652 2 0.191797 -0.069526 -10.671099 -3.051758 -25.390625 3.204346 0.41 0.42 1.4 1.4 0.250 0.202 0.1691 0.1735 0.0285 0.2127 -0.0006 -0.002591 -0.051152 12.39 500 800 -0.045981 0.415868 0.378944 0.036925 0.000000 
0.682 2 -0.771982 -0.889458 -8.496601 3.875732 17.120361 0.335693 0.27 0.28 0.8 0.8 -0.009 -0.105 0.0847 0.0900 0.0337 0.2171 -0.0006 -0.002591 -0.048184 12.36 500 810 -0.043884 0.275343 0.378108 -0.102765 0.000000 
0.712 2 -0.484287 1.054883 -9.712114 0.122070 -21.850586 -0.335693 0.39 0.39 1.3 1.2 0.142 0.076 0.1623 0.1671 0.0311 0.2203 -0.0006 -0.002591 -0.045425 12.39 500 810 -0.042419 0.391189 0.344972 0.046217 0.000000 
0.742 2 -0.457915 -1.143589 -10.306684 -4.364014 12.023926 5.310059 0.25 0.25 0.7 0.8 0.016 -0.073 0.0739 0.0695 -0.0285 0.2243 -0.0006 -0.002591 -0.043863 12.39 500 810 -0.038788 0.251125 0.343849 -0.092724 0.000000 
0.772 2 -1.138794 0.050347 -9.561074 -2.532959 -27.648926 7.537842 0.42 0.42 1.4 1.4 0.222 0.108 0.1791 0.1799 0.0052 0.2275 -0.0006 -0.002591 -0.038537 12.39 500 810 -0.039227 0.418802 0.315388 0.103414 0.000000 
0.802 2 -0.172617 -0.163027 -11.059487 -5.401611 11.108398 2.868652 0.23 0.24 0.6 0.8 -0.014 -0.005 0.0735 0.0526 -0.1347 0.2303 -0.0006 -0.007773 -0.038451 12.38 500 800 -0.034026 0.237041 0.320066 -0.083025 0.000000 
0.832 2 -0.714443 -0.836714 -9.738486 -1.495361 -29.937744 5.645752 0.45 0.46 1.7 1.8 0.229 0.203 0.1759 0.1623 -0.0881 0.2337 -0.0007 -0.010364 -0.030999 12.38 500 800 -0.035722 0.455076 0.303339 0.151737 0.000000 
0.862 2 -1.354565 -0.196592 -9.865551 -6.378174 7.385254 -0.854492 0.23 0.24 0.7 1.1 -0.075 -0.007 0.0619 0.0265 -0.2280 0.2360 -0.0007 -0.012956 -0.034765 12.39 500 810 -0.029439 0.235132 0.314165 -0.079033 0.000000 
0.892 2 0.424351 0.489082 -10.997153 -0.030518 22.277832 10.467529 0.32 0.34 1.0 0.8 0.221 0.282 0.0996 0.1173 0.1140 0.2400 -0.0007 -0.012956 -0.026358 12.38 510 810 -0.034410 0.331393 0.328640 0.002753 0.000000 
0.922 2 0.333247 0.335645 -8.875401 0.518799 -18.798828 1.403809 0.36 0.38 1.4 1.3 0.261 0.262 0.1181 0.1341 0.1036 0.2422 -0.0008 -0.015547 -0.032433 12.38 500 800 -0.030656 0.369273 0.321426 0.047847 0.000000 
0.952 2 -1.150781 -0.863086 -8.388716 2.868652 22.369385 5.981445 0.22 0.24 0.6 0.8 0.001 -0.025 0.0651 0.0494 -0.1011 0.2454 -0.0008 -0.015547 -0.032929 12.36 500 800 -0.030636 0.232743 0.333757 -0.101014 0.000000 
0.982 2 -0.951792 0.678481 -10.045361 -2.380371 -22.735596 13.031006 0.37 0.39 1.4 1.3 0.224 0.053 0.1289 0.1426 0.0881 0.2480 -0.0009 -0.018138 -0.030990 12.39 500 800 -0.029945 0.376488 0.307577 0.068911 0.000000 
1.012 2 -0.484287 -0.330850 -11.287246 -3.906250 16.052246 6.591797 0.17 0.19 0.4 0.6 -0.010 -0.040 0.0390 0.0305 -0.0544 0.2498 -0.0009 -0.020729 -0.032929 12.39 500 790 -0.025757 0.176653 0.304405 -0.127751 0.000000 
1.042 2 -0.412363 -0.656904 -12.270205 -0.366211 -7.873535 -2.471924 0.34 0.36 1.4 1.3 0.297 0.250 0.0952 0.1165 0.1373 0.2528 -0.0010 -0.023320 -0.024101 12.39 500 810 -0.027690 0.352758 0.289385 0.063373 0.000000 
1.072 2 -1.332988 0.553813 -8.199316 2.838135 -12.725830 -8.300781 0.23 0.25 1.2 1.3 0.069 0.035 0.0205 0.0277 0.0466 0.2536 -0.0010 -0.023320 -0.029389 12.39 500 800 -0.021209 0.240312 0.277692 -0.037380 0.000000 
1.102 2 -0.795957 -0.287695 -8.669218 0.610352 16.510010 3.387451 0.22 0.25 0.8 0.6 0.029 -0.010 0.0458 0.0763 0.1969 0.2562 -0.0011 -0.020729 -0.022160 12.38 500 800 -0.023782 0.235049 0.276464 -0.041415 0.000000 
1.132 2 -0.616147 -1.028511 -8.403100 -4.119873 -14.465332 -3.417969 0.27 0.30 1.0 0.9 -0.036 0.257 0.0835 0.0936 0.0648 0.2572 -0.0011 -0.023320 -0.022852 12.39 500 810 -0.020297 0.286015 0.261073 0.024942 0.000000 
1.162 2 -0.867881 -1.877212 -9.429214 3.936768 10.986328 -0.335693 0.22 0.25 0.7 1.0 -0.010 -0.035 0.0510 0.0402 -0.0700 0.2594 -0.0011 -0.025911 -0.020478 12.39 500 790 -0.020779 0.235457 0.270789 -0.035332 0.000000 
1.192 2 -0.146245 1.632671 -11.392734 1.678467 -17.395020 4.852295 0.30 0.32 1.0 1.0 0.204 0.278 0.0944 0.1076 0.0855 0.2606 -0.0012 -0.025911 -0.018962 12.39 500 800 -0.018502 0.311854 0.255729 0.056125 0.000000 
1.222 2 -0.409966 -3.401997 -10.496083 -2.227783 17.730713 5.828857 0.19 0.21 0.7 0.8 0.036 0.006 0.0233 0.0233 0.0000 0.2623 -0.0012 -0.025911 -0.019489 12.39 500 790 -0.018326 0.198273 0.271802 -0.073529 0.000000 
1.252 2 -1.148384 0.748008 -10.891665 3.112793 -22.918701 4.516602 0.38 0.41 1.7 1.5 0.359 0.176 0.1048 0.1370 0.2073 0.2645 -0.0013 -0.028502 -0.015199 12.39 500 810 -0.020642 0.398864 0.264437 0.134428 0.000000 
1.282 2 -0.525044 0.764790 -11.311220 -2.929688 3.753662 -7.080078 0.20 0.23 0.9 1.1 0.022 0.062 0.0173 0.0181 0.0052 0.2651 -0.0013 -0.025911 -0.021232 12.39 500 800 -0.016630 0.212740 0.271864 -0.059124 0.000000 
1.312 2 0.714443 -2.210459 -11.512607 -8.148193 5.279541 2.868652 0.30 0.33 1.2 0.9 0.305 0.186 0.0695 0.1189 0.3187 0.2675 -0.0014 -0.025911 -0.014221 12.38 500 800 -0.020412 0.315014 0.271526 0.043488 0.000000 
1.342 2 -1.141191 -0.402773 -8.247266 7.781982 3.967285 -3.326416 0.15 0.18 0.6 0.8 -0.008 -0.013 0.0133 0.0137 0.0026 0.2679 -0.0014 -0.025911 -0.024032 12.38 500 800 -0.015231 0.162479 0.264330 -0.101851 0.000000 
1.372 2 -0.649712 0.345234 -9.923091 -1.647949 -10.162354 -6.164551 0.29 0.32 0.8 1.5 0.148 0.231 0.1088 0.0594 -0.3187 0.2701 -0.0014 -0.028502 -0.015784 12.39 500 790 -0.017790 0.302488 0.246954 0.055534 0.000000 
1.402 2 -0.417158 -0.390786 -9.501138 -0.152588 7.263184 1.464844 0.12 0.15 0.4 0.5 0.047 -0.004 0.0145 0.0217 0.0466 0.2707 -0.0014 -0.025911 -0.021906 12.39 500 800 -0.014326 0.136712 0.237866 -0.101154 0.000000 
1.432 2 -0.632930 -0.160630 -9.158300 -1.037598 -16.723633 3.570557 0.18 0.20 0.9 1.1 0.099 0.151 0.0108 0.0096 -0.0078 0.2711 -0.0015 -0.025911 -0.017448 12.39 500 800 -0.010412 0.189410 0.201386 -0.011975 0.000000 
1.462 2 -0.781572 -0.256528 -9.481957 0.396729 -11.474609 -6.713867 0.22 0.25 0.9 1.4 0.010 0.239 0.0510 0.0185 -0.2099 0.2721 -0.0015 -0.028502 -0.009950 12.39 500 800 -0.010626 0.237913 0.191106 0.046806 0.000000 
1.492 2 -0.572993 -0.136655 -10.126875 0.244141 -0.152588 -5.737305 0.20 0.22 0.9 0.9 0.116 0.001 0.0116 0.0273 0.1011 0.2725 -0.0015 -0.023320 -0.007688 12.39 500 800 -0.008972 0.210623 0.197250 0.013373 0.000000 
1.522 2 -0.719238 0.263721 -9.625805 2.655029 4.150391 -5.889893 0.19 0.21 0.7 0.9 0.021 -0.011 0.0197 0.0297 0.0648 0.2733 -0.0015 -0.023320 -0.007157 12.39 500 800 -0.008318 0.201630 0.204502 -0.002872 0.000000 
1.552 2 0.158232 -0.668892 -11.311220 -0.274658 -1.281738 -8.880615 0.26 0.28 0.7 0.9 0.343 0.102 0.0763 0.0803 0.0259 0.2743 -0.0015 -0.020729 -0.004673 12.39 500 810 -0.009981 0.268662 0.211105 0.057557 0.000000 
1.582 2 -0.486685 -0.616147 -9.012055 1.373291 3.570557 5.096436 0.16 0.18 0.7 0.8 0.003 -0.027 0.0129 0.0112 -0.0104 0.2743 -0.0015 -0.020729 -0.011124 12.39 500 800 -0.007995 0.170043 0.213794 -0.043751 0.000000 
1.612 2 -0.709648 0.045552 -9.829590 0.427246 -11.871338 2.624512 0.25 0.27 1.1 1.0 0.154 0.094 0.0462 0.0639 0.1140 0.2751 -0.0015 -0.020729 -0.007089 12.39 500 800 -0.008342 0.256408 0.202444 0.053964 0.000000 
1.642 2 -0.357222 0.896650 -11.083462 0.152588 0.732422 -5.340576 0.21 0.23 1.0 1.2 0.141 0.214 0.0241 0.0145 -0.0622 0.2761 -0.0016 -0.023320 -0.007889 12.38 500 810 -0.008990 0.222180 0.213720 0.008460 0.000000 
1.672 2 -0.939805 -0.220566 -9.119941 -2.777100 2.929688 -3.387451 0.17 0.19 0.7 0.9 0.030 -0.009 0.0129 0.0177 0.0311 0.2765 -0.0016 -0.023320 -0.010283 12.39 500 790 -0.008047 0.180929 0.213521 -0.032591 0.000000 
1.702 2 -0.596968 -0.599365 -10.436147 -1.098633 -5.218506 1.434326 0.22 0.24 1.2 0.7 0.325 -0.018 0.0092 0.0771 0.4379 0.2773 -0.0016 -0.018138 -0.007063 12.39 500 800 -0.008048 0.233594 0.205524 0.028069 0.000000 
1.732 2 -0.359619 0.091104 -9.592241 3.509521 2.227783 4.028320 0.13 0.14 0.5 0.6 0.000 -0.027 0.0092 0.0125 0.0207 0.2773 -0.0016 -0.018138 -0.011902 12.39 500 800 -0.006630 0.134260 0.194758 -0.060498 0.000000 
1.762 2 -0.623340 0.364414 -9.692934 -0.091553 -5.493164 -0.671387 0.14 0.16 0.7 0.8 -0.010 -0.025 0.0060 0.0064 0.0026 0.2773 -0.0016 -0.018138 -0.009367 12.38 500 800 -0.005071 0.149056 0.172846 -0.023790 0.000000 
1.792 2 -0.529839 0.086309 -9.798423 -0.946045 -4.394531 0.396729 0.12 0.14 0.6 0.7 0.024 -0.013 0.0040 0.0040 0.0000 0.2773 -0.0016 -0.018138 -0.007929 12.39 500 800 -0.003772 0.128599 0.154830 -0.026231 0.000000 
1.822 2 -0.613750 -0.345234 -9.769653 -0.244141 -1.953125 -0.915527 0.10 0.12 0.5 0.5 0.006 0.007 0.0032 0.0032 0.0000 0.2773 -0.0016 -0.018138 -0.006167 12.38 500 790 -0.002807 0.112272 0.139050 -0.026778 0.000000 
1.852 2 -0.565801 -0.201387 -9.757666 0.030518 -2.655029 0.854492 0.10 0.11 0.4 0.5 -0.002 -0.024 0.0024 0.0024 0.0000 0.2773 -0.0016 -0.018138 -0.005117 12.39 500 800 -0.002092 0.104223 0.125214 -0.020991 0.000000 
1.882 2 -0.637725 -0.076719 -9.855962 0.213623 -1.373291 -0.610352 0.08 0.10 0.4 0.5 -0.003 -0.025 0.0020 0.0020 0.0000 0.2773 -0.0016 -0.018138 -0.004215 12.38 500 790 -0.001581 0.091703 0.113251 -0.021548 0.000000 
1.912 2 -0.587378 -0.074321 -9.762461 -0.061035 -1.281738 0.335693 0.07 0.09 0.3 0.4 0.010 0.002 0.0016 0.0016 0.0000 0.2773 -0.0016 -0.018138 -0.003612 12.38 500 790 -0.001210 0.082898 0.102441 -0.019542 0.000000 
1.942 2 -0.594570 -0.081514 -9.831987 0.000000 -0.823975 0.183105 0.06 0.08 0.3 0.4 -0.002 -0.030 0.0016 0.0016 0.0000 0.2773 -0.0016 -0.018138 -0.003258 12.39 500 800 -0.000956 0.072228 0.092369 -0.020140 0.000000 
1.972 2 -0.556211 -0.076719 -9.800820 0.000000 -0.427246 -0.061035 0.05 0.07 0.2 0.3 0.012 -0.007 0.0012 0.0012 0.0000 0.2773 -0.0016 -0.018138 -0.003027 12.39 500 800 -0.000749 0.061332 0.082617 -0.021285 0.000000 
2.002 2 -0.616147 -0.079116 -9.848769 0.000000 -0.305176 0.061035 0.04 0.06 0.2 0.3 0.003 -0.029 0.0012 0.0012 0.0000 0.2773 -0.0016 -0.018138 -0.002940 12.39 500 800 -0.000614 0.050582 0.072774 -0.022193 0.000000 
2.032 2 -0.572993 -0.047949 -9.762461 0.061035 -0.061035 0.030518 0.03 0.05 0.1 0.2 0.030 -0.002 0.0012 0.0012 0.0000 0.2773 -0.0016 -0.018138 -0.003027 12.39 500 800 -0.000526 0.037671 0.062467 -0.024795 0.000000 
2.062 2 -0.618545 -0.129463 -9.731294 -0.061035 0.091553 -0.061035 0.01 0.03 0.0 0.1 0.008 -0.006 0.0008 0.0008 0.0000 0.2773 -0.0016 -0.018138 -0.003251 12.39 500 800 -0.000420 0.022423 0.051051 -0.028627 0.000000 
2.092 2 -0.589775 -0.127065 -9.884731 -0.030518 0.396729 -0.061035 -0.01 0.01 -0.1 0.0 0.010 -0.007 0.0008 0.0008 0.0000 0.2773 -0.0016 -0.018138 -0.003620 12.39 500 790 -0.000357 0.004025 0.038032 -0.034007 0.000000 
2.122 2 -0.572993 -0.100693 -9.817602 0.030518 0.610352 0.000000 -0.03 -0.01 -0.2 -0.1 0.008 -0.024 0.0008 0.0008 0.0000 0.2773 -0.0016 -0.018138 -0.004145 12.39 500 790 -0.000317 -0.017545 0.022866 -0.040411 0.000000 
2.152 2 -0.587378 -0.122271 -9.779243 0.000000 0.976562 0.030518 -0.05 -0.03 -0.3 -0.2 -0.006 -0.031 0.0008 0.0008 0.0000 0.2773 -0.0016 -0.018138 -0.004798 12.39 500 790 -0.000290 -0.043468 0.005018 -0.048486 0.000000 
2.182 2 -0.606558 -0.059937 -9.865551 0.030518 1.281738 -0.152588 -0.08 -0.06 -0.5 -0.4 0.026 -0.004 0.0008 0.0008 0.0000 0.2773 -0.0016 -0.018138 -0.005563 12.39 500 790 -0.000273 -0.073306 -0.015936 -0.057369 0.000000 
2.212 2 -0.582583 -0.100693 -9.800820 -0.091553 1.647949 -0.152588 -0.12 -0.10 -0.7 -0.6 0.010 -0.014 0.0004 0.0004 0.0000 0.2773 -0.0016 -0.018138 -0.006462 12.39 500 800 -0.000232 -0.108615 -0.040567 -0.068048 0.000000 
2.242 2 -0.563403 -0.062334 -9.824795 -0.030518 2.166748 0.122070 -0.16 -0.14 -0.9 -0.8 0.030 -0.002 0.0004 0.0004 0.0000 0.2773 -0.0016 -0.018138 -0.007529 12.39 500 790 -0.000193 -0.150479 -0.069553 -0.080926 0.000000 
2.272 2 -0.568198 -0.091104 -9.855962 0.122070 2.655029 -0.122070 -0.21 -0.19 -1.2 -1.1 0.013 -0.038 0.0004 0.0004 0.0000 0.2773 -0.0016 -0.018138 -0.008847 12.39 500 790 -0.000168 -0.199828 -0.103767 -0.096061 0.000000 
2.302 2 -0.589775 -0.014385 -9.750473 0.000000 3.051758 0.488281 -0.28 -0.26 -1.6 -1.2 -0.190 -0.146 -0.0004 -0.0269 -0.1710 0.2767 -0.0016 -0.020729 -0.010441 12.39 500 790 0.000623 -0.266192 -0.144900 -0.121292 0.000000 
2.332 2 -0.280503 0.239746 -10.004604 0.213623 -0.488281 -2.258301 -0.32 -0.30 -1.7 -1.6 -0.203 -0.340 -0.0173 -0.0145 0.0181 0.2761 -0.0016 -0.018138 -0.009018 12.39 500 800 0.002830 -0.312705 -0.195922 -0.116784 0.000000 
2.362 2 -0.378799 0.146245 -10.059746 0.640869 -3.021240 -11.047363 -0.32 -0.30 -1.7 -1.5 -0.188 -0.240 -0.0193 -0.0233 -0.0259 0.2753 -0.0016 -0.018138 -0.003443 12.38 500 790 0.004589 -0.309052 -0.239286 -0.069767 0.000000 
2.392 2 -0.788765 -0.134258 -9.601830 -0.518799 -10.681152 -2.624512 -0.28 -0.26 -1.3 -1.1 -0.161 -0.204 -0.0169 -0.0213 -0.0285 0.2747 -0.0015 -0.015547 0.002248 12.39 500 790 0.006163 -0.269779 -0.267908 -0.001871 0.000000 
2.422 2 -0.561006 -0.184604 -9.733691 -0.701904 -2.929688 1.068115 -0.30 -0.29 -1.3 -1.4 -0.149 -0.310 -0.0374 -0.0165 0.1347 0.2737 -0.0015 -0.012956 0.004211 12.39 500 800 0.006876 -0.296449 -0.280020 -0.016429 0.000000 
2.452 2 -0.908638 -0.314067 -9.671357 0.396729 1.464844 -7.080078 -0.28 -0.27 -1.4 -1.3 -0.186 -0.281 -0.0108 -0.0112 -0.0026 0.2737 -0.0015 -0.012956 0.007294 12.40 500 800 0.005983 -0.271973 -0.279973 0.008000 0.000000 
2.482 2 -0.462710 -0.234951 -10.047758 0.061035 -1.495361 -7.812500 -0.24 -0.23 -1.1 -1.1 0.031 -0.011 -0.0193 -0.0108 0.0544 0.2731 -0.0015 -0.010364 0.009245 12.39 500 800 0.005958 -0.234235 -0.272325 0.038090 0.000000 
2.512 2 -0.870278 -0.035962 -9.592241 0.183105 -2.807617 0.854492 -0.21 -0.20 -0.9 -0.8 0.016 -0.019 -0.0076 -0.0068 0.0052 0.2731 -0.0015 -0.010364 0.009099 12.39 500 800 0.004765 -0.202582 -0.255723 0.053141 0.000000 
2.542 2 -0.565801 -0.194194 -9.872744 -0.030518 -0.823975 -0.915527 -0.17 -0.16 -0.8 -0.7 0.010 -0.012 -0.0048 -0.0044 0.0026 0.2731 -0.0015 -0.010364 0.009792 12.38 500 800 0.003631 -0.168740 -0.233226 0.064486 0.000000 
2.572 2 -0.664097 -0.021577 -9.668960 -0.091553 -4.058838 1.251221 -0.11 -0.10 -0.4 -0.3 0.048 -0.008 -0.0036 -0.0032 0.0026 0.2731 -0.0015 -0.010364 0.010694 12.39 500 800 0.002740 -0.109607 -0.203318 0.093711 0.000000 
2.602 2 -0.618545 -0.131860 -9.851167 -0.183105 -4.699707 -0.762939 -0.05 -0.04 -0.0 0.0 0.028 -0.022 -0.0028 -0.0024 0.0026 0.2731 -0.0015 -0.010364 0.012647 12.39 500 800 0.002069 -0.041495 -0.163677 0.122182 0.000000 
2.632 2 -0.707251 -0.031167 -9.827192 -0.244141 -6.835938 0.732422 0.04 0.05 0.5 0.5 0.021 -0.018 -0.0020 -0.0020 0.0000 0.2731 -0.0015 -0.010364 0.015235 12.39 500 800 0.001574 0.048342 -0.112125 0.160467 0.000000 
2.662 2 -0.671289 -0.045552 -9.731294 -0.335693 -8.728027 -0.244141 0.16 0.17 1.1 1.1 0.181 0.148 -0.0016 0.0016 0.0207 0.2733 -0.0015 -0.007773 0.018785 12.39 500 800 0.001154 0.161351 -0.045420 0.206771 0.000000 
2.692 2 -1.074062 -0.508262 -9.457983 3.784180 13.977051 -0.457764 0.23 0.24 1.1 1.1 0.060 0.032 0.0382 0.0394 0.0078 0.2745 -0.0015 -0.007773 0.018978 12.39 500 790 -0.004374 0.233316 0.048590 0.184725 0.000000 
2.722 2 -0.417158 0.136655 -9.899116 1.861572 28.747559 -5.828857 0.25 0.26 1.1 0.8 0.207 0.131 0.0478 0.0675 0.1270 0.2765 -0.0016 -0.007773 0.012029 12.39 500 810 -0.009258 0.258434 0.145906 0.112527 0.000000 
2.752 2 -0.863086 -0.208579 -9.872744 -0.122070 33.233643 0.274658 0.25 0.26 0.8 0.6 0.021 -0.063 0.0647 0.0876 0.1477 0.2783 -0.0016 -0.005182 0.001214 12.39 500 800 -0.013756 0.256810 0.223112 0.033698 0.000000 
2.782 2 -0.819932 -0.714443 -9.479560 -0.244141 9.307861 1.892090 0.26 0.26 1.2 1.0 0.212 -0.021 0.0321 0.0631 0.1995 0.2797 -0.0016 -0.002591 -0.009727 12.38 500 810 -0.013434 0.262336 0.257761 0.004575 0.000000 
2.812 2 -0.352427 0.280503 -10.191607 2.685547 28.808594 3.021240 0.20 0.20 0.5 0.4 0.021 0.006 0.0466 0.0590 0.0803 0.2815 -0.0016 -0.005182 -0.013617 12.38 500 800 -0.015974 0.198321 0.275320 -0.076999 0.000000 
2.842 2 -0.800752 -0.822329 -8.388716 -2.441406 -5.950928 7.141113 0.19 0.20 0.9 1.0 -0.025 -0.033 0.0177 0.0120 -0.0363 0.2821 -0.0016 -0.007773 -0.020531 12.39 500 790 -0.012103 0.193252 0.256763 -0.063511 0.000000 
2.872 2 -0.316465 -0.225361 -9.796025 0.366211 -6.347656 -4.089355 0.20 0.21 0.9 0.9 0.135 0.033 0.0237 0.0285 0.0311 0.2829 -0.0016 -0.007773 -0.015615 12.39 500 800 -0.011209 0.207111 0.229019 -0.021908 0.000000 
2.902 2 -0.160630 0.071924 -10.445737 0.946045 8.056641 -3.295898 0.16 0.17 0.4 0.6 0.014 0.002 0.0333 0.0137 -0.1270 0.2835 -0.0016 -0.010364 -0.012109 12.39 500 800 -0.009761 0.165069 0.216671 -0.051603 0.000000 
2.932 2 -0.848701 -0.208579 -9.688139 -0.823975 -13.275146 1.495361 0.22 0.23 1.2 1.2 0.188 0.165 0.0096 0.0092 -0.0026 0.2839 -0.0016 -0.010364 -0.010147 12.38 500 810 -0.007535 0.222484 0.202259 0.020225 0.000000 
2.962 2 -0.879868 -0.081514 -9.477162 -3.143311 4.272461 2.624512 0.13 0.14 0.5 0.5 0.017 0.004 0.0096 0.0169 0.0466 0.2841 -0.0016 -0.007773 -0.011171 12.38 500 800 -0.006888 0.135172 0.192921 -0.057748 0.000000 
2.992 2 -0.572993 -0.649712 -10.138862 0.183105 -11.688232 1.739502 0.19 0.20 1.0 1.1 0.186 0.160 0.0064 0.0072 0.0052 0.2841 -0.0016 -0.007773 -0.007792 12.39 500 800 -0.005315 0.191814 0.175786 0.016027 0.000000 
3.022 2 -0.704853 -0.177412 -9.942270 -0.976562 1.708984 -4.486084 0.16 0.17 0.5 0.8 0.029 0.006 0.0422 0.0068 -0.2280 0.2849 -0.0016 -0.012956 -0.005734 12.38 490 790 -0.005763 0.166777 0.172448 -0.005671 0.000000 
3.052 2 -0.795957 0.376401 -9.330917 0.640869 6.988525 -5.371094 0.17 0.18 0.8 0.6 0.037 0.001 0.0100 0.0361 0.1684 0.2853 -0.0016 -0.007773 -0.003763 12.39 500 800 -0.006009 0.176823 0.178755 -0.001932 0.000000 
3.082 2 -0.853496 -0.364414 -10.419365 -2.380371 -8.972168 -2.807617 0.25 0.26 1.4 1.0 0.350 0.276 0.0060 0.0586 0.3394 0.2859 -0.0016 -0.005182 -0.001924 12.39 500 810 -0.005616 0.254277 0.186038 0.068238 0.000000 
3.112 2 -0.484287 -0.302080 -9.714512 2.166748 -4.547119 -2.044678 0.22 0.22 1.1 1.2 0.232 0.192 0.0060 0.0129 0.0440 0.2859 -0.0016 -0.005182 -0.004198 12.39 500 800 -0.005001 0.217923 0.194016 0.023907 0.000000 
3.142 2 -1.122012 0.472300 -8.688398 5.065918 11.230469 -2.258301 0.19 0.19 0.7 0.8 0.043 0.006 0.0265 0.0245 -0.0130 0.2867 -0.0016 -0.005182 -0.004336 12.39 500 790 -0.006691 0.190986 0.206636 -0.015650 0.000000 
3.172 2 -0.261323 0.846304 -9.959052 -1.312256 -7.659912 4.486084 0.23 0.23 1.3 1.3 0.260 0.217 0.0088 0.0096 0.0052 0.2869 -0.0016 -0.002591 -0.005590 12.39 500 800 -0.005425 0.232386 0.207297 0.025089 0.000000 
3.202 2 -0.733623 -2.025854 -10.268325 -3.723145 10.101318 2.807617 0.18 0.19 0.8 0.8 0.020 -0.024 0.0217 0.0181 -0.0233 0.2880 -0.0016 -0.005182 -0.007531 12.39 500 800 -0.007939 0.187524 0.218707 -0.031183 0.000000 
3.232 2 -0.431543 0.079116 -10.239555 1.342773 -6.622314 4.974365 0.20 0.21 1.1 1.1 0.218 0.172 0.0080 0.0080 0.0000 0.2882 -0.0016 -0.002591 -0.008765 12.38 500 800 -0.006124 0.206190 0.209480 -0.003290 0.000000 
3.262 2 -1.069268 -0.800752 -9.306943 -1.678467 2.441406 2.960205 0.20 0.21 1.0 1.0 0.017 -0.005 0.0217 0.0205 -0.0078 0.2892 -0.0016 -0.005182 -0.008391 12.38 500 800 -0.008416 0.204780 0.213051 -0.008271 0.000000 
3.292 2 -0.222964 -0.316465 -10.615956 -0.610352 -7.751465 -0.457764 0.23 0.24 1.2 1.2 0.318 0.277 0.0088 0.0088 0.0000 0.2896 -0.0016 -0.005182 -0.006705 12.39 500 790 -0.006484 0.233688 0.208833 0.024855 0.000000 
3.322 2 -1.052485 0.129463 -9.275776 1.770020 3.051758 0.976562 0.16 0.16 0.7 0.7 0.004 -0.020 0.0145 0.0088 -0.0363 0.2898 -0.0016 -0.007773 -0.009792 12.38 500 800 -0.006384 0.160353 0.205083 -0.044729 0.000000 
3.352 2 -0.469902 0.340439 -9.661767 -0.640869 -8.911133 -1.403809 0.22 0.22 1.2 0.8 0.222 0.202 0.0076 0.0466 0.2513 0.2904 -0.0016 -0.005182 -0.006027 12.38 500 810 -0.005605 0.220750 0.193865 0.026885 0.000000 
3.382 2 -1.081255 -0.505864 -9.448393 -0.732422 -2.777100 3.967285 0.18 0.18 0.9 0.9 0.015 -0.028 0.0133 0.0129 -0.0026 0.2906 -0.0016 -0.007773 -0.008490 12.39 500 800 -0.006299 0.179896 0.192115 -0.012219 0.000000 
3.412 2 -0.541826 1.155576 -10.381005 -0.244141 6.591797 -5.615234 0.17 0.18 0.3 0.6 0.000 0.097 0.0554 0.0285 -0.1736 0.2914 -0.0017 -0.007773 -0.005830 12.39 500 800 -0.006785 0.174113 0.187579 -0.013465 0.000000 
3.442 2 -0.498672 -0.100693 -9.541894 -0.640869 -1.373291 -1.159668 0.15 0.16 0.7 0.8 0.013 -0.021 0.0104 0.0125 0.0130 0.2914 -0.0017 -0.007773 -0.008868 12.38 500 800 -0.005929 0.155408 0.179998 -0.024590 0.000000 
3.472 2 -0.438735 -0.592173 -10.306684 0.061035 2.471924 -2.410889 0.15 0.16 0.6 0.6 0.025 -0.010 0.0072 0.0072 0.0000 0.2918 -0.0017 -0.007773 -0.005861 12.38 500 800 -0.004634 0.151195 0.172098 -0.020903 0.000000 
3.502 2 -0.632930 -0.093501 -9.853564 -0.274658 -5.889893 -0.305176 0.17 0.18 0.9 0.9 0.033 0.016 0.0072 0.0072 0.0000 0.2918 -0.0017 -0.007773 -0.004864 12.39 500 800 -0.003774 0.173832 0.164171 0.009661 0.000000 
3.532 2 -0.673687 0.043154 -9.647383 -0.091553 -5.126953 0.946045 0.18 0.18 0.9 1.0 0.040 0.020 0.0052 0.0056 0.0026 0.2918 -0.0017 -0.007773 -0.003135 12.39 500 800 -0.003099 0.180115 0.162576 0.017539 0.000000 
3.562 2 -0.654507 -0.139053 -9.685741 -0.030518 -4.425049 0.030518 0.19 0.20 1.0 1.0 0.114 0.085 0.0036 0.0040 0.0026 0.2918 -0.0017 -0.007773 -0.001243 12.39 500 800 -0.002445 0.193160 0.165689 0.027470 0.000000 
3.592 2 -0.668892 -0.035962 -9.812807 -0.427246 -5.432129 -0.549316 0.21 0.22 1.1 1.2 0.268 0.183 0.0028 0.0036 0.0052 0.2920 -0.0017 -0.005182 0.000228 12.39 500 800 -0.001934 0.213091 0.172509 0.040582 0.000000 
3.622 2 -0.294888 -0.342837 -10.515264 0.305176 1.220703 -2.990723 0.20 0.20 1.0 0.9 0.286 0.202 0.0024 0.0080 0.0363 0.2922 -0.0017 -0.002591 0.000827 12.38 500 800 -0.001663 0.201596 0.180959 0.020638 0.000000 
3.652 2 -0.498672 -0.261323 -10.064541 0.030518 6.866455 -3.295898 0.18 0.19 0.8 0.8 0.120 0.069 0.0020 0.0080 0.0389 0.2924 -0.0017 -0.005182 0.000414 12.39 500 800 -0.001605 0.186059 0.189830 -0.003771 0.000000 
3.682 2 -0.997344 -0.203784 -9.383662 0.457764 6.500244 -3.662109 0.19 0.19 0.8 0.8 0.025 -0.000 0.0020 0.0084 0.0415 0.2926 -0.0017 -0.002591 -0.000120 12.39 500 800 -0.001588 0.190457 0.198461 -0.008003 0.000000 
3.712 2 -0.635327 -0.237349 -9.613818 -0.061035 11.749268 -1.281738 0.19 0.19 0.7 0.5 0.010 -0.006 0.0064 0.0438 0.2410 0.2932 -0.0017 0.000000 -0.000790 12.38 500 760 -0.002844 0.185877 0.206353 -0.020475 0.000000 
3.742 2 -1.575132 -0.340439 -9.704922 -0.885010 -9.429932 -1.464844 0.26 0.26 1.4 1.5 0.262 0.227 0.0096 0.0125 0.0181 0.2936 -0.0017 0.000000 -0.001386 12.39 490 760 -0.002976 0.259066 0.210256 0.048810 0.000000 
3.772 2 -0.709648 0.381196 -10.369019 1.037598 6.622314 -0.610352 0.15 0.15 0.6 0.6 0.038 -0.001 0.0096 0.0137 0.0259 0.2938 -0.0017 0.002591 -0.007900 12.39 500 800 -0.004050 0.147955 0.209567 -0.061612 0.000000 
3.802 2 -0.443530 0.115078 -9.594639 -1.556396 -7.751465 0.396729 0.18 0.18 1.0 1.0 0.182 0.095 0.0064 0.0080 0.0104 0.2942 -0.0017 0.002591 -0.007052 12.39 500 800 -0.003441 0.180823 0.189878 -0.009055 0.000000 
3.832 2 -0.805547 -0.450723 -9.441201 -0.488281 -2.655029 -1.953125 0.18 0.18 0.8 0.8 0.029 -0.018 0.0221 0.0181 -0.0259 0.2946 -0.0017 0.002591 -0.005296 12.39 500 800 -0.004230 0.179555 0.180950 -0.001395 0.000000 
3.862 2 -0.623340 0.606558 -10.328261 0.640869 0.885010 1.739502 0.18 0.18 0.8 0.9 0.050 0.055 0.0104 0.0076 -0.0181 0.2948 -0.0017 0.000000 -0.003315 12.38 500 760 -0.003805 0.182619 0.180810 0.001809 0.000000 
3.892 2 -0.697661 -0.091104 -9.930283 0.061035 -2.532959 -1.495361 0.20 0.20 0.9 1.0 0.154 0.179 0.0112 0.0056 -0.0363 0.2952 -0.0017 0.000000 -0.002716 12.39 500 760 -0.003335 0.195958 0.180925 0.015033 0.000000 
3.922 2 -0.527441 -0.340439 -9.841577 -0.152588 -6.469727 -0.854492 0.21 0.21 1.1 1.1 0.222 0.188 0.0112 0.0056 -0.0363 0.2952 -0.0017 0.000000 -0.002198 12.38 500 760 -0.003054 0.213447 0.182296 0.031151 0.000000 
3.952 2 -0.743213 -0.338042 -9.937475 0.030518 -5.035400 -1.220703 0.22 0.22 1.1 1.2 0.251 0.234 0.0108 0.0052 -0.0363 0.2954 -0.0017 -0.002591 -0.001272 12.38 500 790 -0.002841 0.219382 0.186123 0.033259 0.000000 
3.982 2 -0.095898 -0.175015 -10.402583 0.213623 4.394531 -0.091553 0.19 0.19 0.9 0.9 0.200 0.211 0.0068 0.0036 -0.0207 0.2954 -0.0017 -0.002591 -0.000862 12.38 500 780 -0.002487 0.193218 0.192309 0.000908 0.000000 
4.012 2 -1.201128 -0.239746 -9.275776 0.244141 2.838135 -4.150391 0.20 0.20 0.9 0.9 0.020 0.002 0.0056 0.0032 -0.0155 0.2958 -0.0017 -0.002591 -0.001163 12.39 500 800 -0.002081 0.197391 0.198125 -0.000734 0.000000 
4.042 2 -0.491479 -0.083911 -9.673755 0.305176 -2.441406 -5.371094 0.22 0.22 1.1 1.2 0.184 0.177 0.0056 0.0032 -0.0155 0.2958 -0.0017 -0.002591 -0.000816 12.39 500 800 -0.001817 0.221867 0.203327 0.018539 0.000000 
4.072 2 -0.534634 -0.268516 -9.697729 -0.183105 -0.488281 -7.324219 0.22 0.22 1.1 1.0 0.190 0.118 0.0052 0.0145 0.0596 0.2962 -0.0017 0.002591 -0.001218 12.39 500 790 -0.002093 0.218832 0.208376 0.010455 0.000000 
4.102 2 -0.712046 -0.220566 -9.680947 -0.122070 0.152588 -5.157471 0.23 0.22 1.2 1.1 0.223 0.134 0.0036 0.0185 0.0959 0.2964 -0.0017 0.005182 -0.001714 12.39 500 800 -0.002940 0.226636 0.214906 0.011729 0.000000 
4.132 2 -0.855894 -0.771982 -9.609023 0.854492 3.601074 -6.378174 0.21 0.20 1.0 0.9 0.110 -0.006 0.0036 0.0229 0.1244 0.2970 -0.0017 0.007773 -0.003579 12.39 500 800 -0.003721 0.208840 0.219994 -0.011154 0.000000 
4.162 2 -0.608955 0.510659 -9.760063 2.014160 8.361816 -7.263184 0.19 0.18 0.8 0.6 0.023 -0.002 0.0076 0.0390 0.2021 0.2976 -0.0016 0.010364 -0.004729 12.39 500 800 -0.004533 0.189698 0.220842 -0.031144 0.000000 
4.192 2 -0.635327 0.318862 -10.090913 -1.281738 2.136230 7.507324 0.21 0.19 0.9 0.9 0.164 0.036 0.0076 0.0108 0.0207 0.2978 -0.0016 0.012956 -0.004815 12.39 500 800 -0.003950 0.201241 0.217349 -0.016108 0.000000 
4.222 2 -0.558608 -0.148643 -9.481957 -0.640869 -7.324219 -0.061035 0.23 0.22 1.2 1.1 0.220 0.176 0.0060 0.0108 0.0311 0.2980 -0.0016 0.010364 -0.004907 12.38 490 790 -0.003490 0.221354 0.209961 0.011393 0.000000 
4.252 2 -0.695264 -0.539429 -9.680947 0.183105 2.929688 0.518799 0.17 0.16 0.8 0.3 0.020 0.014 0.0060 0.0466 0.2617 0.2982 -0.0016 0.012956 -0.006067 12.38 500 800 -0.003596 0.166031 0.200964 -0.034933 0.000000 
4.282 2 -0.666494 -0.105488 -10.047758 0.000000 -4.913330 1.678467 0.20 0.19 1.0 1.0 0.150 0.092 0.0068 0.0100 0.0207 0.2984 -0.0016 0.010364 -0.004539 12.39 500 800 -0.003262 0.195491 0.191114 0.004377 0.000000 
4.312 2 -0.714443 -0.318862 -9.491548 -0.244141 -5.737305 5.889893 0.18 0.17 0.9 0.9 0.037 -0.008 0.0068 0.0056 -0.0078 0.2984 -0.0016 0.010364 -0.005464 12.39 500 800 -0.002814 0.175095 0.181571 -0.006476 0.000000 
4.342 2 -0.580186 0.000000 -10.086118 -0.091553 -0.091553 -1.831055 0.16 0.16 0.7 0.7 0.028 0.002 0.0076 0.0040 -0.0233 0.2986 -0.0016 0.007773 -0.003743 12.38 500 800 -0.002444 0.160764 0.173435 -0.012671 0.000000 
4.372 2 -0.668892 -0.098296 -9.676152 -0.152588 -3.479004 0.671387 0.18 0.18 0.9 0.9 0.022 -0.013 0.0076 0.0028 -0.0311 0.2986 -0.0016 0.007773 -0.002359 12.39 500 800 -0.002150 0.179891 0.169836 0.010055 0.000000 
4.402 2 -0.558608 -0.047949 -9.875141 0.000000 -2.593994 0.244141 0.19 0.18 1.0 0.9 0.161 0.067 0.0052 0.0024 -0.0181 0.2986 -0.0016 0.007773 -0.001035 12.39 500 800 -0.001839 0.188093 0.171002 0.017091 0.000000 
4.432 2 -0.505864 0.057539 -10.170029 -0.061035 -0.701904 1.464844 0.19 0.19 0.9 0.9 0.188 0.172 0.0040 0.0020 -0.0130 0.2988 -0.0016 0.005182 -0.000273 12.38 500 800 -0.001517 0.189464 0.174574 0.014891 0.000000 
4.462 2 -0.369209 0.055142 -10.270722 -0.183105 4.150391 2.990723 0.18 0.17 0.8 0.8 0.138 0.083 0.0040 0.0016 -0.0155 0.2988 -0.0016 0.005182 -0.000127 12.39 500 800 -0.001285 0.175512 0.178424 -0.002912 0.000000 
4.492 2 -0.855894 -0.165425 -9.462778 -0.030518 3.112793 2.044678 0.19 0.18 0.8 0.9 0.017 -0.009 0.0072 0.0016 -0.0363 0.2990 -0.0016 0.002591 -0.000183 12.39 500 800 -0.001270 0.183824 0.183818 0.000006 0.000000 
4.522 2 -0.973369 -0.146245 -9.352495 -0.091553 -0.244141 0.732422 0.20 0.20 1.0 1.0 0.020 0.009 0.0116 0.0012 -0.0674 0.2992 -0.0016 0.000000 -0.000275 12.39 500 760 -0.001429 0.202487 0.190097 0.012390 0.000000 
4.552 2 -0.903843 -0.237349 -9.402842 0.061035 3.204346 -2.685547 0.19 0.19 0.9 0.9 0.032 -0.006 0.0092 0.0012 -0.0518 0.2994 -0.0016 0.002591 -0.001067 12.39 500 790 -0.001547 0.189707 0.196084 -0.006377 0.000000 
4.582 2 0.086309 -0.275708 -10.994756 -0.122070 14.068604 -0.610352 0.18 0.17 0.7 0.3 0.199 -0.004 0.0064 0.0526 0.2980 0.3000 -0.0016 0.005182 -0.000480 12.39 500 790 -0.002990 0.177156 0.201165 -0.024010 0.000000 
4.612 2 -0.875073 -0.338042 -9.282969 -0.305176 0.671387 -2.044678 0.18 0.18 0.9 0.9 0.027 -0.002 0.0064 0.0104 0.0259 0.3000 -0.0016 0.005182 -0.004578 12.39 500 800 -0.002886 0.180444 0.199702 -0.019258 0.000000 
4.642 2 -0.381196 0.855894 -9.604228 -0.671387 20.416260 2.471924 0.14 0.14 0.2 0.2 0.020 -0.008 0.0313 0.0341 0.0181 0.3008 -0.0016 0.005182 -0.003815 12.38 500 800 -0.005078 0.142283 0.200917 -0.058634 0.000000 
4.672 2 -1.153179 -0.697661 -9.093569 -1.525879 -0.762939 -1.037598 0.16 0.16 0.8 0.8 0.002 -0.029 0.0092 0.0092 0.0000 0.3008 -0.0016 0.005182 -0.007909 12.39 500 790 -0.004423 0.161461 0.193655 -0.032194 0.000000 
4.702 2 -0.395581 -0.397979 -10.052553 -0.061035 -6.774902 1.159668 0.20 0.19 1.0 1.0 0.182 0.141 0.0064 0.0064 0.0000 0.3012 -0.0016 0.005182 -0.004870 12.38 500 790 -0.003561 0.192946 0.182391 0.010555 0.000000 
4.732 2 -1.002139 -0.019180 -9.342905 0.122070 -2.441406 5.706787 0.19 0.19 1.0 0.9 0.021 -0.025 0.0133 0.0153 0.0130 0.3016 -0.0016 0.005182 -0.004870 12.39 500 800 -0.004856 0.191164 0.182779 0.008385 0.000000 
4.762 2 -0.258926 -0.158232 -10.102901 -0.244141 0.152588 4.730225 0.19 0.19 0.9 1.0 0.038 0.089 0.0225 0.0068 -0.1011 0.3020 -0.0016 0.000000 -0.004698 12.38 500 760 -0.005103 0.189891 0.186382 0.003509 0.000000 
4.792 2 -0.491479 0.335645 -10.568007 -0.183105 3.173828 -3.723145 0.18 0.18 0.8 0.8 0.200 0.181 0.0096 0.0052 -0.0285 0.3024 -0.0016 0.000000 -0.003300 12.39 500 760 -0.004130 0.184466 0.187251 -0.002785 0.000000 
4.822 2 -0.489082 0.071924 -9.647383 0.000000 -3.570557 -2.716064 0.18 0.18 0.9 0.9 0.107 0.069 0.0096 0.0052 -0.0285 0.3024 -0.0016 0.000000 -0.004638 12.39 500 760 -0.003467 0.184298 0.183545 0.000753 0.000000 
4.852 2 -1.030908 -0.040757 -9.525112 2.136230 11.260986 -1.373291 0.16 0.15 0.6 0.4 0.028 0.013 0.0068 0.0325 0.1658 0.3030 -0.0016 0.002591 -0.003376 12.39 500 800 -0.004204 0.154788 0.185823 -0.031035 0.000000 
4.882 2 -0.848701 0.232554 -9.582651 -0.549316 -9.735107 -3.417969 0.23 0.22 1.3 1.3 0.234 0.160 0.0068 0.0092 0.0155 0.3030 -0.0016 0.002591 -0.003047 12.40 500 790 -0.003652 0.226245 0.186209 0.040036 0.000000 
4.912 2 -0.565801 -0.378799 -10.040566 -3.967285 8.972168 -6.744385 0.15 0.15 0.6 0.6 0.029 -0.010 0.0088 0.0165 0.0492 0.3036 -0.0016 0.005182 -0.005645 12.39 500 800 -0.004656 0.150271 0.191475 -0.041204 0.000000 
4.942 2 -0.824727 -0.635327 -9.966245 0.000000 -10.559082 -0.793457 0.23 0.22 1.3 0.9 0.241 0.028 0.0072 0.0498 0.2747 0.3040 -0.0016 0.010364 -0.004066 12.38 500 800 -0.004737 0.229766 0.186199 0.043567 0.000000 
4.972 2 -0.865483 0.225361 -9.481957 1.159668 6.042480 6.164551 0.16 0.16 0.7 0.3 0.014 -0.015 0.0177 0.0454 0.1788 0.3046 -0.0016 0.007773 -0.006710 12.39 500 800 -0.005863 0.160065 0.189631 -0.029566 0.000000 
5.002 3 -0.465107 -0.254131 -9.927885 -0.854492 -8.575439 0.854492 0.16 0.16 0.0 0.6 0.212 0.210 0.0695 0.0125 -0.3679 0.3052 -0.0016 0.005182 -0.004528 12.39 500 850 0.001038 0.160151 0.185878 -0.025727 0.200000 
5.032 3 -1.002139 -0.453120 -9.266186 -1.098633 -5.249023 5.096436 -0.13 -0.13 -1.3 -1.1 -0.022 -0.079 0.0125 -0.0125 -0.1606 0.3050 -0.0016 0.002591 -0.005728 12.39 500 800 0.020542 -0.128694 0.115691 -0.244385 0.200000 
5.062 3 -1.157974 -0.234951 -9.146314 -0.061035 -30.609131 2.349854 -0.28 -0.28 -1.4 -1.6 -0.074 -0.321 -0.0462 -0.0369 0.0596 0.3040 -0.0016 0.000000 0.001399 12.39 500 760 0.037971 -0.282679 -0.023803 -0.258876 0.200000 
5.092 3 -0.376401 0.047949 -9.908706 -1.678467 -47.515869 9.063721 -0.32 -0.32 -1.4 -1.2 -0.025 -0.071 -0.0610 -0.0787 -0.1140 0.3022 -0.0016 -0.002591 0.021523 12.38 500 790 0.052673 -0.320013 -0.174379 -0.145634 0.200000 
5.122 3 -0.733623 -0.091104 -9.764858 -1.403809 -48.950195 12.359619 -0.30 -0.29 -1.3 -1.0 -0.101 0.038 -0.0402 -0.0747 -0.2228 0.2998 -0.0016 -0.007773 0.044733 12.39 500 800 0.062706 -0.292526 -0.283665 -0.008861 0.200000 
5.152 3 -0.879868 -0.139053 -9.805614 -1.098633 -41.015625 4.394531 -0.15 -0.14 -0.4 -0.1 0.007 0.010 -0.0181 -0.0466 -0.1840 0.2990 -0.0016 -0.012956 0.068351 12.39 500 800 0.065348 -0.142120 -0.315321 0.173201 0.200000 
5.182 3 -1.071665 -0.112681 -9.932680 -0.915527 -28.930664 2.410889 0.01 0.02 0.5 0.7 0.032 0.012 -0.0096 -0.0293 -0.1270 0.2984 -0.0016 -0.015547 0.084318 12.39 500 800 0.065930 0.017064 -0.267797 0.284861 0.200000 
5.212 3 -0.839111 -0.201387 -10.244350 -0.488281 -17.700195 -1.342773 0.22 0.24 1.5 1.6 0.375 0.313 0.0125 0.0096 -0.0181 0.2988 -0.0016 -0.015547 0.096274 12.39 500 790 0.063794 0.228953 -0.157633 0.386586 0.200000 
5.242 3 -0.896650 -0.057539 -10.455327 -0.183105 3.021240 2.716064 0.42 0.44 2.0 2.1 0.489 0.446 0.1004 0.0896 -0.0700 0.3008 -0.0016 -0.015547 0.098255 12.39 500 800 0.054653 0.432190 0.006711 0.425479 0.200000 
5.272 3 -1.090845 -0.678481 -9.541894 2.532959 30.761719 -3.265381 0.55 0.57 2.2 2.1 0.445 0.419 0.1470 0.1687 0.1399 0.3050 -0.0017 -0.012956 0.087627 12.38 500 810 0.041382 0.559894 0.204821 0.355074 0.200000 
5.302 3 -1.543965 0.596968 -9.438804 0.488281 48.370361 -9.216309 0.63 0.64 1.9 2.3 0.393 0.350 0.2374 0.2100 -0.1762 0.3110 -0.0018 -0.012956 0.065461 12.39 500 810 0.025134 0.632554 0.398125 0.234430 0.200000 
5.332 3 0.321260 -0.359619 -10.663906 0.061035 61.462402 -2.655029 0.57 0.58 1.5 1.3 0.317 0.181 0.2321 0.2607 0.1840 0.3185 -0.0019 -0.010364 0.036450 12.39 500 800 0.011371 0.574960 0.538714 0.036245 0.200000 
5.362 3 -0.939805 -0.141450 -9.750473 2.197266 46.356201 -5.157471 0.47 0.48 1.0 1.0 0.029 -0.062 0.2229 0.2345 0.0751 0.3255 -0.0019 -0.007773 0.007893 12.39 500 800 0.003935 0.475844 0.598078 -0.122233 0.200000 
5.392 3 -0.592173 0.196592 -9.517920 1.007080 25.421143 -3.356934 0.32 0.32 0.8 0.6 -0.079 -0.101 0.1217 0.1542 0.2099 0.3309 -0.0020 -0.005182 -0.010327 12.39 500 820 0.006079 0.320683 0.573477 -0.252794 0.200000 
5.422 3 -1.222705 -0.119873 -9.529907 -1.434326 -18.890381 -0.946045 0.37 0.37 1.1 1.2 0.089 0.055 0.1550 0.1506 -0.0285 0.3353 -0.0020 -0.005182 -0.008964 12.39 500 810 0.009265 0.372323 0.488671 -0.116348 0.200000 
5.452 3 -1.136396 0.146245 -9.618613 2.136230 0.762939 -2.716064 0.28 0.29 0.8 0.7 -0.016 -0.090 0.1004 0.1161 0.1011 0.3398 -0.0020 -0.005182 -0.001404 12.39 500 800 0.012607 0.287397 0.430168 -0.142771 0.200000 
5.482 3 -1.148384 -0.371606 -8.937734 -1.739502 -37.139893 5.310059 0.34 0.34 1.7 1.3 0.220 0.088 0.0663 0.1121 0.2954 0.3422 -0.0020 0.000000 0.005749 12.39 500 760 0.020913 0.339056 0.361055 -0.021999 0.200000 
5.512 3 -0.831919 0.206182 -9.486753 5.035400 -2.685547 -4.913330 0.39 0.39 1.2 1.3 0.173 0.169 0.1345 0.1285 -0.0389 0.3468 -0.0020 -0.002591 0.021356 12.38 500 800 0.018201 0.389508 0.348585 0.040923 0.200000 
5.542 3 -0.767187 -0.338042 -8.851425 -1.037598 -4.119873 1.953125 0.44 0.44 1.6 1.4 0.297 0.139 0.1422 0.1643 0.1425 0.3512 -0.0020 -0.002591 0.023112 12.39 500 800 0.017140 0.439351 0.365248 0.074103 0.200000 
5.572 3 -0.225361 -0.668892 -10.683085 1.678467 6.011963 -3.143311 0.47 0.48 1.6 1.4 0.335 0.211 0.1715 0.1968 0.1632 0.3564 -0.0020 -0.002591 0.022774 12.39 500 800 0.012849 0.475675 0.397408 0.078267 0.200000 
5.602 3 -0.911035 0.227759 -9.817602 0.488281 3.936768 0.732422 0.51 0.51 1.6 1.5 0.228 0.140 0.2036 0.2145 0.0700 0.3620 -0.0020 0.002591 0.017768 12.38 500 800 0.008964 0.508830 0.434528 0.074302 0.200000 
5.632 3 -0.570596 -0.556211 -9.908706 1.159668 16.540527 1.220703 0.47 0.47 1.2 1.3 0.136 0.111 0.2068 0.1996 -0.0466 0.3683 -0.0020 0.000000 0.010955 12.39 500 800 0.005460 0.466326 0.469122 -0.002795 0.200000 
5.662 3 -0.875073 0.589775 -9.901513 1.068115 21.453857 -0.610352 0.46 0.46 1.2 1.0 0.164 0.146 0.2028 0.2181 0.0985 0.3749 -0.0020 0.002591 0.005301 12.39 500 810 0.001349 0.456572 0.491941 -0.035368 0.200000 
5.692 3 -0.851099 -0.654507 -9.887129 -0.915527 4.852295 -5.004883 0.50 0.49 1.2 1.5 0.151 0.165 0.2418 0.2080 -0.2177 0.3813 -0.0020 0.002591 0.000102 12.39 500 810 -0.001207 0.495697 0.499543 -0.003846 0.200000 
5.722 3 -0.493877 -0.534634 -9.673755 0.274658 1.098633 -0.030518 0.45 0.45 1.3 1.3 0.113 0.089 0.1940 0.1956 0.0104 0.3873 -0.0020 0.002591 -0.004132 12.39 500 800 -0.000176 0.448202 0.491602 -0.043400 0.200000 
5.752 3 -1.110024 -0.448325 -9.611421 0.244141 -0.885010 -4.669189 0.45 0.45 1.2 1.2 0.086 0.061 0.2080 0.2080 0.0000 0.3936 -0.0020 0.000000 -0.003837 12.39 500 770 -0.001116 0.454441 0.478557 -0.024116 0.200000 
5.782 3 -0.417158 0.498672 -9.990219 -0.030518 2.166748 1.159668 0.43 0.43 1.2 1.1 0.178 0.134 0.1900 0.2016 0.0751 0.3996 -0.0020 0.000000 -0.003360 12.39 500 800 -0.000443 0.431086 0.467816 -0.036730 0.200000 
5.812 3 -0.007192 -0.405171 -10.563212 -0.701904 5.859375 3.509521 0.44 0.44 1.2 1.1 0.178 0.171 0.1868 0.1920 0.0337 0.4056 -0.0020 0.000000 -0.001051 12.39 500 750 -0.000629 0.437557 0.462233 -0.024676 0.200000 
5.842 3 -1.311411 -0.412363 -9.431611 -1.251221 -10.711670 6.500244 0.52 0.52 1.5 1.7 0.200 0.151 0.2418 0.2145 -0.1762 0.4118 -0.0020 0.002591 0.000045 12.39 500 810 -0.002030 0.517636 0.459496 0.058140 0.200000 
5.872 3 -0.716841 0.208579 -9.412432 0.244141 1.861572 6.256104 0.49 0.49 1.5 1.4 0.119 0.114 0.2068 0.2157 0.0570 0.4183 -0.0020 -0.002591 -0.000034 12.39 500 800 -0.002462 0.490257 0.472480 0.017777 0.200000 
5.902 3 -1.347373 -0.043154 -9.287764 -0.793457 1.525879 3.570557 0.51 0.52 1.4 1.6 0.141 0.162 0.2390 0.2088 -0.1943 0.4249 -0.0020 -0.005182 -0.000916 12.39 500 820 -0.004177 0.515102 0.487817 0.027285 0.200000 
5.932 3 -0.596968 0.191797 -9.870346 -0.152588 8.056641 5.462646 0.49 0.50 1.2 1.5 0.146 0.158 0.2305 0.2048 -0.1658 0.4317 -0.0021 -0.005182 -0.003311 12.38 500 810 -0.005213 0.493121 0.502221 -0.009101 0.200000 
5.962 3 0.002397 -0.805547 -10.297094 0.335693 10.803223 6.683350 0.50 0.51 1.1 1.4 0.196 0.182 0.2554 0.2205 -0.2254 0.4390 -0.0021 -0.010364 -0.004494 12.39 500 800 -0.007498 0.506504 0.514174 -0.007670 0.200000 
5.992 3 -0.879868 -0.656904 -9.537099 -2.197266 4.913330 5.584717 0.51 0.53 1.2 1.6 0.172 0.164 0.2510 0.2217 -0.1892 0.4458 -0.0022 -0.015547 -0.007070 12.38 500 810 -0.008430 0.521272 0.524823 -0.003550 0.200000 
6.022 3 -0.076719 0.625737 -10.407377 -2.136230 9.826660 6.683350 0.49 0.51 1.1 1.3 0.215 0.210 0.2418 0.2253 -0.1062 0.4530 -0.0023 -0.020729 -0.008720 12.39 500 800 -0.009177 0.499154 0.528886 -0.029732 0.200000 
6.052 3 -0.119873 0.131860 -10.340249 1.586914 6.072998 9.246826 0.49 0.51 1.4 1.4 0.164 0.161 0.2088 0.2193 0.0674 0.4600 -0.0025 -0.023320 -0.009922 12.38 500 800 -0.008962 0.497308 0.528113 -0.030805 0.200000 
6.082 3 -0.767187 -0.350029 -9.688139 -0.091553 -4.028320 1.281738 0.52 0.54 1.3 1.7 0.120 0.173 0.2607 0.2193 -0.2669 0.4667 -0.0026 -0.025911 -0.010063 12.39 500 790 -0.009431 0.528887 0.521143 0.007744 0.200000 
6.112 3 -1.474438 -0.151040 -10.071733 1.068115 0.274658 3.295898 0.51 0.54 1.5 1.4 0.203 0.132 0.2193 0.2478 0.1840 0.4737 -0.0028 -0.028502 -0.009170 12.39 500 810 -0.009432 0.521298 0.519637 0.001661 0.200000 
6.142 3 -1.162768 -0.285298 -9.613818 0.793457 -6.866455 -1.556396 0.55 0.57 1.7 1.8 0.218 0.182 0.2418 0.2434 0.0104 0.4807 -0.0030 -0.025911 -0.008077 12.39 500 800 -0.009944 0.561558 0.518917 0.042641 0.200000 
6.172 3 -1.047690 0.170220 -9.661767 -1.007080 -6.774902 1.312256 0.54 0.57 1.5 1.8 0.196 0.174 0.2522 0.2446 -0.0492 0.4875 -0.0032 -0.025911 -0.008910 12.39 500 810 -0.009998 0.554837 0.520306 0.034531 0.200000 
6.202 3 -1.047690 -0.354824 -9.652178 0.213623 2.777100 -4.608154 0.50 0.52 1.3 1.3 0.116 0.097 0.2333 0.2478 0.0933 0.4946 -0.0034 -0.023320 -0.010447 12.39 500 810 -0.009937 0.507240 0.522031 -0.014791 0.200000 
6.232 3 -0.491479 -0.786367 -9.918296 2.288818 2.685547 -5.157471 0.48 0.51 1.2 1.3 0.146 0.141 0.2281 0.2321 0.0259 0.5016 -0.0035 -0.020729 -0.011232 12.38 500 810 -0.009619 0.494835 0.520346 -0.025511 0.200000 
6.262 3 -0.800752 -1.165166 -9.743281 1.129150 0.152588 -11.444092 0.51 0.53 1.4 1.4 0.126 0.070 0.2333 0.2510 0.1140 0.5088 -0.0036 -0.015547 -0.010605 12.38 500 810 -0.010920 0.521087 0.518472 0.002615 0.200000 
6.292 3 -0.469902 0.071924 -9.930283 0.762939 0.091553 -6.591797 0.51 0.52 1.3 1.5 0.232 0.116 0.2345 0.2305 -0.0259 0.5159 -0.0038 -0.012956 -0.011407 12.39 500 800 -0.010822 0.513293 0.519467 -0.006174 0.200000 
6.322 3 -1.076460 0.095898 -9.402842 0.152588 6.103516 -6.652832 0.47 0.49 1.1 1.3 0.181 -0.004 0.2253 0.2281 0.0181 0.5231 -0.0038 -0.012956 -0.012441 12.38 500 820 -0.010778 0.480161 0.518093 -0.037931 0.200000 
6.352 3 -1.093242 0.129463 -9.611421 -0.122070 -7.293701 -5.218506 0.52 0.53 1.7 1.5 0.211 0.142 0.2169 0.2538 0.2384 0.5301 -0.0039 -0.010364 -0.011639 12.39 500 810 -0.010874 0.527357 0.509551 0.017806 0.200000 
6.382 3 -0.469902 -0.208579 -10.321069 -0.885010 5.737305 -2.563477 0.47 0.48 1.2 1.2 0.236 0.088 0.2193 0.2293 0.0648 0.5371 -0.0040 -0.007773 -0.011275 12.39 500 800 -0.010208 0.476010 0.506708 -0.030698 0.200000 
6.412 3 -1.642261 -0.628135 -9.438804 1.251221 -7.995605 -3.448486 0.53 0.53 1.6 1.6 0.158 0.105 0.2333 0.2418 0.0544 0.5440 -0.0040 -0.007773 -0.010273 12.39 500 810 -0.010344 0.529222 0.500596 0.028626 0.200000 
6.442 3 -0.436338 0.179810 -9.376470 0.000000 -2.777100 -0.671387 0.50 0.50 1.3 1.3 0.144 0.113 0.2374 0.2374 0.0000 0.5510 -0.0041 -0.005182 -0.010438 12.39 500 800 -0.009610 0.499057 0.497647 0.001410 0.200000 
6.472 3 -0.848701 0.345234 -10.491289 -0.946045 5.218506 -2.960205 0.51 0.51 1.3 1.5 0.198 0.173 0.2390 0.2217 -0.1114 0.5582 -0.0041 -0.005182 -0.008324 12.38 500 810 -0.010776 0.510232 0.503929 0.006303 0.200000 
6.502 3 -0.899048 -0.175015 -9.733691 0.549316 -2.014160 -2.014160 0.53 0.54 1.4 1.3 0.164 0.104 0.2623 0.2695 0.0466 0.5654 -0.0041 -0.005182 -0.009994 12.39 500 810 -0.012019 0.536019 0.508731 0.027289 0.200000 
6.532 3 -0.882266 -0.249336 -9.414829 1.037598 2.502441 -0.915527 0.49 0.50 1.4 1.3 0.069 0.060 0.2133 0.2362 0.1477 0.5725 -0.0041 -0.002591 -0.011680 12.39 500 800 -0.010679 0.493754 0.512494 -0.018740 0.200000 
6.562 3 -0.393184 -0.503467 -9.666562 1.434326 3.540039 -2.288818 0.51 0.50 1.2 1.4 0.207 0.095 0.2402 0.2333 -0.0440 0.5797 -0.0042 0.002591 -0.011201 12.39 500 800 -0.011546 0.504905 0.513812 -0.008907 0.200000 
6.592 3 -0.819932 0.007192 -10.170029 0.457764 7.019043 -0.823975 0.50 0.50 1.2 1.0 0.173 0.111 0.2390 0.2590 0.1296 0.5871 -0.0041 0.000000 -0.011896 12.39 500 770 -0.012504 0.497354 0.515773 -0.018419 0.200000 
6.622 3 -1.258667 0.016782 -9.211044 0.640869 4.852295 -0.701904 0.49 0.49 1.3 1.2 0.139 -0.014 0.2241 0.2333 0.0596 0.5944 -0.0041 0.000000 -0.013449 12.38 500 800 -0.012059 0.486098 0.516943 -0.030845 0.200000 
6.652 3 -0.644917 0.577788 -9.752871 0.091553 -1.739502 -1.129150 0.50 0.50 1.3 1.5 0.116 0.190 0.2402 0.2241 -0.1036 0.6016 -0.0041 0.000000 -0.013120 12.38 500 770 -0.011838 0.503045 0.509794 -0.006749 0.200000 
6.682 3 -0.599365 0.381196 -9.853564 -0.854492 1.068115 1.525879 0.49 0.49 1.2 1.3 0.139 0.112 0.2418 0.2281 -0.0881 0.6086 -0.0042 -0.002591 -0.012719 12.39 500 810 -0.011505 0.491731 0.507597 -0.015865 0.200000 
6.712 3 -0.908638 0.659302 -9.692934 1.220703 8.117676 2.746582 0.47 0.47 1.2 1.2 0.099 0.094 0.2125 0.2133 0.0052 0.6157 -0.0042 -0.005182 -0.011580 12.39 500 810 -0.010554 0.467624 0.506225 -0.038601 0.200000 
6.742 3 -0.927817 -0.107886 -9.697729 -0.854492 -4.821777 0.396729 0.54 0.54 1.3 1.7 0.169 0.230 0.2695 0.2217 -0.3083 0.6227 -0.0042 -0.007773 -0.009787 12.39 500 800 -0.011392 0.539075 0.506196 0.032878 0.200000 
6.772 3 -0.417158 -0.805547 -10.289902 -1.281738 -5.096436 3.082275 0.53 0.54 1.6 1.9 0.158 0.236 0.2362 0.1996 -0.2358 0.6297 -0.0043 -0.010364 -0.009312 12.39 500 810 -0.010232 0.537016 0.510029 0.026987 0.200000 
6.802 3 -0.462710 -0.644917 -10.038169 -1.922607 0.335693 4.516602 0.54 0.56 1.3 1.6 0.149 0.176 0.2675 0.2402 -0.1762 0.6369 -0.0044 -0.015547 -0.008905 12.39 500 810 -0.011945 0.548149 0.518913 0.029237 0.200000 
6.832 3 -0.270913 -0.640122 -10.129272 -1.129150 -2.655029 10.223389 0.54 0.56 1.4 1.8 0.203 0.166 0.2623 0.2321 -0.1943 0.6444 -0.0045 -0.018138 -0.009939 12.39 500 810 -0.011827 0.553207 0.525056 0.028151 0.200000 
6.862 3 0.374004 -0.390786 -10.812549 -0.457764 7.781982 7.598877 0.53 0.55 1.3 1.4 0.246 0.178 0.2494 0.2478 -0.0104 0.6518 -0.0047 -0.020729 -0.010088 12.39 500 800 -0.012921 0.536210 0.535049 0.001161 0.200000 
6.892 3 -0.426748 -0.918227 -10.325864 1.251221 1.403809 -0.183105 0.54 0.57 1.4 1.7 0.147 0.180 0.2659 0.2418 -0.1555 0.6592 -0.0048 -0.023320 -0.011968 12.38 500 800 -0.013673 0.553632 0.541488 0.012144 0.200000 
6.922 3 -0.800752 -0.932612 -9.609023 2.014160 0.152588 -0.244141 0.53 0.55 1.1 1.5 0.159 0.097 0.2848 0.2538 -0.1995 0.6664 -0.0050 -0.023320 -0.014250 12.39 500 810 -0.014084 0.540090 0.542275 -0.002185 0.200000 
6.952 3 -0.196592 -0.632930 -10.496083 0.091553 2.197266 -3.997803 0.50 0.52 1.2 1.3 0.139 0.106 0.2446 0.2462 0.0104 0.6737 -0.0052 -0.023320 -0.014988 12.39 500 810 -0.013036 0.509567 0.536758 -0.027191 0.200000 
6.982 3 -0.863086 -0.647314 -9.376470 0.946045 0.274658 -3.356934 0.45 0.48 1.1 1.3 0.076 0.076 0.2169 0.2145 -0.0155 0.6805 -0.0053 -0.023320 -0.016004 12.39 500 810 -0.010278 0.463751 0.521968 -0.058217 0.200000 
7.012 3 -0.251733 -0.539429 -10.270722 -0.183105 -9.796143 -7.904053 0.52 0.54 1.4 1.7 0.215 0.218 0.2494 0.2362 -0.0855 0.6875 -0.0055 -0.020729 -0.011898 12.38 500 810 -0.010818 0.528033 0.504647 0.023386 0.200000 
7.042 3 -0.781572 -0.417158 -9.582651 -1.586914 -0.946045 -3.021240 0.47 0.49 1.2 1.2 0.104 0.065 0.2193 0.2305 0.0726 0.6942 -0.0056 -0.018138 -0.011468 12.39 500 810 -0.009167 0.479062 0.498772 -0.019710 0.200000 
7.072 3 -0.647314 -0.280503 -9.287764 0.061035 4.119873 -3.540039 0.46 0.48 1.3 1.2 0.164 0.077 0.2028 0.2181 0.0985 0.7010 -0.0058 -0.018138 -0.009773 12.39 500 810 -0.008520 0.470354 0.497267 -0.026913 0.200000 
7.102 3 -0.692866 -0.685674 -10.299492 -0.549316 -5.615234 -7.354736 0.52 0.54 1.6 1.4 0.222 0.215 0.2265 0.2590 0.2099 0.7080 -0.0059 -0.015547 -0.008257 12.38 500 810 -0.009594 0.527453 0.494482 0.032971 0.200000 
7.132 3 -0.513057 -0.484287 -10.023784 -1.037598 -4.272461 -3.631592 0.50 0.52 1.3 1.4 0.169 0.124 0.2374 0.2434 0.0389 0.7146 -0.0060 -0.012956 -0.008616 12.38 490 800 -0.008833 0.510131 0.493045 0.017086 0.200000 
7.162 3 -1.050088 0.105488 -9.503535 -1.434326 -1.464844 2.349854 0.51 0.52 1.2 1.5 0.119 0.089 0.2510 0.2305 -0.1321 0.7215 -0.0061 -0.012956 -0.008119 12.39 500 800 -0.009300 0.513223 0.496296 0.016927 0.200000 
7.192 3 -0.551416 -0.232554 -9.568266 -1.281738 1.251221 3.753662 0.49 0.50 1.3 1.3 0.177 0.112 0.2265 0.2321 0.0363 0.7285 -0.0061 -0.010364 -0.009299 12.39 500 810 -0.008914 0.491510 0.499726 -0.008216 0.200000 
7.222 3 -0.738418 0.115078 -9.707319 -1.556396 -1.159668 0.457764 0.51 0.52 1.5 1.6 0.126 0.169 0.2293 0.2229 -0.0415 0.7355 -0.0062 -0.012956 -0.008860 12.39 500 800 -0.009595 0.514102 0.502707 0.011395 0.200000 
7.252 3 -0.743213 0.194194 -9.872744 0.000000 3.753662 2.227783 0.47 0.48 1.1 1.1 0.099 0.095 0.2321 0.2390 0.0440 0.7425 -0.0063 -0.010364 -0.010902 12.39 500 810 -0.009580 0.476203 0.502532 -0.026329 0.200000 
7.282 3 -0.949395 -0.210977 -10.040566 -0.823975 5.798340 -3.356934 0.46 0.47 1.2 1.2 0.167 0.080 0.2113 0.2157 0.0285 0.7494 -0.0064 -0.010364 -0.010338 12.39 500 810 -0.008839 0.462996 0.498225 -0.035229 0.200000 
7.312 3 0.112681 -0.745610 -10.836523 0.976562 4.425049 1.617432 0.46 0.47 1.2 1.2 0.219 0.088 0.2080 0.2181 0.0648 0.7562 -0.0065 -0.010364 -0.009391 12.39 500 790 -0.008271 0.465998 0.492640 -0.026643 0.200000 
7.342 3 -1.018921 -0.232554 -9.640190 -1.495361 -8.178711 -3.112793 0.52 0.53 1.4 1.6 0.150 0.153 0.2446 0.2345 -0.0648 0.7628 -0.0065 -0.007773 -0.008160 12.38 500 810 -0.008741 0.521298 0.486943 0.034355 0.200000 
7.372 3 -0.189399 -0.788765 -9.642588 0.091553 -6.317139 -4.089355 0.51 0.52 1.5 1.6 0.169 0.164 0.2241 0.2169 -0.0466 0.7695 -0.0066 -0.010364 -0.007250 12.38 500 810 -0.007590 0.511946 0.486490 0.025457 0.200000 
7.402 3 -0.563403 -0.191797 -9.362084 -0.823975 -3.173828 0.701904 0.48 0.48 1.3 1.2 0.135 0.112 0.2157 0.2305 0.0959 0.7761 -0.0066 -0.007773 -0.008066 12.39 500 800 -0.006660 0.479218 0.482193 -0.002975 0.200000 
7.432 3 -0.668892 0.139053 -9.350098 -0.091553 -5.493164 -0.305176 0.50 0.51 1.4 1.5 0.172 0.116 0.2374 0.2253 -0.0777 0.7827 -0.0067 -0.010364 -0.006639 12.39 500 810 -0.007161 0.505599 0.481202 0.024397 0.200000 
7.462 3 -1.304219 0.302080 -9.208647 -2.258301 -1.220703 3.082275 0.48 0.49 1.2 1.4 0.102 0.102 0.2305 0.2080 -0.1451 0.7893 -0.0068 -0.007773 -0.006872 12.39 500 810 -0.006376 0.481723 0.482426 -0.000703 0.200000 
7.492 3 -1.054883 0.057539 -9.321328 -0.122070 5.279541 0.366211 0.46 0.47 1.1 1.3 0.117 0.115 0.2205 0.1988 -0.1399 0.7960 -0.0068 -0.010364 -0.006296 12.39 500 810 -0.006079 0.465216 0.485807 -0.020592 0.200000 
7.522 3 0.546621 0.254131 -10.769394 -0.274658 5.889893 6.072998 0.48 0.49 1.3 1.4 0.167 0.230 0.2217 0.2036 -0.1166 0.8028 -0.0069 -0.010364 -0.005076 12.39 500 810 -0.006744 0.486819 0.490694 -0.003875 0.200000 
7.552 3 -0.623340 0.139053 -10.066938 -1.831055 0.701904 2.136230 0.50 0.51 1.2 1.6 0.126 0.243 0.2494 0.2056 -0.2824 0.8094 -0.0070 -0.012956 -0.005468 12.38 500 810 -0.006822 0.504248 0.493152 0.011096 0.200000 
7.582 3 -0.520249 -0.110283 -9.829590 -0.885010 -4.882812 3.479004 0.52 0.54 1.6 1.7 0.228 0.243 0.2293 0.2157 -0.0881 0.8160 -0.0071 -0.015547 -0.004967 12.38 500 810 -0.006705 0.532435 0.498018 0.034417 0.200000 
7.612 3 -0.704853 0.376401 -9.875141 -1.464844 -3.051758 9.979248 0.51 0.52 1.4 1.6 0.150 0.203 0.2390 0.2193 -0.1270 0.8227 -0.0072 -0.018138 -0.005993 12.39 500 810 -0.006629 0.515829 0.498819 0.017009 0.200000 
7.642 3 -1.239487 0.484287 -9.122338 0.152588 1.342773 3.997803 0.48 0.50 1.1 1.5 0.017 0.165 0.2402 0.2036 -0.2358 0.8291 -0.0073 -0.023320 -0.006655 12.38 500 800 -0.006298 0.492043 0.500297 -0.008254 0.200000 
7.672 3 -0.254131 -0.491479 -10.110092 0.183105 1.251221 0.701904 0.48 0.51 1.2 1.6 0.152 0.203 0.2253 0.1956 -0.1917 0.8357 -0.0075 -0.025911 -0.006448 12.38 500 800 -0.006074 0.493957 0.502072 -0.008115 0.200000 
7.702 3 -0.316465 -0.338042 -9.654575 0.396729 2.136230 3.906250 0.46 0.49 1.1 1.4 0.167 0.126 0.2181 0.2048 -0.0855 0.8425 -0.0076 -0.025911 -0.007599 12.39 500 810 -0.005771 0.475619 0.501356 -0.025737 0.200000 
7.732 3 -0.544224 0.292490 -10.052553 2.105713 -1.190186 -0.793457 0.47 0.50 1.3 1.4 0.228 0.186 0.2157 0.2169 0.0078 0.8490 -0.0078 -0.025911 -0.006733 12.39 500 810 -0.005652 0.487695 0.494350 -0.006655 0.200000 
7.762 3 -0.767187 -0.740815 -9.812807 2.044678 -3.082275 -1.617432 0.47 0.50 1.4 1.4 0.156 0.105 0.2028 0.2169 0.0907 0.8554 -0.0080 -0.025911 -0.006369 12.39 500 800 -0.004742 0.483833 0.489339 -0.005506 0.200000 
7.792 3 -0.407568 -0.014385 -9.724101 0.579834 0.823975 0.274658 0.47 0.49 1.3 1.3 0.253 0.130 0.2036 0.2265 0.1477 0.8618 -0.0081 -0.025911 -0.005278 12.39 510 820 -0.004899 0.478220 0.484886 -0.006666 0.200000 
7.822 3 -0.896650 -0.481890 -9.505932 -1.098633 -8.972168 -6.256104 0.51 0.53 1.5 1.5 0.160 0.153 0.2265 0.2402 0.0881 0.8682 -0.0083 -0.020729 -0.004809 12.38 490 800 -0.005187 0.515860 0.480756 0.035104 0.200000 
7.852 3 -1.122012 0.038359 -9.594639 -0.305176 -0.579834 -4.943848 0.46 0.48 1.2 1.2 0.109 0.074 0.2113 0.2253 0.0907 0.8745 -0.0084 -0.018138 -0.005647 12.39 500 800 -0.004312 0.468313 0.479642 -0.011330 0.200000 
7.882 3 -0.846304 -0.568198 -9.549087 0.946045 8.392334 -7.049561 0.43 0.45 1.1 1.0 0.152 0.037 0.1900 0.2169 0.1736 0.8811 -0.0085 -0.015547 -0.005253 12.39 500 810 -0.004109 0.439166 0.479899 -0.040733 0.200000 
7.912 3 -0.961382 0.119873 -9.695332 0.854492 -10.620117 -7.507324 0.51 0.52 1.7 1.7 0.144 0.167 0.2125 0.2229 0.0674 0.8875 -0.0086 -0.010364 -0.003925 12.39 500 810 -0.004539 0.518450 0.475236 0.043214 0.200000 
7.942 3 0.158232 -0.083911 -10.675893 -1.159668 -0.885010 -3.143311 0.49 0.50 1.5 1.4 0.246 0.121 0.2080 0.2265 0.1192 0.8941 -0.0087 -0.007773 -0.003373 12.39 500 800 -0.004913 0.496808 0.478327 0.018481 0.200000 
7.972 3 -0.431543 -0.515454 -10.198798 0.183105 -3.448486 -1.678467 0.50 0.51 1.4 1.5 0.224 0.117 0.2321 0.2293 -0.0181 0.9006 -0.0087 -0.007773 -0.004063 12.38 500 810 -0.005465 0.505994 0.479937 0.026057 0.200000 
8.002 3 -0.937407 0.187002 -8.793886 -0.061035 1.068115 -1.464844 0.46 0.47 1.1 1.2 0.088 0.074 0.2181 0.2133 -0.0311 0.9068 -0.0087 -0.005182 -0.005745 12.39 500 810 -0.004391 0.462919 0.480185 -0.017266 0.200000 
8.032 3 -0.795957 -0.400376 -9.642588 -0.030518 4.913330 -1.190186 0.45 0.45 1.2 1.2 0.137 -0.020 0.2056 0.2048 -0.0052 0.9134 -0.0088 -0.002591 -0.005364 12.39 500 810 -0.004515 0.453200 0.478845 -0.025645 0.200000 
8.062 3 -1.105229 0.000000 -9.189467 0.457764 6.469727 -2.044678 0.43 0.43 1.1 1.2 0.155 -0.055 0.1856 0.1815 -0.0259 0.9198 -0.0088 -0.002591 -0.005803 12.39 500 810 -0.003262 0.427877 0.475870 -0.047993 0.200000 
8.092 3 -0.676084 -0.129463 -9.625805 0.457764 -7.568359 -1.068115 0.46 0.46 1.2 1.3 0.178 0.124 0.2157 0.2113 -0.0285 0.9257 -0.0088 0.000000 -0.005223 12.39 500 800 -0.002659 0.462352 0.461571 0.000781 0.200000 
8.122 3 -0.529839 0.028770 -10.150849 0.335693 9.796143 -2.258301 0.43 0.43 1.3 1.0 0.179 0.068 0.1735 0.2016 0.1814 0.9323 -0.0088 -0.002591 -0.002615 12.39 500 810 -0.002849 0.430462 0.462316 -0.031854 0.200000 
8.152 3 -0.985356 -0.187002 -9.503535 1.007080 -7.080078 -3.906250 0.49 0.50 1.3 1.2 0.103 0.097 0.2362 0.2510 0.0959 0.9383 -0.0088 -0.002591 -0.002865 12.39 500 810 -0.003918 0.494478 0.459238 0.035241 0.200000 
8.182 3 -0.709648 -0.160630 -9.798423 1.434326 2.655029 -1.861572 0.47 0.46 1.3 1.3 0.168 0.125 0.2008 0.2080 0.0466 0.9447 -0.0088 0.002591 -0.002463 12.39 500 810 -0.003123 0.464629 0.467299 -0.002670 0.200000 
8.212 3 -0.457915 0.604160 -9.721704 -0.183105 11.016846 1.647949 0.44 0.44 1.1 1.1 0.154 -0.044 0.1996 0.2056 0.0389 0.9516 -0.0088 0.002591 -0.003289 12.39 500 800 -0.004009 0.442953 0.474205 -0.031252 0.200000 
8.242 3 -0.767187 -0.071924 -9.249404 -0.274658 -7.049561 -2.075195 0.52 0.51 1.4 1.7 0.162 0.123 0.2462 0.2181 -0.1814 0.9580 -0.0088 0.002591 -0.003687 12.38 500 800 -0.005233 0.515148 0.475079 0.040069 0.200000 
8.272 3 -0.649712 -0.656904 -9.805614 -0.122070 -1.251221 -1.586914 0.48 0.48 1.2 1.3 0.146 0.109 0.2281 0.2205 -0.0492 0.9644 -0.0088 0.002591 -0.005095 12.39 500 810 -0.004772 0.477945 0.476808 0.001137 0.200000 
8.302 3 -0.273311 -0.081514 -10.143657 -0.183105 2.502441 -2.563477 0.48 0.47 1.0 1.4 0.079 0.175 0.2510 0.2036 -0.3058 0.9711 -0.0088 0.005182 -0.004768 12.39 500 810 -0.005576 0.476869 0.477520 -0.000652 0.200000 
8.332 3 -0.182207 -0.239746 -10.050156 0.335693 1.007080 1.129150 0.48 0.48 1.4 1.4 0.106 0.165 0.2088 0.2068 -0.0130 0.9777 -0.0087 0.002591 -0.005023 12.39 500 810 -0.005034 0.477015 0.480423 -0.003408 0.200000 
8.362 3 -1.047690 -0.467505 -9.076787 0.671387 -1.617432 4.150391 0.47 0.47 1.4 1.4 0.146 0.081 0.2028 0.2068 0.0259 0.9839 -0.0087 0.000000 -0.005672 12.38 500 810 -0.004497 0.474183 0.480293 -0.006109 0.200000 
8.392 3 -0.961382 0.652109 -9.642588 0.335693 9.674072 3.662109 0.42 0.42 1.2 1.0 0.138 0.064 0.1783 0.1856 0.0466 0.9903 -0.0087 0.000000 -0.005467 12.38 500 810 -0.003255 0.421926 0.477809 -0.055883 0.200000 
8.422 3 -0.884663 -0.445928 -9.788833 -2.014160 -8.270264 2.532959 0.50 0.51 1.6 1.6 0.086 0.241 0.2133 0.2088 -0.0285 0.9964 -0.0087 -0.005182 -0.002960 12.38 500 800 -0.003554 0.506924 0.472124 0.034800 0.200000 
8.452 3 -0.155835 -0.556211 -10.021386 -0.518799 -9.613037 4.241943 0.52 0.52 1.6 1.6 0.242 0.235 0.2241 0.2205 -0.0233 1.0026 -0.0088 -0.007773 -0.001658 12.39 500 820 -0.003138 0.520293 0.471938 0.048355 0.200000 
8.482 3 -0.616147 0.860688 -9.179877 -0.061035 -4.730225 9.063721 0.50 0.51 1.5 1.5 0.099 0.176 0.2125 0.2125 0.0000 1.0088 -0.0088 -0.010364 -0.001735 12.39 510 810 -0.002593 0.500597 0.475503 0.025094 0.200000 
8.512 3 0.131860 -0.033564 -10.095708 -1.800537 0.152588 6.347656 0.50 0.51 1.3 1.7 0.202 0.272 0.2333 0.1912 -0.2721 1.0154 -0.0089 -0.018138 -0.001235 12.38 500 800 -0.003348 0.505132 0.484534 0.020598 0.200000 
8.542 3 -0.860688 -0.122271 -9.347700 -1.403809 2.655029 5.249023 0.47 0.50 1.3 1.5 0.111 0.111 0.2145 0.2028 -0.0751 1.0217 -0.0091 -0.020729 -0.003211 12.39 500 820 -0.003411 0.484897 0.492161 -0.007264 0.200000 
8.572 3 -1.069268 -0.740815 -9.290161 2.441406 3.906250 4.364014 0.46 0.48 1.4 1.3 0.146 0.070 0.1912 0.1988 0.0492 1.0281 -0.0092 -0.020729 -0.004462 12.39 500 810 -0.003031 0.466183 0.494132 -0.027949 0.200000 
8.602 3 -0.700059 0.903843 -10.179619 1.312256 0.518799 1.220703 0.47 0.49 1.4 1.4 0.196 0.227 0.1996 0.2068 0.0466 1.0343 -0.0093 -0.023320 -0.004025 12.39 500 810 -0.003434 0.482853 0.490575 -0.007722 0.200000 
8.632 3 0.122271 -0.215771 -10.723843 0.701904 6.408691 -1.434326 0.45 0.48 1.2 1.2 0.215 0.185 0.1976 0.2100 0.0803 1.0407 -0.0095 -0.023320 -0.003552 12.39 500 800 -0.003424 0.464748 0.488400 -0.023651 0.200000 
8.662 3 -0.755200 -1.141191 -9.695332 -0.305176 -5.096436 0.030518 0.49 0.51 1.3 1.5 0.162 0.144 0.2293 0.2217 -0.0492 1.0469 -0.0096 -0.020729 -0.004008 12.39 500 800 -0.003795 0.499225 0.483565 0.015660 0.200000 
8.692 3 -0.836714 0.117476 -9.151108 1.556396 3.356934 -4.302979 0.42 0.44 1.2 1.1 0.022 0.098 0.1751 0.2008 0.1658 1.0530 -0.0097 -0.020729 -0.005472 12.39 500 800 -0.001673 0.427581 0.477290 -0.049709 0.200000 
8.722 3 -0.222964 -0.028770 -10.261132 0.152588 -4.394531 0.579834 0.48 0.49 1.5 1.4 0.284 0.161 0.2016 0.2241 0.1451 1.0594 -0.0099 -0.015547 -0.002463 12.39 500 810 -0.002653 0.485154 0.467919 0.017235 0.200000 
8.752 3 -0.716841 0.057539 -9.757666 1.251221 -0.732422 -10.040283 0.44 0.45 1.2 1.3 0.161 0.064 0.1956 0.1988 0.0207 1.0654 -0.0100 -0.015547 -0.003511 12.39 500 810 -0.001303 0.443043 0.462567 -0.019524 0.200000 
8.782 3 -0.757598 0.043154 -10.179619 1.037598 -8.270264 -8.636475 0.48 0.49 1.8 1.3 0.264 0.145 0.1743 0.2374 0.4068 1.0714 -0.0100 -0.010364 -0.001326 12.38 500 790 -0.001748 0.488906 0.455812 0.033094 0.200000 
8.812 3 -0.338042 -0.522646 -9.887129 -0.335693 -3.997803 -6.866455 0.48 0.48 1.3 1.4 0.174 0.109 0.2169 0.2205 0.0233 1.0777 -0.0101 -0.007773 -0.001152 12.39 500 810 -0.001991 0.479059 0.456720 0.022339 0.200000 
8.842 3 -0.956587 0.172617 -9.316533 -1.312256 2.044678 -4.486084 0.45 0.46 1.2 1.3 0.116 0.073 0.2008 0.2056 0.0311 1.0839 -0.0101 -0.005182 -0.001545 12.39 500 810 -0.001714 0.456695 0.462140 -0.005445 0.200000 
8.872 3 -0.606558 -0.596968 -10.002207 0.579834 -0.122070 -0.061035 0.47 0.48 1.4 1.5 0.183 0.108 0.2036 0.2016 -0.0130 1.0903 -0.0102 -0.005182 -0.001625 12.39 500 810 -0.002390 0.476995 0.468923 0.008072 0.200000 
8.902 3 -0.918227 0.362017 -9.776845 -0.122070 10.894775 -1.495361 0.43 0.43 1.1 1.0 0.078 0.074 0.1900 0.1976 0.0492 1.0967 -0.0102 -0.005182 -0.003100 12.39 500 810 -0.002478 0.428978 0.473227 -0.044250 0.200000 
8.932 3 -0.630532 -0.733623 -9.709717 0.915527 -5.981445 -3.387451 0.49 0.50 1.4 1.6 0.211 0.184 0.2253 0.2028 -0.1451 1.1030 -0.0102 -0.002591 -0.002719 12.39 500 810 -0.003126 0.495110 0.470157 0.024954 0.200000 
8.962 3 -0.359619 -0.268516 -9.951860 -0.030518 0.762939 1.556396 0.43 0.43 1.3 1.1 0.147 0.081 0.1815 0.1976 0.1036 1.1090 -0.0102 -0.002591 -0.004362 12.39 500 800 -0.001305 0.431017 0.464249 -0.033232 0.200000 
8.992 3 -0.239746 0.242144 -10.333056 -1.342773 -7.293701 8.361816 0.51 0.51 1.7 1.5 0.240 0.133 0.2028 0.2305 0.1788 1.1154 -0.0102 -0.002591 -0.001002 12.39 500 800 -0.003167 0.507600 0.460485 0.047114 0.200000 
9.022 3 -0.338042 0.474697 -9.939873 0.762939 3.417969 1.800537 0.46 0.46 1.3 1.2 0.135 0.101 0.1948 0.2100 0.0985 1.1218 -0.0103 -0.002591 -0.002417 12.39 510 810 -0.002636 0.456626 0.466365 -0.009739 0.200000 
9.052 3 -0.769585 0.474697 -10.179619 0.518799 5.859375 -1.708984 0.45 0.45 1.4 1.2 0.149 0.138 0.1791 0.2056 0.1710 1.1281 -0.0103 -0.005182 -0.002600 12.39 500 810 -0.002845 0.452028 0.470030 -0.018002 0.200000 
9.082 3 -0.592173 0.079116 -9.731294 -0.915527 -4.547119 1.251221 0.48 0.49 1.2 1.4 0.177 0.091 0.2333 0.2145 -0.1218 1.1343 -0.0103 -0.002591 -0.003230 12.39 500 800 -0.003464 0.485209 0.466997 0.018212 0.200000 
9.112 3 -1.023716 -0.074321 -9.489150 -0.732422 3.814697 0.610352 0.41 0.41 1.0 0.9 0.006 0.002 0.1900 0.1976 0.0492 1.1403 -0.0103 -0.002591 -0.004768 12.39 500 810 -0.001146 0.412192 0.461729 -0.049537 0.200000 
9.142 3 -0.412363 0.201387 -9.752871 -0.823975 -15.289307 3.204346 0.51 0.51 1.5 1.5 0.207 0.158 0.2362 0.2374 0.0078 1.1463 -0.0103 -0.002591 -0.001421 12.39 500 810 -0.002086 0.508192 0.448176 0.060016 0.200000 
9.172 3 -1.050088 -0.628135 -9.762461 0.305176 8.941650 -1.098633 0.44 0.44 1.1 1.3 0.106 0.086 0.1956 0.1743 -0.1373 1.1526 -0.0103 -0.005182 -0.000766 12.39 500 800 -0.001420 0.437778 0.462448 -0.024670 0.200000 
9.202 3 -0.709648 0.232554 -9.745678 -1.892090 -8.239746 4.638672 0.48 0.48 1.3 1.4 0.160 0.105 0.2241 0.2100 -0.0907 1.1586 -0.0104 -0.005182 -0.001879 12.39 500 810 -0.001220 0.477982 0.455811 0.022171 0.200000 
9.232 3 -0.163027 0.292490 -10.241953 3.509521 21.820068 4.150391 0.45 0.46 1.2 1.0 0.272 0.146 0.1856 0.2056 0.1296 1.1656 -0.0104 -0.007773 0.001450 12.39 500 810 -0.003642 0.451129 0.476374 -0.025245 0.200000 
9.262 3 -0.882266 0.383594 -8.501396 -2.288818 -2.685547 7.720947 0.46 0.47 1.1 1.3 0.133 0.068 0.2217 0.2068 -0.0959 1.1715 -0.0105 -0.010364 -0.004068 12.39 500 810 -0.002028 0.464952 0.475975 -0.011022 0.200000 
9.292 3 -0.544224 0.937407 -9.606626 1.953125 9.033203 1.647949 0.51 0.52 1.3 1.5 0.207 0.224 0.2390 0.2125 -0.1710 1.1785 -0.0105 -0.012956 0.000440 12.38 500 810 -0.005482 0.516529 0.488838 0.027691 0.200000 
9.322 3 -0.908638 -0.397979 -9.256597 -1.647949 1.342773 5.035400 0.47 0.49 1.2 1.4 0.177 0.129 0.2181 0.2113 -0.0440 1.1847 -0.0106 -0.015547 -0.005254 12.39 500 810 -0.004077 0.478094 0.494544 -0.016450 0.200000 
9.352 3 -0.714443 1.138794 -10.126875 -1.800537 6.195068 6.561279 0.49 0.51 1.3 1.6 0.221 0.268 0.2217 0.1996 -0.1425 1.1917 -0.0107 -0.018138 -0.003270 12.38 500 800 -0.005626 0.501005 0.499069 0.001936 0.200000 
9.382 3 -0.604160 -0.019180 -9.776845 -2.502441 1.159668 6.195068 0.48 0.51 1.1 1.4 0.158 0.160 0.2446 0.2193 -0.1632 1.1980 -0.0109 -0.020729 -0.005873 12.39 500 800 -0.005913 0.495244 0.498895 -0.003652 0.200000 
9.412 3 -0.366812 0.750405 -10.066938 -0.274658 1.739502 4.577637 0.47 0.49 1.2 1.4 0.169 0.173 0.2193 0.2080 -0.0726 1.2046 -0.0110 -0.023320 -0.005958 12.39 500 810 -0.005132 0.480679 0.495004 -0.014325 0.200000 
9.442 3 -0.769585 -0.088706 -10.083720 -0.671387 -6.225586 4.333496 0.47 0.49 1.2 1.6 0.186 0.128 0.2229 0.1968 -0.1684 1.2106 -0.0112 -0.023320 -0.006139 12.39 500 810 -0.003713 0.480708 0.483229 -0.002520 0.200000 
9.472 3 -0.853496 -0.086309 -10.246748 1.525879 -4.241943 -0.396729 0.47 0.49 1.3 1.4 0.203 0.158 0.2157 0.2133 -0.0155 1.2168 -0.0113 -0.025911 -0.004415 12.39 500 810 -0.003212 0.479050 0.476267 0.002783 0.200000 
9.502 3 -0.218169 -0.606558 -10.035771 1.708984 -1.434326 -1.434326 0.45 0.47 1.4 1.1 0.187 0.128 0.1783 0.2205 0.2721 1.2228 -0.0115 -0.025911 -0.003686 12.39 500 810 -0.001950 0.460156 0.472509 -0.012353 0.200000 
9.532 3 -1.021318 -0.155835 -9.326122 0.854492 7.415771 -0.335693 0.44 0.46 1.3 0.8 0.146 0.038 0.1743 0.2390 0.4172 1.2291 -0.0116 -0.023320 -0.002472 12.38 500 810 -0.002455 0.447544 0.473597 -0.026053 0.200000 
9.562 3 -0.136655 -0.105488 -9.678550 1.678467 -1.800537 -11.505127 0.48 0.51 1.2 1.6 0.161 0.234 0.2293 0.2028 -0.1710 1.2353 -0.0118 -0.025911 -0.001392 12.38 500 800 -0.002835 0.494462 0.473744 0.020718 0.200000 
9.592 3 -0.690469 -0.311670 -10.246748 -1.159668 -5.523682 -5.432129 0.49 0.51 1.4 1.4 0.209 0.153 0.2169 0.2362 0.1244 1.2415 -0.0119 -0.023320 -0.001952 12.39 500 810 -0.002649 0.498477 0.472222 0.026254 0.200000 
9.622 3 -0.889458 0.225361 -9.748075 -0.701904 4.272461 -5.340576 0.43 0.45 1.1 1.0 0.131 0.116 0.1920 0.2205 0.1840 1.2475 -0.0121 -0.018138 -0.003230 12.39 500 810 -0.001472 0.439395 0.471889 -0.032494 0.200000 
9.652 3 -0.369209 -0.793560 -10.901255 -0.183105 4.943848 1.037598 0.47 0.48 1.3 1.4 0.254 0.108 0.1976 0.2080 0.0674 1.2542 -0.0122 -0.015547 -0.000918 12.39 500 810 -0.002695 0.473588 0.473070 0.000518 0.200000 
9.682 3 -1.342578 0.163027 -9.263789 0.396729 2.166748 -2.258301 0.48 0.49 1.5 1.0 0.204 -0.046 0.1920 0.2538 0.3990 1.2604 -0.0123 -0.012956 -0.002423 12.38 500 800 -0.003684 0.483239 0.478197 0.005042 0.200000 
9.712 3 0.371606 0.028770 -10.460122 0.518799 8.361816 -0.640869 0.45 0.46 1.3 1.0 0.258 0.044 0.1884 0.2281 0.2565 1.2670 -0.0124 -0.010364 -0.003175 12.38 500 800 -0.003788 0.459109 0.482165 -0.023056 0.200000 
9.742 3 -1.076460 -0.196592 -9.882334 0.427246 -3.723145 -4.699707 0.48 0.48 1.4 1.3 0.101 0.097 0.2133 0.2265 0.0855 1.2732 -0.0124 -0.007773 -0.004766 12.38 500 810 -0.003729 0.480080 0.477451 0.002629 0.200000 
9.772 3 -0.666494 -0.570596 -9.143916 -0.976562 -2.105713 -1.251221 0.44 0.45 1.2 1.2 0.136 0.039 0.1996 0.2088 0.0596 1.2793 -0.0125 -0.007773 -0.005389 12.39 500 810 -0.002194 0.443965 0.468560 -0.024595 0.200000 
9.802 3 -0.167822 -0.146245 -10.412172 2.166748 8.789062 1.525879 0.42 0.42 1.3 1.0 0.229 0.038 0.1566 0.1976 0.2643 1.2857 -0.0125 -0.002591 -0.002865 12.38 500 810 -0.001686 0.420091 0.462563 -0.042472 0.200000 
9.832 3 -1.131602 -0.433940 -9.493945 0.549316 -9.124756 -1.464844 0.47 0.48 1.5 1.3 0.150 0.101 0.2036 0.2265 0.1477 1.2913 -0.0125 -0.002591 -0.002254 12.39 500 790 -0.001348 0.475931 0.453143 0.022788 0.200000 
9.862 3 -0.980561 0.268516 -8.887387 0.579834 5.706787 -3.936768 0.45 0.45 1.2 1.1 0.119 0.070 0.2028 0.2157 0.0829 1.2977 -0.0125 -0.002591 -0.001057 12.39 500 800 -0.002103 0.451016 0.460480 -0.009464 0.200000 
9.892 3 -0.549019 -0.350029 -9.776845 0.793457 -3.753662 -3.601074 0.49 0.50 1.1 1.4 0.198 0.121 0.2574 0.2333 -0.1555 1.3042 -0.0125 -0.002591 -0.001743 12.39 500 800 -0.003635 0.494568 0.462544 0.032024 0.200000 
9.922 3 -0.882266 -0.429145 -9.493945 1.098633 1.281738 -2.227783 0.44 0.44 1.1 1.2 0.128 0.059 0.2036 0.2008 -0.0181 1.3102 -0.0125 -0.002591 -0.003728 12.39 500 810 -0.001678 0.437598 0.462568 -0.024970 0.200000 
9.952 3 -0.031167 0.282900 -10.745420 0.091553 -2.105713 5.432129 0.47 0.47 1.6 1.0 0.302 0.108 0.1775 0.2402 0.4042 1.3164 -0.0125 0.000000 -0.001736 12.39 500 790 -0.002209 0.469193 0.457106 0.012087 0.200000 
9.982 3 -0.414761 0.230156 -10.074131 0.610352 2.593994 4.638672 0.46 0.46 1.6 1.2 0.181 0.106 0.1687 0.2056 0.2384 1.3228 -0.0125 0.000000 -0.001206 12.39 500 800 -0.002004 0.460583 0.461656 -0.001074 0.200000 
10.012 3 -0.628135 -0.369209 -9.776845 0.213623 -4.882812 0.366211 0.49 0.48 1.4 1.4 0.155 0.132 0.2217 0.2217 0.0000 1.3291 -0.0125 0.002591 -0.002284 12.39 500 800 -0.002897 0.486170 0.462997 0.023173 0.200000 
10.042 3 -0.091104 -0.290093 -9.939873 0.213623 2.075195 0.823975 0.47 0.46 1.2 1.2 0.150 0.090 0.2229 0.2157 -0.0466 1.3355 -0.0125 0.002591 -0.002731 12.40 500 790 -0.003340 0.466275 0.467433 -0.001157 0.200000 
10.072 3 -0.700059 0.007192 -9.609023 -1.159668 1.586914 3.906250 0.45 0.45 1.2 1.3 0.130 0.126 0.2088 0.1928 -0.1036 1.3417 -0.0125 0.000000 -0.004028 12.38 500 760 -0.002905 0.452736 0.469506 -0.016770 0.200000 
10.102 3 -0.143848 0.215771 -10.575200 -0.732422 2.014160 8.361816 0.48 0.48 1.4 1.3 0.240 0.154 0.2133 0.2169 0.0233 1.3483 -0.0125 0.002591 -0.002287 12.39 500 800 -0.004070 0.480616 0.469810 0.010806 0.200000 
10.132 3 -0.994946 0.515454 -9.561074 -0.640869 -6.652832 5.554199 0.51 0.51 1.5 1.5 0.207 0.148 0.2217 0.2293 0.0492 1.3548 -0.0125 -0.002591 -0.002852 12.39 500 810 -0.004156 0.506884 0.470617 0.036267 0.200000 
10.162 3 -0.853496 -0.328452 -9.935078 0.335693 -4.638672 -0.671387 0.50 0.50 1.6 1.6 0.161 0.199 0.2036 0.2088 0.0337 1.3612 -0.0125 -0.002591 -0.002883 12.38 500 800 -0.003791 0.500241 0.474969 0.025271 0.200000 
10.192 3 -1.021318 -0.673687 -9.474766 -0.946045 -0.335693 4.455566 0.48 0.49 1.3 1.6 0.141 0.152 0.2217 0.1940 -0.1788 1.3674 -0.0125 -0.005182 -0.003406 12.39 500 800 -0.003891 0.486206 0.480187 0.006019 0.200000 
10.223 3 -0.047949 -0.407568 -10.263530 0.823975 -0.671387 3.631592 0.49 0.50 1.2 1.5 0.209 0.184 0.2374 0.2056 -0.2047 1.3741 -0.0126 -0.007773 -0.003592 12.39 500 800 -0.004246 0.492359 0.483478 0.008881 0.200000 
10.253 3 -0.455518 0.047949 -9.858359 -0.061035 -0.183105 7.995605 0.47 0.48 1.2 1.4 0.165 0.137 0.2193 0.2016 -0.1140 1.3803 -0.0126 -0.010364 -0.004625 12.39 500 810 -0.003458 0.472803 0.483833 -0.011030 0.200000 
10.283 3 -0.841509 -0.453120 -9.553882 -0.213623 7.324219 1.434326 0.43 0.45 1.1 1.3 0.019 0.123 0.1988 0.1751 -0.1529 1.3867 -0.0127 -0.015547 -0.004469 12.39 500 800 -0.002677 0.439431 0.482919 -0.043488 0.200000 
10.313 3 -0.280503 -0.246938 -10.225170 0.549316 -3.692627 -0.457764 0.50 0.52 1.3 1.9 0.179 0.257 0.2374 0.1831 -0.3498 1.3929 -0.0128 -0.018138 -0.002178 12.38 500 810 -0.003692 0.509526 0.481495 0.028030 0.200000 
10.343 3 0.098296 0.038359 -10.565610 0.244141 0.762939 1.556396 0.50 0.52 1.4 1.5 0.244 0.219 0.2281 0.2169 -0.0726 1.3996 -0.0130 -0.020729 -0.001943 12.38 500 800 -0.004467 0.509483 0.486903 0.022581 0.200000 
10.373 3 -1.131602 0.297285 -9.565868 -0.244141 -2.746582 1.464844 0.50 0.53 1.2 1.7 0.140 0.160 0.2494 0.2133 -0.2332 1.4060 -0.0131 -0.020729 -0.003162 12.38 500 810 -0.004715 0.515279 0.490160 0.025118 0.200000 
10.403 3 -1.594311 -0.599365 -9.002465 0.457764 -4.272461 -1.312256 0.49 0.52 1.3 1.6 0.160 0.124 0.2321 0.2181 -0.0907 1.4122 -0.0133 -0.023320 -0.004345 12.39 500 810 -0.004272 0.504604 0.490421 0.014184 0.200000 
10.433 3 -0.213374 -0.342837 -10.565610 -1.525879 3.692627 -1.831055 0.45 0.47 0.9 1.2 0.142 0.116 0.2362 0.2145 -0.1399 1.4184 -0.0134 -0.020729 -0.005199 12.39 500 790 -0.003917 0.463174 0.488879 -0.025705 0.200000 
10.463 3 -1.119614 -0.697661 -9.249404 0.915527 6.866455 -3.814697 0.44 0.46 1.2 1.1 0.183 0.007 0.1847 0.2056 0.1347 1.4248 -0.0135 -0.020729 -0.004797 12.39 500 810 -0.003158 0.445798 0.486158 -0.040359 0.200000 
10.493 3 -0.412363 -0.409966 -9.836782 0.366211 -9.094238 -3.601074 0.50 0.52 1.5 1.6 0.253 0.138 0.2241 0.2305 0.0415 1.4311 -0.0136 -0.018138 -0.003771 12.39 500 800 -0.004053 0.513035 0.478475 0.034560 0.200000 
10.523 3 -0.316465 0.242144 -10.297094 0.152588 -3.662109 -4.669189 0.50 0.51 1.4 1.5 0.264 0.135 0.2193 0.2253 0.0389 1.4377 -0.0137 -0.015547 -0.003068 12.39 500 800 -0.004362 0.505180 0.479451 0.025728 0.200000 
10.553 3 -0.436338 -0.055142 -9.865551 0.457764 -2.410889 -3.906250 0.46 0.47 1.2 1.2 0.199 0.098 0.2056 0.2169 0.0726 1.4437 -0.0138 -0.010364 -0.004880 12.39 500 810 -0.002948 0.462755 0.473661 -0.010906 0.200000 
10.583 3 -0.997344 -0.141450 -9.570663 -1.464844 -1.068115 -5.645752 0.45 0.46 1.2 1.4 0.144 0.096 0.1968 0.1856 -0.0726 1.4499 -0.0139 -0.012956 -0.004217 12.39 500 820 -0.002075 0.451540 0.469229 -0.017689 0.200000 
10.613 3 -0.397979 -0.903843 -9.743281 0.549316 6.011963 -5.920410 0.43 0.43 1.1 1.2 0.255 0.045 0.1831 0.1900 0.0440 1.4562 -0.0140 -0.005182 -0.003240 12.38 500 810 -0.001712 0.427925 0.464191 -0.036267 0.200000 
10.643 3 -0.249336 -0.671289 -10.414570 -1.007080 -2.929688 -1.251221 0.48 0.48 1.6 1.4 0.268 0.145 0.1799 0.2157 0.2306 1.4622 -0.0140 -0.005182 -0.001223 12.39 500 800 -0.002023 0.479352 0.461125 0.018227 0.200000 
10.673 3 -0.378799 0.318862 -10.100503 0.457764 -3.692627 -1.556396 0.48 0.48 1.2 1.3 0.212 0.139 0.2281 0.2217 -0.0415 1.4684 -0.0140 -0.002591 -0.001424 12.39 500 810 -0.002157 0.478494 0.458280 0.020214 0.200000 
10.703 3 -1.066870 -0.131860 -9.767256 0.885010 1.586914 -2.410889 0.45 0.45 1.2 1.1 0.108 0.062 0.2028 0.2125 0.0622 1.4744 -0.0141 -0.002591 -0.001875 12.39 500 810 -0.001294 0.449094 0.460444 -0.011350 0.200000 
10.733 3 -0.606558 -0.851099 -9.798423 -0.152588 11.718750 -3.997803 0.43 0.43 1.0 1.0 0.118 0.054 0.1940 0.1968 0.0181 1.4809 -0.0141 -0.002591 -0.001188 12.38 500 800 -0.001615 0.428058 0.464693 -0.036635 0.200000 
10.763 3 -0.697661 -0.537031 -9.683345 1.312256 -6.835938 -4.302979 0.50 0.50 1.6 1.4 0.177 0.120 0.2145 0.2305 0.1036 1.4869 -0.0141 -0.002591 -0.001515 12.39 500 800 -0.002512 0.497543 0.463707 0.033836 0.200000 
10.793 3 -0.450723 -0.155835 -10.160439 1.495361 3.356934 -2.838135 0.46 0.46 1.3 1.0 0.232 0.112 0.2028 0.2281 0.1632 1.4933 -0.0141 -0.002591 -0.001961 12.39 500 800 -0.002547 0.460891 0.466754 -0.005862 0.200000 
10.823 3 -0.527441 0.467505 -9.875141 -0.366211 0.244141 3.479004 0.48 0.48 1.4 1.3 0.189 0.145 0.2080 0.2229 0.0959 1.4997 -0.0141 -0.002591 -0.001851 12.39 500 810 -0.003145 0.481583 0.469494 0.012088 0.200000 
10.853 3 -0.613750 0.086309 -9.824795 0.000000 -3.936768 -2.166748 0.48 0.48 1.3 1.4 0.181 0.119 0.2253 0.2157 -0.0622 1.5058 -0.0141 -0.002591 -0.002782 12.39 500 810 -0.002902 0.482741 0.467798 0.014943 0.200000 
10.883 3 -0.623340 -0.064731 -9.297353 0.274658 2.136230 0.701904 0.45 0.45 1.1 1.2 0.094 0.019 0.2048 0.2068 0.0130 1.5120 -0.0141 0.000000 -0.003674 12.39 500 770 -0.002312 0.446656 0.467732 -0.021076 0.200000 
10.913 3 -0.508262 -0.220566 -9.930283 0.122070 6.408691 1.586914 0.43 0.43 1.2 1.0 0.218 0.057 0.1783 0.2048 0.1710 1.5184 -0.0141 0.000000 -0.003087 12.39 500 770 -0.001907 0.431926 0.466096 -0.034169 0.200000 
10.943 3 -0.798354 -0.256528 -10.812549 -0.457764 -6.225586 3.173828 0.47 0.47 1.3 1.4 0.120 0.080 0.2133 0.2056 -0.0492 1.5244 -0.0141 0.000000 -0.002920 12.38 500 770 -0.001746 0.467604 0.457611 0.009993 0.200000 
10.973 3 -1.157974 -0.196592 -9.211044 -1.159668 -3.265381 1.953125 0.46 0.46 1.2 1.3 0.119 0.111 0.2181 0.2068 -0.0726 1.5305 -0.0141 0.000000 -0.002317 12.39 500 800 -0.001527 0.456788 0.453292 0.003495 0.200000 
11.003 3 -0.467505 -0.333247 -8.211304 -2.868652 -3.784180 10.345459 0.47 0.47 1.3 1.5 0.209 0.118 0.2157 0.1900 -0.1658 1.5367 -0.0142 -0.002591 -0.000861 12.39 500 800 -0.001434 0.473407 0.454469 0.018938 0.200000 
11.033 3 -1.076460 -0.604160 -8.240073 -0.579834 1.037598 6.561279 0.45 0.46 1.2 1.3 0.137 0.032 0.2056 0.1956 -0.0648 1.5427 -0.0142 -0.007773 -0.001381 12.39 500 810 -0.001471 0.456564 0.459286 -0.002721 0.200000 
11.063 3 -0.431543 0.278105 -9.748075 0.915527 3.143311 1.861572 0.46 0.47 1.4 1.2 0.162 0.158 0.1996 0.2125 0.0829 1.5491 -0.0142 -0.012956 -0.000672 12.39 510 820 -0.002105 0.467435 0.464077 0.003357 0.200000 
11.093 3 -0.505864 0.318862 -10.579995 -2.319336 2.014160 7.476807 0.48 0.49 1.4 1.6 0.215 0.241 0.2100 0.1868 -0.1503 1.5556 -0.0143 -0.012956 -0.000450 12.38 500 810 -0.002303 0.481504 0.470011 0.011494 0.200000 
11.123 3 -0.381196 -0.450723 -10.078925 -1.434326 -4.241943 8.819580 0.48 0.50 1.3 1.6 0.175 0.213 0.2241 0.2028 -0.1373 1.5616 -0.0144 -0.018138 -0.001533 12.38 500 810 -0.002272 0.493874 0.471679 0.022196 0.200000 
11.153 3 -0.906240 0.402773 -9.990219 0.152588 1.007080 7.873535 0.48 0.51 1.4 1.4 0.154 0.210 0.2181 0.2113 -0.0440 1.5680 -0.0145 -0.023320 -0.001053 12.39 500 810 -0.003138 0.495529 0.478191 0.017338 0.200000 
11.183 3 -0.232554 -0.182207 -10.402583 -1.220703 3.204346 5.157471 0.48 0.50 1.1 1.5 0.122 0.194 0.2333 0.2016 -0.2047 1.5746 -0.0147 -0.025911 -0.002372 12.39 500 810 -0.003804 0.488678 0.485541 0.003137 0.200000 
11.213 3 -0.743213 -0.242144 -9.362084 -1.281738 3.875732 8.911133 0.47 0.49 1.2 1.5 0.124 0.139 0.2133 0.1940 -0.1244 1.5811 -0.0149 -0.025911 -0.003939 12.39 500 820 -0.003863 0.479218 0.493502 -0.014284 0.200000 
11.243 3 -0.055142 -0.230156 -9.800820 1.525879 -1.403809 -1.007080 0.49 0.52 1.3 1.5 0.149 0.218 0.2374 0.2193 -0.1166 1.5877 -0.0151 -0.033685 -0.004324 12.39 500 800 -0.005195 0.507899 0.494287 0.013612 0.200000 
11.273 3 -0.611353 0.628135 -9.827192 0.396729 2.716064 2.838135 0.46 0.49 1.3 1.3 0.156 0.119 0.2028 0.2205 0.1140 1.5943 -0.0153 -0.031093 -0.005705 12.40 500 810 -0.004763 0.477308 0.496208 -0.018900 0.200000 
11.303 3 -1.078857 0.810342 -9.724101 -0.976562 4.974365 0.701904 0.45 0.48 1.3 1.2 0.154 0.097 0.1892 0.2113 0.1425 1.6007 -0.0155 -0.031093 -0.005768 12.39 500 810 -0.004461 0.463077 0.493512 -0.030435 0.200000 
11.333 3 -0.616147 -0.218169 -10.114887 -0.518799 -1.770020 -6.896973 0.46 0.49 1.1 1.4 0.137 0.162 0.2253 0.2113 -0.0907 1.6072 -0.0157 -0.031093 -0.005808 12.39 500 800 -0.004517 0.479015 0.485744 -0.006729 0.200000 
11.363 3 -0.572993 0.131860 -9.438804 0.976562 1.159668 -4.638672 0.44 0.47 1.0 1.2 0.101 0.033 0.2181 0.2193 0.0078 1.6134 -0.0159 -0.028502 -0.006036 12.38 500 800 -0.004053 0.456405 0.480283 -0.023878 0.200000 
11.393 3 -0.759995 0.038359 -9.134326 -1.342773 -1.586914 -4.974365 0.45 0.47 1.3 1.5 0.130 0.102 0.1948 0.1912 -0.0233 1.6196 -0.0161 -0.025911 -0.005088 12.39 500 810 -0.003166 0.461907 0.475593 -0.013686 0.200000 
11.423 3 0.270913 -0.335645 -10.666304 1.098633 5.554199 -2.410889 0.43 0.45 1.2 1.0 0.195 0.083 0.1831 0.2157 0.2099 1.6260 -0.0162 -0.025911 -0.004408 12.39 500 810 -0.003231 0.439217 0.470375 -0.031158 0.200000 
11.453 3 -0.829521 0.508262 -9.762461 0.610352 -4.882812 -4.760742 0.48 0.50 1.6 1.3 0.215 0.086 0.1892 0.2333 0.2850 1.6325 -0.0164 -0.020729 -0.003389 12.39 500 810 -0.003651 0.485997 0.466329 0.019668 0.200000 
11.483 3 -0.467505 0.119873 -9.939873 0.976562 -5.249023 -9.552002 0.47 0.49 1.3 1.3 0.161 0.143 0.2217 0.2281 0.0415 1.6385 -0.0165 -0.015547 -0.003281 12.38 500 810 -0.003416 0.482340 0.462672 0.019669 0.200000 
11.513 3 -0.853496 -0.328452 -9.767256 0.671387 1.678467 -7.965088 0.46 0.47 1.1 1.2 0.117 0.122 0.2181 0.2253 0.0466 1.6451 -0.0166 -0.012956 -0.003144 12.39 500 800 -0.003709 0.466610 0.466817 -0.000207 0.200000 
11.543 3 -1.186743 0.203784 -9.177480 -0.183105 3.570557 -5.249023 0.47 0.48 1.4 1.3 0.097 0.133 0.1996 0.2193 0.1270 1.6517 -0.0166 -0.010364 -0.003000 12.39 500 810 -0.004365 0.477559 0.476367 0.001191 0.200000 
11.573 3 0.230156 0.865483 -10.474506 1.953125 6.927490 -3.417969 0.48 0.49 1.3 1.3 0.261 0.203 0.2100 0.2157 0.0363 1.6584 -0.0167 -0.007773 -0.003220 12.39 500 810 -0.005477 0.482436 0.484052 -0.001615 0.200000 
11.603 3 0.069526 -0.465107 -10.654316 0.122070 12.298584 -0.793457 0.45 0.46 1.1 1.0 0.218 0.071 0.2048 0.2281 0.1503 1.6650 -0.0167 -0.005182 -0.005167 12.38 500 790 -0.006073 0.456479 0.490348 -0.033869 0.200000 
11.633 3 -0.846304 -0.134258 -9.357289 -0.427246 -2.899170 0.244141 0.49 0.49 1.3 1.5 0.156 0.032 0.2321 0.2169 -0.0985 1.6716 -0.0168 -0.002591 -0.006816 12.39 500 810 -0.006040 0.489266 0.486911 0.002355 0.200000 
11.663 3 -0.103091 -0.522646 -10.126875 -0.030518 3.692627 -4.730225 0.48 0.48 1.2 1.3 0.150 0.162 0.2305 0.2193 -0.0726 1.6784 -0.0168 -0.002591 -0.006440 12.39 500 800 -0.006803 0.478734 0.488000 -0.009266 0.200000 
11.693 3 -1.249077 1.929956 -11.404721 15.380859 -12.573242 -22.735596 0.55 0.55 1.8 1.9 0.257 0.253 0.2265 0.2265 0.0000 1.6853 -0.0168 -0.002591 -0.005162 12.35 500 800 -0.006910 0.548932 0.487571 0.061361 0.200000 
11.723 3 -0.736021 -2.102573 -10.685483 4.333496 3.234863 -18.432617 0.46 0.46 1.5 1.1 0.232 0.084 0.1611 0.2193 0.3757 1.6911 -0.0168 0.005182 -0.005456 12.38 500 790 -0.003782 0.460225 0.488255 -0.028031 0.200000 
11.753 3 -0.632930 0.294888 -10.292299 1.953125 -1.281738 -11.047363 0.47 0.45 1.4 1.3 0.219 0.101 0.1839 0.2056 0.1399 1.6973 -0.0167 0.012956 -0.005285 12.38 500 800 -0.002671 0.459686 0.481350 -0.021664 0.200000 
11.783 3 -0.690469 -0.697661 -9.611421 -1.708984 -6.744385 -5.432129 0.47 0.45 1.3 1.3 0.145 0.104 0.2028 0.2113 0.0544 1.7031 -0.0167 0.015547 -0.004746 12.39 500 790 -0.001919 0.462182 0.466909 -0.004727 0.200000 
11.813 3 -1.155576 -0.285298 -9.525112 -0.396729 -5.859375 -0.610352 0.43 0.42 1.1 1.4 0.103 0.034 0.1948 0.1643 -0.1969 1.7088 -0.0166 0.015547 -0.003956 12.40 500 810 0.000787 0.424206 0.451181 -0.026974 0.200000 
11.843 3 -0.484287 -0.716841 -9.664165 -1.098633 6.744385 6.896973 0.42 0.40 1.3 0.9 0.268 0.074 0.1574 0.1900 0.2099 1.7146 -0.0165 0.018138 0.000084 12.39 500 790 0.001086 0.409700 0.443266 -0.033566 0.200000 
11.873 3 -0.918227 -0.210977 -9.338110 -1.708984 -13.427734 9.216309 0.49 0.48 1.4 1.5 0.223 0.145 0.2217 0.2048 -0.1088 1.7202 -0.0164 0.012956 0.001478 12.39 500 810 0.001341 0.483187 0.434950 0.048237 0.200000 
11.903 3 -0.453120 -1.033306 -9.779243 -4.058838 7.812500 4.180908 0.45 0.44 1.2 1.2 0.184 0.123 0.2048 0.1823 -0.1451 1.7264 -0.0163 0.010364 0.003216 12.39 500 810 0.000458 0.449591 0.449280 0.000311 0.200000 
11.933 3 -0.999741 -0.321260 -10.184414 2.685547 0.518799 6.164551 0.49 0.48 1.2 1.6 0.126 0.156 0.2345 0.1876 -0.3032 1.7327 -0.0162 0.007773 0.001966 12.38 500 810 -0.000676 0.485458 0.460842 0.024616 0.200000 
11.963 3 -0.486685 -0.047949 -9.716908 -1.007080 2.532959 5.706787 0.47 0.47 1.1 1.5 0.122 0.190 0.2362 0.1815 -0.3524 1.7387 -0.0162 0.002591 0.000298 12.39 500 810 -0.000969 0.473101 0.469276 0.003826 0.200000 
11.993 3 -0.251733 -0.501069 -10.023784 -1.708984 2.258301 12.329102 0.47 0.47 1.4 1.4 0.215 0.162 0.2008 0.1948 -0.0389 1.7451 -0.0162 -0.002591 -0.000552 12.39 500 800 -0.001159 0.473650 0.475461 -0.001811 0.200000 
12.023 3 -1.196333 -0.419556 -9.115147 -0.213623 1.800537 12.786865 0.47 0.48 1.5 1.4 0.188 0.092 0.1912 0.1976 0.0415 1.7513 -0.0162 -0.005182 -0.001509 12.38 500 810 -0.001455 0.473586 0.480405 -0.006819 0.200000 
