%% logfile from robot 5
%  1    time 0.017 sec
%  2    mission (2) state 2
%  3  4  5 Acc x,y,z [m/s2]: -3.994170 7.353013 -8.877797
%  6  7  8 Gyro x,y,z [deg/s]: -5.340576 41.107178 -1.922607
%  9 10 Motor velocity ref left, right: 2.00 2.00
% 11 12 Motor voltage [V] left, right: 8.0 8.0
% 13 14 Motor current left, right [A]: 2.060 1.948
% 15 16 Wheel velocity [m/s] left, right: 0.4896 0.5655
% 17    Turnrate [r/s]: 0.4897
% 18 19 20 21 Pose x,y,h,tilt [m,m,rad,rad]: 0.0058 0.0000 0.002591 0.504444
% 22    Battery voltage [V]: 12.31
% 23 24 Get data time [us]: 500 +ctrl 810
% 25 26 27 28 29 Ballance pitch ref -0.033053 [rad], bal-out 2.000000 [rad], I-out 1.000000 [m/s], D-out 5.231477 [rad], vel ref [m/s] 0.000000
%% Configuration as seen in client (assumed updated from robot)
% [main]
% version = 2.162
% mission = 2
% statusinterval = 50
% usbdevicename = /dev/ttyACM0
% connect = True
% 
% [log]
% interval = 30
% mission_state = True
% acceleration = True
% gyro = True
% encoder = False
% motorref = True
% motorvoltage = True
% motorcurrent = True
% wheelvelocity = True
% robotpose = True
% linesensor = False
% batteryvoltage = True
% balancectrl = True
% controltime = True
% extrainfo = False
% logfilename = /home/chr/svnregbot/matlab/log_2015_11_01/bal_drive_3.log
% allow = True
% 
% [wheelVel]
% reguse = True
% usevelest = False
% usevelleadfwd = True
% acclimit = 0.0
% kp = 5.0
% taui = 0.0
% taud = 0.036
% alpha = 0.5
% imax = 8.0
% steptime = 0.2
% stepfromreg = -0.1
% steptoreg = -1.5
% stepfromv = 2.1
% steptov = 4.1
% motorvoltlimit = 8.0
% 
% [turn]
% reguse = True
% leadfwd = False
% kp = 0.5
% taui = 0.0
% taud = 0.0
% alpha = 0.1
% imax = 0.4
% outmax = 15.0
% stepontime = 0.1
% stepofftime = 0.6
% stepvaluereg = 1.0
% stepvaluemotreg = 1.0
% stepvaluemotv = 0.35
% stepvelocitymotreg = 0.2
% stepvelocitymotv = 0.2
% 
% [mission]
% mission = # demo mission
% 	vel=0.2, acc=1,log=67  : dist = 0.2
% 	bal=1,vel=0 : time=8
% 	# go straight
% 	bal=0,vel=0.2: dist = 0.3,time=5
% 	vel=0 : time=1
% filename = mission_1.mis
% 
% [balance]
% use = True
% kp = -10.0
% taui = 0.07
% taud = 0.2
% alpha = 0.2
% imax = 1.0
% outmax = 2.0
% leadfwd = True
% leadgyro = True
% 
% [balanceVel]
% use = True
% kp = 0.3
% taui = 0.0
% taud = 0.007
% alpha = 10.0
% zeta = 0.05
% imax = 0.075
% leadfwd = True
% outmax = 0.075
% steptime = 5.0
% stepfrom = 0.0
% stepto = 0.0
% stepfromvel = 0.0
% steptovel = 0.1
% stepfrommsec = 0.0
% steptomsec = 0.0
% stepfrommotvolt = 0.0
% steptomotvolt = 0.0
% 
% [balanceSS]
% use = False
% k_tilt = -8.0
% k_gyro = 0.02
% k_pos = 0.0
% k_vel = 0.0
% k_motor = 0.0
% outmax = 0.1
% steptime = 50.0
% stepfrom = 0.09
% stepto = 0.09
% steppos = -1
% 
% [lineSensor]
% maximum = 1024
% 
% [robot5]
% version = 2.156.13
% robotbase = 0.155
% gear = 9.68
% encoderppr = 48.0
% weelradiusleft = 0.0297
% weelradiusright = 0.0297
% balanceoffset = 0.07
% 
%% data log
0.047 2 -0.944600 0.182207 -13.749438 13.000488 138.427734 14.068604 2.01 1.99 6.6 6.3 1.717 1.031 0.6924 0.7434 0.3291 0.0255 0.0002 0.018138 0.447411 12.34 500 810 -0.075000 2.000000 1.000000 4.740905 0.000000 
0.077 2 -0.666494 1.428887 -10.599174 12.969971 230.987549 6.591797 2.01 1.99 5.9 6.1 1.063 0.992 0.7723 0.7575 -0.0959 0.0472 0.0006 0.018138 0.338901 12.35 500 810 -0.075000 2.000000 1.000000 3.332716 0.000000 
0.107 2 -3.622563 0.292490 -6.974214 10.040283 282.714844 -0.030518 2.01 1.99 5.3 5.4 0.721 0.679 0.8924 0.8727 -0.1270 0.0719 0.0011 0.015547 0.198528 12.36 500 820 -0.075000 2.000000 1.000000 1.748424 0.000000 
0.137 2 -0.491479 1.565542 -6.127910 16.052246 300.567627 2.563477 1.13 1.12 -0.3 0.3 -0.662 -0.646 0.7575 0.6804 -0.4975 0.0982 0.0014 0.007773 0.042684 12.39 500 810 -0.075000 1.127657 1.000000 0.127657 0.000000 
0.167 2 -0.290093 -0.616147 -7.796543 -2.746582 129.516602 6.347656 0.64 0.64 -0.2 -0.2 -0.416 -0.416 0.5281 0.5149 -0.0855 0.1163 0.0015 0.002591 -0.065701 12.39 500 800 -0.075000 0.640888 1.000000 -0.359112 0.000000 
0.197 2 -0.517852 0.155835 -9.529907 1.281738 41.870117 7.202148 0.54 0.54 0.9 1.0 -0.215 -0.146 0.3550 0.3402 -0.0959 0.1287 0.0015 -0.002591 -0.100939 12.39 500 810 -0.075000 0.540288 0.945829 -0.405541 0.000000 
0.227 2 0.501069 -0.309272 -10.340249 -1.220703 -0.335693 9.124756 0.48 0.48 0.9 0.9 0.020 0.077 0.3016 0.2868 -0.0959 0.1381 0.0014 -0.005182 -0.108186 12.40 500 810 -0.075000 0.479427 0.810114 -0.330688 0.000000 
0.257 2 -0.649712 -0.318862 -9.709717 -0.885010 -16.296387 6.164551 0.46 0.47 1.0 1.3 0.041 0.080 0.2623 0.2333 -0.1866 0.1458 0.0014 -0.010364 -0.102285 12.39 500 800 -0.075000 0.461726 0.677692 -0.215966 0.000000 
0.287 2 -0.196592 -0.647314 -10.285107 1.586914 -12.176514 -1.312256 0.46 0.47 1.2 1.5 0.092 0.146 0.2281 0.1940 -0.2202 0.1530 0.0013 -0.015547 -0.091298 12.38 500 800 -0.075000 0.465297 0.585771 -0.120473 0.000000 
0.317 2 -0.374004 -0.093501 -9.762461 0.244141 -12.969971 2.319336 0.49 0.51 1.3 1.7 0.154 0.125 0.2390 0.2028 -0.2332 0.1596 0.0012 -0.018138 -0.083205 12.36 500 810 -0.075000 0.496520 0.533292 -0.036772 0.000000 
0.347 2 -0.443530 -0.011987 -9.498740 0.518799 -2.990723 3.021240 0.46 0.48 1.1 1.3 0.089 0.152 0.2293 0.2157 -0.0881 0.1661 0.0010 -0.018138 -0.079731 12.39 500 810 -0.075000 0.469470 0.506342 -0.036872 0.000000 
0.377 2 -0.146245 -0.424351 -10.385800 1.739502 0.640869 -3.509521 0.46 0.48 1.1 1.4 0.119 0.136 0.2217 0.1976 -0.1555 0.1727 0.0009 -0.020729 -0.077073 12.39 500 800 -0.074786 0.467027 0.492129 -0.025102 0.000000 
0.407 2 -0.182207 -0.577788 -9.831987 0.213623 1.739502 4.058838 0.39 0.42 1.0 1.0 0.098 -0.073 0.1783 0.1928 0.0933 0.1789 0.0008 -0.023320 -0.076294 12.39 500 810 -0.069824 0.405861 0.476634 -0.070773 0.000000 
0.437 2 -0.999741 0.362017 -9.026441 -1.312256 -24.871826 1.525879 0.40 0.43 1.3 1.5 0.059 0.146 0.1691 0.1586 -0.0674 0.1837 0.0007 -0.023320 -0.072733 12.39 500 810 -0.062041 0.414262 0.434365 -0.020103 0.000000 
0.467 2 0.515454 0.369209 -10.846113 -1.647949 4.791260 2.441406 0.42 0.44 1.2 1.2 0.250 0.244 0.1799 0.1759 -0.0259 0.1899 0.0005 -0.020729 -0.059713 12.38 500 810 -0.062193 0.433288 0.425210 0.008078 0.000000 
0.497 2 -0.385991 -0.894253 -8.084238 -1.312256 -6.164551 2.105713 0.33 0.35 1.1 0.9 -0.002 -0.078 0.1201 0.1574 0.2410 0.1942 0.0004 -0.018138 -0.062975 12.39 500 810 -0.054441 0.343801 0.407627 -0.063826 0.000000 
0.527 2 -0.402773 1.054883 -10.536840 -5.340576 3.265381 2.166748 0.46 0.48 1.6 1.3 0.349 0.260 0.1643 0.2048 0.2617 0.2002 0.0003 -0.018138 -0.050432 12.39 500 800 -0.057682 0.471305 0.410200 0.061105 0.000000 
0.557 2 -0.251733 -0.549019 -8.369535 2.777100 1.831055 -4.852295 0.33 0.35 0.9 0.8 -0.040 -0.089 0.1277 0.1502 0.1451 0.2044 0.0002 -0.015547 -0.057527 12.39 500 810 -0.051164 0.337826 0.407845 -0.070019 0.000000 
0.587 2 0.002397 1.419297 -9.784038 -2.044678 19.012451 -4.211426 0.40 0.42 0.9 1.1 0.202 0.175 0.1783 0.1631 -0.0985 0.2104 0.0002 -0.015547 -0.048649 12.39 500 790 -0.054594 0.409323 0.416241 -0.006918 0.000000 
0.617 2 -0.815137 -1.656645 -8.093828 -4.486084 -3.112793 9.887695 0.34 0.35 1.4 0.8 0.158 -0.168 0.0924 0.1643 0.4638 0.2144 0.0001 -0.010364 -0.055754 12.38 500 800 -0.048534 0.347314 0.408649 -0.061335 0.000000 
0.647 2 -0.522646 1.702197 -9.740884 1.617432 2.014160 -5.004883 0.43 0.44 1.3 1.5 0.180 0.254 0.1807 0.1574 -0.1503 0.2199 0.0000 -0.012956 -0.048006 12.36 500 800 -0.051843 0.437588 0.406243 0.031345 0.000000 
0.677 2 -1.002139 -0.311670 -8.388716 -0.518799 -15.045166 3.295898 0.33 0.34 1.4 1.0 0.156 -0.120 0.0944 0.1490 0.3524 0.2233 -0.0000 -0.010364 -0.054372 12.37 500 810 -0.044513 0.338397 0.384469 -0.046072 0.000000 
0.707 2 0.290093 0.584980 -10.004604 -0.518799 8.605957 0.732422 0.34 0.36 0.8 1.0 0.165 0.214 0.1518 0.1317 -0.1296 0.2281 -0.0001 -0.015547 -0.045734 12.39 500 800 -0.046496 0.351202 0.373626 -0.022424 0.000000 
0.737 2 -0.397979 0.079116 -9.347700 -3.662109 -32.043457 -4.180908 0.37 0.38 1.4 1.5 0.230 0.162 0.1353 0.1349 -0.0026 0.2309 -0.0001 -0.010364 -0.048002 12.38 500 810 -0.039923 0.373451 0.342385 0.031066 0.000000 
0.767 2 -0.630532 -0.517852 -8.487012 8.544922 19.683838 -3.387451 0.25 0.26 0.6 0.6 -0.010 -0.037 0.0884 0.0900 0.0104 0.2351 -0.0002 -0.012956 -0.041588 12.39 500 800 -0.039792 0.253685 0.340360 -0.086675 0.000000 
0.797 2 -0.347632 1.205923 -10.563212 -2.685547 -27.862549 1.190186 0.39 0.40 1.2 1.4 0.181 0.184 0.1590 0.1526 -0.0415 0.2377 -0.0002 -0.010364 -0.038447 12.39 500 810 -0.036580 0.390726 0.312140 0.078586 0.000000 
0.827 2 -0.222964 -2.934492 -10.582393 1.556396 14.892578 -1.403809 0.24 0.25 0.7 0.8 -0.014 -0.013 0.0655 0.0574 -0.0518 0.2409 -0.0002 -0.010364 -0.036312 12.39 500 790 -0.033709 0.243037 0.321061 -0.078024 0.000000 
0.857 2 -0.824727 0.652109 -10.392993 2.471924 -21.942139 -0.274658 0.40 0.41 1.6 1.4 0.196 0.103 0.1337 0.1578 0.1555 0.2440 -0.0003 -0.012956 -0.031917 12.37 510 820 -0.034017 0.401730 0.304135 0.097594 0.000000 
0.887 2 -0.601763 -0.846304 -11.555761 -1.953125 18.859863 -1.892090 0.23 0.24 0.6 0.6 0.017 -0.041 0.0610 0.0699 0.0570 0.2470 -0.0003 -0.010364 -0.033475 12.39 500 800 -0.031511 0.235203 0.320682 -0.085478 0.000000 
0.917 2 -0.709648 -0.520249 -9.728896 -0.122070 -17.120361 -2.441406 0.36 0.37 1.4 1.2 0.191 0.034 0.1201 0.1450 0.1606 0.2498 -0.0003 -0.010364 -0.031561 12.38 500 790 -0.031497 0.361564 0.302443 0.059120 0.000000 
0.947 2 -0.198989 -1.822070 -10.404980 2.532959 16.784668 3.295898 0.24 0.25 0.8 0.7 0.074 -0.052 0.0538 0.0695 0.1011 0.2528 -0.0004 -0.007773 -0.031353 12.39 500 800 -0.030106 0.244570 0.315636 -0.071066 0.000000 
0.977 2 -0.918227 0.841509 -9.820000 0.213623 -15.228271 -2.777100 0.33 0.34 1.0 1.2 0.047 0.103 0.1341 0.1157 -0.1192 0.2552 -0.0004 -0.007773 -0.030253 12.39 500 800 -0.029160 0.336824 0.294597 0.042227 0.000000 
1.007 2 -0.347632 -2.359102 -10.294697 2.014160 14.068604 -0.305176 0.23 0.24 0.6 0.8 -0.017 -0.021 0.0775 0.0550 -0.1451 0.2580 -0.0004 -0.007773 -0.030170 12.39 500 800 -0.028463 0.236737 0.302917 -0.066181 0.000000 
1.037 2 -0.297285 0.923022 -10.520059 1.434326 -22.277832 2.838135 0.33 0.33 1.1 1.3 0.257 0.206 0.1181 0.1056 -0.0803 0.2598 -0.0004 -0.005182 -0.028159 12.39 500 810 -0.025593 0.328567 0.276467 0.052100 0.000000 
1.067 2 -0.695264 -1.421694 -9.985424 -0.671387 16.510010 0.396729 0.19 0.20 0.6 0.7 0.004 -0.048 0.0394 0.0321 -0.0466 0.2620 -0.0004 -0.007773 -0.027085 12.39 500 790 -0.024275 0.197912 0.283646 -0.085733 0.000000 
1.097 2 -0.819932 -0.148643 -10.371416 1.586914 -24.597168 -5.859375 0.38 0.39 1.4 1.6 0.238 0.162 0.1470 0.1305 -0.1062 0.2644 -0.0004 -0.007773 -0.022329 12.36 500 800 -0.025858 0.386727 0.265577 0.121150 0.000000 
1.127 2 -0.587378 0.263721 -11.191347 -5.065918 11.993408 -1.373291 0.16 0.16 0.5 0.6 0.021 -0.003 0.0165 0.0197 0.0207 0.2654 -0.0005 -0.005182 -0.026563 12.38 500 790 -0.020219 0.162363 0.267673 -0.105310 0.000000 
1.157 2 0.035962 -0.232554 -11.999291 -5.126953 -3.479004 -1.373291 0.34 0.34 1.3 1.1 0.395 0.272 0.0928 0.1181 0.1632 0.2683 -0.0005 -0.000000 -0.017443 12.37 500 790 -0.023877 0.337543 0.261059 0.076484 0.000000 
1.187 2 -1.237090 0.743213 -8.086636 5.584717 -3.265381 -12.207031 0.20 0.19 1.0 0.9 -0.017 -0.029 0.0141 0.0177 0.0233 0.2689 -0.0005 0.002591 -0.025475 12.38 500 790 -0.017981 0.195181 0.258718 -0.063536 0.000000 
1.217 2 0.119873 -0.963779 -11.296836 -2.014160 8.117676 5.310059 0.27 0.26 1.0 0.6 0.333 0.027 0.0542 0.1048 0.3265 0.2717 -0.0005 0.002591 -0.017797 12.39 500 800 -0.021530 0.263890 0.254895 0.008995 0.000000 
1.247 2 -1.038101 -0.163027 -8.007520 2.746582 -9.979248 -9.613037 0.20 0.20 1.1 1.1 -0.003 0.005 0.0157 0.0165 0.0052 0.2721 -0.0005 0.002591 -0.023933 12.39 500 790 -0.016257 0.201255 0.243180 -0.041925 0.000000 
1.277 2 -0.467505 0.697661 -11.493427 -1.617432 -8.026123 1.098633 0.31 0.31 1.2 1.1 0.249 0.212 0.0900 0.0960 0.0389 0.2745 -0.0004 0.002591 -0.015203 12.39 500 810 -0.020063 0.313088 0.236478 0.076610 0.000000 
1.307 2 -0.985356 0.323657 -8.813066 2.471924 6.317139 -3.021240 0.13 0.13 0.5 0.4 -0.009 -0.046 0.0137 0.0173 0.0233 0.2751 -0.0004 0.005182 -0.023666 12.39 500 800 -0.015592 0.128140 0.230926 -0.102786 0.000000 
1.337 2 -0.879868 -0.318862 -9.136724 -1.220703 -15.899658 0.305176 0.25 0.24 1.3 1.2 0.204 0.116 0.0345 0.0434 0.0570 0.2767 -0.0004 0.005182 -0.017161 12.40 500 800 -0.015063 0.242995 0.208477 0.034519 0.000000 
1.367 2 -0.443530 -1.213115 -10.040566 1.342773 13.427734 2.960205 0.15 0.15 0.5 0.4 0.018 -0.027 0.0217 0.0353 0.0881 0.2779 -0.0004 0.005182 -0.016756 12.39 500 800 -0.015001 0.148047 0.212471 -0.064423 0.000000 
1.397 2 -0.688071 0.764790 -10.237158 1.068115 -7.751465 -0.854492 0.15 0.15 0.5 0.8 -0.001 -0.022 0.0454 0.0108 -0.2228 0.2785 -0.0004 0.002591 -0.018284 12.38 500 790 -0.011875 0.150311 0.187345 -0.037033 0.000000 
1.427 2 -0.501069 0.165425 -10.179619 -0.946045 -19.531250 -1.525879 0.23 0.23 1.4 1.3 0.255 0.233 0.0116 0.0185 0.0440 0.2789 -0.0004 0.002591 -0.010417 12.36 490 790 -0.009735 0.231743 0.170382 0.061361 0.000000 
1.457 2 -0.086309 -0.256528 -9.611421 2.899170 8.636475 0.701904 0.17 0.17 0.6 1.4 0.043 0.251 0.0181 -0.0623 -0.5182 0.2799 -0.0004 0.005182 -0.007891 12.37 500 790 -0.009267 0.170224 0.186606 -0.016382 0.000000 
1.487 2 -0.762393 0.618545 -9.652178 0.091553 -2.166748 0.152588 0.21 0.20 0.9 1.0 -0.002 0.085 0.0289 0.0177 -0.0726 0.2807 -0.0004 0.005182 -0.009159 12.40 500 800 -0.009740 0.206806 0.193430 0.013376 0.000000 
1.517 2 -0.227759 0.023975 -10.129272 2.502441 -0.183105 -10.345459 0.26 0.26 0.9 1.3 0.013 0.248 0.0719 0.0313 -0.2617 0.2823 -0.0004 -0.000000 -0.006537 12.40 500 810 -0.012209 0.264808 0.207449 0.057358 0.000000 
1.547 2 -0.153437 0.158232 -10.009399 -0.610352 2.624512 -2.899170 0.23 0.23 0.6 1.1 0.209 0.181 0.0667 0.0233 -0.2798 0.2831 -0.0004 -0.000000 -0.009569 12.39 500 800 -0.011441 0.230892 0.221331 0.009562 0.000000 
1.577 2 -1.184346 -0.553813 -9.199058 -0.488281 4.638672 3.997803 0.20 0.20 0.9 0.8 0.028 -0.017 0.0189 0.0333 0.0933 0.2843 -0.0004 0.005182 -0.012243 12.40 500 800 -0.011382 0.201998 0.226795 -0.024796 0.000000 
1.607 2 -0.374004 0.148643 -9.927885 0.274658 -4.974365 2.258301 0.23 0.22 1.2 0.8 0.208 0.123 0.0233 0.0566 0.2151 0.2851 -0.0004 0.005182 -0.012289 12.40 500 800 -0.011146 0.226901 0.220963 0.005938 0.000000 
1.637 2 -0.517852 0.033564 -9.817602 0.244141 -1.861572 -2.838135 0.20 0.20 0.8 1.0 0.036 0.088 0.0281 0.0125 -0.1011 0.2855 -0.0004 -0.000000 -0.011621 12.39 500 760 -0.009372 0.197451 0.213441 -0.015990 0.000000 
1.667 2 0.127065 -0.491479 -10.630342 0.061035 6.378174 -1.129150 0.18 0.18 0.7 0.4 0.166 -0.017 0.0104 0.0418 0.2021 0.2861 -0.0004 0.007773 -0.008791 12.39 500 780 -0.008352 0.180514 0.207172 -0.026658 0.000000 
1.697 2 -0.757598 -0.376401 -9.462778 0.152588 0.305176 -0.732422 0.16 0.15 0.7 0.7 0.020 -0.021 0.0056 0.0120 0.0415 0.2861 -0.0004 0.007773 -0.010812 12.39 500 790 -0.006721 0.154176 0.196151 -0.041976 0.000000 
1.727 2 -0.498672 0.026372 -9.762461 -0.061035 -11.566162 0.244141 0.20 0.20 1.1 1.1 0.217 0.159 0.0040 0.0064 0.0155 0.2863 -0.0004 0.005182 -0.007190 12.39 500 800 -0.004978 0.199077 0.180820 0.018257 0.000000 
1.757 2 -0.091104 0.688071 -9.647383 1.037598 8.880615 -2.929688 0.17 0.16 0.6 0.3 0.028 -0.001 0.0169 0.0498 0.2125 0.2871 -0.0004 0.010364 -0.006019 12.39 500 790 -0.007001 0.160882 0.182068 -0.021186 0.000000 
1.787 2 -0.851099 -0.175015 -9.575459 -2.166748 -2.746582 -3.295898 0.17 0.16 0.9 0.8 0.013 -0.010 0.0072 0.0104 0.0207 0.2871 -0.0004 0.010364 -0.007587 12.39 500 790 -0.005586 0.167270 0.177698 -0.010428 0.000000 
1.817 2 -0.330850 -0.376401 -10.189209 0.701904 -8.270264 0.579834 0.22 0.21 0.9 1.2 0.017 0.168 0.0442 0.0060 -0.2462 0.2877 -0.0004 0.007773 -0.003889 12.39 500 800 -0.005243 0.216068 0.173663 0.042405 0.000000 
1.847 2 -0.378799 -0.148643 -10.625546 -0.854492 4.150391 -2.227783 0.17 0.16 0.7 0.7 0.022 0.002 0.0112 0.0149 0.0233 0.2879 -0.0004 0.010364 -0.006390 12.38 500 800 -0.005982 0.161313 0.179882 -0.018569 0.000000 
1.877 2 -0.721636 -0.450723 -9.517920 -0.885010 -8.178711 -0.274658 0.20 0.20 1.1 1.1 0.201 0.120 0.0060 0.0068 0.0052 0.2881 -0.0004 0.007773 -0.005080 12.40 500 810 -0.004654 0.200059 0.175768 0.024290 0.000000 
1.907 2 -0.673687 -0.088706 -9.896718 2.777100 7.080078 -0.732422 0.18 0.16 0.7 0.6 0.012 -0.030 0.0177 0.0269 0.0596 0.2887 -0.0004 0.010364 -0.004921 12.39 500 790 -0.006156 0.170003 0.182372 -0.012369 0.000000 
1.937 2 -0.673687 0.395581 -9.551484 -0.335693 -4.669189 -0.701904 0.21 0.20 1.1 1.0 0.195 0.005 0.0076 0.0249 0.1114 0.2887 -0.0004 0.010364 -0.005377 12.40 500 800 -0.005965 0.205567 0.183391 0.022177 0.000000 
1.967 2 -1.306616 0.251733 -8.678808 3.387451 13.122559 -1.373291 0.16 0.15 0.6 0.3 0.011 -0.017 0.0241 0.0462 0.1425 0.2895 -0.0004 0.010364 -0.006078 12.39 500 800 -0.007341 0.158833 0.192011 -0.033178 0.000000 
1.997 2 -0.246938 0.115078 -9.762461 -1.800537 2.624512 2.838135 0.09 0.08 0.3 0.4 0.048 -0.003 0.0084 -0.0141 -0.1451 0.2893 -0.0004 0.007773 -0.011055 12.39 500 800 -0.003471 0.087976 0.172975 -0.084999 0.000000 
2.027 2 -0.647314 -0.520249 -10.054951 -0.335693 -3.051758 0.640869 0.09 0.08 0.3 0.3 0.025 -0.029 0.0052 -0.0068 -0.0777 0.2893 -0.0004 0.007773 -0.009032 12.39 500 800 -0.002154 0.082671 0.140799 -0.058128 0.000000 
2.057 2 -0.570596 -0.035962 -9.870346 0.671387 -1.708984 -0.091553 0.05 0.04 0.2 0.1 0.029 -0.011 0.0036 -0.0044 -0.0518 0.2893 -0.0004 0.007773 -0.008345 12.39 500 800 -0.001354 0.047326 0.111269 -0.063942 0.000000 
2.087 2 -0.572993 0.016782 -9.678550 0.091553 -0.183105 -0.183105 0.01 0.01 -0.0 -0.1 0.044 -0.005 0.0028 -0.0032 -0.0389 0.2893 -0.0004 0.007773 -0.007963 12.40 500 800 -0.000857 0.010888 0.081314 -0.070426 0.000000 
2.117 2 -0.601763 -0.119873 -9.870346 -0.213623 -0.030518 -0.061035 -0.02 -0.03 -0.2 -0.2 0.041 -0.014 0.0024 -0.0024 -0.0311 0.2893 -0.0004 0.007773 -0.007937 12.39 500 790 -0.000547 -0.023411 0.050375 -0.073786 0.000000 
2.147 2 -0.611353 -0.081514 -9.815205 -0.030518 1.007080 -0.030518 -0.06 -0.07 -0.4 -0.5 0.030 -0.018 0.0020 -0.0020 -0.0259 0.2893 -0.0004 0.007773 -0.008310 12.39 500 790 -0.000346 -0.065596 0.017560 -0.083155 0.000000 
2.177 2 -0.534634 -0.151040 -9.760063 0.030518 1.708984 0.061035 -0.11 -0.12 -0.7 -0.7 0.051 -0.006 0.0016 -0.0016 -0.0207 0.2893 -0.0004 0.007773 -0.009106 12.39 500 790 -0.000215 -0.113353 -0.018473 -0.094881 0.000000 
2.207 2 -0.515454 -0.093501 -9.815205 0.000000 2.410889 -0.061035 -0.17 -0.17 -1.0 -1.0 0.026 -0.006 0.0012 -0.0016 -0.0181 0.2893 -0.0004 0.007773 -0.010268 12.38 500 790 -0.000129 -0.168892 -0.059088 -0.109805 0.000000 
2.237 2 -0.769585 0.256528 -9.443599 -0.427246 -3.326416 7.293701 -0.20 -0.21 -1.1 -1.1 0.004 -0.192 0.0012 -0.0012 -0.0155 0.2891 -0.0004 0.005182 -0.011421 12.39 500 790 -0.000082 -0.207543 -0.105756 -0.101787 0.000000 
2.267 2 -0.970972 0.143848 -9.244609 -1.129150 -6.500244 13.275146 -0.24 -0.24 -1.3 -0.8 -0.194 -0.097 0.0012 -0.0534 -0.3524 0.2887 -0.0004 0.000000 -0.010182 12.40 500 770 0.001308 -0.243935 -0.151728 -0.092207 0.000000 
2.297 2 -0.616147 0.028770 -9.872744 -0.427246 -1.770020 7.995605 -0.27 -0.27 -1.4 -1.4 -0.161 -0.248 -0.0008 -0.0133 -0.0803 0.2883 -0.0004 0.000000 -0.006482 12.40 500 760 0.001687 -0.267418 -0.191905 -0.075513 0.000000 
2.327 2 -0.455518 -0.182207 -9.999809 -0.183105 -8.117676 2.960205 -0.27 -0.27 -1.3 -1.3 0.012 -0.230 -0.0225 -0.0221 0.0026 0.2875 -0.0004 -0.005182 -0.002654 12.39 500 800 0.004443 -0.271933 -0.229302 -0.042631 0.000000 
2.357 2 -0.338042 0.105488 -10.088515 -1.861572 -14.984131 7.629395 -0.25 -0.24 -1.0 -1.1 0.005 -0.041 -0.0293 -0.0209 0.0544 0.2867 -0.0004 -0.005182 0.002798 12.40 500 800 0.006720 -0.244282 -0.257364 0.013082 0.000000 
2.387 2 -0.800752 -0.290093 -9.724101 -0.427246 -1.464844 0.854492 -0.25 -0.24 -1.2 -1.2 -0.018 -0.151 -0.0088 -0.0096 -0.0052 0.2865 -0.0004 -0.007773 0.006485 12.40 500 800 0.005439 -0.244922 -0.260494 0.015572 0.000000 
2.417 2 -0.469902 0.033564 -9.810410 -0.885010 -1.495361 4.058838 -0.28 -0.27 -1.0 -1.3 0.035 -0.207 -0.0570 -0.0205 0.2358 0.2855 -0.0004 -0.010364 0.005300 12.39 500 790 0.007186 -0.276568 -0.262928 -0.013640 0.000000 
2.447 2 -0.688071 0.019180 -9.683345 -0.305176 -0.732422 -1.068115 -0.25 -0.24 -1.2 -1.2 0.004 -0.157 -0.0108 -0.0120 -0.0078 0.2855 -0.0004 -0.010364 0.007673 12.39 500 800 0.006152 -0.244991 -0.262758 0.017767 0.000000 
2.477 2 -0.553813 -0.112681 -9.796025 0.061035 -3.723145 2.777100 -0.22 -0.21 -1.0 -0.9 0.027 -0.032 -0.0060 -0.0060 0.0000 0.2855 -0.0004 -0.010364 0.007257 12.39 500 800 0.004717 -0.216077 -0.254472 0.038396 0.000000 
2.507 2 -0.671289 -0.074321 -9.750473 0.061035 -1.373291 -1.434326 -0.19 -0.19 -0.9 -0.9 0.039 -0.021 -0.0040 0.0044 0.0544 0.2857 -0.0004 -0.007773 0.007722 12.39 500 790 0.003315 -0.190844 -0.239705 0.048860 0.000000 
2.537 2 -0.611353 -0.134258 -9.867949 -0.305176 -4.241943 0.976562 -0.13 -0.13 -0.5 -0.5 0.034 -0.025 -0.0028 0.0044 0.0466 0.2857 -0.0004 -0.007773 0.009087 12.39 500 800 0.002093 -0.130655 -0.215401 0.084746 0.000000 
2.567 2 -0.664097 -0.076719 -9.764858 -0.122070 -5.310059 -0.366211 -0.07 -0.06 -0.1 -0.1 0.031 0.002 -0.0024 0.0044 0.0440 0.2857 -0.0004 -0.007773 0.010994 12.38 500 790 0.001264 -0.063980 -0.179813 0.115833 0.000000 
2.597 2 -0.656904 -0.139053 -9.781640 -0.274658 -7.080078 0.122070 0.02 0.03 0.4 0.4 0.029 -0.018 -0.0020 0.0040 0.0389 0.2857 -0.0004 -0.007773 0.013770 12.39 500 800 0.000709 0.024264 -0.131058 0.155322 0.000000 
2.627 2 -0.671289 -0.131860 -9.822397 -0.366211 -9.033203 0.000000 0.13 0.14 1.0 1.0 0.108 0.062 -0.0016 0.0028 0.0285 0.2857 -0.0004 -0.007773 0.017525 12.40 500 800 0.000385 0.136319 -0.066609 0.202928 0.000000 
2.657 2 -1.822070 -0.023975 -8.750732 1.983643 9.704590 -2.807617 0.20 0.21 1.0 0.9 0.029 0.006 0.0277 0.0374 0.0622 0.2867 -0.0004 -0.005182 0.018397 12.39 500 790 -0.003325 0.204479 0.021135 0.183344 0.000000 
2.687 2 -0.151040 0.441133 -10.642329 -1.678467 25.482178 0.915527 0.26 0.27 0.9 0.8 0.135 -0.002 0.0679 0.0851 0.1114 0.2883 -0.0004 -0.005182 0.014520 12.39 500 800 -0.008927 0.262984 0.117464 0.145520 0.000000 
2.717 2 -0.891855 -0.958984 -8.695591 -0.183105 12.939453 -3.784180 0.31 0.32 1.1 1.2 0.111 0.124 0.0952 0.0884 -0.0440 0.2901 -0.0004 -0.007773 0.003575 12.40 500 800 -0.012615 0.311585 0.194846 0.116739 0.000000 
2.747 2 -1.038101 -0.002397 -9.434009 1.739502 19.165039 -2.136230 0.25 0.26 0.8 1.0 0.041 0.010 0.0683 0.0518 -0.1062 0.2922 -0.0004 -0.007773 -0.007300 12.39 500 810 -0.014634 0.255996 0.249556 0.006440 0.000000 
2.777 2 -0.400376 0.187002 -10.002207 -0.427246 7.537842 -1.739502 0.26 0.27 1.1 0.9 0.206 0.063 0.0590 0.0807 0.1399 0.2940 -0.0004 -0.005182 -0.013805 12.39 500 800 -0.016273 0.267244 0.268881 -0.001637 0.000000 
2.807 2 -0.738418 -0.290093 -9.786435 0.640869 5.401611 -3.936768 0.19 0.20 0.7 0.9 0.017 -0.008 0.0301 0.0201 -0.0648 0.2948 -0.0004 -0.005182 -0.018881 12.39 500 790 -0.014012 0.196524 0.264065 -0.067541 0.000000 
2.837 2 -0.376401 -0.002397 -9.702524 -0.213623 -11.474609 -2.685547 0.22 0.22 1.1 1.0 0.235 0.151 0.0096 0.0201 0.0674 0.2952 -0.0004 -0.000000 -0.016657 12.39 500 760 -0.010555 0.215275 0.236241 -0.020966 0.000000 
2.867 2 -0.549019 -0.234951 -10.026181 0.335693 1.220703 4.974365 0.19 0.19 0.8 0.8 0.017 0.002 0.0245 0.0221 -0.0155 0.2962 -0.0004 -0.002591 -0.014254 12.39 500 800 -0.011348 0.191455 0.224776 -0.033321 0.000000 
2.897 2 -0.381196 0.155835 -9.896718 -0.854492 -5.279541 2.868652 0.17 0.17 0.8 0.8 0.044 0.006 0.0084 0.0080 -0.0026 0.2962 -0.0004 -0.002591 -0.013616 12.39 500 800 -0.008399 0.170831 0.204576 -0.033745 0.000000 
2.927 2 -0.712046 -0.707251 -10.392993 -1.556396 -7.812500 -3.906250 0.22 0.23 0.6 0.9 -0.005 -0.020 0.0751 0.0526 -0.1451 0.2972 -0.0004 -0.005182 -0.008107 12.39 500 810 -0.009020 0.226992 0.190589 0.036404 0.000000 
2.957 2 -0.661699 -0.323657 -9.122338 -0.122070 -5.920410 -2.685547 0.21 0.21 1.1 1.1 0.183 0.182 0.0129 0.0112 -0.0104 0.2972 -0.0004 -0.005182 -0.007933 12.39 500 790 -0.007562 0.208662 0.191714 0.016948 0.000000 
2.987 2 -1.100435 -1.378540 -9.083980 3.601074 10.955811 -3.814697 0.15 0.15 0.5 0.5 0.021 -0.026 0.0088 0.0221 0.0855 0.2978 -0.0004 -0.002591 -0.007846 12.39 500 790 -0.007200 0.151038 0.195737 -0.044700 0.000000 
3.017 2 -0.582583 0.613750 -10.014194 0.915527 -6.042480 0.915527 0.17 0.17 0.9 0.9 0.032 -0.022 0.0084 0.0104 0.0130 0.2980 -0.0004 -0.000000 -0.009122 12.39 500 770 -0.005697 0.170715 0.183872 -0.013157 0.000000 
3.047 2 -0.899048 0.141450 -10.119682 -1.495361 -8.575439 0.122070 0.23 0.23 0.9 0.9 0.038 0.002 0.0454 0.0498 0.0285 0.2988 -0.0004 -0.000000 -0.004177 12.39 500 770 -0.006325 0.228827 0.177420 0.051407 0.000000 
3.077 2 -0.771982 -0.033564 -9.067197 0.030518 -6.072998 2.319336 0.23 0.23 1.2 1.3 0.234 0.217 0.0149 0.0116 -0.0207 0.2992 -0.0004 -0.005182 -0.004230 12.40 500 810 -0.006396 0.231744 0.188891 0.042853 0.000000 
3.107 2 -0.659302 -0.151040 -9.270981 -1.159668 10.162354 5.004883 0.16 0.16 0.6 0.6 0.001 -0.029 0.0173 0.0185 0.0078 0.2998 -0.0004 -0.002591 -0.007668 12.39 500 800 -0.007393 0.160985 0.199212 -0.038226 0.000000 
3.137 2 -0.867881 -0.172617 -9.793628 0.183105 -11.901855 2.380371 0.23 0.23 1.3 1.3 0.256 0.206 0.0084 0.0080 -0.0026 0.3002 -0.0004 -0.002591 -0.006514 12.39 500 800 -0.005748 0.227133 0.193251 0.033882 0.000000 
3.167 2 0.028770 -0.690469 -10.651918 -4.486084 7.049561 -3.662109 0.19 0.20 0.8 0.9 0.059 0.081 0.0237 0.0193 -0.0285 0.3012 -0.0004 -0.005182 -0.007382 12.39 500 790 -0.008655 0.193494 0.205372 -0.011878 0.000000 
3.197 2 -0.846304 -0.740815 -9.913501 -0.671387 -9.124756 -1.068115 0.25 0.25 1.4 0.9 0.244 -0.041 0.0092 0.0627 0.3446 0.3018 -0.0004 -0.002591 -0.006932 12.37 500 800 -0.007915 0.246345 0.204666 0.041679 0.000000 
3.227 2 -1.179551 0.160630 -9.323726 0.854492 4.302979 7.873535 0.17 0.17 0.8 0.8 0.032 -0.018 0.0137 0.0141 0.0026 0.3022 -0.0004 -0.002591 -0.010531 12.39 510 810 -0.008113 0.169650 0.208851 -0.039200 0.000000 
3.257 2 -0.338042 0.285298 -9.903911 -0.427246 -10.650635 0.946045 0.24 0.24 0.7 1.4 0.027 0.261 0.0795 0.0076 -0.4638 0.3030 -0.0004 -0.007773 -0.007497 12.39 500 800 -0.007877 0.239384 0.198409 0.040975 0.000000 
3.287 2 -1.093242 0.556211 -10.244350 -0.305176 -0.610352 -3.417969 0.18 0.19 0.9 0.9 0.010 -0.013 0.0125 0.0133 0.0052 0.3032 -0.0004 -0.005182 -0.009315 12.39 500 800 -0.007564 0.184709 0.200086 -0.015377 0.000000 
3.317 2 -0.028770 -0.599365 -10.215581 -3.936768 -7.446289 -0.274658 0.23 0.24 1.0 0.9 0.324 0.043 0.0374 0.0522 0.0959 0.3040 -0.0005 -0.005182 -0.005696 12.37 500 790 -0.007354 0.237485 0.194916 0.042570 0.000000 
3.347 2 -0.927817 -0.299683 -9.131928 3.204346 1.373291 -1.770020 0.17 0.18 0.8 0.8 0.011 -0.036 0.0133 0.0237 0.0674 0.3042 -0.0005 -0.002591 -0.008797 12.40 500 800 -0.007203 0.174656 0.195383 -0.020726 0.000000 
3.377 2 -0.405171 0.503467 -9.925488 0.793457 -3.692627 -4.577637 0.20 0.20 1.0 1.0 0.219 0.212 0.0072 0.0137 0.0415 0.3046 -0.0005 -0.002591 -0.006223 12.39 500 800 -0.006016 0.200845 0.190027 0.010818 0.000000 
3.407 2 -0.740815 0.110283 -9.719306 -0.701904 -1.922607 1.861572 0.19 0.20 1.0 1.0 0.052 0.010 0.0141 0.0104 -0.0233 0.3050 -0.0005 -0.002591 -0.006279 12.39 500 790 -0.006037 0.195905 0.191616 0.004289 0.000000 
3.437 2 -0.906240 -0.074321 -9.503535 0.274658 5.340576 5.798340 0.17 0.18 0.6 0.7 0.013 -0.013 0.0265 0.0112 -0.0985 0.3056 -0.0005 -0.005182 -0.006394 12.39 500 800 -0.006048 0.172652 0.194756 -0.022104 0.000000 
3.467 2 -0.266118 0.165425 -10.059746 -0.366211 -3.631592 7.720947 0.18 0.19 0.9 0.9 0.169 0.110 0.0088 0.0084 -0.0026 0.3056 -0.0005 -0.005182 -0.006677 12.39 500 800 -0.004984 0.183457 0.187712 -0.004256 0.000000 
3.497 2 -0.863086 -0.309272 -9.664165 0.000000 -5.371094 -3.234863 0.20 0.22 0.9 1.1 0.014 0.168 0.0357 0.0052 -0.1969 0.3060 -0.0005 -0.010364 -0.004245 12.40 500 800 -0.004924 0.209834 0.184293 0.025542 0.000000 
3.527 2 -0.700059 0.136655 -9.589844 -0.396729 -3.967285 -3.143311 0.21 0.22 1.0 1.1 0.186 0.181 0.0153 0.0048 -0.0674 0.3064 -0.0005 -0.010364 -0.003007 12.39 500 790 -0.004204 0.214867 0.189054 0.025813 0.000000 
3.557 2 -0.690469 -0.050347 -9.573061 -0.122070 -4.974365 -4.089355 0.22 0.23 1.2 1.2 0.251 0.192 0.0088 0.0133 0.0285 0.3066 -0.0005 -0.007773 -0.002445 12.40 500 800 -0.004025 0.228432 0.195260 0.033172 0.000000 
3.587 2 -0.695264 -0.062334 -9.944668 -1.922607 -0.885010 -7.202148 0.21 0.21 1.1 1.0 0.153 0.018 0.0052 0.0221 0.1088 0.3070 -0.0005 -0.002591 -0.003692 12.40 500 790 -0.004453 0.212695 0.201995 0.010700 0.000000 
3.617 2 -0.688071 0.294888 -9.359687 3.875732 10.864258 -6.500244 0.17 0.17 0.7 0.5 0.041 -0.015 0.0044 0.0341 0.1917 0.3076 -0.0005 -0.000000 -0.005056 12.38 500 760 -0.004967 0.167791 0.206599 -0.038808 0.000000 
3.647 2 -0.544224 0.712046 -9.685741 -0.549316 -4.486084 1.007080 0.19 0.19 0.9 1.0 0.086 0.035 0.0044 0.0092 0.0311 0.3076 -0.0005 -0.000000 -0.006721 12.39 500 760 -0.004029 0.185903 0.197167 -0.011264 0.000000 
3.677 2 -0.143848 0.318862 -10.217978 0.732422 13.366699 4.974365 0.16 0.16 0.3 0.4 0.011 -0.006 0.0462 0.0341 -0.0777 0.3084 -0.0005 -0.000000 -0.004923 12.38 500 760 -0.005864 0.157283 0.194532 -0.037249 0.000000 
3.707 2 -0.791162 -0.055142 -9.561074 -1.617432 -3.265381 8.483887 0.18 0.18 0.9 0.8 0.036 -0.013 0.0100 0.0265 0.1062 0.3084 -0.0005 -0.000000 -0.006892 12.39 500 770 -0.004873 0.177259 0.186048 -0.008789 0.000000 
3.737 2 -0.889458 0.266118 -10.205991 0.061035 -3.631592 2.716064 0.21 0.21 0.8 1.1 0.025 0.198 0.0466 0.0088 -0.2436 0.3088 -0.0005 -0.005182 -0.003987 12.40 500 800 -0.005286 0.208775 0.183107 0.025668 0.000000 
3.767 2 -0.316465 0.304478 -9.956655 0.488281 -0.335693 5.493164 0.16 0.16 0.8 0.7 0.014 -0.017 0.0100 0.0084 -0.0104 0.3090 -0.0005 -0.002591 -0.006511 12.39 500 800 -0.004467 0.160093 0.179355 -0.019262 0.000000 
3.797 2 -0.903843 -0.167822 -9.664165 -0.152588 -6.958008 1.007080 0.20 0.21 0.9 1.1 0.016 0.170 0.0253 0.0068 -0.1192 0.3094 -0.0005 -0.007773 -0.003700 12.39 500 800 -0.004124 0.203039 0.174501 0.028537 0.000000 
3.827 2 -0.863086 0.112681 -9.484355 -0.549316 -8.575439 1.647949 0.22 0.22 1.2 1.2 0.214 0.183 0.0116 0.0044 -0.0466 0.3096 -0.0005 -0.005182 -0.002707 12.40 500 810 -0.003774 0.217871 0.177272 0.040598 0.000000 
3.857 2 -0.661699 0.179810 -9.695332 -0.366211 -1.770020 -1.068115 0.19 0.19 0.9 1.0 0.043 0.037 0.0104 0.0044 -0.0389 0.3098 -0.0005 -0.007773 -0.002887 12.39 500 800 -0.003226 0.190876 0.181310 0.009566 0.000000 
3.887 2 -1.117217 -0.045552 -8.906568 2.136230 6.072998 -5.340576 0.17 0.17 0.7 0.7 0.008 -0.032 0.0068 0.0100 0.0207 0.3100 -0.0005 -0.005182 -0.002794 12.39 500 790 -0.003037 0.168256 0.187024 -0.018768 0.000000 
3.917 2 -0.352427 0.707251 -10.189209 0.122070 -8.392334 3.417969 0.22 0.22 1.2 1.2 0.292 0.232 0.0044 0.0080 0.0233 0.3104 -0.0005 -0.005182 -0.002354 12.40 500 810 -0.002705 0.217778 0.184976 0.032803 0.000000 
3.947 2 -0.196592 -1.198730 -10.273120 -3.906250 9.826660 2.990723 0.16 0.17 0.6 0.7 0.025 0.005 0.0181 0.0165 -0.0104 0.3108 -0.0005 -0.005182 -0.004427 12.38 500 790 -0.004815 0.163739 0.194161 -0.030422 0.000000 
3.977 2 -0.771982 -0.448325 -9.901513 0.122070 -8.758545 5.706787 0.21 0.22 1.2 1.2 0.216 0.186 0.0080 0.0076 -0.0026 0.3112 -0.0005 -0.005182 -0.004532 12.39 500 800 -0.004037 0.215928 0.190303 0.025625 0.000000 
4.007 2 -1.424092 -0.007192 -9.860757 -0.579834 2.410889 0.152588 0.21 0.22 1.0 1.1 0.031 0.017 0.0249 0.0153 -0.0622 0.3120 -0.0005 -0.010364 -0.004697 12.40 500 800 -0.006973 0.216695 0.202348 0.014347 0.000000 
4.037 2 -0.867881 -0.117476 -9.362084 -0.823975 4.272461 4.302979 0.19 0.20 0.8 0.9 0.018 -0.033 0.0305 0.0125 -0.1166 0.3126 -0.0005 -0.012956 -0.006532 12.39 500 800 -0.006869 0.197560 0.209109 -0.011548 0.000000 
4.067 2 -0.570596 -0.213374 -9.676152 0.457764 3.112793 -3.448486 0.19 0.20 0.9 0.8 0.059 -0.013 0.0112 0.0241 0.0829 0.3132 -0.0005 -0.010364 -0.006146 12.39 500 800 -0.005974 0.196729 0.209315 -0.012586 0.000000 
4.097 2 -0.345234 -0.210977 -10.745420 -1.800537 2.227783 -2.441406 0.21 0.22 0.9 1.0 0.247 0.236 0.0153 0.0141 -0.0078 0.3138 -0.0005 -0.012956 -0.005340 12.39 500 800 -0.006217 0.212243 0.211246 0.000997 0.000000 
4.127 2 -0.352427 0.062334 -9.609023 2.014160 1.983643 2.136230 0.15 0.16 0.6 0.7 0.015 -0.002 0.0116 0.0108 -0.0052 0.3138 -0.0005 -0.012956 -0.009713 12.38 500 800 -0.005427 0.151885 0.201665 -0.049781 0.000000 
4.157 2 -0.700059 0.040757 -9.493945 0.671387 -8.392334 2.410889 0.19 0.20 1.0 1.0 0.133 0.112 0.0060 0.0068 0.0052 0.3140 -0.0005 -0.010364 -0.006537 12.39 510 810 -0.004260 0.192620 0.186094 0.006526 0.000000 
4.187 2 -0.604160 1.136396 -10.455327 -0.701904 -6.256104 1.007080 0.21 0.23 1.1 1.2 0.183 0.196 0.0245 0.0137 -0.0700 0.3146 -0.0005 -0.012956 -0.004384 12.39 500 800 -0.005654 0.219841 0.185302 0.034540 0.000000 
4.217 2 -0.671289 0.249336 -9.724101 -1.342773 -4.760742 -2.349854 0.19 0.21 1.0 1.1 0.074 0.086 0.0120 0.0129 0.0052 0.3150 -0.0005 -0.012956 -0.005160 12.39 500 790 -0.004965 0.201331 0.186663 0.014668 0.000000 
4.247 2 -0.477095 -0.750405 -9.529907 0.762939 5.249023 2.532959 0.15 0.16 0.6 1.2 0.021 0.229 0.0092 -0.0494 -0.3783 0.3152 -0.0005 -0.010364 -0.004957 12.39 500 800 -0.003333 0.155112 0.189680 -0.034567 0.000000 
4.277 2 -0.443530 -0.155835 -10.026181 -0.091553 -6.835938 5.584717 0.23 0.24 1.0 1.3 0.190 0.264 0.0301 0.0137 -0.1062 0.3158 -0.0005 -0.012956 -0.003512 12.39 500 800 -0.005260 0.231838 0.190497 0.041341 0.000000 
4.307 2 -0.901445 0.508262 -9.407637 -0.549316 -3.997803 4.364014 0.22 0.23 1.1 1.2 0.169 0.151 0.0149 0.0125 -0.0155 0.3163 -0.0005 -0.012956 -0.004416 12.40 500 800 -0.005518 0.223676 0.198700 0.024976 0.000000 
4.337 2 -1.342578 -1.445669 -9.136724 0.213623 8.392334 0.152588 0.19 0.20 0.7 0.8 0.002 -0.028 0.0285 0.0201 -0.0544 0.3171 -0.0005 -0.012956 -0.005919 12.40 500 800 -0.007053 0.191675 0.209632 -0.017956 0.000000 
4.367 2 0.179810 -0.580186 -10.711855 0.274658 -8.483887 6.500244 0.26 0.27 1.0 1.0 0.299 0.136 0.0627 0.0667 0.0259 0.3179 -0.0005 -0.012956 -0.005088 12.39 500 810 -0.007746 0.266478 0.210276 0.056201 0.000000 
4.397 2 -0.544224 1.107627 -9.755268 1.922607 8.056641 4.364014 0.16 0.17 0.6 0.7 -0.001 -0.024 0.0149 0.0125 -0.0155 0.3183 -0.0006 -0.012956 -0.009926 12.39 500 800 -0.007440 0.161870 0.214860 -0.052989 0.000000 
4.427 2 -0.436338 -0.371606 -9.752871 -4.089355 -12.664795 2.380371 0.26 0.27 1.0 1.1 0.200 0.265 0.0606 0.0594 -0.0078 0.3193 -0.0006 -0.015547 -0.006389 12.39 500 810 -0.007868 0.264927 0.205928 0.058999 0.000000 
4.457 2 -0.383594 0.210977 -9.875141 2.075195 3.540039 -0.640869 0.19 0.21 0.9 1.0 0.115 0.130 0.0153 0.0129 -0.0155 0.3197 -0.0006 -0.020729 -0.008064 12.39 500 810 -0.007741 0.197323 0.212911 -0.015588 0.000000 
4.487 2 -0.932612 0.177412 -8.630859 3.173828 9.094238 0.091553 0.17 0.19 0.6 0.7 0.013 0.006 0.0213 0.0253 0.0259 0.3203 -0.0006 -0.018138 -0.008751 12.38 500 800 -0.008125 0.177851 0.215854 -0.038003 0.000000 
4.517 2 -0.282900 0.882266 -10.047758 -1.129150 -7.446289 9.765625 0.19 0.20 1.0 1.1 0.213 0.198 0.0080 0.0084 0.0026 0.3203 -0.0006 -0.018138 -0.009658 12.40 500 790 -0.006299 0.195542 0.203138 -0.007596 0.000000 
4.547 2 -0.829521 -1.126807 -9.800820 2.655029 0.885010 -9.490967 0.20 0.23 0.7 1.1 0.012 0.156 0.0506 0.0201 -0.1969 0.3215 -0.0006 -0.023320 -0.006921 12.39 500 800 -0.008499 0.214318 0.201630 0.012688 0.000000 
4.577 2 -0.417158 0.867881 -10.460122 1.251221 2.868652 -4.852295 0.19 0.21 0.9 0.9 0.197 0.018 0.0104 0.0253 0.0959 0.3219 -0.0006 -0.018138 -0.007053 12.39 500 800 -0.007578 0.201099 0.205867 -0.004768 0.000000 
4.607 2 -0.407568 0.318862 -9.676152 -0.518799 6.988525 -2.410889 0.19 0.21 0.8 0.6 0.008 -0.017 0.0076 0.0450 0.2410 0.3225 -0.0006 -0.015547 -0.005854 12.39 500 790 -0.007061 0.197377 0.209702 -0.012324 0.000000 
4.637 2 -0.625737 -1.102832 -10.361826 -2.838135 -10.803223 -1.434326 0.26 0.28 1.4 1.5 0.337 0.314 0.0100 0.0116 0.0104 0.3229 -0.0006 -0.015547 -0.003882 12.38 490 790 -0.005685 0.267546 0.211812 0.055734 0.000000 
4.667 2 -0.505864 0.033564 -10.076528 3.051758 1.800537 1.129150 0.18 0.19 0.8 0.9 0.007 -0.026 0.0137 0.0157 0.0130 0.3233 -0.0006 -0.015547 -0.008974 12.39 500 800 -0.006635 0.183632 0.213312 -0.029681 0.000000 
4.697 2 -0.539429 -0.433940 -10.584789 -3.906250 -9.765625 0.244141 0.27 0.28 1.0 1.0 0.193 0.113 0.0727 0.0823 0.0622 0.3243 -0.0007 -0.012956 -0.005038 12.39 500 810 -0.008434 0.274920 0.206879 0.068041 0.000000 
4.727 2 -0.800752 0.107886 -9.798423 3.570557 4.852295 0.946045 0.15 0.16 0.7 0.7 0.023 -0.017 0.0133 0.0129 -0.0026 0.3245 -0.0007 -0.015547 -0.011554 12.39 500 800 -0.007728 0.154312 0.209508 -0.055196 0.000000 
4.757 2 -0.457915 0.697661 -9.405239 -1.953125 -13.336182 3.234863 0.22 0.24 1.0 1.0 0.251 0.025 0.0402 0.0478 0.0492 0.3253 -0.0007 -0.015547 -0.008313 12.39 500 810 -0.007326 0.228649 0.191966 0.036684 0.000000 
4.787 2 -0.642520 0.191797 -9.990219 -1.007080 -1.983643 0.366211 0.19 0.20 0.9 0.7 0.025 -0.017 0.0173 0.0398 0.1451 0.3255 -0.0007 -0.012956 -0.007840 12.38 500 810 -0.007310 0.192716 0.191096 0.001620 0.000000 
4.817 2 -0.292490 -0.028770 -10.129272 -0.732422 4.913330 -1.831055 0.19 0.21 0.8 0.9 0.110 0.188 0.0245 0.0133 -0.0726 0.3261 -0.0007 -0.015547 -0.005054 12.39 500 800 -0.007079 0.198797 0.195696 0.003101 0.000000 
4.847 2 -0.433940 -0.532236 -10.220376 -1.098633 -4.882812 -4.119873 0.23 0.24 1.2 1.2 0.261 0.272 0.0108 0.0120 0.0078 0.3265 -0.0007 -0.015547 -0.004427 12.38 500 800 -0.006032 0.232933 0.199838 0.033095 0.000000 
4.877 2 -0.966177 0.050347 -9.525112 1.861572 -0.701904 1.556396 0.15 0.17 0.7 0.8 0.014 -0.032 0.0108 0.0112 0.0026 0.3265 -0.0007 -0.015547 -0.008662 12.39 510 810 -0.005113 0.162376 0.195412 -0.033036 0.000000 
4.907 2 -0.326055 -0.323657 -10.491289 -2.929688 -7.965088 1.861572 0.22 0.23 0.9 0.9 0.225 0.075 0.0365 0.0498 0.0855 0.3273 -0.0007 -0.015547 -0.004509 12.40 500 800 -0.005791 0.226039 0.185424 0.040615 0.000000 
4.937 2 -1.126807 0.182207 -9.191865 2.075195 2.044678 4.272461 0.15 0.16 0.7 0.8 0.006 -0.017 0.0145 0.0112 -0.0207 0.3275 -0.0007 -0.018138 -0.008585 12.39 500 800 -0.006118 0.154671 0.186475 -0.031803 0.000000 
4.967 2 -0.436338 -0.194194 -10.493686 -2.655029 -6.866455 -0.152588 0.20 0.22 1.1 0.8 0.272 0.045 0.0076 0.0462 0.2487 0.3281 -0.0007 -0.015547 -0.004845 12.38 500 790 -0.005631 0.211084 0.179260 0.031824 0.000000 
4.997 2 -1.033306 -0.352427 -8.858618 2.105713 -2.197266 3.295898 0.16 0.18 0.8 0.9 0.010 -0.002 0.0137 0.0116 -0.0130 0.3283 -0.0007 -0.018138 -0.007659 12.39 500 790 -0.006129 0.172523 0.180156 -0.007633 0.000000 
5.027 3 -0.472300 0.450723 -9.836782 0.244141 -5.523682 1.647949 0.06 0.08 -0.0 0.1 0.025 -0.004 0.0064 0.0060 -0.0026 0.3283 -0.0007 -0.018138 -0.003596 12.39 500 800 0.006762 0.066194 0.150491 -0.084297 0.100000 
5.057 3 -0.752803 -0.021577 -9.781640 -0.823975 -4.882812 -1.098633 -0.06 -0.04 -0.6 -0.5 0.037 -0.005 0.0044 0.0040 -0.0026 0.3283 -0.0007 -0.018138 -0.001785 12.39 490 790 0.014380 -0.052371 0.092239 -0.144610 0.100000 
5.087 3 -0.656904 -0.352427 -9.894321 -0.518799 -4.882812 0.305176 -0.16 -0.14 -1.1 -1.0 0.035 0.003 0.0032 0.0032 0.0000 0.3283 -0.0007 -0.018138 0.000748 12.39 500 790 0.019474 -0.153432 0.016793 -0.170225 0.100000 
5.117 3 -0.659302 -0.086309 -9.736089 0.000000 -4.699707 0.152588 -0.28 -0.26 -1.4 -1.2 -0.185 -0.038 -0.0426 -0.0490 -0.0415 0.3275 -0.0007 -0.018138 0.003043 12.40 500 800 0.025061 -0.271367 -0.067597 -0.203770 0.100000 
5.147 3 -0.812739 -0.067129 -9.971040 -0.518799 -18.341064 -0.457764 -0.29 -0.27 -1.5 -1.4 -0.180 -0.227 -0.0161 -0.0201 -0.0259 0.3265 -0.0007 -0.020729 0.011722 12.40 500 800 0.030124 -0.281105 -0.161109 -0.119996 0.100000 
5.177 3 -0.824727 0.043154 -9.225430 -1.342773 -29.724121 0.091553 -0.23 -0.21 -0.9 -0.9 0.008 -0.036 -0.0245 -0.0169 0.0492 0.3259 -0.0007 -0.018138 0.024546 12.39 500 800 0.033907 -0.217029 -0.227175 0.010147 0.100000 
5.207 3 -0.436338 -0.064731 -10.369019 -0.244141 -9.368896 -0.213623 -0.21 -0.19 -1.0 -0.9 0.014 -0.004 -0.0084 -0.0084 0.0000 0.3257 -0.0007 -0.020729 0.034390 12.39 500 800 0.033519 -0.200171 -0.241584 0.041413 0.100000 
5.237 3 -0.956587 -0.172617 -9.851167 -0.213623 -16.174316 0.518799 -0.11 -0.09 -0.3 -0.1 0.014 -0.021 -0.0052 -0.0084 -0.0207 0.3257 -0.0007 -0.020729 0.040158 12.39 500 800 0.033030 -0.098556 -0.226303 0.127747 0.100000 
5.267 3 -0.882266 0.007192 -9.726499 -0.732422 -20.568848 0.366211 0.04 0.06 0.7 0.8 0.011 -0.006 -0.0036 -0.0060 -0.0155 0.3257 -0.0007 -0.020729 0.048384 12.38 500 790 0.032527 0.052588 -0.177779 0.230367 0.100000 
5.297 3 -0.606558 -0.246938 -10.436147 0.061035 -7.232666 0.457764 0.19 0.21 1.3 1.1 0.272 0.239 0.0028 0.0329 0.1943 0.3263 -0.0007 -0.018138 0.056977 12.38 500 790 0.030923 0.198786 -0.086994 0.285780 0.100000 
5.327 3 -0.911035 0.083911 -9.616216 0.762939 7.019043 -2.746582 0.34 0.36 1.6 1.7 0.389 0.269 0.0767 0.0791 0.0155 0.3281 -0.0007 -0.020729 0.057075 12.39 500 800 0.023773 0.350971 0.042449 0.308521 0.100000 
5.357 3 -0.637725 -0.424351 -9.851167 -0.854492 24.200439 1.586914 0.42 0.44 1.7 1.7 0.409 0.298 0.1117 0.1221 0.0674 0.3309 -0.0008 -0.020729 0.047429 12.39 500 800 0.014881 0.426056 0.185054 0.241003 0.100000 
5.387 3 -0.865483 -0.155835 -9.390854 2.075195 32.409668 -9.277344 0.46 0.48 1.4 1.6 0.233 0.253 0.1691 0.1578 -0.0726 0.3353 -0.0009 -0.020729 0.031119 12.36 500 810 0.004458 0.466114 0.312636 0.153478 0.100000 
5.417 3 -0.522646 0.143848 -9.920693 2.899170 33.538818 -1.037598 0.41 0.43 1.5 1.1 0.213 0.132 0.1221 0.1707 0.3135 0.3397 -0.0010 -0.020729 0.011489 12.39 500 800 -0.002202 0.419744 0.399912 0.019832 0.100000 
5.447 3 -0.697661 -0.330850 -9.834385 0.091553 20.294189 0.183105 0.38 0.40 1.1 1.2 0.126 0.062 0.1526 0.1526 0.0000 0.3444 -0.0011 -0.018138 -0.004043 12.40 510 810 -0.006611 0.387898 0.433058 -0.045159 0.100000 
5.477 3 -0.421953 0.263721 -9.359687 0.518799 7.507324 1.678467 0.29 0.31 0.9 1.0 0.031 -0.008 0.0924 0.0972 0.0311 0.3476 -0.0011 -0.018138 -0.013538 12.40 500 800 -0.004243 0.297555 0.416710 -0.119156 0.100000 
5.507 3 -0.700059 -0.074321 -9.537099 -0.366211 -14.373779 8.392334 0.29 0.31 1.1 1.1 0.077 0.108 0.0859 0.0972 0.0726 0.3498 -0.0012 -0.015547 -0.011807 12.39 500 790 -0.000389 0.301156 0.365166 -0.064010 0.100000 
5.537 3 -1.100435 -1.220308 -9.680947 -3.265381 -5.279541 -2.990723 0.26 0.28 1.1 1.2 0.010 0.196 0.0574 0.0402 -0.1114 0.3522 -0.0012 -0.020729 -0.005749 12.39 500 790 0.002238 0.270822 0.332260 -0.061439 0.100000 
5.567 3 -0.791162 0.007192 -10.155644 0.915527 -10.986328 1.708984 0.28 0.29 1.4 1.3 0.220 0.145 0.0325 0.0518 0.1244 0.3542 -0.0012 -0.015547 -0.001007 12.36 510 820 0.005020 0.285495 0.307415 -0.021920 0.100000 
5.597 3 -0.191797 0.033564 -11.186552 -0.091553 2.563477 0.915527 0.28 0.30 0.9 0.8 0.173 0.181 0.0795 0.0912 0.0751 0.3566 -0.0013 -0.015547 0.005364 12.39 500 810 0.004930 0.290040 0.294648 -0.004608 0.100000 
5.627 3 -0.640122 0.376401 -9.870346 -1.220703 -2.807617 -4.882812 0.34 0.36 1.3 1.3 0.201 0.255 0.0920 0.0960 0.0259 0.3592 -0.0013 -0.018138 0.008518 12.36 490 790 0.004592 0.347954 0.298889 0.049065 0.100000 
5.657 3 0.124668 -0.074321 -10.666304 0.732422 6.896973 1.708984 0.32 0.34 1.0 1.2 0.219 0.263 0.0996 0.0912 -0.0544 0.3620 -0.0014 -0.018138 0.007719 12.38 500 800 0.003571 0.331173 0.313772 0.017401 0.100000 
5.687 3 -1.349770 -0.100693 -9.338110 0.579834 2.838135 -3.997803 0.34 0.36 1.1 1.5 0.074 0.215 0.1137 0.0815 -0.2073 0.3650 -0.0014 -0.015547 0.005168 12.38 500 800 0.002004 0.351635 0.329902 0.021733 0.100000 
5.717 3 -0.433940 -0.059937 -9.961450 -0.671387 3.906250 -0.671387 0.35 0.37 1.2 1.4 0.216 0.222 0.1161 0.1080 -0.0518 0.3687 -0.0015 -0.015547 0.002497 12.36 500 800 -0.000308 0.361507 0.347090 0.014417 0.100000 
5.747 3 -1.088447 -0.333247 -9.609023 0.213623 3.814697 -0.518799 0.35 0.37 1.1 1.2 0.123 0.184 0.1269 0.1301 0.0207 0.3723 -0.0015 -0.015547 -0.000857 12.39 500 810 -0.002505 0.361455 0.358288 0.003167 0.100000 
5.777 3 -0.748008 0.069526 -10.064541 0.976562 0.396729 -6.378174 0.37 0.38 1.2 1.4 0.190 0.167 0.1277 0.1217 -0.0389 0.3759 -0.0016 -0.015547 -0.002642 12.37 500 800 -0.004002 0.375236 0.363019 0.012218 0.100000 
5.807 3 -0.246938 0.139053 -10.066938 0.152588 -2.258301 -1.770020 0.32 0.33 1.2 1.1 0.204 0.117 0.0863 0.1080 0.1399 0.3785 -0.0016 -0.012956 -0.005694 12.40 500 800 -0.001786 0.321480 0.352673 -0.031193 0.100000 
5.837 3 -0.671289 0.318862 -9.959052 1.373291 4.760742 -4.699707 0.33 0.34 1.0 1.3 0.042 0.171 0.1181 0.0948 -0.1503 0.3825 -0.0017 -0.012956 -0.003586 12.39 500 810 -0.003746 0.335790 0.350803 -0.015013 0.100000 
5.867 3 -0.517852 0.220566 -9.719306 -1.617432 -2.990723 -5.828857 0.33 0.34 1.1 0.9 0.171 0.083 0.1076 0.1353 0.1788 0.3855 -0.0017 -0.010364 -0.004842 12.40 500 810 -0.003078 0.334916 0.342116 -0.007200 0.100000 
5.897 3 -0.908638 -0.467505 -9.460381 -0.305176 -2.166748 -2.655029 0.35 0.36 1.0 1.3 -0.049 0.146 0.1398 0.1217 -0.1166 0.3891 -0.0018 -0.010364 -0.003352 12.40 500 810 -0.004313 0.359444 0.342273 0.017170 0.100000 
5.927 3 -0.210977 -0.011987 -9.937475 0.061035 9.735107 -1.159668 0.31 0.32 0.8 1.0 0.091 0.098 0.1149 0.1088 -0.0389 0.3925 -0.0018 -0.007773 -0.004034 12.39 500 800 -0.004484 0.317265 0.346739 -0.029474 0.100000 
5.957 3 -0.839111 0.074321 -9.798423 -0.579834 -3.540039 1.770020 0.37 0.37 1.2 1.2 0.158 0.121 0.1313 0.1370 0.0363 0.3962 -0.0018 -0.002591 -0.003972 12.40 500 810 -0.005372 0.371904 0.345546 0.026359 0.100000 
5.987 3 -0.371606 0.218169 -9.985424 -0.152588 -3.387451 -1.647949 0.37 0.37 1.0 1.2 0.131 0.182 0.1606 0.1402 -0.1321 0.3998 -0.0018 -0.002591 -0.004579 12.39 500 810 -0.006124 0.373090 0.345815 0.027275 0.100000 
6.017 3 -0.889458 -0.244541 -9.436406 -0.152588 2.960205 2.044678 0.33 0.34 1.2 0.9 0.146 -0.076 0.1032 0.1341 0.1995 0.4034 -0.0018 -0.002591 -0.006193 12.39 500 800 -0.005719 0.333708 0.348788 -0.015081 0.100000 
6.047 3 -0.357222 0.426748 -10.445737 -0.823975 4.486084 -3.417969 0.35 0.36 1.0 1.2 0.170 0.231 0.1333 0.1121 -0.1373 0.4072 -0.0018 -0.005182 -0.004955 12.39 500 800 -0.006741 0.352626 0.350425 0.002200 0.100000 
6.077 3 -0.419556 -0.187002 -9.920693 -0.823975 -0.152588 -1.220703 0.34 0.34 1.1 0.9 0.188 -0.013 0.1181 0.1370 0.1218 0.4106 -0.0018 -0.002591 -0.007051 12.40 500 800 -0.005957 0.336582 0.346997 -0.010415 0.100000 
6.107 3 -0.371606 0.088706 -9.736089 2.685547 9.887695 -4.699707 0.32 0.32 0.9 1.2 -0.006 0.176 0.1217 0.0920 -0.1917 0.4146 -0.0018 -0.002591 -0.006233 12.39 500 800 -0.006740 0.322540 0.351988 -0.029448 0.100000 
6.137 3 -0.884663 -0.189399 -9.541894 -0.366211 -4.455566 -3.570557 0.36 0.36 1.4 1.2 0.130 0.109 0.1153 0.1333 0.1166 0.4183 -0.0019 -0.002591 -0.007052 12.38 500 790 -0.006852 0.362883 0.349326 0.013557 0.100000 
6.167 3 -0.757598 -0.122271 -9.654575 -1.159668 -4.486084 1.312256 0.38 0.38 1.3 1.3 0.120 0.234 0.1414 0.1313 -0.0648 0.4221 -0.0019 -0.000000 -0.006663 12.39 500 760 -0.007939 0.380397 0.351978 0.028419 0.100000 
6.197 3 -0.817534 -0.026372 -9.719306 -0.061035 2.990723 -0.640869 0.34 0.34 0.9 1.0 0.139 0.051 0.1337 0.1301 -0.0233 0.4261 -0.0019 -0.000000 -0.008330 12.40 500 770 -0.007817 0.340038 0.355606 -0.015567 0.100000 
6.227 3 -0.364414 -0.453120 -10.395391 0.427246 -1.342773 -2.166748 0.39 0.39 1.2 1.3 0.245 0.188 0.1526 0.1454 -0.0466 0.4301 -0.0019 -0.000000 -0.007060 12.39 500 760 -0.009593 0.387987 0.357965 0.030022 0.100000 
6.257 3 -0.340439 -0.294888 -10.074131 0.366211 0.427246 -2.075195 0.34 0.34 1.1 1.1 0.181 0.086 0.1193 0.1213 0.0130 0.4337 -0.0019 -0.000000 -0.009366 12.39 500 760 -0.007696 0.337406 0.355597 -0.018191 0.100000 
6.287 3 -0.493877 -0.105488 -9.947065 0.701904 0.762939 -4.516602 0.35 0.35 1.1 1.3 0.022 0.222 0.1285 0.1080 -0.1321 0.4377 -0.0019 -0.000000 -0.008209 12.38 500 770 -0.008215 0.352477 0.355080 -0.002603 0.100000 
6.317 3 -0.937407 -0.258926 -9.390854 0.000000 -3.509521 -2.807617 0.35 0.35 1.1 1.2 0.058 0.138 0.1325 0.1253 -0.0466 0.4413 -0.0019 -0.000000 -0.009114 12.39 500 760 -0.007959 0.353622 0.352926 0.000696 0.100000 
6.347 3 -0.469902 -0.155835 -9.920693 0.183105 -1.220703 -2.502441 0.36 0.36 1.1 1.2 0.143 0.174 0.1394 0.1229 -0.1062 0.4452 -0.0018 0.002591 -0.008139 12.39 500 800 -0.008303 0.357444 0.351548 0.005897 0.100000 
6.377 3 -0.805547 -0.062334 -9.628202 0.061035 -0.183105 1.068115 0.35 0.35 1.3 0.9 0.135 -0.041 0.1121 0.1462 0.2202 0.4492 -0.0018 0.002591 -0.008543 12.39 500 800 -0.008306 0.349168 0.350899 -0.001731 0.100000 
6.407 3 -0.632930 -0.239746 -9.901513 -0.152588 2.197266 -2.990723 0.33 0.33 0.9 1.2 0.052 0.128 0.1329 0.0980 -0.2254 0.4528 -0.0018 0.002591 -0.008634 12.40 500 800 -0.007660 0.331462 0.348868 -0.017407 0.100000 
6.437 3 -0.083911 -0.577788 -10.273120 1.190186 8.666992 -3.082275 0.32 0.32 0.9 0.9 0.124 0.095 0.1205 0.1213 0.0052 0.4566 -0.0018 -0.000000 -0.007662 12.39 500 790 -0.007971 0.320946 0.348108 -0.027162 0.100000 
6.467 3 -0.798354 -0.213374 -9.695332 -0.122070 -6.469727 0.213623 0.37 0.37 1.2 1.4 0.163 0.146 0.1398 0.1229 -0.1088 0.4602 -0.0018 -0.000000 -0.007602 12.39 500 810 -0.007640 0.367848 0.344877 0.022971 0.100000 
6.497 3 -0.323657 0.086309 -9.800820 -0.610352 5.035400 -0.213623 0.33 0.32 1.0 1.0 0.152 0.140 0.1181 0.1141 -0.0259 0.4640 -0.0018 0.002591 -0.008121 12.40 500 800 -0.007354 0.324477 0.349728 -0.025251 0.100000 
6.527 3 -0.843906 -0.004795 -9.968642 -0.366211 -4.913330 7.934570 0.40 0.40 1.5 1.1 0.209 0.105 0.1374 0.1751 0.2436 0.4683 -0.0018 -0.000000 -0.006423 12.37 500 810 -0.009704 0.401684 0.351723 0.049961 0.100000 
6.557 3 -0.810342 0.282900 -9.656972 -0.152588 3.784180 0.854492 0.34 0.34 1.1 1.1 0.141 -0.080 0.1213 0.1221 0.0052 0.4721 -0.0018 0.002591 -0.009233 12.39 500 800 -0.008588 0.339353 0.359012 -0.019659 0.100000 
6.587 3 -0.338042 -0.661699 -10.352236 -1.129150 -4.028320 -5.065918 0.40 0.40 1.3 1.5 0.168 0.231 0.1490 0.1305 -0.1192 0.4763 -0.0018 -0.000000 -0.007858 12.36 500 760 -0.010122 0.396660 0.359955 0.036705 0.100000 
6.617 3 -0.649712 -0.510659 -9.388456 0.671387 2.136230 -0.762939 0.30 0.31 0.9 1.2 -0.042 0.082 0.1088 0.0819 -0.1736 0.4797 -0.0018 -0.002591 -0.011827 12.39 500 810 -0.007248 0.304331 0.357578 -0.053247 0.100000 
6.647 3 -0.529839 0.232554 -9.613818 -0.305176 -17.059326 1.281738 0.42 0.42 1.5 1.4 0.217 0.163 0.1574 0.1639 0.0415 0.4835 -0.0018 -0.000000 -0.007396 12.37 500 810 -0.008672 0.415700 0.343385 0.072315 0.100000 
6.677 3 -0.397979 -0.721636 -10.078925 -1.312256 15.991211 3.356934 0.31 0.32 0.9 1.1 0.077 0.126 0.1076 0.0896 -0.1166 0.4877 -0.0018 -0.002591 -0.007807 12.39 500 810 -0.008487 0.314924 0.363944 -0.049020 0.100000 
6.707 3 -1.234692 1.093242 -9.376470 -1.007080 -20.050049 -0.579834 0.46 0.47 1.7 1.4 0.226 0.109 0.1783 0.2048 0.1710 0.4913 -0.0018 -0.002591 -0.006517 12.40 500 800 -0.010260 0.464699 0.357282 0.107417 0.100000 
6.737 3 0.035962 -1.953931 -10.848511 -0.305176 23.742676 1.708984 0.29 0.30 0.6 1.0 -0.006 0.196 0.1084 0.0723 -0.2332 0.4956 -0.0018 -0.005182 -0.009158 12.39 500 800 -0.008707 0.296115 0.383506 -0.087391 0.100000 
6.767 3 -0.810342 0.477095 -10.234760 1.007080 -23.742676 7.507324 0.51 0.52 1.9 1.7 0.239 0.233 0.1976 0.2113 0.0881 0.5000 -0.0019 -0.005182 -0.007009 12.38 500 800 -0.012433 0.513597 0.376481 0.137117 0.100000 
6.797 3 -1.018921 -1.949136 -11.172168 -6.561279 20.812988 6.896973 0.30 0.30 0.9 0.8 -0.051 0.049 0.0868 0.0888 0.0130 0.5040 -0.0019 -0.005182 -0.012251 12.39 500 810 -0.009411 0.297796 0.398846 -0.101050 0.100000 
6.827 3 -1.131602 -0.390786 -10.546431 2.136230 -23.712158 3.143311 0.53 0.53 1.8 1.9 0.316 0.157 0.2169 0.2133 -0.0233 0.5082 -0.0019 -0.007773 -0.008314 12.39 500 800 -0.014092 0.529866 0.389316 0.140551 0.100000 
6.857 3 -0.755200 0.376401 -11.071474 -4.943848 16.876221 0.091553 0.30 0.31 0.8 0.9 -0.022 0.072 0.1088 0.0920 -0.1088 0.5122 -0.0019 -0.007773 -0.014132 12.39 500 790 -0.010247 0.306687 0.404449 -0.097762 0.100000 
6.887 3 -1.002139 -1.735762 -10.697471 -1.586914 -32.592773 0.457764 0.56 0.57 2.2 2.3 0.330 0.276 0.2088 0.1956 -0.0855 0.5164 -0.0020 -0.010364 -0.007523 12.39 500 790 -0.013420 0.562512 0.389781 0.172731 0.100000 
6.917 3 -0.436338 1.651851 -11.402324 -1.922607 16.326904 -2.258301 0.27 0.28 0.8 0.8 -0.025 -0.011 0.0695 0.0679 -0.0104 0.5197 -0.0020 -0.010364 -0.014141 12.39 500 800 -0.007250 0.272874 0.398774 -0.125900 0.100000 
6.947 3 -0.354824 -1.656645 -14.010761 -10.833740 -11.627197 0.885010 0.51 0.52 2.1 1.8 0.520 0.394 0.1562 0.1948 0.2487 0.5245 -0.0021 -0.010364 -0.003967 12.39 500 810 -0.012589 0.519340 0.392529 0.126811 0.100000 
6.977 3 -0.522646 0.848701 -8.765117 5.920410 9.948730 2.868652 0.30 0.31 0.9 0.8 0.036 -0.042 0.0908 0.1080 0.1114 0.5275 -0.0021 -0.007773 -0.012582 12.39 500 800 -0.007323 0.308859 0.396176 -0.087317 0.100000 
7.007 3 -0.805547 -0.414761 -10.256337 -5.615234 -19.775391 -4.364014 0.50 0.50 1.8 2.0 0.294 0.339 0.1856 0.1699 -0.1011 0.5319 -0.0021 -0.007773 -0.006263 12.39 500 810 -0.010907 0.499894 0.384427 0.115467 0.100000 
7.037 3 -1.143589 -0.088706 -10.191607 -1.251221 12.451172 0.976562 0.26 0.27 0.9 0.8 -0.032 -0.048 0.0623 0.0743 0.0777 0.5349 -0.0021 -0.010364 -0.012960 12.39 500 810 -0.005356 0.266728 0.386235 -0.119507 0.100000 
7.067 3 0.110283 -1.189141 -12.385283 -1.403809 -13.397217 -2.685547 0.48 0.49 1.7 1.9 0.336 0.388 0.1815 0.1631 -0.1192 0.5393 -0.0022 -0.010364 -0.003660 12.38 500 790 -0.010350 0.488946 0.375278 0.113668 0.100000 
7.097 3 -1.306616 0.549019 -8.832246 3.601074 -10.833740 7.446289 0.33 0.34 1.5 1.0 0.140 0.020 0.0647 0.1217 0.3679 0.5417 -0.0022 -0.010364 -0.011073 12.39 500 810 -0.003729 0.334405 0.370030 -0.035624 0.100000 
7.127 3 0.069526 1.052485 -9.165493 2.319336 30.883789 0.823975 0.31 0.32 0.7 0.8 0.136 0.119 0.1080 0.0972 -0.0700 0.5462 -0.0023 -0.015547 -0.003906 12.39 500 790 -0.007976 0.314305 0.381415 -0.067110 0.100000 
7.157 3 -0.484287 -1.584722 -8.242471 -3.326416 -31.250000 -0.335693 0.45 0.46 1.7 2.0 0.308 0.306 0.1590 0.1341 -0.1606 0.5488 -0.0023 -0.012956 -0.007044 12.39 500 800 -0.004910 0.452172 0.364434 0.087737 0.100000 
7.187 3 -0.889458 -1.404912 -8.669218 6.195068 21.026611 -3.967285 0.29 0.31 0.5 1.1 -0.040 0.194 0.1133 0.0651 -0.3109 0.5528 -0.0024 -0.018138 -0.006473 12.39 500 790 -0.005504 0.297473 0.380565 -0.083093 0.100000 
7.217 3 -0.278105 1.774121 -10.467314 1.373291 -17.517090 2.349854 0.42 0.43 1.3 1.4 0.208 0.223 0.1735 0.1699 -0.0233 0.5562 -0.0024 -0.015547 -0.005975 12.39 500 810 -0.006309 0.426958 0.362469 0.064489 0.100000 
7.247 3 -0.414761 -2.608438 -11.411914 -3.417969 19.256592 -2.655029 0.26 0.28 0.6 0.9 -0.035 0.123 0.0803 0.0631 -0.1114 0.5598 -0.0025 -0.015547 -0.008102 12.39 500 800 -0.004359 0.268597 0.373247 -0.104651 0.100000 
7.277 3 -0.374004 -0.786367 -11.351977 0.274658 -31.463623 1.586914 0.52 0.53 2.0 2.2 0.271 0.224 0.1956 0.1791 -0.1062 0.5636 -0.0025 -0.012956 -0.002121 12.39 500 810 -0.008052 0.526460 0.357321 0.169139 0.100000 
7.307 3 -0.975767 1.613491 -11.275258 -3.967285 16.998291 -5.004883 0.25 0.27 0.6 0.9 -0.017 0.008 0.0847 0.0574 -0.1762 0.5664 -0.0026 -0.012956 -0.008392 12.39 500 800 -0.003309 0.259634 0.369796 -0.110163 0.100000 
7.337 3 -0.632930 -2.373486 -11.805098 -5.371094 -23.345947 -5.615234 0.50 0.51 1.7 2.1 0.288 0.310 0.2080 0.1715 -0.2358 0.5707 -0.0026 -0.010364 -0.001671 12.38 500 810 -0.008301 0.505245 0.357447 0.147798 0.100000 
7.367 3 -1.040498 1.316206 -10.078925 0.579834 16.754150 -2.716064 0.23 0.24 0.7 0.7 -0.017 -0.033 0.0518 0.0594 0.0492 0.5735 -0.0026 -0.010364 -0.009341 12.39 500 810 -0.002558 0.239208 0.365522 -0.126315 0.100000 
7.397 3 -0.395581 -2.080996 -11.980112 -7.598877 -18.981934 -8.209229 0.49 0.50 1.7 2.0 0.284 0.336 0.1884 0.1623 -0.1684 0.5777 -0.0027 -0.007773 -0.001144 12.39 500 810 -0.008228 0.492378 0.355280 0.137098 0.100000 
7.427 3 -0.608955 1.174756 -10.213183 4.791260 8.789062 4.455566 0.24 0.25 0.9 0.6 -0.002 -0.064 0.0442 0.0811 0.2384 0.5801 -0.0027 -0.007773 -0.009679 12.39 500 810 -0.001625 0.245954 0.357182 -0.111228 0.100000 
7.457 3 0.491479 1.872417 -10.671099 -7.873535 5.035400 -1.678467 0.41 0.42 1.1 1.6 0.287 0.362 0.1687 0.1193 -0.3187 0.5845 -0.0027 -0.007773 0.000176 12.36 500 810 -0.007426 0.414584 0.356142 0.058442 0.100000 
7.487 3 -0.918227 -0.927817 -7.235537 5.981445 -3.601074 9.857178 0.28 0.28 1.3 0.8 0.157 -0.073 0.0382 0.0944 0.3628 0.5865 -0.0028 -0.007773 -0.008842 12.38 500 790 -0.000728 0.281030 0.349601 -0.068571 0.100000 
7.517 3 -0.263721 1.529580 -9.995014 2.105713 25.085449 -0.518799 0.31 0.32 0.8 0.8 0.200 0.122 0.1000 0.1020 0.0130 0.5907 -0.0028 -0.010364 -0.000862 12.39 500 800 -0.005171 0.310763 0.355238 -0.044476 0.100000 
7.547 3 -0.935010 -1.853237 -7.072510 -4.180908 -20.233154 4.089355 0.36 0.36 1.8 1.3 0.299 0.051 0.0707 0.1265 0.3602 0.5930 -0.0028 -0.007773 -0.005874 12.40 500 790 -0.000810 0.360431 0.340441 0.019991 0.100000 
7.577 3 -1.047690 -0.155835 -8.434267 8.697510 25.482178 -5.432129 0.28 0.28 0.8 0.6 0.086 -0.054 0.0759 0.0960 0.1296 0.5972 -0.0028 -0.005182 -0.002349 12.39 500 810 -0.003974 0.279625 0.352318 -0.072693 0.100000 
7.607 3 -0.081514 0.052744 -9.793628 -3.997803 -22.003174 3.814697 0.38 0.38 1.7 1.2 0.319 0.184 0.1020 0.1550 0.3420 0.5996 -0.0029 -0.005182 -0.004509 12.39 500 800 -0.001613 0.381279 0.333430 0.047849 0.100000 
7.637 3 -1.162768 -2.095381 -8.276035 5.615234 18.951416 -5.676270 0.29 0.29 1.1 0.7 0.080 -0.065 0.0627 0.1028 0.2591 0.6036 -0.0029 -0.005182 -0.002714 12.39 500 800 -0.003558 0.290556 0.348269 -0.057713 0.100000 
7.667 3 -0.246938 0.148643 -11.500620 1.861572 -16.571045 -3.021240 0.36 0.37 1.4 1.0 0.281 0.174 0.1149 0.1586 0.2824 0.6062 -0.0029 -0.002591 -0.004203 12.37 500 810 -0.002066 0.364572 0.328094 0.036478 0.100000 
7.697 3 -1.606299 -2.160112 -9.414829 1.861572 13.336182 -4.974365 0.28 0.29 1.1 1.0 0.129 -0.001 0.0602 0.0687 0.0544 0.6098 -0.0029 -0.002591 -0.002964 12.39 500 800 -0.002007 0.285080 0.341205 -0.056125 0.100000 
7.727 3 -0.033564 1.570337 -11.057090 2.075195 -17.700195 -1.647949 0.39 0.39 1.4 1.1 0.179 0.243 0.1414 0.1659 0.1581 0.6126 -0.0029 -0.002591 -0.001605 12.39 500 790 -0.002167 0.389730 0.322318 0.067412 0.100000 
7.757 3 -0.273311 -3.203008 -10.812549 -2.563477 17.303467 -3.906250 0.25 0.25 0.8 0.9 -0.010 -0.015 0.0590 0.0482 -0.0700 0.6154 -0.0029 -0.002591 -0.002867 12.39 500 800 -0.000223 0.250032 0.336872 -0.086840 0.100000 
7.787 3 -0.664097 -0.759995 -11.325605 2.410889 -26.824951 -9.887695 0.51 0.51 2.0 2.1 0.299 0.341 0.1759 0.1671 -0.0570 0.6191 -0.0029 -0.002591 0.004300 12.38 500 800 -0.004282 0.510401 0.330948 0.179453 0.100000 
7.817 3 -0.750405 1.102832 -11.119424 -0.427246 13.427734 -5.249023 0.28 0.28 0.8 0.7 -0.029 0.017 0.0795 0.0892 0.0622 0.6219 -0.0029 -0.002591 -0.002848 12.38 500 800 -0.000567 0.277752 0.347436 -0.069683 0.100000 
7.847 3 -0.836714 -0.450723 -9.158300 -3.234863 -15.838623 -3.295898 0.42 0.41 1.4 1.4 0.198 0.191 0.1574 0.1566 -0.0052 0.6251 -0.0029 0.002591 -0.000863 12.36 500 790 -0.003143 0.414578 0.336491 0.078088 0.100000 
7.877 3 -0.920625 -1.371348 -10.241953 1.312256 18.432617 -6.652832 0.24 0.24 0.6 0.9 -0.014 -0.009 0.0723 0.0414 -0.1995 0.6281 -0.0029 -0.000000 -0.004882 12.39 500 770 -0.000499 0.238442 0.346608 -0.108166 0.100000 
7.907 3 -1.117217 0.141450 -9.623408 0.457764 -25.512695 -0.823975 0.45 0.44 1.4 1.7 0.268 0.207 0.1968 0.1639 -0.2125 0.6315 -0.0029 0.002591 -0.000479 12.38 500 800 -0.003543 0.446017 0.326317 0.119700 0.100000 
7.937 3 -0.599365 1.232295 -11.136206 -5.279541 16.357422 -1.708984 0.21 0.21 0.6 0.7 -0.034 -0.048 0.0450 0.0345 -0.0674 0.6337 -0.0029 -0.000000 -0.004681 12.39 500 810 0.001718 0.210899 0.331990 -0.121091 0.100000 
7.967 3 -0.062334 -1.666235 -12.080805 -2.685547 -12.969971 0.122070 0.43 0.43 1.7 1.6 0.405 0.333 0.1329 0.1474 0.0933 0.6373 -0.0029 0.005182 0.003837 12.39 500 800 -0.002490 0.430756 0.322209 0.108547 0.100000 
7.997 3 -0.872676 0.719238 -9.357289 3.723145 2.746582 -5.004883 0.25 0.24 0.9 1.1 -0.040 0.039 0.0470 0.0273 -0.1270 0.6391 -0.0029 0.002591 -0.003285 12.39 500 790 0.003686 0.243898 0.323189 -0.079291 0.100000 
8.027 3 -0.148643 2.495757 -9.083980 -8.026123 20.721436 5.249023 0.34 0.34 1.2 0.9 0.242 0.190 0.0851 0.1181 0.2125 0.6432 -0.0029 0.002591 0.005261 12.40 500 800 -0.002300 0.338702 0.335416 0.003287 0.100000 
8.057 3 -1.018921 -1.695005 -6.933457 0.457764 -22.644043 -0.854492 0.38 0.38 1.6 1.5 0.230 0.190 0.1125 0.1201 0.0492 0.6454 -0.0029 -0.000000 -0.001539 12.38 500 810 0.001301 0.380289 0.329649 0.050640 0.100000 
8.087 3 -0.887061 0.584980 -8.321587 9.063721 26.580811 2.746582 0.29 0.29 0.8 0.7 0.025 -0.029 0.0827 0.0908 0.0518 0.6494 -0.0029 -0.000000 0.000741 12.38 500 760 -0.002240 0.285768 0.348749 -0.062981 0.100000 
8.117 3 -0.071924 -0.858291 -9.999809 -5.889893 -20.538330 1.708984 0.38 0.38 1.4 1.3 0.322 0.234 0.1313 0.1341 0.0181 0.6518 -0.0029 -0.005182 -0.002572 12.40 500 800 -0.000082 0.378076 0.331284 0.046792 0.100000 
8.147 3 -1.093242 -0.405171 -8.561333 10.681152 20.233154 -2.410889 0.26 0.26 0.7 0.9 -0.036 -0.032 0.0771 0.0562 -0.1347 0.6554 -0.0029 -0.005182 -0.002385 12.39 500 790 -0.001066 0.259270 0.343090 -0.083820 0.100000 
8.177 3 -0.402773 1.148384 -10.170029 -0.762939 -21.850586 4.821777 0.39 0.39 1.4 1.2 0.225 0.124 0.1402 0.1562 0.1036 0.6576 -0.0029 -0.007773 -0.001057 12.37 500 800 -0.000420 0.389072 0.319174 0.069898 0.100000 
8.207 3 -0.007192 -3.083135 -11.946548 -0.091553 20.446777 2.075195 0.22 0.23 0.7 0.8 0.024 0.019 0.0406 0.0382 -0.0155 0.6604 -0.0030 -0.007773 -0.001880 12.38 500 790 0.001778 0.222173 0.330122 -0.107949 0.100000 
8.237 3 -0.023975 1.110024 -11.987305 2.929688 -26.611328 -9.246826 0.48 0.49 1.9 1.9 0.363 0.266 0.1651 0.1699 0.0311 0.6638 -0.0030 -0.010364 0.004490 12.39 500 790 -0.002503 0.482678 0.319854 0.162824 0.100000 
8.267 3 -0.285298 1.663838 -11.097846 -4.577637 9.582520 -1.007080 0.23 0.24 0.7 1.0 -0.032 0.025 0.0558 0.0293 -0.1710 0.6658 -0.0030 -0.010364 -0.002505 12.39 500 800 0.003639 0.232189 0.327076 -0.094888 0.100000 
8.297 3 0.302080 0.220566 -10.596777 -0.579834 7.019043 4.730225 0.37 0.37 1.0 1.1 0.266 0.278 0.1394 0.1313 -0.0518 0.6697 -0.0030 -0.007773 0.004753 12.39 500 800 -0.001872 0.368892 0.327146 0.041745 0.100000 
8.327 3 -0.788765 -0.918227 -8.364741 4.699707 6.774902 -1.373291 0.24 0.24 0.9 0.8 0.005 -0.043 0.0426 0.0627 0.1296 0.6717 -0.0030 -0.007773 -0.002956 12.39 500 810 0.003330 0.239964 0.326473 -0.086510 0.100000 
8.357 3 0.378799 0.359619 -10.630342 -1.983643 14.495850 9.948730 0.34 0.34 1.2 0.8 0.394 0.214 0.0811 0.1341 0.3420 0.6755 -0.0031 -0.005182 0.005346 12.36 500 810 -0.000879 0.339490 0.327843 0.011647 0.100000 
8.387 3 -0.115078 -1.491221 -8.132187 4.150391 -21.697998 -1.922607 0.38 0.39 1.6 1.6 0.304 0.222 0.1064 0.1117 0.0337 0.6773 -0.0031 -0.007773 0.000946 12.39 500 800 0.002671 0.381383 0.322896 0.058487 0.100000 
8.417 3 -0.937407 0.011987 -8.093828 6.805420 23.864746 -3.112793 0.28 0.28 0.9 0.8 0.010 -0.029 0.0675 0.0779 0.0674 0.6811 -0.0031 -0.005182 0.001839 12.38 500 810 0.000009 0.278901 0.343909 -0.065008 0.100000 
8.447 3 -0.572993 0.316465 -9.678550 -1.922607 -19.927979 2.777100 0.41 0.42 1.5 1.2 0.248 0.175 0.1438 0.1743 0.1969 0.6835 -0.0031 -0.005182 0.001138 12.36 500 810 -0.000357 0.415218 0.330702 0.084517 0.100000 
8.477 3 -0.414761 -2.673169 -12.370898 -3.906250 19.134521 4.577637 0.24 0.25 0.7 0.8 0.013 -0.006 0.0522 0.0530 0.0052 0.6863 -0.0031 -0.010364 -0.001906 12.39 500 790 0.001727 0.241195 0.344317 -0.103122 0.100000 
8.507 3 -0.105488 -0.843906 -14.581357 -2.349854 -15.625000 -0.640869 0.46 0.47 1.8 1.8 0.407 0.419 0.1458 0.1486 0.0181 0.6897 -0.0032 -0.012956 0.005320 12.38 500 790 -0.001978 0.463230 0.335709 0.127521 0.100000 
8.537 3 -1.313809 1.536772 -10.059746 2.807617 -6.683350 2.014160 0.28 0.29 0.9 1.1 0.006 0.110 0.0839 0.0655 -0.1192 0.6916 -0.0032 -0.015547 -0.003315 12.40 500 810 0.003718 0.286128 0.333135 -0.047006 0.100000 
8.567 3 -0.110283 0.047949 -9.414829 1.312256 23.254395 3.967285 0.29 0.30 0.8 1.0 0.146 0.234 0.0868 0.0699 -0.1088 0.6952 -0.0033 -0.015547 0.003766 12.39 500 800 -0.000090 0.296235 0.338843 -0.042608 0.100000 
8.597 3 -0.198989 -1.105229 -7.667080 -2.838135 -19.042969 2.960205 0.37 0.39 1.3 1.6 0.188 0.349 0.1293 0.1016 -0.1788 0.6972 -0.0033 -0.020729 0.000863 12.38 500 810 0.002609 0.376717 0.327706 0.049011 0.100000 
8.627 3 -1.093242 0.011987 -7.978750 6.683350 17.150879 -3.784180 0.27 0.29 0.7 1.2 -0.025 0.073 0.0904 0.0498 -0.2617 0.7004 -0.0034 -0.020729 0.001175 12.40 510 810 0.001050 0.284066 0.342681 -0.058614 0.100000 
8.657 3 -0.644917 1.352168 -10.426558 -1.220703 -12.054443 1.007080 0.33 0.35 1.0 1.6 0.175 0.286 0.1161 0.0703 -0.2954 0.7028 -0.0034 -0.020729 -0.000041 12.39 500 810 0.003034 0.338945 0.327620 0.011325 0.100000 
8.687 3 -1.059678 -2.414243 -9.278173 4.241943 14.495850 -3.509521 0.27 0.28 1.0 1.0 0.033 -0.056 0.0542 0.0602 0.0389 0.7058 -0.0035 -0.018138 0.000970 12.40 500 800 0.002092 0.274433 0.336257 -0.061823 0.100000 
8.717 3 -0.748008 1.687812 -10.383403 2.014160 -19.653320 -0.244141 0.37 0.39 1.6 1.4 0.330 0.149 0.1016 0.1309 0.1892 0.7082 -0.0035 -0.018138 0.002179 12.39 500 810 0.002876 0.380468 0.318837 0.061631 0.100000 
8.747 3 -1.057280 -1.599106 -9.925488 1.098633 17.730713 -6.072998 0.25 0.27 1.0 1.0 0.144 0.117 0.0345 0.0418 0.0466 0.7108 -0.0036 -0.015547 0.002045 12.39 500 800 0.003417 0.258273 0.333887 -0.075613 0.100000 
8.777 3 -1.625479 0.930215 -10.323466 -2.746582 -32.226562 2.655029 0.49 0.50 2.0 2.0 0.325 0.188 0.1639 0.1743 0.0674 0.7138 -0.0036 -0.012956 0.006647 12.39 500 810 0.000320 0.497779 0.322012 0.175767 0.100000 
8.807 3 -0.728828 0.731226 -11.999291 -4.791260 9.216309 -0.518799 0.27 0.29 0.9 1.0 0.059 0.142 0.0627 0.0647 0.0130 0.7160 -0.0036 -0.015547 0.001679 12.39 500 790 0.004244 0.278189 0.336008 -0.057818 0.100000 
8.837 3 -0.841509 -1.601504 -10.333056 -4.791260 -15.808105 3.356934 0.42 0.43 1.4 1.8 0.254 0.286 0.1514 0.1305 -0.1347 0.7193 -0.0037 -0.015547 0.004803 12.37 500 790 0.000823 0.425523 0.330540 0.094983 0.100000 
8.867 3 -0.640122 0.752803 -9.613818 -0.823975 14.221191 -3.448486 0.23 0.24 0.7 0.8 -0.020 -0.040 0.0434 0.0438 0.0026 0.7213 -0.0037 -0.015547 -0.000836 12.39 500 790 0.004648 0.233771 0.338249 -0.104478 0.100000 
8.897 3 0.187002 -2.076201 -12.996635 -2.777100 -15.502930 -10.894775 0.45 0.47 1.5 2.0 0.333 0.382 0.1715 0.1370 -0.2228 0.7249 -0.0038 -0.015547 0.007039 12.39 500 800 -0.000596 0.460889 0.330424 0.130465 0.100000 
8.927 3 -0.925420 1.663838 -9.354893 3.387451 3.143311 9.277344 0.23 0.25 0.9 0.8 -0.010 0.016 0.0462 0.0538 0.0492 0.7265 -0.0038 -0.015547 -0.001977 12.38 500 810 0.005643 0.242628 0.329799 -0.087171 0.100000 
8.957 3 0.302080 2.174497 -10.685483 -8.239746 5.126953 5.523682 0.37 0.39 1.1 1.3 0.295 0.367 0.1370 0.1185 -0.1192 0.7299 -0.0039 -0.018138 0.007564 12.38 500 800 0.000498 0.378718 0.325954 0.052764 0.100000 
8.987 3 -1.419297 -0.786367 -6.645761 6.317139 -14.160156 -7.690430 0.29 0.31 1.5 1.5 0.145 0.132 0.0305 0.0357 0.0337 0.7311 -0.0039 -0.018138 0.000748 12.37 500 790 0.007820 0.297289 0.318575 -0.021286 0.100000 
9.017 3 -0.256528 1.424092 -8.916157 4.486084 22.827148 -0.610352 0.30 0.32 0.9 1.0 0.222 0.021 0.0747 0.0839 0.0596 0.7349 -0.0039 -0.015547 0.007551 12.40 500 800 0.002170 0.308455 0.334327 -0.025871 0.100000 
9.047 3 -0.752803 -1.675825 -7.127651 -5.645752 -1.342773 -0.518799 0.27 0.29 1.2 0.8 0.176 -0.051 0.0426 0.0932 0.3265 0.7365 -0.0040 -0.015547 0.000573 12.39 500 800 0.005772 0.280136 0.327437 -0.047301 0.100000 
9.077 3 -0.191797 1.093242 -11.064281 -1.342773 5.828857 2.838135 0.39 0.40 1.5 1.6 0.348 0.339 0.1076 0.1056 -0.0130 0.7405 -0.0040 -0.015547 0.008564 12.38 500 810 0.000493 0.394721 0.334365 0.060356 0.100000 
9.107 3 -1.289834 -0.395581 -7.842094 4.180908 -15.991211 2.075195 0.33 0.34 1.5 1.1 0.276 0.153 0.0647 0.1088 0.2850 0.7419 -0.0040 -0.012956 0.000160 12.38 500 810 0.005428 0.332674 0.329537 0.003137 0.100000 
9.137 3 -0.966177 0.815137 -7.957172 8.972168 27.923584 -5.859375 0.26 0.28 0.8 0.5 0.051 -0.030 0.0590 0.0972 0.2462 0.7454 -0.0041 -0.010364 0.003765 12.39 510 810 0.001367 0.270170 0.343659 -0.073490 0.100000 
9.167 3 -0.002397 -0.798354 -9.076787 -6.561279 -23.406982 0.396729 0.38 0.39 1.6 1.2 0.355 0.222 0.1008 0.1450 0.2850 0.7474 -0.0041 -0.010364 0.001196 12.39 500 800 0.003762 0.380815 0.324764 0.056051 0.100000 
9.197 3 -1.565542 -2.639604 -9.139121 5.737305 16.845703 -6.439209 0.26 0.28 1.0 1.1 0.145 0.029 0.0422 0.0442 0.0130 0.7504 -0.0042 -0.012956 0.002308 12.40 500 790 0.003320 0.270703 0.339619 -0.068916 0.100000 
9.227 3 -0.709648 2.325537 -10.704662 2.288818 -18.280029 -0.640869 0.39 0.40 1.1 1.4 0.169 0.215 0.1590 0.1349 -0.1555 0.7530 -0.0042 -0.010364 0.003192 12.39 500 800 0.002413 0.392769 0.321162 0.071606 0.100000 
9.257 3 -0.407568 -2.411846 -11.385542 -6.713867 17.364502 -2.960205 0.25 0.26 0.7 1.0 -0.016 0.125 0.0703 0.0482 -0.1425 0.7558 -0.0042 -0.010364 0.001120 12.39 500 800 0.002888 0.256990 0.335291 -0.078302 0.100000 
9.287 3 -0.752803 -0.143848 -10.599174 -0.427246 -20.690918 6.164551 0.38 0.38 1.2 1.5 0.179 0.196 0.1426 0.1265 -0.1036 0.7580 -0.0042 -0.007773 0.002577 12.38 500 790 0.003151 0.380628 0.314146 0.066483 0.100000 
9.317 3 0.143848 -2.315947 -11.198540 -2.075195 15.625000 -0.427246 0.24 0.25 0.9 0.8 0.164 0.013 0.0325 0.0510 0.1192 0.7606 -0.0043 -0.010364 0.001899 12.39 500 800 0.004601 0.243234 0.324792 -0.081558 0.100000 
9.347 3 -0.951792 0.539429 -10.400186 0.335693 -22.064209 0.366211 0.41 0.42 1.6 1.6 0.202 0.203 0.1341 0.1398 0.0363 0.7632 -0.0043 -0.007773 0.005261 12.38 500 800 0.002394 0.414678 0.308988 0.105690 0.100000 
9.377 3 -0.757598 1.325796 -10.985166 -4.608154 16.754150 -6.439209 0.20 0.21 0.6 0.7 0.005 -0.028 0.0458 0.0345 -0.0726 0.7654 -0.0043 -0.010364 0.000732 12.39 500 800 0.005744 0.208346 0.316950 -0.108604 0.100000 
9.407 3 -0.520249 -2.452602 -11.474248 -2.410889 -14.526367 -1.647949 0.39 0.40 1.1 1.6 0.191 0.257 0.1619 0.1217 -0.2591 0.7683 -0.0043 -0.010364 0.006112 12.39 500 810 0.002379 0.392254 0.304219 0.088036 0.100000 
9.437 3 -1.196333 0.915830 -8.916157 2.044678 7.354736 -1.098633 0.24 0.25 0.8 0.9 0.010 0.017 0.0534 0.0494 -0.0259 0.7703 -0.0043 -0.010364 0.002484 12.39 500 800 0.005934 0.249545 0.309717 -0.060172 0.100000 
9.467 3 -0.716841 0.196592 -9.201455 -2.258301 -17.700195 -2.044678 0.37 0.37 1.4 1.4 0.142 0.217 0.1213 0.1245 0.0207 0.7729 -0.0044 -0.007773 0.005677 12.38 500 810 0.004489 0.369599 0.295937 0.073662 0.100000 
9.497 3 -0.354824 -2.697144 -9.793628 0.579834 17.242432 -4.455566 0.23 0.24 0.8 0.8 0.101 0.135 0.0426 0.0394 -0.0207 0.7753 -0.0044 -0.007773 0.003942 12.39 500 800 0.005778 0.233650 0.312191 -0.078541 0.100000 
9.527 3 -0.347632 -0.378799 -10.707060 0.854492 -20.019531 -1.373291 0.44 0.44 1.5 1.9 0.243 0.244 0.1723 0.1366 -0.2306 0.7783 -0.0044 -0.005182 0.008147 12.37 500 790 0.001643 0.442141 0.307212 0.134929 0.100000 
9.557 3 -0.990151 0.563403 -9.889526 -1.556396 17.059326 -4.302979 0.23 0.24 0.7 0.8 -0.031 -0.048 0.0530 0.0510 -0.0130 0.7807 -0.0044 -0.005182 0.001523 12.39 500 800 0.004624 0.234362 0.324916 -0.090554 0.100000 
9.587 3 -0.503467 -0.867881 -10.277915 -3.021240 -21.118164 0.823975 0.44 0.45 1.5 1.8 0.296 0.242 0.1715 0.1502 -0.1373 0.7839 -0.0044 -0.005182 0.006245 12.39 500 810 0.000491 0.446661 0.315404 0.131257 0.100000 
9.617 3 -1.330591 0.618545 -9.477162 -0.244141 9.979248 0.030518 0.22 0.23 0.8 0.8 0.005 -0.044 0.0398 0.0390 -0.0052 0.7855 -0.0044 -0.005182 -0.000438 12.39 500 790 0.005731 0.225061 0.321584 -0.096524 0.100000 
9.647 3 0.083911 1.613491 -10.733432 -5.828857 6.469727 2.075195 0.37 0.37 1.4 1.2 0.325 0.315 0.1004 0.1225 0.1425 0.7895 -0.0045 -0.005182 0.007362 12.37 510 800 0.000405 0.370119 0.323130 0.046990 0.100000 
9.677 3 -0.352427 -0.134258 -8.172944 2.136230 6.835938 4.394531 0.22 0.23 0.7 0.9 -0.030 -0.037 0.0542 0.0325 -0.1399 0.7911 -0.0045 -0.005182 -0.001884 12.40 500 800 0.005415 0.224364 0.321220 -0.096855 0.100000 
9.707 3 -0.558608 1.169961 -9.570663 -1.251221 -9.124756 -7.629395 0.42 0.43 1.3 1.9 0.234 0.386 0.1687 0.1100 -0.3783 0.7950 -0.0045 -0.007773 0.006457 12.39 500 810 -0.000791 0.423320 0.318990 0.104330 0.100000 
9.737 3 -0.767187 -0.239746 -8.626064 2.044678 -0.976562 2.014160 0.24 0.24 1.1 1.0 0.028 -0.065 0.0285 0.0438 0.0985 0.7964 -0.0045 -0.005182 -0.002303 12.39 500 800 0.005912 0.238223 0.316956 -0.078733 0.100000 
9.767 3 -0.100693 3.059160 -8.417485 -5.279541 17.425537 2.655029 0.30 0.31 0.8 0.9 0.264 0.086 0.0968 0.0916 -0.0337 0.8000 -0.0045 -0.005182 0.005563 12.38 500 790 0.000805 0.305880 0.319124 -0.013243 0.100000 
9.797 3 -0.946997 -0.894253 -7.465693 -0.793457 -0.885010 2.960205 0.25 0.25 1.0 0.9 0.003 -0.067 0.0534 0.0631 0.0622 0.8016 -0.0045 -0.005182 -0.000489 12.39 500 800 0.005743 0.251237 0.310463 -0.059226 0.100000 
9.827 3 0.350029 0.366812 -11.812289 -1.159668 8.026123 7.568359 0.38 0.38 1.4 1.0 0.436 0.276 0.1076 0.1426 0.2254 0.8054 -0.0045 -0.002591 0.009176 12.39 500 810 0.000131 0.378790 0.316357 0.062433 0.100000 
9.857 3 -1.160371 0.846304 -8.091431 3.204346 -8.300781 0.488281 0.27 0.28 1.3 1.3 0.069 0.023 0.0418 0.0406 -0.0078 0.8066 -0.0045 -0.002591 -0.000295 12.40 500 800 0.006607 0.275287 0.315328 -0.040040 0.100000 
9.887 3 -0.402773 0.539429 -9.388456 2.746582 21.820068 4.089355 0.30 0.31 1.1 0.8 0.169 0.058 0.0699 0.1048 0.2254 0.8106 -0.0045 -0.002591 0.006405 12.39 500 800 0.001050 0.305362 0.327979 -0.022618 0.100000 
9.917 3 -1.472041 -0.963779 -6.813584 -4.333496 -8.453369 0.732422 0.28 0.28 1.3 1.2 0.116 -0.012 0.0369 0.0522 0.0985 0.8120 -0.0045 -0.000000 -0.000950 12.40 500 760 0.006359 0.275373 0.318948 -0.043576 0.100000 
9.947 3 -0.198989 2.932095 -9.532305 -3.570557 20.904541 6.042480 0.31 0.31 1.1 0.8 0.267 0.005 0.0723 0.1108 0.2487 0.8158 -0.0045 0.002591 0.006105 12.39 500 800 0.000517 0.311076 0.328168 -0.017093 0.100000 
9.977 3 -0.968574 -1.114819 -8.017109 -0.183105 -22.247314 6.713867 0.37 0.37 1.7 1.2 0.349 0.131 0.0896 0.1370 0.3058 0.8177 -0.0045 -0.000000 0.001100 12.38 500 800 0.003894 0.367841 0.318126 0.049715 0.100000 
10.007 3 -1.138794 -0.872676 -7.516040 9.857178 25.177002 -2.349854 0.26 0.26 0.8 0.6 0.010 -0.035 0.0619 0.0807 0.1218 0.8211 -0.0045 -0.002591 0.002452 12.39 500 790 0.001148 0.260280 0.335125 -0.074845 0.100000 
10.037 3 -0.270913 0.436338 -10.534443 -1.220703 -16.174316 -5.157471 0.35 0.35 1.1 1.2 0.254 0.097 0.1301 0.1269 -0.0207 0.8233 -0.0046 -0.005182 0.000485 12.39 500 800 0.002753 0.348884 0.315100 0.033784 0.100000 
10.067 3 -1.088447 -1.196333 -8.681206 4.547119 18.768311 -3.540039 0.25 0.25 0.7 1.0 -0.036 -0.024 0.0727 0.0454 -0.1762 0.8265 -0.0046 -0.005182 0.000585 12.39 500 790 0.001799 0.248567 0.326223 -0.077656 0.100000 
10.097 3 -0.043154 1.788506 -11.141001 0.518799 -25.329590 5.645752 0.37 0.38 1.3 1.6 0.260 0.242 0.1341 0.1121 -0.1425 0.8285 -0.0046 -0.005182 0.001848 12.37 500 780 0.003408 0.374144 0.301325 0.072819 0.100000 
10.127 3 -0.026372 -3.267739 -11.188950 -1.220703 17.333984 3.601074 0.23 0.23 0.8 0.9 0.006 0.017 0.0349 0.0305 -0.0285 0.8311 -0.0046 -0.007773 0.002286 12.39 500 790 0.004681 0.229449 0.313908 -0.084459 0.100000 
10.157 3 -0.664097 0.829521 -13.622373 0.244141 -21.545410 -3.601074 0.48 0.48 1.9 1.9 0.385 0.320 0.1611 0.1606 -0.0026 0.8343 -0.0046 -0.007773 0.009192 12.39 500 790 -0.000149 0.479477 0.310867 0.168611 0.100000 
10.187 3 -1.124409 1.366553 -9.803218 0.701904 1.342773 10.467529 0.26 0.27 1.0 1.1 0.032 -0.017 0.0550 0.0462 -0.0570 0.8361 -0.0046 -0.010364 0.000681 12.39 500 810 0.005641 0.266403 0.320692 -0.054289 0.100000 
10.217 3 -0.151040 -0.100693 -8.861015 1.098633 21.453857 5.371094 0.30 0.31 1.0 0.8 0.077 0.176 0.0811 0.0944 0.0855 0.8397 -0.0047 -0.010364 0.005526 12.39 500 800 0.000692 0.305875 0.332422 -0.026547 0.100000 
10.248 3 -0.719238 -0.527441 -7.599951 -0.518799 -20.690918 -1.007080 0.36 0.38 1.4 1.5 0.237 0.262 0.1181 0.1064 -0.0751 0.8420 -0.0047 -0.012956 0.000760 12.38 500 810 0.003297 0.370789 0.323929 0.046860 0.100000 
10.278 3 -0.623340 1.251475 -7.834902 8.148193 24.932861 -4.089355 0.25 0.26 0.7 0.6 0.010 -0.035 0.0671 0.0859 0.1218 0.8454 -0.0047 -0.010364 0.001365 12.40 500 800 0.000765 0.257427 0.338458 -0.081031 0.100000 
10.308 3 -0.994946 0.498672 -9.148710 -6.225586 -24.475098 1.983643 0.41 0.43 1.5 1.4 0.243 0.085 0.1502 0.1691 0.1218 0.8480 -0.0048 -0.012956 0.001929 12.37 500 800 0.000477 0.420378 0.320422 0.099956 0.100000 
10.338 3 -0.462710 -0.635327 -11.886611 -5.096436 17.608643 3.326416 0.21 0.22 0.7 0.7 0.036 0.027 0.0309 0.0301 -0.0052 0.8500 -0.0048 -0.012956 -0.001129 12.39 500 790 0.004474 0.211781 0.329282 -0.117500 0.100000 
10.368 3 0.565801 2.198472 -12.318154 0.793457 20.111084 11.413574 0.32 0.33 0.9 0.7 0.347 0.213 0.1032 0.1289 0.1658 0.8536 -0.0048 -0.012956 0.006235 12.38 510 810 -0.000487 0.327126 0.330110 -0.002984 0.100000 
10.398 3 -0.688071 -0.671289 -8.134584 1.739502 -18.615723 -0.122070 0.35 0.37 1.4 1.4 0.163 0.286 0.1112 0.1064 -0.0311 0.8554 -0.0049 -0.015547 0.000394 12.37 490 790 0.003288 0.358743 0.322704 0.036039 0.100000 
10.428 3 -1.047690 1.006934 -6.700903 7.781982 25.573730 -2.838135 0.25 0.27 0.8 0.8 0.001 -0.018 0.0514 0.0606 0.0596 0.8588 -0.0049 -0.012956 0.002266 12.39 500 790 0.001200 0.259717 0.338327 -0.078610 0.100000 
10.458 3 -1.762134 0.371606 -8.172944 -7.507324 -26.733398 0.610352 0.47 0.48 1.5 1.7 0.207 0.126 0.1968 0.1900 -0.0440 0.8616 -0.0050 -0.012956 0.003662 12.37 500 800 -0.001636 0.474270 0.327972 0.146298 0.100000 
10.488 3 -0.522646 0.448325 -12.301372 -6.469727 11.383057 1.556396 0.24 0.26 0.8 0.8 0.006 0.149 0.0558 0.0623 0.0415 0.8640 -0.0050 -0.012956 -0.001290 12.39 500 800 0.003394 0.250303 0.336870 -0.086568 0.100000 
10.518 3 -1.095640 -0.750405 -10.512866 -2.410889 -17.944336 -2.441406 0.44 0.45 1.5 1.7 0.308 0.204 0.1671 0.1578 -0.0596 0.8677 -0.0050 -0.012956 0.003572 12.39 490 800 -0.001516 0.441985 0.328473 0.113513 0.100000 
10.548 3 -0.805547 0.088706 -9.342905 -1.403809 7.568359 0.091553 0.23 0.24 0.8 1.1 -0.031 0.135 0.0490 0.0269 -0.1425 0.8695 -0.0051 -0.010364 -0.002694 12.39 500 800 0.004089 0.237437 0.331685 -0.094248 0.100000 
10.578 3 0.340439 2.397461 -9.980630 -8.911133 16.448975 5.187988 0.34 0.35 0.9 1.1 0.270 0.262 0.1217 0.1108 -0.0700 0.8733 -0.0051 -0.012956 0.005264 12.39 500 800 -0.001552 0.346219 0.335485 0.010734 0.100000 
10.608 3 -1.342578 -0.541826 -6.545068 5.157471 -23.925781 4.241943 0.34 0.36 1.5 1.7 0.197 0.234 0.0904 0.0767 -0.0881 0.8751 -0.0051 -0.015547 -0.001880 12.39 500 810 0.003851 0.350114 0.323908 0.026207 0.100000 
10.638 3 -0.889458 1.409707 -7.014970 10.375977 19.134521 -0.976562 0.27 0.28 0.9 1.1 -0.010 0.060 0.0631 0.0466 -0.1062 0.8787 -0.0052 -0.015547 0.002299 12.39 500 810 0.001507 0.276751 0.335629 -0.058878 0.100000 
10.668 3 -0.798354 0.623340 -9.381265 -5.615234 -18.432617 -0.854492 0.38 0.40 1.2 1.3 0.146 0.218 0.1542 0.1462 -0.0518 0.8809 -0.0052 -0.018138 0.002299 12.38 500 800 0.001630 0.392625 0.321598 0.071027 0.100000 
10.698 3 -1.071665 -1.973110 -9.043222 6.927490 19.531250 -5.401611 0.27 0.28 0.7 1.0 -0.009 0.020 0.0731 0.0554 -0.1140 0.8839 -0.0053 -0.015547 0.001553 12.38 500 800 0.001482 0.273662 0.341125 -0.067463 0.100000 
10.728 3 -0.357222 2.001880 -11.392734 1.098633 -16.723633 -5.767822 0.37 0.39 1.3 1.2 0.202 0.195 0.1233 0.1402 0.1088 0.8863 -0.0053 -0.015547 0.001582 12.37 500 800 0.002145 0.377523 0.324779 0.052744 0.100000 
10.758 3 -0.568198 -2.490962 -9.196660 5.523682 21.759033 -5.004883 0.28 0.29 0.8 1.0 0.017 0.011 0.0727 0.0671 -0.0363 0.8897 -0.0054 -0.012956 0.001836 12.39 500 800 0.000707 0.282455 0.347117 -0.064662 0.100000 
10.788 3 -0.244541 1.577529 -10.687881 0.671387 -20.996094 -3.540039 0.36 0.38 1.3 1.8 0.299 0.350 0.1217 0.0759 -0.2954 0.8920 -0.0054 -0.015547 0.000088 12.37 500 810 0.003261 0.369928 0.328369 0.041558 0.100000 
10.818 3 -0.625737 -0.709648 -8.340766 9.033203 21.423340 -6.225586 0.28 0.29 0.7 1.1 -0.024 0.136 0.0872 0.0590 -0.1814 0.8956 -0.0054 -0.015547 0.001899 12.39 500 810 0.000602 0.284174 0.345987 -0.061814 0.100000 
10.848 3 -0.740815 1.659043 -10.232363 -0.305176 -6.072998 0.549316 0.29 0.30 1.1 1.2 0.174 0.160 0.0723 0.0691 -0.0207 0.8976 -0.0055 -0.010364 -0.001690 12.39 500 800 0.003671 0.298315 0.330735 -0.032419 0.100000 
10.878 3 -0.242144 0.887061 -10.874883 -2.288818 20.812988 2.471924 0.27 0.29 0.9 0.8 0.271 0.114 0.0570 0.0835 0.1710 0.9010 -0.0055 -0.012956 0.003391 12.39 500 810 0.001241 0.281107 0.332256 -0.051149 0.100000 
10.908 3 -0.462710 -1.508003 -8.060264 -1.495361 -20.538330 -5.981445 0.35 0.37 1.3 1.4 0.268 0.170 0.1121 0.1125 0.0026 0.9026 -0.0055 -0.012956 0.001649 12.38 500 810 0.004352 0.360858 0.316196 0.044662 0.100000 
10.938 3 -1.009331 -0.762393 -7.870864 9.643555 17.578125 -9.368896 0.27 0.28 0.9 1.0 0.012 -0.019 0.0530 0.0542 0.0078 0.9056 -0.0056 -0.010364 0.003512 12.40 500 800 0.003220 0.274027 0.332464 -0.058437 0.100000 
10.968 3 -0.513057 1.184346 -10.577598 -0.030518 -15.899658 2.807617 0.36 0.37 1.4 1.5 0.229 0.249 0.1064 0.1048 -0.0104 0.9078 -0.0056 -0.007773 0.003460 12.36 500 800 0.004227 0.366117 0.318293 0.047824 0.100000 
10.998 3 -0.970972 -3.157456 -10.381005 -1.861572 13.610840 -1.556396 0.28 0.30 1.1 1.1 0.124 0.154 0.0554 0.0570 0.0104 0.9110 -0.0056 -0.012956 0.003567 12.39 500 790 0.003350 0.289405 0.334745 -0.045340 0.100000 
11.028 3 -0.620942 1.488823 -11.071474 4.241943 -8.483887 6.988525 0.34 0.35 1.2 1.3 0.188 0.141 0.1108 0.1028 -0.0518 0.9134 -0.0056 -0.012956 0.002296 12.39 500 800 0.003099 0.347281 0.325695 0.021587 0.100000 
11.058 3 -1.246680 -0.285298 -9.812807 -0.793457 11.383057 -3.814697 0.25 0.27 1.0 0.9 0.058 -0.018 0.0494 0.0586 0.0596 0.9162 -0.0057 -0.012956 0.000872 12.39 500 800 0.003854 0.260080 0.329641 -0.069561 0.100000 
11.088 3 -1.229897 0.299683 -9.817602 -0.946045 -26.062012 6.744385 0.41 0.42 1.4 1.6 0.264 0.195 0.1490 0.1454 -0.0233 0.9185 -0.0057 -0.010364 0.004814 12.37 500 810 0.003148 0.416175 0.308543 0.107632 0.100000 
11.118 3 -0.522646 -0.105488 -11.685225 -5.798340 14.678955 -0.579834 0.23 0.24 0.9 0.9 0.162 0.126 0.0241 0.0257 0.0104 0.9203 -0.0057 -0.012956 0.003102 12.39 500 790 0.006923 0.231829 0.321278 -0.089449 0.100000 
11.148 3 0.079116 -1.251475 -13.032598 0.488281 -5.065918 -2.319336 0.41 0.42 1.5 1.6 0.338 0.382 0.1337 0.1221 -0.0751 0.9237 -0.0058 -0.015547 0.009629 12.38 500 780 0.001929 0.415259 0.320582 0.094676 0.100000 
11.178 3 -0.841509 -0.091104 -8.364741 6.744385 0.579834 -2.258301 0.26 0.28 0.9 1.1 0.093 -0.002 0.0627 0.0550 -0.0492 0.9253 -0.0058 -0.015547 0.002125 12.39 500 810 0.006995 0.270665 0.321397 -0.050732 0.100000 
11.208 3 -0.040757 2.073804 -10.098105 -9.826660 3.967285 6.988525 0.39 0.41 1.4 1.4 0.418 0.345 0.1249 0.1257 0.0052 0.9289 -0.0058 -0.015547 0.009358 12.39 500 790 0.000776 0.401913 0.329943 0.071970 0.100000 
11.238 3 -1.030908 -0.496274 -7.492065 5.523682 -12.451172 5.218506 0.33 0.34 1.7 0.9 0.269 0.111 0.0482 0.1301 0.5286 0.9307 -0.0059 -0.012956 0.001552 12.39 500 810 0.005141 0.337828 0.330258 0.007570 0.100000 
11.268 3 -0.558608 0.153437 -8.228086 5.187988 27.862549 -0.030518 0.27 0.29 0.6 0.7 0.046 0.061 0.0904 0.0843 -0.0389 0.9343 -0.0059 -0.018138 0.003904 12.39 500 800 0.000973 0.276588 0.344538 -0.067950 0.100000 
11.298 3 -0.743213 -0.220566 -8.954516 -3.112793 -11.260986 2.868652 0.30 0.31 1.4 1.1 0.280 -0.006 0.0498 0.0964 0.3006 0.9361 -0.0060 -0.015547 -0.001050 12.39 500 800 0.004976 0.307028 0.327985 -0.020957 0.100000 
11.328 3 -1.186743 -0.628135 -9.069594 7.354736 19.836426 -6.500244 0.26 0.27 0.9 0.6 0.169 -0.021 0.0486 0.0884 0.2565 0.9393 -0.0060 -0.015547 0.003093 12.39 500 800 0.002538 0.266576 0.330267 -0.063691 0.100000 
11.358 3 -0.436338 -0.508262 -9.338110 -4.058838 -22.155762 -8.331299 0.35 0.36 1.4 1.4 0.304 0.211 0.0996 0.1020 0.0155 0.9409 -0.0060 -0.015547 0.002323 12.37 500 800 0.005649 0.354434 0.310357 0.044077 0.100000 
11.388 3 -1.220308 -1.249077 -8.702783 6.469727 14.953613 -12.481689 0.26 0.28 0.9 1.1 0.027 -0.013 0.0530 0.0506 -0.0155 0.9440 -0.0061 -0.012956 0.003840 12.40 500 800 0.003899 0.269864 0.322645 -0.052781 0.100000 
11.418 3 -0.314067 1.508003 -10.752612 1.525879 -13.031006 1.342773 0.31 0.32 1.2 1.3 0.287 0.201 0.0819 0.0884 0.0415 0.9460 -0.0061 -0.007773 0.002799 12.39 500 800 0.006081 0.317388 0.304728 0.012660 0.100000 
11.448 3 -1.356963 -1.347373 -8.633257 6.896973 15.747070 -4.058838 0.27 0.28 1.0 1.1 -0.006 -0.006 0.0610 0.0538 -0.0466 0.9494 -0.0061 -0.010364 0.004908 12.38 500 800 0.003715 0.273696 0.316732 -0.043036 0.100000 
11.478 3 -0.642520 1.623081 -9.656972 -1.312256 -7.049561 3.479004 0.28 0.29 1.2 1.2 0.207 0.146 0.0558 0.0598 0.0259 0.9510 -0.0061 -0.010364 0.002078 12.40 510 810 0.006781 0.282740 0.305164 -0.022424 0.100000 
11.508 3 -0.397979 1.215513 -11.359170 -7.568359 3.753662 -0.335693 0.36 0.37 1.4 1.3 0.309 0.263 0.1032 0.1141 0.0700 0.9546 -0.0062 -0.010364 0.008511 12.37 500 810 0.001659 0.366037 0.310615 0.055422 0.100000 
11.538 3 -1.124409 -0.359619 -8.525371 2.807617 -14.709473 0.793457 0.30 0.31 1.5 1.2 0.216 0.122 0.0478 0.0847 0.2384 0.9560 -0.0062 -0.007773 0.002106 12.36 500 800 0.006962 0.307800 0.305011 0.002789 0.100000 
11.568 3 -0.436338 1.790903 -9.680947 6.835938 28.045654 1.159668 0.27 0.28 0.7 0.6 0.116 -0.024 0.0791 0.0912 0.0777 0.9596 -0.0062 -0.007773 0.007022 12.39 500 800 0.001987 0.274192 0.321739 -0.047547 0.100000 
11.598 3 -1.783711 -0.362017 -7.197177 -6.011963 -13.519287 4.150391 0.30 0.31 1.4 1.5 0.082 0.072 0.0590 0.0574 -0.0104 0.9612 -0.0062 -0.007773 0.000790 12.40 500 800 0.006330 0.305609 0.313821 -0.008212 0.100000 
11.628 3 -0.011987 0.014385 -10.352236 7.934570 25.543213 0.701904 0.29 0.30 0.7 0.8 0.120 0.222 0.0936 0.0859 -0.0492 0.9652 -0.0062 -0.007773 0.006693 12.39 500 790 0.001011 0.295307 0.327642 -0.032335 0.100000 
11.658 3 -1.263462 -0.647314 -7.511245 -4.119873 -23.590088 1.434326 0.35 0.35 1.7 1.5 0.294 0.172 0.0651 0.0912 0.1684 0.9667 -0.0063 -0.005182 0.000960 12.39 500 800 0.005668 0.351816 0.316548 0.035268 0.100000 
11.688 3 -0.987754 0.376401 -7.806133 9.796143 26.397705 -4.150391 0.26 0.27 0.8 0.5 0.019 -0.048 0.0610 0.0940 0.2125 0.9703 -0.0063 -0.005182 0.003618 12.39 500 800 0.001230 0.264378 0.332640 -0.068262 0.100000 
11.718 3 -0.278105 0.362017 -9.815205 -3.601074 -25.451660 5.126953 0.37 0.37 1.7 1.4 0.338 0.253 0.0888 0.1221 0.2151 0.9723 -0.0063 -0.005182 0.001046 12.39 500 810 0.004283 0.369834 0.313361 0.056473 0.100000 
11.748 3 -1.747749 -2.596450 -7.983545 7.812500 21.942139 -6.408691 0.25 0.26 0.9 0.8 -0.010 -0.059 0.0454 0.0598 0.0933 0.9757 -0.0063 -0.007773 0.002734 12.39 500 790 0.002354 0.256660 0.329449 -0.072789 0.100000 
11.778 3 -0.124668 1.265859 -11.603710 1.403809 -19.195557 -1.068115 0.39 0.39 1.0 1.5 0.154 0.203 0.1791 0.1337 -0.2928 0.9777 -0.0063 -0.007773 0.002854 12.38 500 780 0.001839 0.389264 0.312113 0.077151 0.100000 
11.808 3 -0.961382 -2.713926 -10.958794 -5.401611 15.167236 -4.791260 0.23 0.24 0.7 1.0 0.011 0.169 0.0562 0.0285 -0.1788 0.9803 -0.0064 -0.010364 0.000728 12.39 500 800 0.004239 0.234864 0.322914 -0.088050 0.100000 
11.838 3 -1.083652 0.088706 -10.618354 0.885010 -21.820068 4.821777 0.42 0.42 1.5 1.6 0.230 0.197 0.1482 0.1454 -0.0181 0.9831 -0.0064 -0.005182 0.005172 12.39 500 800 0.001593 0.420455 0.308497 0.111958 0.100000 
11.868 3 -0.987754 0.249336 -10.783779 -0.488281 16.784668 -0.732422 0.22 0.23 0.7 0.8 0.018 -0.004 0.0398 0.0365 -0.0207 0.9853 -0.0064 -0.007773 0.001124 12.39 500 790 0.004808 0.226470 0.321898 -0.095428 0.100000 
11.898 3 -1.160371 -0.081514 -9.762461 -1.861572 -24.566650 -2.655029 0.44 0.45 1.7 1.8 0.274 0.244 0.1598 0.1518 -0.0518 0.9885 -0.0064 -0.007773 0.006230 12.38 490 800 0.000952 0.448494 0.309967 0.138528 0.100000 
11.928 3 -0.889458 1.318604 -10.491289 -4.913330 13.275146 0.122070 0.22 0.23 0.6 1.0 -0.006 -0.032 0.0522 0.0225 -0.1917 0.9903 -0.0064 -0.010364 -0.000109 12.39 500 800 0.005225 0.221971 0.321657 -0.099685 0.100000 
11.958 3 0.117476 -1.695005 -11.948945 0.305176 -8.789062 -5.889893 0.41 0.41 1.5 1.8 0.272 0.364 0.1374 0.1052 -0.2073 0.9938 -0.0065 -0.007773 0.007200 12.36 500 790 0.000983 0.410405 0.317561 0.092843 0.100000 
11.988 3 -0.685674 0.153437 -8.798681 5.584717 1.007080 -4.608154 0.24 0.25 0.9 1.1 -0.019 0.010 0.0482 0.0365 -0.0751 0.9952 -0.0065 -0.010364 0.000490 12.39 500 800 0.006875 0.247824 0.315197 -0.067373 0.100000 
12.018 3 0.405171 1.335386 -9.851167 -6.805420 12.756348 4.882812 0.34 0.35 1.1 0.9 0.326 0.253 0.1088 0.1253 0.1062 0.9990 -0.0065 -0.007773 0.008036 12.39 500 800 0.001000 0.347112 0.321278 0.025834 0.100000 
