%% logfile from robot 5
%  1    time 0.063 sec
%  2    mission (3) line 0
%  3  4  5 Acc x,y,z [m/s2]: -4.989116 0.457915 -7.118061
%  6  7  8 Gyro x,y,z [deg/s]: 1.464844 -2.960205 2.502441
%  9 10 Motor velocity ref left, right: 0.19 0.21
% 11 12 Motor voltage [V] left, right: 0.8 1.1
% 13 14 Motor current left, right [A]: 0.041 0.190
% 15 16 Wheel velocity [m/s] left, right: 0.0253 0.0088
% 17    Turnrate [r/s]: -0.1062
% 18 19 20 21 Pose x,y,h,tilt [m,m,rad,rad]: 0.0016 -0.0000 -0.010364 0.508997
% 22    Battery voltage [V]: 12.35
% 23 24 Get data time [us]: 500 +ctrl 810
% 25 26 27 28 29 Ballance pitch ref 0.033750 [rad], bal-out 2.000000 [rad], I-out 1.000000 [m/s], D-out 4.855797 [rad], vel ref [m/s] 0.200000
%% Configuration as seen in client (assumed updated from robot)
% [main]
% version = 2.162
% mission = 3
% statusinterval = 50
% usbdevicename = /dev/ttyACM0
% connect = True
% 
% [log]
% interval = 67
% mission_state = True
% acceleration = True
% gyro = True
% encoder = False
% motorref = True
% motorvoltage = True
% motorcurrent = True
% wheelvelocity = True
% robotpose = True
% linesensor = False
% batteryvoltage = True
% balancectrl = True
% controltime = True
% extrainfo = False
% logfilename = /home/chr/svnregbot/matlab/log_2015_11_01/bal_mission_1.log
% allow = True
% 
% [wheelVel]
% reguse = True
% usevelest = False
% usevelleadfwd = True
% acclimit = 100.0
% kp = 5.0
% taui = 0.0
% taud = 0.036
% alpha = 0.5
% imax = 8.0
% steptime = 0.2
% stepfromreg = -0.1
% steptoreg = -1.5
% stepfromv = 2.1
% steptov = 4.1
% motorvoltlimit = 8.0
% 
% [turn]
% reguse = True
% leadfwd = False
% kp = 1.0
% taui = 0.0
% taud = 0.0
% alpha = 0.1
% imax = 0.4
% outmax = 15.0
% stepontime = 0.1
% stepofftime = 0.6
% stepvaluereg = 1.0
% stepvaluemotreg = 1.0
% stepvaluemotv = 0.35
% stepvelocitymotreg = 0.2
% stepvelocitymotv = 0.2
% 
% [mission]
% mission = # demo mission
% 	vel=0.2, acc=100,log=67 : dist = 0.2
% 	tr=0.3:turn=30
% 	:dist=0.2
% 	vel=0,bal=0 : time=1
% filename = mission_1.mis
% 
% [balance]
% use = True
% kp = -10.0
% taui = 0.07
% taud = 0.2
% alpha = 0.2
% imax = 1.0
% outmax = 2.0
% leadfwd = True
% leadgyro = True
% 
% [balanceVel]
% use = True
% kp = 0.3
% taui = 0.0
% taud = 0.007
% alpha = 10.0
% zeta = 0.05
% imax = 0.075
% leadfwd = True
% outmax = 0.075
% steptime = 5.0
% stepfrom = 0.0
% stepto = 0.0
% stepfromvel = 0.0
% steptovel = 0.15
% stepfrommsec = 0.0
% steptomsec = 0.0
% stepfrommotvolt = 0.0
% steptomotvolt = 0.0
% 
% [balanceSS]
% use = False
% k_tilt = -8.0
% k_gyro = 0.02
% k_pos = 0.0
% k_vel = 0.0
% k_motor = 0.0
% outmax = 0.1
% steptime = 50.0
% stepfrom = 0.09
% stepto = 0.09
% steppos = -1
% 
% [lineSensor]
% maximum = 1024
% 
% [robot5]
% version = 2.162.13
% robotbase = 0.155
% gear = 9.68
% encoderppr = 48.0
% weelradiusleft = 0.0297
% weelradiusright = 0.0297
% balanceoffset = 0.07
% 
%% data log
0.130 0 -5.619648 -0.129463 -8.635654 -0.732422 -0.152588 -0.885010 0.19 0.21 1.0 1.0 0.111 0.205 0.0052 0.0064 0.0078 0.0018 -0.0000 -0.007773 0.511055 12.35 500 810 0.048370 2.000000 1.000000 4.632174 0.200000 
0.197 0 -5.574097 0.067129 -8.427075 -0.122070 -0.152588 -0.122070 0.19 0.21 0.9 1.0 0.123 0.204 0.0028 0.0028 0.0000 0.0018 -0.0000 -0.007773 0.511050 12.35 500 810 0.054884 2.000000 1.000000 4.566987 0.200000 
0.264 0 -5.588481 0.122271 -8.558935 -0.122070 -0.091553 0.030518 0.19 0.21 1.0 1.0 0.113 0.191 0.0016 0.0020 0.0026 0.0018 -0.0000 -0.007773 0.511127 12.35 500 810 0.057651 2.000000 1.000000 4.537957 0.200000 
0.331 0 -5.588481 0.122271 -8.455845 0.091553 -0.061035 -0.061035 0.19 0.21 1.0 1.0 0.089 0.194 0.0012 0.0012 0.0000 0.0018 -0.0000 -0.007773 0.511122 12.35 500 810 0.058836 2.000000 1.000000 4.524989 0.200000 
0.398 0 -5.526147 0.062334 -8.439062 0.030518 -0.030518 0.122070 0.19 0.21 1.0 1.0 0.108 0.201 0.0008 0.0012 0.0026 0.0018 -0.0000 -0.007773 0.511094 12.35 510 820 0.059341 2.000000 1.000000 4.518596 0.200000 
0.465 0 -5.586084 0.069526 -8.506191 -0.183105 0.000000 0.061035 0.19 0.21 1.0 1.0 0.113 0.205 0.0008 0.0008 0.0000 0.0018 -0.0000 -0.007773 0.511149 12.35 510 800 0.059599 2.000000 1.000000 4.515498 0.200000 
0.532 0 -5.634033 0.047949 -8.448652 -0.030518 -0.030518 -0.061035 0.19 0.21 1.0 1.0 0.100 0.217 0.0008 0.0008 0.0000 0.0018 -0.0000 -0.007773 0.511150 12.34 500 800 0.059698 2.000000 1.000000 4.515590 0.200000 
0.599 0 -5.574097 0.052744 -8.494204 0.061035 -0.030518 -0.061035 0.19 0.21 1.0 1.0 0.121 0.200 0.0004 0.0004 0.0000 0.0018 -0.0000 -0.007773 0.511077 12.35 500 800 0.059790 2.000000 1.000000 4.513942 0.200000 
0.666 0 -5.504570 0.067129 -8.542153 0.030518 -0.183105 -0.152588 0.19 0.21 1.0 1.0 0.093 0.211 0.0004 0.0004 0.0000 0.0018 -0.0000 -0.007773 0.511065 12.35 500 810 0.059845 2.000000 1.000000 4.518592 0.200000 
0.733 0 -5.564507 0.031167 -8.376728 -0.030518 -0.091553 -0.152588 0.19 0.21 1.0 1.0 0.126 0.225 0.0004 0.0004 0.0000 0.0018 -0.0000 -0.007773 0.511057 12.34 500 810 0.059866 2.000000 1.000000 4.515100 0.200000 
0.800 0 -5.593276 0.057539 -8.494204 -0.091553 0.061035 -0.152588 0.19 0.21 1.0 1.0 0.097 0.201 0.0004 0.0004 0.0000 0.0018 -0.0000 -0.007773 0.511046 12.35 500 800 0.059874 2.000000 1.000000 4.509583 0.200000 
0.867 0 -5.590879 0.064731 -8.491806 -0.091553 0.091553 -0.061035 0.19 0.21 1.0 1.0 0.113 0.203 0.0004 0.0004 0.0000 0.0018 -0.0000 -0.007773 0.510980 12.35 500 810 0.059878 2.000000 1.000000 4.507830 0.200000 
0.934 0 -5.559712 0.031167 -8.491806 0.061035 -0.091553 0.030518 0.19 0.21 1.0 1.0 0.097 0.200 0.0004 0.0004 0.0000 0.0018 -0.0000 -0.007773 0.510989 12.35 500 810 0.059879 2.000000 1.000000 4.514302 0.200000 
1.001 0 -5.610058 0.079116 -8.446255 -0.030518 -0.061035 -0.061035 0.19 0.21 1.0 1.0 0.102 0.211 0.0004 0.0004 0.0000 0.0018 -0.0000 -0.007773 0.510963 12.34 500 810 0.059879 2.000000 1.000000 4.512971 0.200000 
1.068 0 -5.554917 0.007192 -8.472627 -0.183105 -0.030518 0.000000 0.19 0.21 1.0 1.0 0.129 0.207 0.0000 0.0004 0.0026 0.0018 -0.0000 -0.007773 0.510985 12.35 500 810 0.059892 2.000000 1.000000 4.511998 0.200000 
1.135 0 -5.607661 0.177412 -8.551743 0.061035 -0.061035 -0.091553 0.19 0.21 1.0 1.0 0.124 0.210 0.0000 0.0000 0.0000 0.0018 -0.0000 -0.007773 0.510955 12.35 500 800 0.059960 2.000000 1.000000 4.512079 0.200000 
1.202 0 -5.574097 0.019180 -8.558935 0.000000 0.152588 0.000000 0.19 0.21 1.0 1.0 0.118 0.217 0.0000 0.0000 0.0000 0.0018 -0.0000 -0.007773 0.510925 12.34 500 810 0.059985 2.000000 1.000000 4.504079 0.200000 
1.269 0 -5.612456 0.076719 -8.510986 0.000000 -0.183105 -0.030518 0.19 0.21 1.0 1.0 0.107 0.211 0.0000 0.0000 0.0000 0.0018 -0.0000 -0.007773 0.511025 12.36 500 800 0.059994 2.000000 1.000000 4.516700 0.200000 
1.336 0 -5.557314 0.067129 -8.503794 0.030518 0.000000 0.061035 0.19 0.21 1.0 1.0 0.120 0.202 0.0000 0.0000 0.0000 0.0018 -0.0000 -0.007773 0.510985 12.35 500 790 0.059998 2.000000 1.000000 4.509877 0.200000 
1.403 0 -5.535737 0.014385 -8.491806 -0.030518 -0.091553 0.122070 0.19 0.21 1.0 1.0 0.109 0.219 0.0000 0.0000 0.0000 0.0018 -0.0000 -0.007773 0.510982 12.35 500 800 0.059999 2.000000 1.000000 4.513031 0.200000 
1.470 0 -5.552519 0.019180 -8.549345 -0.061035 0.091553 -0.061035 0.19 0.21 1.0 1.0 0.134 0.211 0.0000 0.0000 0.0000 0.0018 -0.0000 -0.007773 0.511010 12.35 500 810 0.060000 2.000000 1.000000 4.506910 0.200000 
1.537 0 -5.583686 0.069526 -8.503794 -0.091553 -0.091553 0.000000 0.19 0.21 1.0 1.0 0.112 0.209 0.0000 0.0000 0.0000 0.0018 -0.0000 -0.007773 0.511008 12.35 500 800 0.060000 2.000000 1.000000 4.513280 0.200000 
1.604 0 -5.562109 0.019180 -8.477422 -0.122070 0.000000 0.122070 0.19 0.21 1.0 1.0 0.121 0.208 0.0000 0.0000 0.0000 0.0018 -0.0000 -0.007773 0.511043 12.34 500 790 0.060000 2.000000 1.000000 4.510431 0.200000 
1.671 0 -5.550122 0.088706 -8.451050 0.030518 -0.152588 0.061035 0.19 0.21 1.0 1.0 0.121 0.208 0.0000 0.0000 0.0000 0.0018 -0.0000 -0.007773 0.511055 12.34 500 800 0.060000 2.000000 1.000000 4.515882 0.200000 
1.738 0 -5.636430 0.098296 -8.453447 0.000000 -0.152588 0.000000 0.19 0.21 1.0 1.0 0.115 0.209 0.0000 0.0000 0.0000 0.0018 -0.0000 -0.007773 0.511019 12.35 500 800 0.060000 2.000000 1.000000 4.515522 0.200000 
1.805 0 -5.581289 0.026372 -8.503794 -0.030518 -0.030518 0.061035 0.19 0.21 1.0 1.0 0.119 0.183 0.0000 0.0000 0.0000 0.0018 -0.0000 -0.007773 0.511053 12.33 500 800 0.060000 2.000000 1.000000 4.511603 0.200000 
1.872 0 -5.602866 0.038359 -8.405498 0.030518 -0.183105 0.122070 0.19 0.21 1.0 1.0 0.109 0.208 0.0000 0.0000 0.0000 0.0018 -0.0000 -0.007773 0.511062 12.34 500 800 0.060000 2.000000 1.000000 4.517012 0.200000 
1.939 0 -5.554917 -0.011987 -8.544551 -0.091553 -0.183105 0.030518 0.19 0.21 1.0 1.0 0.106 0.199 0.0000 0.0000 0.0000 0.0018 -0.0000 -0.007773 0.511024 12.33 500 800 0.060000 2.000000 1.000000 4.516639 0.200000 
2.006 0 -5.528545 0.040757 -8.498999 -0.061035 0.061035 0.000000 0.19 0.21 1.0 1.0 0.137 0.211 0.0000 0.0000 0.0000 0.0018 -0.0000 -0.007773 0.511047 12.35 500 800 0.060000 2.000000 1.000000 4.508347 0.200000 
2.073 0 -5.612456 0.043154 -8.424678 0.030518 -0.030518 0.061035 0.19 0.21 1.0 1.0 0.124 0.203 0.0000 0.0000 0.0000 0.0018 -0.0000 -0.007773 0.511022 12.34 510 810 0.060000 2.000000 1.000000 4.511291 0.200000 
2.140 0 -5.554917 0.031167 -8.522973 0.000000 -0.030518 0.091553 0.19 0.21 1.0 1.0 0.146 0.203 0.0000 0.0000 0.0000 0.0018 -0.0000 -0.007773 0.511060 12.34 500 800 0.060000 2.000000 1.000000 4.511672 0.200000 
2.207 0 -5.578891 0.045552 -8.455845 0.000000 -0.061035 -0.183105 0.19 0.21 1.0 1.0 0.123 0.187 0.0000 0.0000 0.0000 0.0018 -0.0000 -0.007773 0.511057 12.35 500 810 0.060000 2.000000 1.000000 4.512709 0.200000 
2.274 0 -5.602866 0.038359 -8.491806 0.030518 0.061035 0.000000 0.19 0.21 1.0 1.0 0.118 0.213 0.0000 0.0000 0.0000 0.0018 -0.0000 -0.007773 0.511062 12.35 500 800 0.060000 2.000000 1.000000 4.508497 0.200000 
2.341 0 -5.602866 0.016782 -8.501396 0.000000 -0.091553 0.091553 0.19 0.21 1.0 1.0 0.157 0.203 0.0000 0.0000 0.0000 0.0018 -0.0000 -0.007773 0.510998 12.34 500 800 0.060000 2.000000 1.000000 4.513178 0.200000 
2.408 0 -5.602866 0.059937 -8.489408 0.091553 0.091553 0.000000 0.19 0.21 1.0 1.0 0.127 0.216 0.0000 0.0000 0.0000 0.0018 -0.0000 -0.007773 0.511041 12.35 500 810 0.060000 2.000000 1.000000 4.507221 0.200000 
2.475 0 -5.595674 0.045552 -8.443857 0.000000 -0.091553 0.091553 0.19 0.21 1.0 1.0 0.135 0.214 0.0000 0.0000 0.0000 0.0018 -0.0000 -0.007773 0.511050 12.36 500 800 0.060000 2.000000 1.000000 4.513704 0.200000 
2.542 0 -5.574097 0.050347 -8.510986 -0.091553 -0.122070 -0.030518 0.19 0.21 1.0 1.0 0.108 0.203 0.0000 0.0000 0.0000 0.0018 -0.0000 -0.007773 0.511061 12.36 500 800 0.060000 2.000000 1.000000 4.514877 0.200000 
2.609 0 -5.564507 0.038359 -8.510986 0.000000 -0.091553 -0.152588 0.19 0.21 1.0 1.0 0.099 0.204 0.0000 0.0000 0.0000 0.0018 -0.0000 -0.007773 0.511010 12.36 510 810 0.060000 2.000000 1.000000 4.513302 0.200000 
2.676 0 -5.547724 0.021577 -8.496601 0.000000 -0.274658 0.091553 0.19 0.21 1.0 1.0 0.126 0.207 0.0000 0.0000 0.0000 0.0018 -0.0000 -0.007773 0.511065 12.34 510 810 0.060000 2.000000 1.000000 4.520246 0.200000 
2.743 0 -5.586084 0.040757 -8.431870 -0.122070 -0.061035 0.000000 0.19 0.21 1.0 1.0 0.114 0.210 0.0000 0.0000 0.0000 0.0018 -0.0000 -0.007773 0.511117 12.35 510 810 0.060000 2.000000 1.000000 4.513301 0.200000 
2.810 0 -5.576494 0.062334 -8.544551 -0.122070 0.000000 0.000000 0.19 0.21 1.0 1.0 0.135 0.192 0.0000 0.0000 0.0000 0.0018 -0.0000 -0.007773 0.511101 12.35 500 790 0.060000 2.000000 1.000000 4.511010 0.200000 
2.877 0 -5.538135 0.134258 -8.465434 -0.030518 -0.091553 0.091553 0.19 0.21 1.0 1.0 0.150 0.207 0.0000 0.0000 0.0000 0.0018 -0.0000 -0.007773 0.511068 12.35 500 800 0.060000 2.000000 1.000000 4.513876 0.200000 
2.944 0 -5.538135 0.143848 -8.489408 -0.030518 -0.061035 0.000000 0.19 0.21 1.0 1.0 0.123 0.217 0.0000 0.0000 0.0000 0.0018 -0.0000 -0.007773 0.510966 12.35 510 810 0.060000 2.000000 1.000000 4.511793 0.200000 
3.011 0 -5.581289 0.043154 -8.453447 0.000000 -0.091553 -0.122070 0.19 0.21 1.0 1.0 0.154 0.207 0.0000 0.0000 0.0000 0.0018 -0.0000 -0.007773 0.510892 12.36 500 800 0.060000 2.000000 1.000000 4.512120 0.200000 
3.078 0 -5.552519 0.047949 -8.513384 -0.122070 -0.152588 0.152588 0.19 0.21 1.0 1.0 0.125 0.206 0.0000 0.0000 0.0000 0.0018 -0.0000 -0.007773 0.510891 12.34 500 800 0.060000 2.000000 1.000000 4.514240 0.200000 
3.145 0 -5.583686 0.050347 -8.527768 0.030518 -0.061035 0.000000 0.19 0.21 1.0 1.0 0.126 0.183 0.0000 0.0000 0.0000 0.0018 -0.0000 -0.007773 0.510906 12.35 500 800 0.060000 2.000000 1.000000 4.511195 0.200000 
3.212 0 -5.521352 0.071924 -8.386318 -0.061035 -0.091553 0.000000 0.19 0.21 1.0 1.0 0.139 0.204 0.0000 0.0000 0.0000 0.0018 -0.0000 -0.007773 0.510905 12.35 500 800 0.060000 2.000000 1.000000 4.512248 0.200000 
3.279 0 -5.614853 0.007192 -8.484614 -0.122070 -0.122070 -0.030518 0.19 0.21 1.0 1.0 0.130 0.203 0.0000 0.0000 0.0000 0.0018 -0.0000 -0.007773 0.510892 12.35 500 800 0.060000 2.000000 1.000000 4.513186 0.200000 
3.346 0 -5.550122 -0.009590 -8.532563 0.091553 -0.152588 -0.122070 0.19 0.21 1.0 1.0 0.122 0.210 0.0000 0.0000 0.0000 0.0018 -0.0000 -0.007773 0.510929 12.34 500 800 0.060000 2.000000 1.000000 4.514623 0.200000 
3.413 0 -5.550122 0.071924 -8.503794 -0.061035 -0.061035 0.091553 0.19 0.21 1.0 1.0 0.110 0.190 0.0000 0.0000 0.0000 0.0018 -0.0000 -0.007773 0.510917 12.35 500 800 0.060000 2.000000 1.000000 4.511306 0.200000 
3.480 0 -5.574097 0.057539 -8.451050 0.030518 -0.152588 -0.030518 0.19 0.21 1.0 1.0 0.147 0.210 0.0000 0.0000 0.0000 0.0018 -0.0000 -0.007773 0.510904 12.35 500 800 0.060000 2.000000 1.000000 4.514366 0.200000 
3.547 0 -5.506968 0.028770 -8.522973 -0.091553 0.000000 -0.183105 0.19 0.21 1.0 1.0 0.139 0.206 0.0000 0.0000 0.0000 0.0018 -0.0000 -0.007773 0.510879 12.35 500 790 0.060000 2.000000 1.000000 4.508792 0.200000 
3.614 0 -5.545327 0.047949 -8.494204 -0.061035 -0.030518 -0.091553 0.19 0.21 1.0 1.0 0.121 0.190 0.0000 0.0000 0.0000 0.0018 -0.0000 -0.007773 0.510999 12.35 500 800 0.060000 2.000000 1.000000 4.511057 0.200000 
3.681 0 -5.550122 0.071924 -8.515781 -0.122070 0.091553 -0.030518 0.19 0.21 1.0 1.0 0.140 0.207 0.0000 0.0000 0.0000 0.0018 -0.0000 -0.007773 0.510969 12.35 500 800 0.060000 2.000000 1.000000 4.506497 0.200000 
3.748 0 -5.583686 0.026372 -8.501396 0.030518 -0.030518 0.030518 0.19 0.21 1.0 1.0 0.127 0.206 0.0000 0.0000 0.0000 0.0018 -0.0000 -0.007773 0.510980 12.35 500 800 0.060000 2.000000 1.000000 4.510866 0.200000 
3.815 0 -5.629238 0.069526 -8.539756 -0.030518 0.061035 -0.030518 0.19 0.21 1.0 1.0 0.139 0.197 0.0000 0.0000 0.0000 0.0018 -0.0000 -0.007773 0.511029 12.35 500 800 0.060000 2.000000 1.000000 4.508162 0.200000 
3.882 0 -5.607661 0.047949 -8.472627 -0.061035 -0.030518 -0.061035 0.19 0.21 1.0 1.0 0.117 0.210 0.0000 0.0000 0.0000 0.0018 -0.0000 -0.007773 0.510970 12.35 500 800 0.060000 2.000000 1.000000 4.510771 0.200000 
3.949 0 -5.530942 0.055142 -8.546948 0.030518 -0.091553 -0.122070 0.19 0.21 1.0 1.0 0.130 0.210 0.0000 0.0000 0.0000 0.0018 -0.0000 -0.007773 0.510948 12.34 500 800 0.060000 2.000000 1.000000 4.512683 0.200000 
4.016 0 -5.576494 0.043154 -8.525371 0.030518 -0.091553 0.061035 0.19 0.21 1.0 1.0 0.150 0.210 0.0000 0.0000 0.0000 0.0018 -0.0000 -0.007773 0.510897 12.35 510 810 0.060000 2.000000 1.000000 4.512174 0.200000 
4.083 0 -5.590879 0.057539 -8.463037 -0.061035 -0.030518 0.030518 0.19 0.21 1.0 1.0 0.112 0.215 0.0000 0.0000 0.0000 0.0018 -0.0000 -0.007773 0.510892 12.34 500 800 0.060000 2.000000 1.000000 4.509993 0.200000 
4.150 0 -5.492583 0.091104 -8.388716 -0.122070 -0.244141 0.122070 0.19 0.21 1.0 1.0 0.120 0.193 0.0000 0.0000 0.0000 0.0018 -0.0000 -0.007773 0.511026 12.36 500 800 0.060000 2.000000 1.000000 4.518789 0.200000 
4.217 0 -5.379902 -0.040757 -8.479819 -0.854492 0.610352 -1.373291 0.19 0.21 1.0 1.0 0.139 0.198 0.0000 0.0000 0.0000 0.0020 -0.0000 -0.005182 0.510399 12.32 500 790 0.060000 2.000000 1.000000 4.482693 0.200000 
4.284 0 -5.377505 0.225361 -8.522973 0.152588 -4.150391 1.403809 0.19 0.21 0.9 1.0 0.010 0.105 0.0120 0.0104 -0.0104 0.0028 -0.0000 -0.005182 0.509684 12.35 500 810 0.058876 2.000000 1.000000 4.652955 0.200000 
4.351 0 -5.514160 -0.081514 -8.709975 0.610352 -0.122070 1.037598 0.20 0.20 1.0 1.0 0.125 0.069 0.0056 0.0112 0.0363 0.0034 -0.0000 -0.002591 0.510023 12.37 500 810 0.057753 2.000000 1.000000 4.526961 0.200000 
4.418 0 -5.329556 0.088706 -8.487012 0.457764 1.464844 1.159668 0.20 0.20 1.0 0.7 0.124 -0.035 0.0108 0.0365 0.1658 0.0046 -0.0000 -0.002591 0.509038 12.35 500 810 0.055226 2.000000 1.000000 4.486985 0.200000 
4.485 0 -5.847407 0.194194 -8.460639 -0.396729 -6.042480 0.823975 0.19 0.21 0.8 0.9 0.017 0.021 0.0245 0.0237 -0.0052 0.0062 -0.0000 -0.007773 0.509442 12.35 500 810 0.053578 2.000000 1.000000 4.769563 0.200000 
4.552 0 -5.526147 0.143848 -8.623667 -0.579834 -1.434326 -0.610352 0.19 0.21 0.8 0.9 -0.011 0.003 0.0333 0.0333 0.0000 0.0082 -0.0000 -0.007773 0.509067 12.35 500 800 0.051791 2.000000 1.000000 4.622831 0.200000 
4.619 0 -5.307978 0.141450 -8.686001 -1.129150 3.753662 -3.417969 0.20 0.20 0.9 1.0 0.029 0.067 0.0177 0.0189 0.0078 0.0098 -0.0000 -0.002591 0.509394 12.35 500 810 0.052257 2.000000 1.000000 4.440341 0.200000 
4.686 0 -5.511763 -0.189399 -8.386318 -0.366211 -2.899170 -2.166748 0.19 0.21 0.8 0.9 -0.009 -0.028 0.0293 0.0277 -0.0104 0.0116 -0.0001 -0.005182 0.509076 12.33 500 810 0.051420 2.000000 1.000000 4.677754 0.200000 
4.753 0 -5.295991 0.374004 -8.693193 0.122070 0.030518 -0.335693 0.20 0.20 0.8 0.7 0.010 -0.017 0.0365 0.0466 0.0648 0.0139 -0.0001 -0.002591 0.508689 12.36 500 810 0.050652 2.000000 1.000000 4.579309 0.200000 
4.820 0 -5.411069 0.021577 -8.858618 -0.305176 -0.671387 -0.152588 0.19 0.21 0.8 0.8 0.003 -0.011 0.0386 0.0426 0.0259 0.0165 -0.0001 -0.005182 0.508513 12.34 500 820 0.049485 2.000000 1.000000 4.613724 0.200000 
4.887 0 -5.418262 0.016782 -8.331177 0.396729 1.495361 1.251221 0.19 0.21 0.8 0.8 -0.024 -0.050 0.0406 0.0382 -0.0155 0.0191 -0.0001 -0.007773 0.508605 12.34 500 810 0.048513 2.000000 1.000000 4.548723 0.200000 
4.954 0 -5.576494 0.112681 -8.321587 0.366211 0.762939 0.152588 0.19 0.21 0.7 0.8 -0.044 -0.030 0.0474 0.0430 -0.0285 0.0221 -0.0001 -0.010364 0.508805 12.35 500 820 0.047639 2.000000 1.000000 4.585028 0.200000 
5.021 0 -5.459018 0.047949 -8.508589 1.892090 1.831055 3.692627 0.19 0.21 0.6 0.9 -0.050 -0.041 0.0550 0.0398 -0.0985 0.0251 -0.0001 -0.012956 0.508097 12.35 510 820 0.046935 2.000000 1.000000 4.547697 0.200000 
5.088 0 -6.017627 -0.076719 -8.590102 -1.068115 -0.366211 -0.885010 0.19 0.21 0.7 0.8 -0.041 -0.018 0.0470 0.0514 0.0285 0.0283 -0.0002 -0.012956 0.507479 12.35 500 800 0.046087 2.000000 1.000000 4.626708 0.200000 
5.155 0 -5.358325 -0.074321 -8.515781 -0.244141 0.976562 -0.488281 0.19 0.21 0.6 0.7 -0.040 -0.053 0.0566 0.0586 0.0130 0.0319 -0.0002 -0.012956 0.507013 12.36 500 810 0.044677 2.000000 1.000000 4.589275 0.200000 
5.222 0 -5.442236 -0.071924 -8.717168 -0.701904 3.051758 -2.075195 0.19 0.21 0.6 0.7 -0.041 -0.036 0.0639 0.0651 0.0078 0.0355 -0.0003 -0.012956 0.506630 12.36 500 810 0.043665 2.000000 1.000000 4.523130 0.200000 
5.289 0 -4.823691 0.170220 -8.590102 -2.685547 2.532959 -2.899170 0.19 0.21 0.6 0.6 -0.051 -0.056 0.0703 0.0763 0.0389 0.0398 -0.0003 -0.010364 0.505493 12.35 500 800 0.041765 2.000000 1.000000 4.548868 0.200000 
5.356 0 -5.415864 0.076719 -7.842094 -1.403809 -1.129150 -2.410889 0.19 0.21 0.8 0.8 -0.021 -0.048 0.0518 0.0598 0.0518 0.0440 -0.0004 -0.007773 0.505861 12.35 500 800 0.041751 2.000000 1.000000 4.680512 0.200000 
5.423 0 -5.542930 0.088706 -8.904170 -0.885010 2.655029 -3.631592 0.19 0.21 0.6 0.6 -0.063 -0.047 0.0707 0.0759 0.0337 0.0486 -0.0004 -0.005182 0.506632 12.35 500 820 0.040195 2.000000 1.000000 4.571693 0.200000 
5.490 0 -5.355927 0.143848 -8.472627 0.183105 -1.708984 0.183105 0.20 0.20 0.6 0.7 -0.027 -0.046 0.0699 0.0651 -0.0311 0.0530 -0.0004 -0.000000 0.506525 12.36 500 770 0.039731 2.000000 1.000000 4.727601 0.200000 
5.557 0 -5.701162 -0.047949 -8.496601 0.366211 0.671387 -0.030518 0.20 0.20 0.6 0.7 -0.037 -0.055 0.0687 0.0667 -0.0130 0.0578 -0.0004 -0.000000 0.506931 12.35 500 820 0.039694 2.000000 1.000000 4.648940 0.200000 
5.624 0 -5.993652 0.040757 -8.815464 -2.166748 -1.800537 -4.119873 0.20 0.20 0.7 0.6 -0.040 -0.060 0.0699 0.0691 -0.0052 0.0625 -0.0004 0.002591 0.508214 12.36 500 820 0.039517 2.000000 1.000000 4.749827 0.200000 
5.691 0 -5.564507 -0.031167 -8.817861 1.281738 -3.326416 4.577637 0.20 0.20 0.7 0.6 -0.038 -0.059 0.0691 0.0695 0.0026 0.0669 -0.0004 0.002591 0.507308 12.35 500 810 0.039349 2.000000 1.000000 4.795702 0.200000 
5.758 0 -5.765893 0.023975 -8.491806 -0.457764 -0.030518 -0.457764 0.20 0.20 0.6 0.7 -0.036 -0.049 0.0743 0.0627 -0.0751 0.0717 -0.0004 0.002591 0.508515 12.34 500 810 0.039094 2.000000 1.000000 4.695275 0.200000 
5.825 0 -5.871382 0.107886 -8.614077 0.732422 -1.983643 4.211426 0.20 0.20 0.6 0.6 -0.042 -0.060 0.0739 0.0707 -0.0207 0.0763 -0.0004 -0.000000 0.509374 12.35 510 780 0.038886 2.000000 1.000000 4.774123 0.200000 
5.892 0 -5.492583 0.043154 -8.448652 -0.091553 1.525879 -0.396729 0.20 0.20 0.7 0.7 -0.039 -0.024 0.0643 0.0667 0.0155 0.0807 -0.0004 -0.000000 0.510273 12.35 500 770 0.039478 2.000000 1.000000 4.654689 0.200000 
5.959 0 -5.200093 0.163027 -8.623667 1.068115 -0.061035 2.624512 0.20 0.20 0.5 0.6 -0.044 -0.041 0.0868 0.0727 -0.0907 0.0855 -0.0004 -0.000000 0.509894 12.35 500 770 0.039091 2.000000 1.000000 4.710162 0.200000 
6.026 0 -5.588481 -0.388389 -8.506191 -1.373291 1.434326 -2.929688 0.20 0.20 0.7 0.5 -0.062 -0.057 0.0675 0.0767 0.0596 0.0902 -0.0004 0.002591 0.510161 12.35 500 820 0.039237 2.000000 1.000000 4.659173 0.200000 
6.093 0 -5.456621 0.431543 -8.626064 -0.183105 0.915527 1.098633 0.20 0.20 0.6 0.6 -0.039 -0.074 0.0819 0.0739 -0.0518 0.0950 -0.0004 0.002591 0.510626 12.36 500 810 0.038392 2.000000 1.000000 4.690382 0.200000 
6.160 0 -5.619648 -0.148643 -8.434267 -1.037598 1.922607 -1.953125 0.20 0.20 0.7 0.5 -0.051 -0.042 0.0703 0.0823 0.0777 0.0998 -0.0004 0.002591 0.510626 12.32 500 810 0.038290 2.000000 1.000000 4.656254 0.200000 
6.227 0 -5.586084 0.292490 -8.717168 0.671387 1.525879 1.434326 0.20 0.20 0.5 0.6 -0.062 -0.077 0.0892 0.0727 -0.1062 0.1048 -0.0004 -0.000000 0.510507 12.35 500 770 0.037885 2.000000 1.000000 4.672964 0.200000 
6.294 0 -5.473403 -0.330850 -9.151108 -0.823975 1.281738 -2.746582 0.21 0.19 0.7 0.5 -0.051 -0.051 0.0663 0.0803 0.0907 0.1096 -0.0004 0.005182 0.510437 12.34 500 810 0.038214 2.000000 1.000000 4.677491 0.200000 
6.361 0 -5.423057 0.376401 -8.115405 0.061035 1.708984 1.464844 0.20 0.20 0.6 0.7 -0.036 -0.062 0.0783 0.0675 -0.0700 0.1143 -0.0003 0.002591 0.510780 12.36 500 810 0.038526 2.000000 1.000000 4.662885 0.200000 
6.428 0 -5.617251 -0.242144 -9.218237 0.488281 1.342773 -1.678467 0.20 0.20 0.6 0.6 -0.060 -0.059 0.0711 0.0775 0.0415 0.1193 -0.0003 -0.000000 0.511910 12.35 500 810 0.038339 2.000000 1.000000 4.688847 0.200000 
6.495 0 -5.511763 0.172617 -8.606885 0.610352 -1.403809 2.532959 0.20 0.20 0.5 0.7 -0.052 -0.046 0.0835 0.0695 -0.0907 0.1241 -0.0003 -0.000000 0.511407 12.35 500 770 0.038664 2.000000 1.000000 4.776438 0.200000 
6.562 0 -5.890561 -0.148643 -8.750732 -0.640869 1.007080 -1.464844 0.20 0.20 0.6 0.7 -0.070 -0.059 0.0695 0.0606 -0.0570 0.1285 -0.0003 -0.000000 0.511435 12.36 500 770 0.039211 2.000000 1.000000 4.687082 0.200000 
6.629 0 -5.137759 0.330850 -8.813066 0.549316 2.777100 1.617432 0.20 0.20 0.6 0.7 -0.059 -0.084 0.0795 0.0703 -0.0596 0.1337 -0.0003 -0.000000 0.511151 12.36 500 810 0.038083 2.000000 1.000000 4.633740 0.200000 
6.696 0 -5.686777 -0.074321 -7.918813 0.000000 0.549316 0.762939 0.20 0.20 0.6 0.6 -0.021 -0.044 0.0723 0.0759 0.0233 0.1386 -0.0003 -0.000000 0.511576 12.35 500 810 0.038156 2.000000 1.000000 4.715025 0.200000 
6.763 0 -5.063437 0.333247 -8.156162 0.457764 1.495361 3.204346 0.19 0.21 0.5 0.7 -0.048 -0.039 0.0847 0.0655 -0.1244 0.1434 -0.0003 -0.005182 0.510651 12.34 500 810 0.037581 2.000000 1.000000 4.678503 0.200000 
6.830 0 -5.518955 -0.081514 -8.089033 -0.915527 0.549316 -0.854492 0.19 0.21 0.6 0.5 -0.087 -0.066 0.0747 0.0880 0.0855 0.1486 -0.0004 -0.005182 0.511825 12.35 500 820 0.037533 2.000000 1.000000 4.723748 0.200000 
6.897 0 -6.051191 0.011987 -8.750732 -1.220703 -6.805420 -1.708984 0.19 0.21 0.6 0.7 -0.066 -0.090 0.0763 0.0703 -0.0389 0.1536 -0.0004 -0.007773 0.512510 12.36 500 810 0.036987 2.000000 1.000000 4.992782 0.200000 
6.964 0 -5.312773 0.187002 -8.151367 0.091553 -2.105713 0.091553 0.19 0.21 0.5 0.6 -0.070 -0.047 0.0900 0.0771 -0.0829 0.1590 -0.0004 -0.010364 0.512703 12.35 500 810 0.036585 2.000000 1.000000 4.834685 0.200000 
7.031 0 -5.919331 0.019180 -7.899633 -1.037598 1.647949 -2.227783 0.19 0.21 0.4 0.8 -0.078 -0.072 0.0888 0.0691 -0.1270 0.1645 -0.0005 -0.012956 0.513643 12.35 500 820 0.036397 2.000000 1.000000 4.714932 0.200000 
7.098 0 -6.226206 -0.177412 -8.760322 -1.525879 -2.075195 -1.678467 0.19 0.21 0.6 0.8 -0.035 -0.032 0.0695 0.0643 -0.0337 0.1693 -0.0006 -0.012956 0.513583 12.35 500 800 0.037332 2.000000 1.000000 4.834947 0.200000 
7.165 0 -5.622046 0.508262 -8.923349 0.793457 1.983643 1.495361 0.18 0.22 0.5 0.8 -0.052 -0.059 0.0811 0.0614 -0.1270 0.1741 -0.0006 -0.018138 0.513581 12.35 500 810 0.037953 2.000000 1.000000 4.687032 0.200000 
7.232 0 -5.274414 0.242144 -8.065059 -1.190186 2.136230 -1.739502 0.18 0.22 0.5 0.7 -0.048 -0.036 0.0739 0.0711 -0.0181 0.1789 -0.0007 -0.018138 0.513851 12.35 500 800 0.038489 2.000000 1.000000 4.679052 0.200000 
7.299 0 -5.267221 0.261323 -8.237676 0.427246 3.051758 0.610352 0.18 0.22 0.5 0.8 -0.067 -0.061 0.0683 0.0623 -0.0389 0.1835 -0.0008 -0.020729 0.514270 12.36 500 820 0.039305 2.000000 1.000000 4.643119 0.200000 
7.366 0 -5.705957 -0.040757 -9.093569 -1.037598 -2.899170 -1.434326 0.18 0.22 0.5 0.7 -0.074 -0.056 0.0719 0.0707 -0.0078 0.1880 -0.0009 -0.020729 0.513999 12.34 500 810 0.039561 2.000000 1.000000 4.845574 0.200000 
7.433 0 -5.681982 0.052744 -8.959311 -1.953125 -2.960205 -2.593994 0.18 0.22 0.5 0.8 -0.054 -0.044 0.0731 0.0675 -0.0363 0.1928 -0.0010 -0.020729 0.513534 12.35 500 820 0.039272 2.000000 1.000000 4.845953 0.200000 
7.500 0 -5.780278 -0.062334 -8.331177 1.190186 -1.617432 1.892090 0.18 0.22 0.6 0.8 -0.025 -0.036 0.0582 0.0614 0.0207 0.1972 -0.0011 -0.020729 0.514048 12.35 500 810 0.039723 2.000000 1.000000 4.799711 0.200000 
7.567 1 -6.003242 -0.004795 -8.494204 -2.227783 -1.861572 -5.706787 0.12 0.20 0.2 0.6 -0.067 -0.036 0.0707 0.0727 0.0130 0.2016 -0.0012 -0.020729 0.513976 12.36 500 800 0.039526 2.000000 1.000000 4.809480 0.200000 
7.634 1 -5.130566 -0.007192 -7.930800 2.380371 3.875732 3.692627 0.12 0.20 0.3 0.7 -0.045 -0.032 0.0635 0.0643 0.0052 0.2062 -0.0013 -0.023320 0.513800 12.35 500 840 0.039883 2.000000 1.000000 4.603882 0.200000 
7.701 1 -5.379902 0.225361 -8.124995 -0.732422 2.502441 -0.640869 0.12 0.20 0.2 0.6 -0.049 -0.032 0.0699 0.0731 0.0207 0.2108 -0.0014 -0.020729 0.513853 12.33 510 820 0.039670 2.000000 1.000000 4.654469 0.200000 
7.768 1 -5.113784 0.290093 -8.160956 -0.823975 0.366211 0.213623 0.12 0.20 0.2 0.7 -0.053 -0.047 0.0747 0.0675 -0.0466 0.2155 -0.0015 -0.023320 0.513539 12.35 500 830 0.039468 2.000000 1.000000 4.727931 0.200000 
7.835 1 -5.833022 -0.182207 -8.918554 -2.563477 0.335693 -0.549316 0.12 0.20 0.3 0.6 -0.070 -0.066 0.0610 0.0795 0.1192 0.2201 -0.0016 -0.020729 0.513115 12.34 500 800 0.039222 2.000000 1.000000 4.727207 0.200000 
7.902 1 -5.514160 0.004795 -8.355151 -2.075195 -0.793457 -3.448486 0.12 0.20 0.2 0.6 -0.072 -0.066 0.0751 0.0747 -0.0026 0.2249 -0.0017 -0.020729 0.512399 12.35 500 820 0.038658 2.000000 1.000000 4.765107 0.200000 
7.969 1 -5.708354 -0.263721 -8.288022 -2.105713 -0.549316 -1.953125 0.12 0.20 0.2 0.5 -0.050 -0.074 0.0735 0.0876 0.0907 0.2301 -0.0018 -0.015547 0.512265 12.35 500 840 0.037349 2.000000 1.000000 4.768330 0.200000 
8.036 1 -5.391890 0.143848 -8.160956 -0.061035 -0.427246 -0.976562 0.12 0.20 0.1 0.6 -0.064 -0.058 0.0859 0.0835 -0.0155 0.2355 -0.0018 -0.012956 0.512871 12.34 500 830 0.036605 2.000000 1.000000 4.777581 0.200000 
8.103 1 -5.753906 0.122271 -8.077045 -1.098633 -1.251221 -1.708984 0.12 0.20 0.2 0.6 -0.049 -0.070 0.0763 0.0783 0.0130 0.2410 -0.0019 -0.010364 0.513053 12.34 500 830 0.036067 2.000000 1.000000 4.813540 0.200000 
8.170 1 -5.152143 -0.414761 -8.280829 -0.396729 -0.396729 -1.525879 0.12 0.20 0.2 0.7 -0.048 -0.073 0.0763 0.0779 0.0104 0.2464 -0.0020 -0.007773 0.512531 12.35 500 820 0.035464 2.000000 1.000000 4.784517 0.200000 
8.237 1 -5.806650 0.287695 -9.122338 -0.976562 -0.823975 -3.692627 0.12 0.20 0.1 0.6 -0.067 -0.074 0.0924 0.0880 -0.0285 0.2520 -0.0020 -0.007773 0.513627 12.36 500 830 0.034835 2.000000 1.000000 4.816685 0.200000 
8.304 1 -5.921728 -0.095898 -8.326382 0.457764 -1.556396 -0.122070 0.12 0.20 0.3 0.4 -0.101 -0.069 0.0727 0.1004 0.1788 0.2578 -0.0020 -0.005182 0.513821 12.35 500 830 0.034756 2.000000 1.000000 4.844979 0.200000 
8.371 1 -5.840215 -0.076719 -8.628462 -0.335693 1.861572 -1.312256 0.12 0.20 0.3 0.6 -0.074 -0.062 0.0743 0.0771 0.0181 0.2634 -0.0021 -0.005182 0.514165 12.36 500 820 0.034921 2.000000 1.000000 4.727455 0.200000 
8.438 1 -6.015229 0.160630 -8.558935 0.244141 -3.784180 0.610352 0.12 0.20 0.2 0.6 -0.071 -0.083 0.0807 0.0835 0.0181 0.2691 -0.0021 -0.005182 0.512916 12.33 500 820 0.034467 2.000000 1.000000 4.916579 0.200000 
8.505 1 -5.753906 0.474697 -8.709975 0.549316 3.021240 -1.312256 0.12 0.20 0.1 0.6 -0.085 -0.079 0.0956 0.0807 -0.0959 0.2749 -0.0021 -0.002591 0.512692 12.35 500 830 0.034392 2.000000 1.000000 4.677546 0.200000 
8.572 1 -5.432646 0.033564 -7.736606 0.183105 3.143311 -2.563477 0.12 0.20 0.2 0.5 -0.065 -0.071 0.0843 0.0896 0.0337 0.2805 -0.0021 -0.002591 0.511527 12.37 500 830 0.034237 2.000000 1.000000 4.663176 0.200000 
8.639 1 -6.245386 0.119873 -9.342905 -0.701904 -4.364014 -0.976562 0.12 0.20 0.2 0.5 -0.089 -0.074 0.0739 0.0908 0.1088 0.2861 -0.0022 -0.002591 0.511785 12.34 500 820 0.034879 2.000000 1.000000 4.921391 0.200000 
8.706 1 -6.269360 -0.033564 -8.606885 0.854492 -2.777100 2.593994 0.12 0.20 0.3 0.7 -0.036 -0.063 0.0663 0.0703 0.0259 0.2916 -0.0022 -0.005182 0.511762 12.35 500 820 0.035850 2.000000 1.000000 4.856066 0.200000 
8.773 1 -5.149746 -0.189399 -8.381523 -0.061035 3.112793 -1.739502 0.12 0.20 0.2 0.6 -0.077 -0.080 0.0691 0.0739 0.0311 0.2962 -0.0022 -0.002591 0.512488 12.36 500 830 0.038117 2.000000 1.000000 4.635046 0.200000 
8.840 1 -5.120976 0.095898 -8.472627 0.488281 0.762939 1.342773 0.12 0.20 0.3 0.8 -0.025 -0.035 0.0578 0.0538 -0.0259 0.3004 -0.0022 -0.005182 0.512182 12.35 500 840 0.040377 2.000000 1.000000 4.691417 0.200000 
8.907 1 -5.890561 -0.033564 -8.307202 1.159668 -3.173828 2.716064 0.12 0.20 0.3 0.8 -0.029 -0.040 0.0570 0.0490 -0.0518 0.3040 -0.0023 -0.005182 0.512544 12.33 500 820 0.041919 2.000000 1.000000 4.817041 0.200000 
8.974 1 -5.861792 -0.201387 -8.122598 -0.030518 1.220703 0.640869 0.12 0.20 0.3 0.8 -0.040 -0.059 0.0574 0.0470 -0.0674 0.3078 -0.0023 -0.007773 0.512690 12.36 500 830 0.042973 2.000000 1.000000 4.654558 0.200000 
9.041 1 -5.916934 0.172617 -8.942529 1.281738 -1.556396 0.793457 0.12 0.20 0.3 0.8 -0.056 -0.038 0.0566 0.0502 -0.0415 0.3114 -0.0023 -0.007773 0.512406 12.34 500 830 0.043435 2.000000 1.000000 4.744041 0.200000 
9.108 1 -5.355927 0.369209 -8.956914 2.441406 0.610352 3.265381 0.12 0.20 0.2 0.7 -0.076 -0.067 0.0731 0.0590 -0.0907 0.3155 -0.0023 -0.012956 0.511466 12.34 500 820 0.042624 2.000000 1.000000 4.667124 0.200000 
9.175 1 -5.595674 0.105488 -8.959311 2.899170 -2.105713 5.828857 0.12 0.20 0.3 0.7 -0.080 -0.034 0.0582 0.0530 -0.0337 0.3195 -0.0024 -0.018138 0.510631 12.35 500 830 0.042482 2.000000 1.000000 4.754996 0.200000 
9.242 1 -5.521352 -0.179810 -8.362344 1.617432 2.777100 1.281738 0.12 0.20 0.3 0.8 -0.048 -0.032 0.0631 0.0474 -0.1011 0.3233 -0.0025 -0.025911 0.510901 12.35 500 830 0.042834 2.000000 1.000000 4.583740 0.200000 
9.309 1 -5.195298 0.095898 -8.827451 2.105713 1.525879 3.509521 0.12 0.20 0.2 0.7 -0.037 -0.035 0.0727 0.0610 -0.0751 0.3273 -0.0026 -0.031093 0.510355 12.36 500 830 0.042209 2.000000 1.000000 4.628190 0.200000 
9.376 1 -5.835420 -0.220566 -8.813066 1.342773 -7.110596 2.532959 0.12 0.20 0.3 0.8 -0.033 -0.040 0.0562 0.0478 -0.0544 0.3311 -0.0027 -0.033685 0.510463 12.36 500 840 0.042838 2.000000 1.000000 4.924449 0.200000 
9.443 1 -5.950498 -0.397979 -8.237676 1.617432 1.312256 2.716064 0.12 0.20 0.4 0.8 -0.013 -0.024 0.0474 0.0382 -0.0596 0.3341 -0.0028 -0.041458 0.511669 12.35 500 830 0.044806 2.000000 1.000000 4.622827 0.200000 
9.510 1 -5.737124 -0.225361 -8.616474 0.488281 1.129150 1.403809 0.12 0.20 0.4 0.8 -0.032 -0.038 0.0470 0.0349 -0.0777 0.3369 -0.0030 -0.046640 0.512471 12.35 500 830 0.046215 2.000000 1.000000 4.623143 0.200000 
9.577 1 -5.691572 0.002397 -7.940391 1.159668 0.793457 2.655029 0.12 0.20 0.3 0.8 -0.034 -0.044 0.0486 0.0325 -0.1036 0.3399 -0.0031 -0.049231 0.512430 12.35 510 830 0.047139 2.000000 1.000000 4.625217 0.200000 
9.644 1 -6.010434 0.014385 -8.791489 0.549316 -2.014160 1.129150 0.12 0.20 0.3 0.9 -0.038 -0.024 0.0542 0.0333 -0.1347 0.3430 -0.0033 -0.057005 0.511375 12.35 500 830 0.046604 2.000000 1.000000 4.718016 0.200000 
9.711 1 -5.423057 -0.040757 -8.520576 -1.373291 1.220703 1.434326 0.12 0.20 0.3 0.8 -0.070 -0.061 0.0614 0.0482 -0.0855 0.3466 -0.0035 -0.062187 0.511421 12.35 500 830 0.044836 2.000000 1.000000 4.623237 0.200000 
9.778 1 -5.444633 0.081514 -9.122338 1.647949 2.075195 1.007080 0.12 0.20 0.1 0.8 -0.060 -0.025 0.0775 0.0502 -0.1762 0.3504 -0.0037 -0.064778 0.510458 12.35 500 820 0.043438 2.000000 1.000000 4.597757 0.200000 
9.845 1 -5.945703 -0.014385 -8.602090 -0.427246 1.647949 -1.831055 0.12 0.20 0.3 0.8 -0.047 -0.043 0.0574 0.0526 -0.0311 0.3544 -0.0040 -0.064778 0.509733 12.35 500 820 0.042539 2.000000 1.000000 4.614413 0.200000 
9.912 1 -5.087412 -0.028770 -7.846889 -1.831055 1.281738 -3.936768 0.12 0.20 0.2 0.7 -0.084 -0.056 0.0743 0.0635 -0.0700 0.3588 -0.0043 -0.069960 0.509189 12.35 500 830 0.041380 2.000000 1.000000 4.633347 0.200000 
9.979 1 -5.629238 -0.019180 -8.573320 0.823975 -3.601074 1.037598 0.12 0.20 0.3 0.7 -0.056 -0.040 0.0675 0.0667 -0.0052 0.3634 -0.0046 -0.072551 0.508680 12.35 500 830 0.040100 2.000000 1.000000 4.811506 0.200000 
10.046 1 -5.442236 0.376401 -8.633257 1.251221 -0.854492 1.129150 0.12 0.20 0.1 0.7 -0.093 -0.042 0.0827 0.0582 -0.1581 0.3680 -0.0049 -0.080325 0.509826 12.34 500 830 0.039641 2.000000 1.000000 4.731676 0.200000 
10.113 1 -6.257373 -0.014385 -9.582651 2.288818 -2.716064 3.479004 0.12 0.20 0.2 0.7 -0.063 -0.041 0.0763 0.0606 -0.1011 0.3724 -0.0053 -0.085507 0.510755 12.35 500 830 0.039571 2.000000 1.000000 4.806653 0.200000 
10.180 1 -5.068232 0.616147 -8.743540 3.753662 2.990723 7.720947 0.12 0.20 0.1 0.6 -0.074 -0.050 0.0851 0.0627 -0.1451 0.3770 -0.0057 -0.093280 0.511139 12.35 500 830 0.039795 2.000000 1.000000 4.609045 0.200000 
10.248 1 -5.176118 -0.146245 -7.786953 0.183105 -1.647949 2.166748 0.12 0.20 0.2 0.7 -0.074 -0.026 0.0735 0.0598 -0.0881 0.3812 -0.0061 -0.101054 0.510699 12.35 500 830 0.040435 2.000000 1.000000 4.760163 0.200000 
10.315 1 -5.399082 0.141450 -8.551743 3.540039 1.068115 5.218506 0.12 0.20 0.1 0.7 -0.055 -0.011 0.0803 0.0542 -0.1684 0.3852 -0.0066 -0.111418 0.511972 12.35 500 830 0.041179 2.000000 1.000000 4.670645 0.200000 
10.382 1 -5.713149 -0.110283 -8.273638 0.549316 -3.082275 2.410889 0.12 0.20 0.3 0.7 -0.037 -0.024 0.0590 0.0538 -0.0337 0.3888 -0.0070 -0.116600 0.512104 12.35 500 830 0.042537 2.000000 1.000000 4.803258 0.200000 
10.449 1 -5.849804 -0.004795 -8.686001 1.495361 1.770020 0.549316 0.12 0.20 0.3 0.8 -0.063 -0.025 0.0522 0.0446 -0.0492 0.3924 -0.0074 -0.121783 0.512595 12.35 500 840 0.043929 2.000000 1.000000 4.624874 0.200000 
10.516 1 -5.238452 -0.261323 -8.400702 1.983643 1.647949 3.173828 0.12 0.20 0.4 0.8 -0.044 -0.021 0.0498 0.0418 -0.0518 0.3954 -0.0078 -0.129556 0.512740 12.36 500 830 0.045246 2.000000 1.000000 4.617420 0.200000 
10.583 1 -6.549863 -0.362017 -8.072250 2.990723 1.922607 6.042480 0.12 0.20 0.5 1.0 0.014 0.064 0.0297 0.0161 -0.0881 0.3971 -0.0080 -0.137329 0.516289 12.35 500 830 0.048828 2.000000 1.000000 4.607500 0.200000 
10.650 1 -5.511763 0.172617 -8.575718 0.427246 1.098633 0.366211 0.12 0.20 0.6 1.0 0.011 0.108 0.0048 0.0125 0.0492 0.3975 -0.0081 -0.132147 0.515545 12.37 500 830 0.053414 2.000000 1.000000 4.582960 0.200000 
10.717 1 -5.475801 0.031167 -8.460639 0.152588 -0.549316 -0.091553 0.12 0.20 0.6 1.0 0.017 0.118 0.0024 0.0076 0.0337 0.3977 -0.0081 -0.129556 0.514851 12.34 500 830 0.056456 2.000000 1.000000 4.603125 0.200000 
10.784 1 -5.379902 0.043154 -8.580512 -0.701904 -0.213623 -1.312256 0.12 0.20 0.6 1.0 0.003 0.116 0.0016 0.0032 0.0104 0.3977 -0.0081 -0.129556 0.514312 12.35 500 830 0.058086 2.000000 1.000000 4.569716 0.200000 
10.851 1 -5.574097 0.079116 -8.558935 1.281738 0.122070 2.563477 0.12 0.20 0.5 0.9 -0.025 0.021 0.0088 0.0137 0.0311 0.3985 -0.0082 -0.129556 0.512958 12.36 500 830 0.057895 2.000000 1.000000 4.546362 0.200000 
10.918 1 -5.919331 0.486685 -8.525371 2.502441 -3.448486 5.523682 0.12 0.20 0.3 1.0 -0.054 0.025 0.0498 0.0145 -0.2280 0.4003 -0.0084 -0.142512 0.510852 12.35 500 830 0.054034 2.000000 1.000000 4.688551 0.200000 
10.985 1 -5.423057 -0.196592 -8.942529 4.699707 -1.892090 6.835938 0.12 0.20 0.4 0.7 -0.051 -0.041 0.0450 0.0550 0.0648 0.4033 -0.0089 -0.145103 0.508347 12.35 500 820 0.049385 2.000000 1.000000 4.655664 0.200000 
11.052 1 -5.454224 0.285298 -9.155903 8.880615 0.244141 12.512207 0.12 0.20 0.2 0.6 -0.065 -0.028 0.0779 0.0635 -0.0933 0.4073 -0.0095 -0.155467 0.507719 12.35 500 830 0.044380 2.000000 1.000000 4.624865 0.200000 
11.119 1 -6.231001 -0.347632 -9.088774 8.636475 -5.371094 11.657715 0.12 0.20 -0.0 0.6 -0.098 -0.059 0.1044 0.0667 -0.2436 0.4122 -0.0103 -0.173605 0.507520 12.35 500 840 0.040077 2.000000 1.000000 4.861913 0.200000 
11.186 1 -6.149487 -0.059937 -9.062402 7.385254 -2.380371 11.657715 0.12 0.20 0.3 0.7 -0.059 -0.035 0.0695 0.0554 -0.0907 0.4170 -0.0112 -0.183970 0.509132 12.36 500 830 0.039156 2.000000 1.000000 4.782851 0.200000 
11.253 1 -5.878574 0.153437 -8.021904 5.340576 2.685547 8.056641 0.12 0.20 0.2 0.8 -0.083 -0.046 0.0823 0.0514 -0.1995 0.4219 -0.0121 -0.196926 0.510229 12.35 510 830 0.038815 2.000000 1.000000 4.620402 0.200000 
11.320 1 -4.811704 -0.047949 -8.110610 3.936768 1.525879 6.805420 0.12 0.20 0.3 0.7 -0.032 -0.059 0.0675 0.0631 -0.0285 0.4264 -0.0130 -0.204699 0.510242 12.36 500 840 0.039242 2.000000 1.000000 4.656738 0.200000 
11.387 1 -5.921728 0.059937 -8.405498 1.800537 -0.579834 0.885010 0.12 0.20 0.2 0.7 -0.080 -0.042 0.0719 0.0566 -0.0985 0.4308 -0.0140 -0.209881 0.511679 12.34 500 830 0.039968 2.000000 1.000000 4.737353 0.200000 
11.454 1 -5.681982 -0.050347 -9.086377 4.974365 -2.624512 8.972168 0.12 0.20 0.3 0.7 -0.029 -0.038 0.0679 0.0574 -0.0674 0.4345 -0.0148 -0.217655 0.511237 12.35 500 830 0.040969 2.000000 1.000000 4.794295 0.200000 
11.521 1 -5.610058 -0.076719 -8.618872 2.166748 0.518799 4.821777 0.12 0.20 0.3 0.8 -0.068 -0.051 0.0631 0.0502 -0.0829 0.4384 -0.0156 -0.222837 0.511402 12.34 500 830 0.041774 2.000000 1.000000 4.678171 0.200000 
11.588 1 -5.132964 0.232554 -7.997930 5.462646 1.098633 10.681152 0.12 0.20 0.1 0.6 -0.071 -0.086 0.0868 0.0683 -0.1192 0.4431 -0.0167 -0.228019 0.510844 12.35 500 830 0.039496 2.000000 1.000000 4.675130 0.200000 
11.655 1 -5.298388 -0.129463 -8.534961 1.281738 2.197266 1.556396 0.12 0.20 0.2 0.7 -0.088 -0.052 0.0775 0.0651 -0.0803 0.4476 -0.0178 -0.235793 0.512088 12.35 500 830 0.039351 2.000000 1.000000 4.650670 0.200000 
11.722 1 -5.811445 -0.177412 -8.021904 1.342773 -3.784180 3.265381 0.12 0.20 0.4 0.7 -0.011 -0.022 0.0514 0.0558 0.0285 0.4519 -0.0188 -0.240975 0.512803 12.34 500 820 0.040553 2.000000 1.000000 4.854587 0.200000 
11.789 1 -5.734726 0.002397 -8.302407 -1.831055 1.007080 -2.532959 0.12 0.20 0.3 0.8 -0.053 -0.053 0.0606 0.0522 -0.0544 0.4556 -0.0197 -0.243566 0.512796 12.35 500 830 0.041789 2.000000 1.000000 4.674917 0.200000 
11.856 1 -4.811704 0.074321 -8.381523 -2.685547 0.854492 -4.516602 0.12 0.20 0.2 0.6 -0.063 -0.084 0.0779 0.0711 -0.0440 0.4599 -0.0208 -0.243566 0.510715 12.35 500 830 0.040043 2.000000 1.000000 4.676894 0.200000 
11.923 1 -5.346338 -0.376401 -7.921211 -9.613037 4.089355 -14.251709 0.12 0.20 0.2 0.5 -0.044 -0.070 0.0747 0.0863 0.0751 0.4649 -0.0221 -0.243566 0.510071 12.36 500 820 0.038114 2.000000 1.000000 4.576833 0.200000 
11.990 1 -5.336748 0.064731 -7.803735 -5.218506 2.441406 -7.781982 0.12 0.20 0.2 0.5 -0.038 -0.061 0.0775 0.0960 0.1192 0.4704 -0.0234 -0.238384 0.510469 12.34 500 830 0.036037 2.000000 1.000000 4.659098 0.200000 
12.057 1 -6.223808 0.167822 -7.789351 -3.997803 4.089355 -8.331299 0.12 0.20 0.2 0.6 -0.043 -0.051 0.0699 0.0904 0.1321 0.4757 -0.0247 -0.230610 0.511960 12.38 500 830 0.035908 2.000000 1.000000 4.617771 0.200000 
12.124 1 -6.065576 0.501069 -8.697988 0.946045 1.434326 2.227783 0.12 0.20 0.3 0.7 -0.043 -0.063 0.0623 0.0687 0.0415 0.4804 -0.0258 -0.225428 0.513242 12.34 500 830 0.037928 2.000000 1.000000 4.703073 0.200000 
12.191 1 -5.399082 0.119873 -8.156162 2.136230 -0.701904 2.593994 0.12 0.20 0.3 0.8 -0.055 -0.061 0.0594 0.0506 -0.0570 0.4839 -0.0266 -0.225428 0.513692 12.36 500 820 0.041293 2.000000 1.000000 4.748496 0.200000 
12.258 1 -5.725137 0.019180 -8.527768 2.563477 -2.716064 3.265381 0.12 0.20 0.3 0.8 -0.044 -0.025 0.0502 0.0390 -0.0726 0.4868 -0.0272 -0.228019 0.514242 12.36 500 830 0.044523 2.000000 1.000000 4.792000 0.200000 
12.325 1 -5.305581 0.139053 -8.611679 4.699707 -1.678467 7.080078 0.12 0.20 0.3 0.9 -0.051 -0.032 0.0526 0.0273 -0.1632 0.4894 -0.0278 -0.235793 0.513909 12.34 500 830 0.046946 2.000000 1.000000 4.728219 0.200000 
12.392 1 -5.243247 0.203784 -8.633257 3.326416 0.366211 5.096436 0.12 0.20 0.4 0.8 -0.061 -0.029 0.0458 0.0394 -0.0415 0.4919 -0.0285 -0.238384 0.512938 12.35 500 820 0.047626 2.000000 1.000000 4.640334 0.200000 
12.459 1 -5.427851 0.035962 -8.347959 5.126953 0.152588 8.819580 0.12 0.20 0.3 0.8 -0.035 -0.018 0.0546 0.0365 -0.1166 0.4948 -0.0292 -0.246157 0.511953 12.36 500 840 0.047085 2.000000 1.000000 4.643362 0.200000 
12.526 1 -5.559712 -0.141450 -8.522973 7.293701 -0.671387 10.620117 0.12 0.20 0.3 0.8 -0.050 -0.028 0.0606 0.0369 -0.1529 0.4980 -0.0300 -0.251339 0.511925 12.35 500 830 0.045867 2.000000 1.000000 4.684008 0.200000 
12.593 1 -6.103935 0.110283 -8.592500 8.819580 -2.990723 14.434814 0.12 0.20 0.2 0.9 -0.060 -0.001 0.0707 0.0293 -0.2669 0.5014 -0.0309 -0.266886 0.512229 12.33 510 830 0.044816 2.000000 1.000000 4.778520 0.200000 
12.660 1 -5.331953 0.127065 -8.496601 11.383057 -2.532959 20.050049 0.12 0.20 0.2 0.8 -0.053 0.001 0.0743 0.0305 -0.2824 0.5049 -0.0319 -0.287615 0.511306 12.35 500 830 0.044243 2.000000 1.000000 4.759040 0.200000 
12.728 1 -5.672392 0.059937 -8.453447 12.481689 -0.457764 22.125244 0.12 0.20 0.2 0.9 -0.079 -0.017 0.0811 0.0269 -0.3498 0.5082 -0.0329 -0.310935 0.511755 12.35 500 830 0.044342 2.000000 1.000000 4.690104 0.200000 
12.795 1 -6.067974 0.196592 -7.779760 12.115479 0.579834 21.667480 0.12 0.20 0.3 0.9 -0.063 -0.006 0.0739 0.0277 -0.2980 0.5120 -0.0341 -0.331664 0.511573 12.35 500 830 0.043239 2.000000 1.000000 4.663104 0.200000 
12.862 1 -5.861792 -0.016782 -8.853823 9.216309 0.549316 15.655518 0.12 0.20 0.2 0.9 -0.070 -0.036 0.0807 0.0265 -0.3498 0.5154 -0.0354 -0.357576 0.512499 12.36 500 830 0.043355 2.000000 1.000000 4.672258 0.200000 
12.929 1 -4.933974 0.460312 -8.645244 9.552002 2.990723 17.120361 0.12 0.20 0.2 0.9 -0.058 -0.015 0.0711 0.0253 -0.2954 0.5186 -0.0366 -0.375714 0.512528 12.35 510 830 0.044767 2.000000 1.000000 4.573218 0.200000 
12.996 1 -5.629238 -0.067129 -8.283227 3.906250 -0.854492 8.026123 0.12 0.20 0.3 0.9 -0.055 -0.011 0.0562 0.0261 -0.1943 0.5212 -0.0377 -0.391261 0.512472 12.35 500 830 0.046171 2.000000 1.000000 4.692839 0.200000 
13.063 1 -5.377505 -0.122271 -8.534961 4.180908 1.953125 7.476807 0.12 0.20 0.3 0.8 -0.047 -0.047 0.0590 0.0365 -0.1451 0.5242 -0.0389 -0.401625 0.512628 12.35 500 840 0.046181 2.000000 1.000000 4.596286 0.200000 
13.130 1 -5.631636 -0.050347 -8.345561 5.004883 0.274658 6.744385 0.12 0.20 0.2 0.8 -0.046 -0.031 0.0667 0.0386 -0.1814 0.5271 -0.0402 -0.411990 0.512165 12.35 500 830 0.045568 2.000000 1.000000 4.656383 0.200000 
13.197 1 -5.327158 0.285298 -8.026699 6.652832 1.373291 14.312744 0.12 0.20 0.3 0.9 -0.041 0.004 0.0679 0.0301 -0.2436 0.5302 -0.0416 -0.424945 0.511026 12.34 500 830 0.045106 2.000000 1.000000 4.611260 0.200000 
13.264 1 -5.840215 0.031167 -8.017109 7.934570 0.976562 14.831543 0.12 0.20 0.3 0.9 -0.055 -0.021 0.0598 0.0213 -0.2487 0.5328 -0.0427 -0.440492 0.512241 12.35 500 830 0.046345 2.000000 1.000000 4.624874 0.200000 
13.331 1 -5.497378 0.397979 -8.266445 6.988525 0.335693 13.183594 0.12 0.20 0.4 0.9 -0.028 0.011 0.0482 0.0177 -0.1969 0.5349 -0.0438 -0.456039 0.512351 12.35 500 830 0.047940 2.000000 1.000000 4.632400 0.200000 
13.398 1 -5.365518 0.002397 -8.683603 8.148193 0.640869 13.641357 0.12 0.20 0.3 0.9 -0.025 0.036 0.0538 0.0133 -0.2617 0.5373 -0.0449 -0.474177 0.512170 12.35 500 840 0.048853 2.000000 1.000000 4.610798 0.200000 
13.465 1 -5.209682 0.151040 -8.429472 6.958008 0.549316 11.291504 0.12 0.20 0.2 0.7 -0.044 -0.017 0.0594 0.0418 -0.1140 0.5394 -0.0461 -0.484541 0.511506 12.35 500 830 0.048669 2.000000 1.000000 4.609197 0.200000 
13.532 1 -5.391890 0.232554 -8.232881 9.521484 -1.739502 18.402100 0.12 0.20 0.3 0.8 -0.038 -0.007 0.0651 0.0325 -0.2099 0.5419 -0.0474 -0.505270 0.509470 12.35 500 830 0.047453 2.000000 1.000000 4.680890 0.200000 
13.599 1 -5.619648 0.040757 -8.199316 10.955811 1.678467 18.951416 0.12 0.20 0.3 0.9 -0.052 0.012 0.0627 0.0217 -0.2643 0.5443 -0.0488 -0.525999 0.509807 12.35 500 840 0.047168 2.000000 1.000000 4.567803 0.200000 
13.666 2 -5.610058 -0.098296 -8.726758 10.955811 -1.617432 17.028809 -0.87 1.27 -8.0 8.0 -0.910 0.844 0.0799 0.0129 -0.4327 0.5468 -0.0502 -0.546728 0.508910 12.26 500 820 0.046407 2.000000 1.000000 4.681490 0.200000 
13.733 2 -5.322363 -0.093501 -9.069594 -47.119141 -1.922607 -94.421387 -0.61 1.01 -2.3 3.1 -0.334 0.458 -0.1390 0.3462 3.1301 0.5526 -0.0527 -0.287615 0.504613 12.35 500 830 0.037069 2.000000 1.000000 4.742553 0.200000 
13.800 2 -5.897754 0.040757 -7.693452 -48.522949 1.770020 -89.813232 -0.43 0.83 -1.9 2.3 -0.354 0.454 -0.0410 0.3185 2.3191 0.5603 -0.0542 -0.108828 0.501386 12.35 500 820 0.028520 2.000000 1.000000 4.666876 0.200000 
13.867 2 -5.459018 -1.764531 -10.949203 -42.846680 -1.678467 -73.913574 -0.31 0.71 -1.4 1.8 -0.175 0.265 -0.0056 0.2996 1.9693 0.5699 -0.0546 0.015546 0.504084 12.35 500 800 0.022070 2.000000 1.000000 4.878727 0.200000 
13.934 2 -6.410810 1.380937 -7.050932 -38.146973 3.265381 -66.864014 -0.21 0.61 -1.0 1.9 0.002 0.253 0.0189 0.2217 1.3085 0.5792 -0.0540 0.114009 0.506768 12.34 500 830 0.021695 2.000000 1.000000 4.736749 0.200000 
14.001 2 -6.650557 1.534375 -8.906568 -30.120850 0.061035 -56.671143 -0.13 0.53 -0.5 1.6 0.020 0.300 0.0088 0.1831 1.1245 0.5859 -0.0530 0.196925 0.509904 12.34 500 820 0.026298 2.000000 1.000000 4.833937 0.200000 
14.068 2 -6.787212 0.160630 -11.445478 -24.414062 -9.918213 -41.015625 -0.06 0.46 -0.2 1.5 -0.006 0.263 0.0036 0.1434 0.9017 0.5910 -0.0518 0.264294 0.512392 12.35 500 820 0.032850 2.000000 1.000000 5.141630 0.200000 
14.135 2 -6.072768 0.671289 -10.323466 -19.287109 4.058838 -32.775879 -0.01 0.41 0.0 1.7 -0.007 0.253 0.0028 0.0872 0.5441 0.5950 -0.0506 0.313526 0.513274 12.35 500 830 0.038838 2.000000 1.000000 4.602686 0.200000 
14.202 2 -5.295991 0.294888 -9.676152 -10.253906 0.488281 -24.169922 0.02 0.38 0.1 1.7 0.039 0.340 0.0028 0.0494 0.3006 0.5975 -0.0497 0.347211 0.513677 12.37 500 820 0.044686 2.000000 1.000000 4.672863 0.200000 
14.269 2 -5.300786 -0.194194 -7.940391 -8.270264 1.037598 -13.397217 0.04 0.36 0.2 1.5 0.030 0.312 0.0020 0.0458 0.2824 0.5990 -0.0492 0.367940 0.514213 12.34 500 810 0.049314 2.000000 1.000000 4.612769 0.200000 
14.336 2 -5.794663 0.263721 -8.930542 -3.814697 -2.227783 -5.828857 0.06 0.34 0.3 1.6 0.030 0.372 0.0016 0.0261 0.1581 0.5999 -0.0488 0.380895 0.514530 12.36 500 820 0.052807 2.000000 1.000000 4.695002 0.200000 
14.403 2 -5.823432 0.330850 -8.383921 -2.075195 0.183105 -3.784180 0.06 0.34 0.3 1.6 0.006 0.335 0.0012 0.0161 0.0959 0.6007 -0.0485 0.386078 0.514580 12.34 500 810 0.055370 2.000000 1.000000 4.585709 0.200000 
14.470 2 -5.298388 0.031167 -8.633257 -1.586914 -0.183105 -2.655029 0.07 0.33 0.3 1.6 -0.009 0.391 0.0012 0.0064 0.0337 0.6011 -0.0484 0.391260 0.513953 12.35 500 810 0.057224 2.000000 1.000000 4.573680 0.200000 
14.537 2 -5.394287 -0.079116 -8.518178 -2.044678 0.000000 -3.173828 0.07 0.33 0.4 1.6 -0.025 0.377 0.0012 0.0068 0.0363 0.6012 -0.0483 0.393851 0.513210 12.36 500 810 0.058216 2.000000 1.000000 4.549940 0.200000 
14.604 2 -5.499775 0.000000 -8.587705 -2.685547 -0.030518 -4.608154 0.08 0.32 0.4 1.5 0.018 0.373 0.0012 0.0133 0.0777 0.6016 -0.0481 0.399033 0.512362 12.35 500 820 0.058122 2.000000 1.000000 4.543468 0.200000 
14.671 2 -5.514160 0.141450 -8.527768 -2.563477 0.610352 -4.730225 0.08 0.32 0.4 1.5 0.003 0.344 0.0012 0.0137 0.0803 0.6020 -0.0480 0.404216 0.511914 12.34 510 820 0.057871 2.000000 1.000000 4.519134 0.200000 
14.738 2 -5.610058 0.086309 -8.865810 -1.251221 1.159668 -1.770020 0.08 0.32 0.4 1.6 0.009 0.356 0.0008 0.0064 0.0363 0.6022 -0.0479 0.406807 0.511834 12.35 500 820 0.058190 2.000000 1.000000 4.495963 0.200000 
14.805 2 -5.468608 -0.035962 -8.419883 -0.305176 0.183105 -0.244141 0.09 0.31 0.4 1.5 0.021 0.346 0.0008 0.0052 0.0285 0.6024 -0.0478 0.409398 0.511414 12.34 500 820 0.058751 2.000000 1.000000 4.520241 0.200000 
14.872 2 -5.542930 0.100693 -8.530166 0.061035 -0.183105 0.152588 0.09 0.31 0.4 1.6 0.012 0.358 0.0008 0.0032 0.0155 0.6024 -0.0478 0.409398 0.511092 12.35 510 820 0.059081 2.000000 1.000000 4.526504 0.200000 
14.939 2 -5.502172 0.076719 -8.551743 -0.030518 -0.061035 -0.122070 0.09 0.31 0.4 1.6 0.040 0.369 0.0004 0.0020 0.0104 0.6024 -0.0478 0.409398 0.510679 12.37 500 820 0.059402 2.000000 1.000000 4.514901 0.200000 
15.006 2 -5.461416 0.079116 -8.491806 0.061035 0.000000 -0.030518 0.09 0.31 0.4 1.6 0.019 0.369 0.0004 0.0012 0.0052 0.6024 -0.0478 0.409398 0.510265 12.35 500 800 0.059593 2.000000 1.000000 4.506721 0.200000 
15.073 2 -5.518955 0.091104 -8.508589 0.030518 0.030518 -0.030518 0.09 0.31 0.4 1.6 0.013 0.359 0.0004 0.0012 0.0052 0.6024 -0.0478 0.409398 0.509991 12.34 500 820 0.059695 2.000000 1.000000 4.501896 0.200000 
15.140 2 -5.540532 0.040757 -8.479819 -0.091553 -0.061035 -0.122070 0.09 0.31 0.4 1.6 0.014 0.379 0.0004 0.0008 0.0026 0.6024 -0.0478 0.409398 0.509639 12.34 500 820 0.059770 2.000000 1.000000 4.500819 0.200000 
15.208 2 -5.528545 0.105488 -8.592500 -0.122070 0.061035 0.000000 0.09 0.31 0.4 1.6 0.004 0.366 0.0004 0.0008 0.0026 0.6024 -0.0478 0.409398 0.509292 12.34 500 820 0.059800 2.000000 1.000000 4.492785 0.200000 
15.275 2 -5.506968 0.019180 -8.539756 -0.030518 -0.030518 0.152588 0.09 0.31 0.4 1.6 0.019 0.395 0.0004 0.0004 0.0000 0.6024 -0.0478 0.409398 0.509027 12.34 500 820 0.059833 2.000000 1.000000 4.493008 0.200000 
15.342 2 -5.530942 0.023975 -8.491806 -0.030518 0.030518 0.061035 0.09 0.31 0.4 1.6 -0.003 0.361 0.0004 0.0004 0.0000 0.6024 -0.0478 0.409398 0.508733 12.35 500 810 0.059862 2.000000 1.000000 4.487646 0.200000 
15.409 2 -5.478198 0.139053 -8.542153 -0.183105 0.061035 0.030518 0.09 0.31 0.4 1.6 0.051 0.392 0.0000 0.0004 0.0026 0.6024 -0.0478 0.409398 0.508441 12.34 500 820 0.059897 2.000000 1.000000 4.483310 0.200000 
15.476 2 -5.574097 0.057539 -8.487012 -0.152588 -0.061035 0.061035 0.09 0.31 0.4 1.6 0.000 0.353 0.0000 0.0004 0.0026 0.6024 -0.0478 0.409398 0.508191 12.33 500 820 0.059923 2.000000 1.000000 4.484803 0.200000 
15.543 2 -5.492583 0.079116 -8.558935 -0.091553 0.152588 0.091553 0.09 0.31 0.4 1.6 0.016 0.387 0.0000 0.0004 0.0026 0.6024 -0.0478 0.409398 0.508001 12.34 500 820 0.059933 2.000000 1.000000 4.475351 0.200000 
15.610 2 -5.538135 0.014385 -8.592500 0.030518 -0.030518 0.000000 0.09 0.31 0.4 1.6 0.043 0.387 0.0000 0.0004 0.0026 0.6024 -0.0478 0.409398 0.507758 12.36 500 810 0.059937 2.000000 1.000000 4.479277 0.200000 
15.677 2 -5.528545 0.038359 -8.544551 -0.061035 0.091553 0.030518 0.09 0.31 0.4 1.6 0.015 0.386 0.0000 0.0004 0.0026 0.6024 -0.0478 0.409398 0.507626 12.34 500 810 0.059939 2.000000 1.000000 4.473673 0.200000 
15.744 2 -5.502172 0.098296 -8.443857 -0.091553 0.000000 -0.061035 0.09 0.31 0.4 1.6 0.006 0.349 0.0000 0.0004 0.0026 0.6024 -0.0478 0.409398 0.507447 12.36 500 800 0.059939 2.000000 1.000000 4.475079 0.200000 
15.811 2 -5.454224 0.026372 -8.489408 0.000000 -0.061035 0.030518 0.09 0.31 0.4 1.6 0.014 0.377 0.0000 0.0000 0.0000 0.6024 -0.0478 0.409398 0.507268 12.35 500 810 0.059976 2.000000 1.000000 4.475047 0.200000 
15.878 2 -5.550122 0.009590 -8.525371 0.000000 -0.091553 0.061035 0.09 0.31 0.4 1.6 0.007 0.384 0.0000 0.0000 0.0000 0.6024 -0.0478 0.409398 0.507149 12.34 500 810 0.059991 2.000000 1.000000 4.474775 0.200000 
15.945 2 -5.538135 0.050347 -8.489408 -0.183105 -0.061035 0.183105 0.09 0.31 0.4 1.6 0.032 0.380 0.0000 0.0000 0.0000 0.6024 -0.0478 0.409398 0.507013 12.34 500 810 0.059996 2.000000 1.000000 4.472292 0.200000 
16.012 2 -5.511763 0.071924 -8.609282 -0.213623 -0.213623 -0.274658 0.09 0.31 0.4 1.6 0.032 0.389 0.0000 0.0000 0.0000 0.6024 -0.0478 0.409398 0.506858 12.35 500 810 0.059999 2.000000 1.000000 4.476055 0.200000 
16.079 2 -5.482993 0.009590 -8.477422 -0.427246 -0.122070 -0.732422 0.09 0.31 0.4 1.6 0.044 0.367 0.0000 0.0000 0.0000 0.6024 -0.0478 0.409398 0.506631 12.35 500 810 0.059999 2.000000 1.000000 4.470581 0.200000 
16.146 2 -5.571699 0.076719 -8.475024 -0.152588 -0.305176 -0.366211 0.09 0.31 0.5 1.5 0.001 0.366 0.0000 0.0000 0.0000 0.6025 -0.0477 0.411989 0.506682 12.35 500 810 0.060000 2.000000 1.000000 4.477473 0.200000 
16.213 2 -5.331953 0.093501 -8.714770 0.091553 0.183105 0.000000 0.09 0.31 0.4 1.6 0.040 0.363 0.0000 0.0000 0.0000 0.6027 -0.0477 0.409398 0.506123 12.35 500 810 0.060000 2.000000 1.000000 4.454839 0.200000 
16.280 2 -5.197695 -0.071924 -8.602090 -1.953125 0.305176 -2.868652 0.09 0.31 0.3 1.3 -0.020 0.290 0.0201 0.0333 0.0855 0.6038 -0.0472 0.414580 0.504090 12.34 500 820 0.057079 2.000000 1.000000 4.459465 0.200000 
16.347 2 -5.113784 0.400376 -8.805874 -5.615234 0.549316 -10.101318 0.10 0.30 0.5 1.1 0.002 0.212 0.0116 0.0534 0.2695 0.6055 -0.0464 0.427536 0.504254 12.35 500 820 0.053699 2.000000 1.000000 4.486371 0.200000 
16.414 2 -5.238452 0.448325 -8.487012 -2.990723 1.281738 -5.798340 0.11 0.29 0.5 1.2 0.005 0.224 0.0197 0.0422 0.1451 0.6073 -0.0456 0.437900 0.503260 12.35 500 820 0.052236 2.000000 1.000000 4.465494 0.200000 
16.481 2 -6.142295 0.127065 -8.863413 -0.488281 0.213623 -1.312256 0.12 0.28 0.4 1.2 -0.021 0.238 0.0430 0.0398 -0.0207 0.6100 -0.0443 0.440492 0.502542 12.35 500 820 0.048842 2.000000 1.000000 4.529543 0.200000 
16.548 2 -5.648418 -0.297285 -8.534961 -1.220703 4.669189 -2.929688 0.12 0.28 0.4 1.2 -0.084 0.189 0.0458 0.0454 -0.0026 0.6131 -0.0428 0.443083 0.502042 12.35 500 830 0.046997 2.000000 1.000000 4.387462 0.200000 
16.614 2 -5.377505 -0.079116 -8.084238 -0.457764 3.509521 -1.190186 0.12 0.28 0.4 1.2 -0.078 0.173 0.0466 0.0482 0.0104 0.6156 -0.0416 0.443083 0.502001 12.36 500 810 0.046435 2.000000 1.000000 4.433147 0.200000 
16.681 2 -5.734726 0.115078 -8.163354 0.183105 2.410889 0.000000 0.12 0.28 0.5 1.2 -0.029 0.207 0.0361 0.0402 0.0259 0.6182 -0.0404 0.448265 0.502123 12.35 510 820 0.047388 2.000000 1.000000 4.463196 0.200000 
16.748 2 -5.394287 0.242144 -8.590102 2.258301 -2.075195 4.913330 0.12 0.28 0.4 1.2 -0.032 0.222 0.0378 0.0349 -0.0181 0.6207 -0.0392 0.448265 0.501531 12.34 500 820 0.047760 2.000000 1.000000 4.610149 0.200000 
16.815 2 -5.425454 0.275708 -8.669218 0.091553 -0.640869 -1.525879 0.12 0.28 0.3 1.2 -0.039 0.180 0.0470 0.0406 -0.0415 0.6231 -0.0381 0.445674 0.501704 12.36 500 830 0.047885 2.000000 1.000000 4.560561 0.200000 
16.882 2 -5.634033 0.107886 -8.522973 -0.915527 1.342773 -2.075195 0.12 0.28 0.5 1.2 -0.014 0.217 0.0325 0.0374 0.0311 0.6254 -0.0370 0.448265 0.502234 12.36 500 820 0.048191 2.000000 1.000000 4.493552 0.200000 
16.949 2 -5.279209 -0.004795 -8.489408 -1.037598 -0.396729 -1.953125 0.13 0.27 0.5 1.2 -0.005 0.249 0.0253 0.0329 0.0492 0.6274 -0.0360 0.450856 0.503234 12.35 500 820 0.049246 2.000000 1.000000 4.553730 0.200000 
17.016 2 -5.516557 0.297285 -8.451050 0.854492 0.396729 1.434326 0.13 0.27 0.5 1.3 -0.017 0.275 0.0217 0.0241 0.0155 0.6289 -0.0353 0.450856 0.503737 12.35 500 820 0.051496 2.000000 1.000000 4.508566 0.200000 
17.083 2 -5.876176 -0.127065 -8.424678 -1.525879 -1.586914 -2.166748 0.13 0.27 0.5 1.2 -0.035 0.215 0.0217 0.0273 0.0363 0.6303 -0.0346 0.450856 0.503387 12.33 490 810 0.052068 2.000000 1.000000 4.568587 0.200000 
17.150 2 -5.317568 0.208579 -8.712373 1.770020 1.373291 3.692627 0.13 0.27 0.4 1.2 -0.030 0.197 0.0337 0.0261 -0.0492 0.6321 -0.0337 0.450856 0.502615 12.36 500 810 0.051910 2.000000 1.000000 4.459116 0.200000 
17.217 2 -5.540532 0.234951 -8.475024 -0.640869 -1.068115 -2.197266 0.13 0.27 0.5 1.2 -0.030 0.186 0.0277 0.0374 0.0622 0.6341 -0.0328 0.453447 0.501845 12.33 500 820 0.050741 2.000000 1.000000 4.548318 0.200000 
17.284 2 -5.823432 -0.302080 -8.398305 -1.190186 1.983643 -1.525879 0.13 0.27 0.5 1.2 0.006 0.215 0.0329 0.0361 0.0207 0.6363 -0.0317 0.453447 0.502039 12.35 500 810 0.049727 2.000000 1.000000 4.453887 0.200000 
17.351 2 -5.763496 -0.151040 -8.434267 2.288818 -0.518799 4.425049 0.13 0.27 0.4 1.1 -0.030 0.196 0.0418 0.0470 0.0337 0.6388 -0.0305 0.453447 0.501488 12.34 500 830 0.048748 2.000000 1.000000 4.545509 0.200000 
17.418 2 -5.696367 0.139053 -8.690796 1.190186 0.823975 1.251221 0.13 0.27 0.5 1.2 -0.002 0.249 0.0285 0.0305 0.0130 0.6406 -0.0296 0.453447 0.502114 12.33 500 820 0.049816 2.000000 1.000000 4.494218 0.200000 
17.485 2 -5.761098 0.115078 -8.424678 -1.892090 0.488281 -4.150391 0.13 0.27 0.6 1.2 -0.025 0.216 0.0213 0.0285 0.0466 0.6424 -0.0287 0.453447 0.502473 12.34 500 810 0.050794 2.000000 1.000000 4.499744 0.200000 
17.552 2 -5.602866 0.198989 -8.585307 1.678467 -0.366211 2.838135 0.13 0.27 0.5 1.3 0.015 0.272 0.0237 0.0177 -0.0389 0.6437 -0.0281 0.456038 0.502212 12.35 500 820 0.052283 2.000000 1.000000 4.512070 0.200000 
17.619 2 -5.593276 -0.069526 -8.662026 -0.793457 -0.640869 -1.007080 0.13 0.27 0.6 1.2 0.023 0.245 0.0181 0.0245 0.0415 0.6449 -0.0275 0.453447 0.502498 12.34 500 810 0.053277 2.000000 1.000000 4.514580 0.200000 
17.686 2 -5.552519 0.321260 -8.347959 0.946045 0.061035 1.007080 0.13 0.27 0.5 1.3 -0.018 0.252 0.0189 0.0197 0.0052 0.6460 -0.0270 0.453447 0.502189 12.35 510 820 0.053951 2.000000 1.000000 4.480247 0.200000 
17.753 2 -5.389492 -0.359619 -8.681206 1.678467 -0.762939 2.960205 0.13 0.27 0.5 1.2 0.011 0.281 0.0329 0.0249 -0.0518 0.6476 -0.0262 0.450856 0.500364 12.36 500 810 0.052917 2.000000 1.000000 4.501101 0.200000 
17.820 2 -5.379902 0.146245 -8.592500 2.593994 -1.983643 4.486084 0.12 0.28 0.4 1.2 -0.006 0.215 0.0454 0.0349 -0.0674 0.6500 -0.0250 0.448265 0.499174 12.35 500 820 0.050279 2.000000 1.000000 4.558185 0.200000 
17.887 2 -5.763496 -0.052744 -8.626064 3.173828 -2.197266 6.866455 0.12 0.28 0.4 1.2 -0.040 0.223 0.0482 0.0398 -0.0544 0.6525 -0.0238 0.448265 0.498518 12.35 500 820 0.048054 2.000000 1.000000 4.581337 0.200000 
17.954 2 -4.953154 0.184604 -8.640449 1.617432 1.525879 2.960205 0.12 0.28 0.4 1.1 -0.026 0.173 0.0466 0.0538 0.0466 0.6552 -0.0225 0.445674 0.498409 12.34 500 810 0.047079 2.000000 1.000000 4.460039 0.200000 
18.021 2 -5.497378 -0.064731 -8.165751 -1.647949 2.044678 -2.685547 0.12 0.28 0.4 1.2 -0.037 0.217 0.0365 0.0390 0.0155 0.6574 -0.0215 0.445674 0.498933 12.35 500 820 0.048048 2.000000 1.000000 4.437470 0.200000 
18.088 2 -5.478198 -0.155835 -8.590102 -2.441406 -0.030518 -2.014160 0.13 0.27 0.5 1.1 -0.036 0.164 0.0361 0.0494 0.0855 0.6600 -0.0203 0.450856 0.500033 12.34 490 810 0.047780 2.000000 1.000000 4.523600 0.200000 
18.155 2 -5.492583 -0.210977 -8.218495 -1.159668 0.305176 -2.258301 0.13 0.27 0.5 1.2 -0.013 0.212 0.0309 0.0369 0.0389 0.6621 -0.0192 0.450856 0.500352 12.35 500 820 0.048300 2.000000 1.000000 4.509872 0.200000 
18.222 2 -5.288799 0.105488 -8.693193 2.075195 1.159668 4.150391 0.13 0.27 0.4 1.2 -0.029 0.200 0.0378 0.0353 -0.0155 0.6643 -0.0182 0.450856 0.501353 12.35 500 830 0.049626 2.000000 1.000000 4.476791 0.200000 
18.289 2 -5.494980 0.215771 -8.405498 -2.563477 0.061035 -4.028320 0.13 0.27 0.6 1.3 -0.004 0.259 0.0129 0.0177 0.0311 0.6652 -0.0177 0.453447 0.503263 12.35 500 820 0.052273 2.000000 1.000000 4.507774 0.200000 
18.356 2 -5.521352 -0.009590 -8.424678 -0.152588 0.335693 -0.335693 0.13 0.27 0.6 1.3 0.015 0.310 0.0064 0.0064 0.0000 0.6656 -0.0175 0.453447 0.504331 12.34 500 820 0.055372 2.000000 1.000000 4.477875 0.200000 
18.423 2 -5.439839 0.083911 -8.544551 -0.030518 0.030518 -0.091553 0.13 0.27 0.6 1.3 0.013 0.318 0.0036 0.0028 -0.0052 0.6656 -0.0175 0.453447 0.503884 12.35 500 820 0.057440 2.000000 1.000000 4.463374 0.200000 
18.489 2 -5.526147 0.016782 -8.575718 0.091553 0.061035 -0.030518 0.13 0.27 0.6 1.3 -0.007 0.281 0.0020 0.0020 0.0000 0.6656 -0.0175 0.453447 0.503715 12.35 510 820 0.058585 2.000000 1.000000 4.449169 0.200000 
18.556 2 -5.516557 0.088706 -8.554140 0.122070 -0.030518 0.030518 0.13 0.27 0.6 1.3 0.008 0.321 0.0016 0.0012 -0.0026 0.6656 -0.0175 0.453447 0.503590 12.34 510 820 0.059165 2.000000 1.000000 4.445307 0.200000 
18.623 2 -5.497378 0.057539 -8.525371 0.061035 -0.213623 0.061035 0.13 0.27 0.6 1.3 -0.006 0.296 0.0012 0.0012 0.0000 0.6656 -0.0175 0.453447 0.503468 12.35 500 820 0.059455 2.000000 1.000000 4.447584 0.200000 
18.690 2 -5.463813 0.031167 -8.491806 0.000000 0.122070 -0.030518 0.13 0.27 0.6 1.3 0.018 0.308 0.0008 0.0008 0.0000 0.6656 -0.0175 0.453447 0.503349 12.34 500 820 0.059635 2.000000 1.000000 4.432876 0.200000 
18.757 2 -5.471006 0.081514 -8.647641 -0.152588 0.061035 0.030518 0.13 0.27 0.6 1.3 0.025 0.310 0.0008 0.0008 0.0000 0.6656 -0.0175 0.453447 0.503219 12.33 500 820 0.059711 2.000000 1.000000 4.432946 0.200000 
18.824 2 -5.487788 -0.023975 -8.568525 -0.122070 -0.122070 -0.122070 0.13 0.27 0.6 1.3 0.005 0.294 0.0004 0.0004 0.0000 0.6656 -0.0175 0.453447 0.503044 12.34 500 820 0.059776 2.000000 1.000000 4.436941 0.200000 
18.891 2 -5.509365 0.064731 -8.527768 -0.152588 -0.091553 0.000000 0.13 0.27 0.6 1.3 0.000 0.301 0.0004 0.0004 0.0000 0.6656 -0.0175 0.453447 0.503030 12.35 510 820 0.059840 2.000000 1.000000 4.435099 0.200000 
18.958 2 -5.504570 0.083911 -8.539756 -0.061035 0.091553 0.000000 0.13 0.27 0.6 1.3 -0.005 0.276 0.0004 0.0004 0.0000 0.6656 -0.0175 0.453447 0.502883 12.35 510 820 0.059864 2.000000 1.000000 4.426994 0.200000 
19.025 2 -5.499775 0.119873 -8.561333 0.122070 -0.152588 0.061035 0.13 0.27 0.6 1.3 0.000 0.288 0.0004 0.0004 0.0000 0.6656 -0.0175 0.453447 0.502726 12.35 500 820 0.059874 2.000000 1.000000 4.433852 0.200000 
19.092 2 -5.473403 0.069526 -8.496601 -0.061035 0.000000 -0.030518 0.13 0.27 0.6 1.3 0.010 0.309 0.0004 0.0004 0.0000 0.6656 -0.0175 0.453447 0.502611 12.34 510 810 0.059877 2.000000 1.000000 4.427332 0.200000 
19.159 2 -5.485391 0.098296 -8.551743 -0.030518 -0.061035 -0.061035 0.13 0.27 0.6 1.3 0.029 0.299 0.0004 0.0004 0.0000 0.6656 -0.0175 0.453447 0.502445 12.35 500 820 0.059879 2.000000 1.000000 4.427792 0.200000 
19.226 2 -5.554917 0.057539 -8.566128 -0.030518 -0.122070 -0.183105 0.13 0.27 0.6 1.3 0.005 0.283 0.0004 0.0004 0.0000 0.6656 -0.0175 0.453447 0.502298 12.35 500 820 0.059879 2.000000 1.000000 4.428448 0.200000 
19.293 2 -5.463813 0.081514 -8.597295 -0.152588 -0.030518 0.000000 0.13 0.27 0.6 1.3 0.013 0.310 0.0004 0.0004 0.0000 0.6656 -0.0175 0.453447 0.502294 12.35 500 810 0.059879 2.000000 1.000000 4.425212 0.200000 
19.360 2 -5.406274 0.004795 -8.650039 -0.061035 0.000000 0.000000 0.13 0.27 0.6 1.4 0.046 0.320 0.0000 0.0000 0.0000 0.6656 -0.0175 0.453447 0.502189 12.35 510 800 0.059949 2.000000 1.000000 4.422405 0.200000 
19.427 2 -5.466211 0.071924 -8.508589 -0.030518 -0.030518 -0.122070 0.13 0.27 0.6 1.4 -0.006 0.276 0.0000 0.0000 0.0000 0.6656 -0.0175 0.453447 0.502103 12.35 500 810 0.059980 2.000000 1.000000 4.422296 0.200000 
19.494 2 -5.506968 0.083911 -8.549345 -0.091553 0.000000 0.000000 0.13 0.27 0.6 1.4 0.010 0.314 0.0000 0.0000 0.0000 0.6656 -0.0175 0.453447 0.501981 12.34 500 790 0.059992 2.000000 1.000000 4.419882 0.200000 
19.561 2 -5.444633 0.079116 -8.518178 0.152588 0.030518 -0.183105 0.13 0.27 0.6 1.4 0.044 0.323 0.0000 0.0000 0.0000 0.6656 -0.0175 0.453447 0.501905 12.35 500 800 0.059997 2.000000 1.000000 4.418013 0.200000 
19.628 2 -5.506968 0.064731 -8.628462 -0.061035 0.061035 -0.122070 0.13 0.27 0.6 1.4 -0.005 0.303 0.0000 0.0000 0.0000 0.6656 -0.0175 0.453447 0.501866 12.35 500 800 0.059999 2.000000 1.000000 4.416543 0.200000 
19.695 2 -5.499775 0.050347 -8.566128 -0.061035 -0.061035 0.061035 0.13 0.27 0.6 1.4 0.019 0.319 0.0000 0.0000 0.0000 0.6656 -0.0175 0.453447 0.501790 12.35 500 810 0.059999 2.000000 1.000000 4.420033 0.200000 
19.762 2 -5.509365 0.086309 -8.525371 0.091553 -0.061035 -0.122070 0.13 0.27 0.6 1.4 0.008 0.293 0.0000 0.0000 0.0000 0.6656 -0.0175 0.453447 0.501813 12.35 500 810 0.060000 2.000000 1.000000 4.420261 0.200000 
19.829 2 -5.485391 0.074321 -8.599692 -0.030518 -0.122070 0.000000 0.13 0.27 0.6 1.4 -0.003 0.287 0.0000 0.0000 0.0000 0.6656 -0.0175 0.453447 0.501721 12.34 500 800 0.060000 2.000000 1.000000 4.421474 0.200000 
19.896 2 -5.463813 0.079116 -8.530166 0.122070 0.000000 -0.091553 0.13 0.27 0.6 1.4 0.019 0.308 0.0000 0.0000 0.0000 0.6656 -0.0175 0.453447 0.501633 12.34 500 800 0.060000 2.000000 1.000000 4.416337 0.200000 
19.963 2 -5.463813 0.045552 -8.597295 -0.091553 0.000000 0.030518 0.13 0.27 0.6 1.4 -0.004 0.283 0.0000 0.0000 0.0000 0.6656 -0.0175 0.453447 0.501628 12.35 500 790 0.060000 2.000000 1.000000 4.416288 0.200000 
20.030 2 -5.499775 0.100693 -8.489408 0.030518 0.061035 0.122070 0.13 0.27 0.6 1.4 0.004 0.294 0.0000 0.0000 0.0000 0.6656 -0.0175 0.453447 0.501571 12.36 500 810 0.060000 2.000000 1.000000 4.413581 0.200000 
20.097 2 -5.423057 0.011987 -8.568525 -0.061035 0.091553 0.000000 0.13 0.27 0.6 1.4 0.038 0.314 0.0000 0.0000 0.0000 0.6656 -0.0175 0.453447 0.501539 12.35 500 810 0.060000 2.000000 1.000000 4.412200 0.200000 
20.164 2 -5.463813 0.067129 -8.544551 -0.061035 0.030518 0.122070 0.13 0.27 0.6 1.4 0.018 0.310 0.0000 0.0000 0.0000 0.6656 -0.0175 0.453447 0.501478 12.33 500 810 0.060000 2.000000 1.000000 4.413723 0.200000 
20.231 2 -5.435044 0.052744 -8.585307 0.091553 -0.061035 -0.030518 0.13 0.27 0.6 1.4 0.025 0.318 0.0000 0.0000 0.0000 0.6656 -0.0175 0.453447 0.501474 12.35 500 800 0.060000 2.000000 1.000000 4.416879 0.200000 
20.297 2 -5.456621 0.069526 -8.563730 -0.183105 0.030518 0.000000 0.13 0.27 0.6 1.4 -0.005 0.283 0.0000 0.0000 0.0000 0.6656 -0.0175 0.453447 0.501388 12.35 500 800 0.060000 2.000000 1.000000 4.412817 0.200000 
20.364 2 -5.466211 0.093501 -8.626064 -0.061035 0.061035 0.000000 0.13 0.27 0.6 1.4 -0.005 0.286 0.0000 0.0000 0.0000 0.6656 -0.0175 0.453447 0.501381 12.36 500 800 0.060000 2.000000 1.000000 4.411685 0.200000 
20.431 2 -5.444633 0.052744 -8.599692 -0.061035 0.030518 -0.091553 0.13 0.27 0.6 1.4 0.005 0.314 0.0000 0.0000 0.0000 0.6656 -0.0175 0.453447 0.501356 12.34 500 800 0.060000 2.000000 1.000000 4.412495 0.200000 
20.498 2 -5.502172 0.014385 -8.537358 0.000000 -0.244141 -0.061035 0.13 0.27 0.6 1.4 -0.002 0.302 0.0000 0.0000 0.0000 0.6656 -0.0175 0.453447 0.501333 12.35 500 810 0.060000 2.000000 1.000000 4.421853 0.200000 
20.565 2 -5.449429 0.088706 -8.508589 -0.061035 -0.030518 0.030518 0.13 0.27 0.6 1.4 0.029 0.310 0.0000 0.0000 0.0000 0.6656 -0.0175 0.453447 0.501296 12.34 500 810 0.060000 2.000000 1.000000 4.414025 0.200000 
20.632 2 -5.528545 0.079116 -8.580512 -0.213623 0.030518 -0.061035 0.13 0.27 0.6 1.4 0.018 0.302 0.0000 0.0000 0.0000 0.6656 -0.0175 0.453447 0.501259 12.35 500 800 0.060000 2.000000 1.000000 4.411532 0.200000 
20.699 2 -5.511763 0.107886 -8.599692 0.030518 -0.183105 0.000000 0.13 0.27 0.6 1.4 0.029 0.305 0.0000 0.0000 0.0000 0.6656 -0.0175 0.453447 0.501258 12.36 500 800 0.060000 2.000000 1.000000 4.418977 0.200000 
20.766 2 -5.430249 0.035962 -8.609282 0.000000 -0.122070 0.122070 0.13 0.27 0.6 1.4 0.002 0.310 0.0000 0.0000 0.0000 0.6656 -0.0175 0.453447 0.501261 12.32 500 800 0.060000 2.000000 1.000000 4.416873 0.200000 
20.833 2 -5.471006 0.047949 -8.549345 -0.061035 0.000000 -0.061035 0.13 0.27 0.6 1.4 0.028 0.304 0.0000 0.0000 0.0000 0.6656 -0.0175 0.453447 0.501245 12.35 500 800 0.060000 2.000000 1.000000 4.412459 0.200000 
20.900 2 -5.463813 0.067129 -8.623667 0.091553 -0.122070 -0.061035 0.13 0.27 0.6 1.4 -0.002 0.299 0.0000 0.0000 0.0000 0.6656 -0.0175 0.453447 0.501222 12.33 500 800 0.060000 2.000000 1.000000 4.416480 0.200000 
20.967 2 -5.463813 0.050347 -8.532563 -0.122070 -0.305176 -0.030518 0.13 0.27 0.6 1.4 -0.002 0.315 0.0000 0.0000 0.0000 0.6656 -0.0175 0.453447 0.501274 12.34 500 800 0.060000 2.000000 1.000000 4.423398 0.200000 
21.034 2 -5.492583 0.021577 -8.546948 -0.183105 -0.366211 -0.030518 0.13 0.27 0.6 1.4 -0.003 0.291 0.0000 0.0000 0.0000 0.6656 -0.0175 0.453447 0.501437 12.34 500 800 0.060000 2.000000 1.000000 4.427154 0.200000 
21.101 2 -5.418262 0.062334 -8.525371 -0.579834 -0.091553 -0.488281 0.13 0.27 0.6 1.4 0.012 0.297 0.0000 0.0000 0.0000 0.6656 -0.0175 0.453447 0.501343 12.33 500 820 0.060000 2.000000 1.000000 4.416634 0.200000 
21.168 2 -5.511763 0.047949 -8.460639 0.457764 0.091553 0.640869 0.13 0.27 0.6 1.4 -0.005 0.318 0.0000 0.0000 0.0000 0.6659 -0.0174 0.453447 0.501248 12.35 500 800 0.060000 2.000000 1.000000 4.409285 0.200000 
21.235 2 -5.413466 0.112681 -8.556538 0.671387 -0.396729 1.647949 0.13 0.27 0.6 1.3 0.007 0.294 0.0076 0.0036 -0.0259 0.6663 -0.0172 0.453447 0.501177 12.35 500 810 0.059413 2.000000 1.000000 4.431489 0.200000 
21.302 2 -5.360723 0.091104 -8.606885 1.525879 -0.244141 2.716064 0.12 0.28 0.6 1.4 -0.004 0.267 0.0108 0.0036 -0.0466 0.6666 -0.0170 0.448265 0.500774 12.34 500 820 0.058593 2.000000 1.000000 4.430338 0.200000 
21.369 2 -5.214478 -0.086309 -8.333574 -2.929688 -0.396729 -3.601074 0.13 0.27 0.6 1.2 -0.014 0.201 0.0153 0.0261 0.0700 0.6675 -0.0166 0.450856 0.500133 12.35 490 810 0.056834 2.000000 1.000000 4.446837 0.200000 
21.436 2 -5.475801 0.182207 -8.522973 -1.770020 -0.427246 -3.051758 0.14 0.26 0.6 1.2 -0.006 0.219 0.0129 0.0253 0.0803 0.6688 -0.0160 0.458629 0.499834 12.36 500 810 0.055112 2.000000 1.000000 4.462132 0.200000 
21.503 2 -5.329556 0.374004 -8.733950 1.007080 -3.570557 1.007080 0.14 0.26 0.5 1.2 -0.015 0.241 0.0277 0.0249 -0.0181 0.6702 -0.0152 0.458629 0.499415 12.36 500 820 0.053334 2.000000 1.000000 4.585443 0.200000 
21.570 2 -5.379902 0.201387 -8.297612 -0.854492 0.976562 -2.532959 0.14 0.26 0.6 1.2 -0.001 0.235 0.0209 0.0245 0.0233 0.6719 -0.0144 0.461221 0.500764 12.35 500 820 0.052508 2.000000 1.000000 4.448472 0.200000 
21.637 2 -5.142553 0.100693 -8.753130 -0.396729 -0.732422 -1.251221 0.14 0.26 0.5 1.0 -0.025 0.143 0.0365 0.0442 0.0492 0.6740 -0.0134 0.466403 0.498742 12.35 500 830 0.050864 2.000000 1.000000 4.504347 0.200000 
21.704 2 -4.866846 0.079116 -9.031235 0.823975 1.373291 1.831055 0.14 0.26 0.4 1.1 -0.016 0.154 0.0542 0.0494 -0.0311 0.6767 -0.0120 0.463812 0.498754 12.35 500 820 0.047853 2.000000 1.000000 4.461071 0.200000 
21.771 2 -5.240849 0.323657 -8.618872 1.373291 -4.425049 3.845215 0.14 0.26 0.4 1.1 -0.048 0.188 0.0610 0.0438 -0.1114 0.6799 -0.0104 0.463812 0.498850 12.34 500 820 0.045557 2.000000 1.000000 4.687390 0.200000 
21.838 2 -5.785073 0.040757 -7.813325 1.373291 -0.640869 0.671387 0.14 0.26 0.4 1.1 -0.037 0.021 0.0574 0.0562 -0.0078 0.6834 -0.0087 0.461221 0.499185 12.34 500 830 0.043491 2.000000 1.000000 4.579314 0.200000 
21.905 2 -5.394287 -0.309272 -8.386318 0.854492 0.518799 2.655029 0.14 0.26 0.3 0.7 -0.069 0.121 0.0723 0.0868 0.0933 0.6873 -0.0067 0.461221 0.499013 12.36 500 820 0.041063 2.000000 1.000000 4.561388 0.200000 
21.972 2 -5.554917 0.105488 -8.554140 3.173828 -0.610352 5.035400 0.13 0.27 0.2 0.9 -0.050 0.050 0.0896 0.0807 -0.0570 0.6922 -0.0043 0.453447 0.498069 12.35 500 830 0.037796 2.000000 1.000000 4.624032 0.200000 
22.039 2 -5.650815 -0.095898 -9.517920 2.807617 -1.007080 5.310059 0.12 0.28 0.1 0.9 -0.086 -0.045 0.1000 0.0960 -0.0259 0.6976 -0.0017 0.448265 0.497522 12.34 500 820 0.034340 2.000000 1.000000 4.666977 0.200000 
22.105 2 -5.521352 -0.151040 -8.345561 1.495361 -0.671387 4.821777 0.12 0.28 0.2 0.9 -0.102 -0.043 0.0948 0.0984 0.0233 0.7034 0.0011 0.443083 0.498004 12.34 500 810 0.032205 2.000000 1.000000 4.681425 0.200000 
22.172 2 -4.878833 0.606558 -8.213701 4.913330 3.906250 9.185791 0.11 0.29 -0.1 1.0 -0.101 -0.002 0.1181 0.0968 -0.1373 0.7099 0.0041 0.437900 0.497294 12.35 500 820 0.029930 2.000000 1.000000 4.537282 0.200000 
22.239 2 -5.698764 -0.047949 -9.036030 5.371094 -1.464844 9.307861 0.11 0.29 0.0 0.8 -0.094 0.008 0.1100 0.1133 0.0207 0.7163 0.0071 0.435309 0.496768 12.35 500 820 0.028422 2.000000 1.000000 4.734591 0.200000 
22.306 2 -5.705957 0.400376 -9.477162 5.065918 1.434326 6.408691 0.11 0.29 -0.1 0.8 -0.125 -0.055 0.1193 0.1157 -0.0233 0.7229 0.0102 0.435309 0.497720 12.35 500 820 0.027623 2.000000 1.000000 4.650900 0.200000 
22.373 2 -5.334351 0.457915 -8.582910 1.800537 1.190186 1.434326 0.11 0.29 -0.2 1.1 -0.145 0.076 0.1269 0.0976 -0.1892 0.7298 0.0134 0.430127 0.498604 12.34 500 820 0.026519 2.000000 1.000000 4.679311 0.200000 
22.440 3 -5.435044 0.906240 -9.302148 4.577637 2.319336 8.666992 -0.09 0.09 -1.1 0.0 -0.066 -0.084 0.1108 0.0811 -0.1917 0.7354 0.0160 0.432718 0.501917 12.35 500 830 -0.005924 2.000000 1.000000 4.997448 0.000000 
22.507 3 -4.898013 0.371606 -8.304805 9.002686 4.577637 16.906738 -0.11 0.11 -1.1 0.3 -0.076 -0.073 0.1056 0.0578 -0.3083 0.7406 0.0183 0.417171 0.503408 12.35 500 820 -0.017332 2.000000 1.000000 5.047616 0.000000 
22.574 3 -5.499775 0.445928 -8.309599 9.826660 1.007080 18.646240 -0.13 0.13 -1.1 0.4 -0.096 -0.054 0.0936 0.0550 -0.2487 0.7454 0.0204 0.396442 0.504489 12.35 500 820 -0.020711 2.000000 1.000000 5.216846 0.000000 
22.641 3 -5.619648 0.328452 -9.110352 8.911133 -1.739502 15.655518 -0.15 0.15 -1.2 0.5 -0.070 -0.032 0.0952 0.0446 -0.3265 0.7496 0.0221 0.378304 0.505295 12.35 510 840 -0.020737 2.000000 1.000000 5.321043 0.000000 
22.708 3 -5.348735 0.086309 -8.400702 6.134033 0.518799 11.840820 -0.16 0.16 -1.2 0.6 -0.068 -0.059 0.0779 0.0526 -0.1632 0.7539 0.0238 0.360166 0.505329 12.35 500 820 -0.020706 2.000000 1.000000 5.242239 0.000000 
22.775 3 -5.684380 0.230156 -8.729155 3.082275 -1.647949 4.760742 -0.17 0.17 -1.4 0.6 -0.102 -0.055 0.0835 0.0631 -0.1321 0.7583 0.0254 0.352393 0.505917 12.35 500 820 -0.020646 2.000000 1.000000 5.323163 0.000000 
22.842 3 -5.466211 -0.155835 -8.036289 5.462646 -0.640869 11.383057 -0.18 0.18 -1.2 0.7 -0.051 -0.055 0.0647 0.0502 -0.0933 0.7622 0.0268 0.344620 0.506559 12.35 500 830 -0.019699 2.000000 1.000000 5.284951 0.000000 
22.909 3 -5.646020 0.002397 -8.060264 4.638672 -0.305176 9.246826 -0.18 0.18 -1.0 0.8 -0.036 -0.028 0.0406 0.0418 0.0078 0.7660 0.0282 0.339437 0.508098 12.34 500 820 -0.017894 2.000000 1.000000 5.270568 0.000000 
22.976 3 -6.070371 0.160630 -8.395908 3.601074 -1.190186 6.347656 -0.19 0.19 -1.4 0.8 -0.074 -0.018 0.0695 0.0386 -0.1995 0.7692 0.0293 0.331664 0.509465 12.35 500 820 -0.016571 2.000000 1.000000 5.301904 0.000000 
23.043 3 -6.053589 0.103091 -8.362344 5.065918 -1.708984 8.209229 -0.20 0.20 -1.2 0.9 -0.017 -0.013 0.0418 0.0253 -0.1062 0.7719 0.0302 0.326482 0.510849 12.35 500 820 -0.013805 2.000000 1.000000 5.306196 0.000000 
23.110 3 -6.005640 -0.517852 -8.515781 1.770020 -1.556396 2.136230 -0.20 0.20 -1.1 1.3 0.010 0.093 0.0137 -0.0193 -0.2125 0.7729 0.0305 0.318708 0.512013 12.35 500 820 -0.009054 2.000000 1.000000 5.265002 0.000000 
23.177 3 -5.751509 0.762393 -7.614336 -0.915527 5.096436 -0.244141 -0.20 0.20 -1.0 1.6 -0.010 0.169 0.0040 -0.0566 -0.3913 0.7729 0.0305 0.318708 0.510927 12.34 500 820 -0.003835 2.000000 1.000000 4.969715 0.000000 
23.244 3 -5.991255 0.234951 -7.750991 -2.105713 1.068115 0.610352 -0.20 0.20 -1.0 1.5 0.004 0.150 0.0024 -0.0434 -0.2954 0.7729 0.0305 0.318708 0.510784 12.34 500 830 -0.001656 2.000000 1.000000 5.087119 0.000000 
23.311 3 -5.734726 0.644917 -7.571181 -1.708984 -1.068115 -0.030518 -0.20 0.20 -1.0 1.5 0.003 0.257 0.0016 -0.0482 -0.3213 0.7729 0.0305 0.318708 0.510448 12.36 500 820 -0.000332 2.000000 1.000000 5.145086 0.000000 
23.378 3 -5.595674 0.678481 -7.820518 -0.640869 -4.394531 0.549316 -0.20 0.20 -1.0 1.6 0.001 0.336 0.0012 -0.0606 -0.3990 0.7729 0.0305 0.318708 0.510081 12.35 500 820 0.000850 2.000000 1.000000 5.245708 0.000000 
