%% logfile from robot 5
%  1    time 0.021 sec
%  2    mission (2) state 2
%  3  4  5 Acc x,y,z [m/s2]: 4.389751 0.079116 -16.691122
%  6  7  8 Gyro x,y,z [deg/s]: -0.762939 -38.085938 6.988525
%  9 10 Motor velocity ref left, right: -1.99 -2.01
% 11 12 Motor voltage [V] left, right: -8.0 -8.0
% 13 14 Motor current left, right [A]: -1.935 -2.159
% 15 16 Wheel velocity [m/s] left, right: -0.6085 -0.5281
% 17    Turnrate [r/s]: 0.5182
% 18 19 20 21 Pose x,y,h,tilt [m,m,rad,rad]: -0.0080 -0.0000 0.005182 -0.564869
% 22    Battery voltage [V]: 12.21
% 23 24 Get data time [us]: 500 +ctrl 810
% 25 26 27 28 29 Ballance pitch ref 0.037245 [rad], bal-out -2.000000 [rad], I-out -1.000000 [m/s], D-out -5.888193 [rad], vel ref [m/s] 0.000000
%% Configuration as seen in client (assumed updated from robot)
% [main]
% version = 2.162
% mission = 2
% statusinterval = 50
% usbdevicename = /dev/ttyACM0
% connect = True
% 
% [log]
% interval = 30
% mission_state = True
% acceleration = True
% gyro = True
% encoder = False
% motorref = True
% motorvoltage = True
% motorcurrent = True
% wheelvelocity = True
% robotpose = True
% linesensor = False
% batteryvoltage = True
% balancectrl = True
% controltime = True
% extrainfo = False
% logfilename = /home/chr/svnregbot/matlab/log_2015_11_01/bal_drive_5.log
% allow = True
% 
% [wheelVel]
% reguse = True
% usevelest = False
% usevelleadfwd = True
% acclimit = 0.0
% kp = 5.0
% taui = 0.0
% taud = 0.036
% alpha = 0.5
% imax = 8.0
% steptime = 0.2
% stepfromreg = -0.1
% steptoreg = -1.5
% stepfromv = 2.1
% steptov = 4.1
% motorvoltlimit = 8.0
% 
% [turn]
% reguse = True
% leadfwd = False
% kp = 1.0
% taui = 0.0
% taud = 0.0
% alpha = 0.1
% imax = 0.4
% outmax = 15.0
% stepontime = 0.1
% stepofftime = 0.6
% stepvaluereg = 1.0
% stepvaluemotreg = 1.0
% stepvaluemotv = 0.35
% stepvelocitymotreg = 0.2
% stepvelocitymotv = 0.2
% 
% [mission]
% mission = # demo mission
% 	vel=0.2, acc=1,log=67  : dist = 0.2
% 	bal=1,vel=0 : time=8
% 	# go straight
% 	bal=0,vel=0.2: dist = 0.3,time=5
% 	vel=0 : time=1
% filename = mission_1.mis
% 
% [balance]
% use = True
% kp = -10.0
% taui = 0.07
% taud = 0.2
% alpha = 0.2
% imax = 1.0
% outmax = 2.0
% leadfwd = True
% leadgyro = True
% 
% [balanceVel]
% use = True
% kp = 0.3
% taui = 0.0
% taud = 0.007
% alpha = 10.0
% zeta = 0.05
% imax = 0.075
% leadfwd = True
% outmax = 0.075
% steptime = 5.0
% stepfrom = 0.0
% stepto = 0.0
% stepfromvel = 0.0
% steptovel = 0.15
% stepfrommsec = 0.0
% steptomsec = 0.0
% stepfrommotvolt = 0.0
% steptomotvolt = 0.0
% 
% [balanceSS]
% use = False
% k_tilt = -8.0
% k_gyro = 0.02
% k_pos = 0.0
% k_vel = 0.0
% k_motor = 0.0
% outmax = 0.1
% steptime = 50.0
% stepfrom = 0.09
% stepto = 0.09
% steppos = -1
% 
% [lineSensor]
% maximum = 1024
% 
% [robot5]
% version = 2.156.13
% robotbase = 0.155
% gear = 9.68
% encoderppr = 48.0
% weelradiusleft = 0.0297
% weelradiusright = 0.0297
% balanceoffset = 0.07
% 
%% data log
0.051 2 1.119614 -0.882266 -12.879160 -14.282227 -156.860352 14.678955 -1.98 -2.02 -6.9 -7.5 -1.392 -1.423 -0.6474 -0.5820 0.4224 -0.0265 -0.0003 0.020729 -0.502173 12.29 500 820 0.075000 -2.000000 -1.000000 -5.224180 0.000000 
0.081 2 1.438477 0.704853 -10.930024 -10.559082 -234.527588 11.169434 -1.98 -2.02 -6.0 -6.2 -0.981 -0.999 -0.7434 -0.7434 0.0000 -0.0470 -0.0008 0.020729 -0.388086 12.35 510 820 0.075000 -2.000000 -1.000000 -3.812206 0.000000 
0.111 2 0.237349 -1.311411 -9.632998 -12.939453 -266.662598 11.138916 -1.98 -2.02 -5.7 -5.6 -0.683 -0.697 -0.8193 -0.8543 -0.2254 -0.0713 -0.0013 0.018138 -0.250026 12.35 500 810 0.075000 -2.000000 -1.000000 -2.319437 0.000000 
0.141 2 0.822329 1.016523 -8.278432 -6.591797 -288.604736 13.488770 -1.73 -1.76 -2.9 -2.5 -0.272 -0.242 -0.9125 -0.9796 -0.4327 -0.0982 -0.0017 0.012956 -0.100152 12.37 500 810 0.075000 -1.744100 -1.000000 -0.744100 0.000000 
0.171 2 -0.544224 0.642520 -10.922832 2.349854 -205.810547 24.322510 -0.62 -0.64 1.6 1.1 0.700 0.431 -0.5735 -0.5354 0.2462 -0.1191 -0.0019 0.012956 0.040290 12.38 500 820 0.075000 -0.628686 -1.000000 0.371314 0.000000 
0.201 2 -0.474697 -1.584722 -9.707319 -3.448486 -58.532715 7.598877 -0.55 -0.57 -0.8 -0.8 0.309 0.413 -0.3787 -0.3936 -0.0959 -0.1333 -0.0021 0.010364 0.096048 12.39 500 810 0.075000 -0.557008 -0.971801 0.414793 0.000000 
0.231 2 -1.376143 0.520249 -10.424160 -1.251221 -13.671875 4.608154 -0.48 -0.49 -0.8 -0.9 0.175 0.121 -0.3016 -0.3064 -0.0311 -0.1436 -0.0022 0.007773 0.107014 12.38 500 810 0.075000 -0.483955 -0.851816 0.367861 0.000000 
0.261 2 -0.570596 0.692866 -11.589326 1.495361 21.118164 8.666992 -0.52 -0.53 -1.6 -1.8 0.082 -0.071 -0.2522 -0.2402 0.0777 -0.1518 -0.0022 0.005182 0.102266 12.38 500 810 0.075000 -0.523213 -0.722154 0.198941 0.000000 
0.291 2 -0.752803 0.702456 -9.680947 -0.274658 16.815186 7.110596 -0.54 -0.55 -1.4 -1.7 -0.112 -0.133 -0.2675 -0.2478 0.1270 -0.1596 -0.0023 0.002591 0.089615 12.38 500 800 0.075000 -0.545970 -0.633424 0.087454 0.000000 
0.321 2 -0.738418 -0.198989 -9.748075 0.183105 2.929688 4.180908 -0.50 -0.51 -1.4 -1.5 -0.082 -0.105 -0.2241 -0.2181 0.0389 -0.1665 -0.0023 0.002591 0.083864 12.38 500 800 0.075000 -0.506178 -0.584593 0.078415 0.000000 
0.351 2 -0.918227 0.052744 -9.697729 -0.671387 2.746582 -3.814697 -0.51 -0.50 -1.4 -1.4 -0.105 -0.139 -0.2205 -0.2265 -0.0389 -0.1729 -0.0023 -0.002591 0.080757 12.38 500 790 0.075000 -0.505288 -0.553271 0.047983 0.000000 
0.381 2 -0.762393 0.057539 -9.709717 -1.495361 -1.281738 -8.026123 -0.48 -0.47 -1.6 -1.4 -0.080 -0.106 -0.1767 -0.1976 -0.1347 -0.1791 -0.0023 -0.005182 0.079777 12.38 490 810 0.075000 -0.479224 -0.531468 0.052244 0.000000 
0.411 2 -1.328193 -0.124668 -9.455585 0.396729 5.401611 -1.464844 -0.46 -0.46 -1.4 -1.2 0.009 -0.116 -0.1876 -0.2008 -0.0855 -0.1851 -0.0022 0.000000 0.076595 12.38 500 810 0.070173 -0.461159 -0.506527 0.045369 0.000000 
0.441 2 -0.836714 0.074321 -10.162837 0.885010 7.293701 -2.532959 -0.40 -0.39 -1.3 -1.2 0.067 -0.023 -0.1382 -0.1502 -0.0777 -0.1901 -0.0022 -0.002591 0.072332 12.38 500 800 0.062208 -0.396974 -0.472754 0.075781 0.000000 
0.471 2 -1.033306 0.074321 -9.659369 0.244141 10.437012 9.765625 -0.44 -0.44 -1.1 -1.6 0.065 -0.170 -0.1920 -0.1474 0.2876 -0.1952 -0.0022 0.000000 0.062365 12.39 500 770 0.058653 -0.442891 -0.443577 0.000686 0.000000 
0.501 2 -0.836714 -0.093501 -9.956655 0.610352 2.624512 4.608154 -0.37 -0.36 -1.2 -1.0 0.066 -0.052 -0.1181 -0.1293 -0.0726 -0.1994 -0.0022 -0.002591 0.058431 12.38 500 800 0.051746 -0.365780 -0.423476 0.057697 0.000000 
0.531 2 -0.807944 0.769585 -10.541636 1.220703 26.092529 -1.129150 -0.39 -0.37 -1.6 -1.3 -0.116 -0.102 -0.0960 -0.1217 -0.1658 -0.2022 -0.0022 -0.007773 0.052798 12.38 500 810 0.043514 -0.380409 -0.382163 0.001754 0.000000 
0.561 2 -1.095640 -1.169961 -9.103159 -1.403809 -2.136230 7.293701 -0.38 -0.38 -1.3 -1.5 0.015 -0.380 -0.1141 -0.0843 0.1917 -0.2064 -0.0022 0.000000 0.040802 12.37 500 800 0.042486 -0.384387 -0.375003 -0.009384 0.000000 
0.591 2 -0.771982 -0.290093 -9.609023 1.525879 0.976562 3.387451 -0.35 -0.34 -1.3 -1.1 -0.036 -0.052 -0.0851 -0.1080 -0.1477 -0.2092 -0.0022 -0.005182 0.040263 12.39 500 800 0.037700 -0.348501 -0.370716 0.022215 0.000000 
0.621 2 -0.795957 -0.028770 -9.702524 0.518799 4.394531 -1.098633 -0.33 -0.32 -1.2 -1.0 -0.114 0.055 -0.0799 -0.1016 -0.1399 -0.2118 -0.0021 -0.007773 0.037922 12.38 500 810 0.033607 -0.326385 -0.354197 0.027812 0.000000 
0.651 2 -0.889458 0.004795 -9.721704 0.976562 12.542725 -0.610352 -0.42 -0.39 -1.6 -1.4 -0.106 -0.153 -0.1229 -0.1337 -0.0700 -0.2150 -0.0021 -0.012956 0.031791 12.38 500 810 0.033619 -0.405819 -0.343747 -0.062072 0.000000 
0.681 2 -0.891855 -0.136655 -9.908706 0.030518 -6.927490 6.958008 -0.36 -0.34 -1.2 -1.1 -0.102 0.074 -0.1024 -0.1112 -0.0570 -0.2185 -0.0021 -0.010364 0.031718 12.38 500 790 0.033430 -0.350227 -0.357288 0.007061 0.000000 
0.711 2 -0.527441 -0.455518 -10.472109 0.061035 0.030518 -2.502441 -0.28 -0.25 -1.2 -0.8 0.030 0.055 -0.0325 -0.0594 -0.1736 -0.2201 -0.0021 -0.015547 0.035155 12.38 500 790 0.027163 -0.264510 -0.344322 0.079811 0.000000 
0.741 2 -0.551416 0.050347 -9.000068 1.647949 14.343262 7.049561 -0.42 -0.39 -1.5 -1.5 -0.216 -0.235 -0.1253 -0.1137 0.0751 -0.2229 -0.0020 -0.015547 0.026318 12.38 500 800 0.028780 -0.401326 -0.326643 -0.074683 0.000000 
0.771 2 -0.565801 0.023975 -10.282710 -1.770020 -11.230469 2.838135 -0.22 -0.18 -0.7 -0.5 0.014 0.026 -0.0269 -0.0378 -0.0700 -0.2243 -0.0020 -0.018138 0.031332 12.38 500 800 0.023068 -0.197082 -0.318922 0.121840 0.000000 
0.801 2 -0.894253 -0.167822 -9.692934 0.457764 11.016846 -0.640869 -0.27 -0.24 -1.1 -1.2 0.042 -0.081 -0.0550 -0.0341 0.1347 -0.2257 -0.0020 -0.015547 0.026759 12.39 500 800 0.020488 -0.259327 -0.283584 0.024257 0.000000 
0.831 2 -0.750405 0.153437 -9.745678 0.122070 15.838623 -0.823975 -0.36 -0.32 -1.3 -1.5 0.011 -0.231 -0.0936 -0.0566 0.2384 -0.2275 -0.0019 -0.018138 0.018264 12.38 500 810 0.019562 -0.337470 -0.269202 -0.068268 0.000000 
0.861 2 -0.640122 -0.304478 -10.074131 0.274658 -5.310059 4.028320 -0.24 -0.21 -1.0 -0.9 0.015 0.003 -0.0193 -0.0169 0.0155 -0.2281 -0.0019 -0.015547 0.019066 12.38 500 800 0.016207 -0.225217 -0.272340 0.047123 0.000000 
0.891 2 -0.815137 0.165425 -9.942270 -0.396729 12.481689 -7.904053 -0.30 -0.26 -1.6 -1.0 -0.174 0.019 -0.0092 -0.0514 -0.2721 -0.2289 -0.0019 -0.020729 0.014688 12.39 500 800 0.012722 -0.280869 -0.256961 -0.023908 0.000000 
0.921 2 -0.966177 -0.774380 -9.410034 1.037598 -6.195068 3.326416 -0.28 -0.26 -0.9 -1.1 0.022 -0.086 -0.0627 -0.0285 0.2202 -0.2303 -0.0019 -0.012956 0.011390 12.39 500 800 0.014016 -0.269214 -0.264577 -0.004637 0.000000 
0.951 2 -0.697661 -0.122271 -9.889526 0.610352 0.396729 2.441406 -0.25 -0.22 -1.2 -1.0 -0.004 0.001 -0.0112 -0.0145 -0.0207 -0.2305 -0.0019 -0.015547 0.013458 12.38 500 790 0.010549 -0.234098 -0.261795 0.027697 0.000000 
0.981 2 -0.623340 -0.115078 -9.915898 0.213623 9.399414 0.366211 -0.28 -0.24 -1.4 -1.2 -0.182 -0.158 -0.0064 -0.0137 -0.0466 -0.2311 -0.0019 -0.018138 0.010599 12.38 500 810 0.008258 -0.258780 -0.249374 -0.009406 0.000000 
1.011 2 -1.155576 -0.033564 -9.477162 -0.671387 -7.354736 1.983643 -0.27 -0.23 -1.3 -0.8 -0.174 -0.010 -0.0193 -0.0518 -0.2099 -0.2321 -0.0019 -0.020729 0.007976 12.38 500 800 0.010390 -0.253074 -0.254611 0.001537 0.000000 
1.041 2 -0.599365 -0.234951 -9.949463 0.061035 -2.655029 0.915527 -0.24 -0.21 -1.1 -0.9 0.017 0.002 -0.0145 -0.0104 0.0259 -0.2323 -0.0019 -0.018138 0.010318 12.38 500 790 0.008186 -0.223234 -0.253825 0.030591 0.000000 
1.071 2 -0.764790 -0.064731 -9.918296 -0.122070 3.448486 -0.091553 -0.24 -0.20 -1.2 -1.0 0.036 -0.005 -0.0068 -0.0056 0.0078 -0.2323 -0.0019 -0.018138 0.009407 12.38 490 790 0.006069 -0.219751 -0.241090 0.021338 0.000000 
1.101 2 -0.736021 -0.038359 -9.683345 -0.061035 -1.617432 1.098633 -0.19 -0.15 -0.8 -0.6 0.006 -0.014 -0.0044 -0.0040 0.0026 -0.2323 -0.0019 -0.018138 0.009115 12.38 500 800 0.004428 -0.171865 -0.224380 0.052515 0.000000 
1.131 2 -0.779175 -0.088706 -9.913501 -0.122070 -3.112793 -0.640869 -0.13 -0.10 -0.5 -0.3 0.000 -0.032 -0.0032 -0.0028 0.0026 -0.2323 -0.0019 -0.018138 0.010437 12.39 500 790 0.003225 -0.116133 -0.199124 0.082991 0.000000 
1.161 2 -0.779175 -0.112681 -9.779243 -0.274658 -7.385254 0.793457 -0.05 -0.01 -0.0 0.2 0.017 0.018 0.0024 -0.0024 -0.0311 -0.2321 -0.0019 -0.020729 0.013035 12.38 500 790 0.002274 -0.028122 -0.161513 0.133391 0.000000 
1.191 2 -0.762393 -0.057539 -9.808012 -0.274658 -9.704590 -0.732422 0.07 0.11 0.6 0.9 0.040 -0.003 0.0024 -0.0020 -0.0285 -0.2321 -0.0019 -0.020729 0.017177 12.38 500 790 0.001461 0.085941 -0.105100 0.191040 0.000000 
1.221 2 -0.939805 0.563403 -9.772051 -0.061035 -1.892090 -10.925293 0.19 0.22 1.2 1.1 0.240 0.184 0.0068 0.0357 0.1866 -0.2315 -0.0019 -0.018138 0.021421 12.38 500 800 -0.000643 0.203339 -0.023903 0.227241 0.000000 
1.251 2 -0.340439 -0.076719 -10.146054 0.030518 2.014160 -16.357422 0.30 0.34 1.2 1.8 0.382 0.344 0.0831 0.0466 -0.2358 -0.2301 -0.0019 -0.015547 0.019664 12.38 500 810 -0.005471 0.319913 0.075590 0.244323 0.000000 
1.281 2 0.225361 -0.028770 -11.030718 0.732422 26.702881 -0.671387 0.31 0.34 1.1 1.1 0.293 0.265 0.0932 0.1012 0.0518 -0.2279 -0.0019 -0.012956 0.011340 12.38 500 800 -0.012478 0.325305 0.180341 0.144964 0.000000 
1.311 2 -0.172617 0.091104 -11.414311 -0.640869 29.266357 -0.427246 0.33 0.34 1.1 0.9 0.290 0.094 0.0968 0.1329 0.2332 -0.2251 -0.0020 -0.007773 -0.001032 12.39 500 810 -0.018435 0.333988 0.262113 0.071875 0.000000 
1.341 2 -0.618545 0.292490 -9.573061 1.922607 20.141602 -5.340576 0.24 0.25 1.1 0.8 0.212 -0.048 0.0305 0.0731 0.2747 -0.2233 -0.0020 -0.005182 -0.016047 12.38 500 790 -0.017734 0.246738 0.300180 -0.053443 0.000000 
1.371 2 -0.640122 0.052744 -9.613818 0.183105 -5.004883 -2.410889 0.33 0.33 1.3 1.2 0.196 0.180 0.0964 0.1040 0.0492 -0.2211 -0.0020 -0.002591 -0.018608 12.38 500 800 -0.020018 0.330725 0.299151 0.031574 0.000000 
1.401 2 -0.282900 -1.268257 -10.707060 0.549316 22.888184 -5.035400 0.18 0.18 0.6 0.4 0.005 -0.023 0.0213 0.0430 0.1399 -0.2193 -0.0020 -0.000000 -0.024401 12.37 500 760 -0.019469 0.175804 0.305021 -0.129217 0.000000 
1.431 2 -0.647314 -0.242144 -9.374072 -0.122070 -16.876221 -0.885010 0.25 0.25 0.9 1.0 0.055 0.065 0.0679 0.0659 -0.0130 -0.2181 -0.0020 -0.000000 -0.024044 12.38 500 760 -0.016635 0.249835 0.265013 -0.015179 0.000000 
1.461 2 -1.023716 -0.985356 -9.678550 0.518799 6.164551 -2.014160 0.18 0.18 0.8 0.7 0.032 0.008 0.0209 0.0233 0.0155 -0.2169 -0.0020 -0.000000 -0.020818 12.38 500 770 -0.016013 0.183275 0.252841 -0.069566 0.000000 
1.491 2 -0.786367 0.875073 -9.625805 0.488281 -16.510010 0.488281 0.20 0.20 1.1 1.1 0.134 0.051 0.0080 0.0141 0.0389 -0.2167 -0.0020 0.002591 -0.019537 12.38 500 800 -0.011833 0.201579 0.220980 -0.019401 0.000000 
1.521 2 0.105488 1.344976 -11.013935 -2.593994 5.950928 6.164551 0.23 0.23 0.8 0.8 0.058 0.280 0.0546 0.0434 -0.0726 -0.2150 -0.0020 0.002591 -0.009870 12.38 510 790 -0.013503 0.229340 0.213775 0.015565 0.000000 
1.551 2 -0.896650 -0.268516 -8.784297 -1.708984 -8.575439 4.486084 0.25 0.25 1.0 1.4 0.021 0.190 0.0550 0.0133 -0.2695 -0.2144 -0.0020 -0.000000 -0.010642 12.38 500 760 -0.011259 0.253884 0.217774 0.036110 0.000000 
1.581 2 -0.791162 -0.616147 -8.928144 -2.960205 2.380371 0.885010 0.22 0.22 1.0 1.1 0.089 0.057 0.0197 0.0173 -0.0155 -0.2136 -0.0020 -0.000000 -0.011439 12.39 500 770 -0.011420 0.219250 0.227741 -0.008491 0.000000 
1.611 2 -0.616147 -0.177412 -10.436147 -0.610352 -3.601074 -5.065918 0.30 0.30 0.9 1.4 -0.008 0.320 0.1088 0.0522 -0.3653 -0.2120 -0.0020 -0.000000 -0.008073 12.38 500 770 -0.013774 0.303507 0.233926 0.069581 0.000000 
1.641 2 -0.875073 -0.326055 -9.148710 0.213623 -2.075195 0.061035 0.27 0.27 1.4 1.2 0.280 0.192 0.0285 0.0402 0.0751 -0.2108 -0.0020 -0.000000 -0.010744 12.37 500 760 -0.012480 0.273692 0.249088 0.024604 0.000000 
1.671 2 -0.966177 0.318862 -9.177480 -1.647949 4.089355 -2.380371 0.22 0.22 1.0 1.0 0.097 -0.021 0.0165 0.0213 0.0311 -0.2100 -0.0020 -0.000000 -0.014130 12.38 500 760 -0.012090 0.220108 0.254790 -0.034682 0.000000 
1.701 2 0.992549 -1.321001 -12.378091 -3.082275 7.934570 13.061523 0.27 0.26 1.1 0.7 0.310 0.202 0.0482 0.0771 0.1866 -0.2082 -0.0020 0.002591 -0.010251 12.38 500 800 -0.014024 0.263500 0.253461 0.010039 0.000000 
1.731 2 -1.117217 0.088706 -9.191865 2.990723 1.617432 4.730225 0.20 0.20 0.9 0.9 0.008 -0.006 0.0157 0.0129 -0.0181 -0.2080 -0.0020 -0.000000 -0.015632 12.38 500 760 -0.011194 0.199809 0.249831 -0.050023 0.000000 
1.761 2 -0.412363 1.304219 -9.407637 -1.983643 -2.136230 -5.310059 0.26 0.26 0.7 1.3 0.009 0.246 0.0863 0.0341 -0.3368 -0.2066 -0.0020 -0.002591 -0.011310 12.38 500 800 -0.012775 0.261964 0.239857 0.022107 0.000000 
1.791 2 -0.783970 -0.901445 -9.160698 -1.373291 -8.239746 3.295898 0.25 0.26 1.4 1.3 0.245 0.181 0.0165 0.0261 0.0622 -0.2058 -0.0020 -0.002591 -0.011686 12.38 500 800 -0.010611 0.257144 0.239133 0.018011 0.000000 
1.821 2 -0.532236 0.321260 -9.261392 1.403809 9.429932 2.929688 0.17 0.19 0.7 0.7 0.040 0.010 0.0197 0.0197 0.0000 -0.2048 -0.0020 -0.005182 -0.014068 12.38 500 800 -0.011347 0.180081 0.240206 -0.060126 0.000000 
1.851 2 -0.366812 0.083911 -9.894321 -0.305176 -16.143799 9.216309 0.27 0.28 1.1 1.3 0.310 0.184 0.0546 0.0422 -0.0803 -0.2040 -0.0020 -0.005182 -0.010736 12.38 500 800 -0.009996 0.274231 0.225281 0.048951 0.000000 
1.881 2 -0.707251 0.409966 -10.668701 -4.241943 -1.739502 -2.502441 0.25 0.27 1.3 1.4 0.127 0.183 0.0341 0.0197 -0.0933 -0.2026 -0.0020 -0.007773 -0.010280 12.39 500 800 -0.011846 0.259144 0.237407 0.021737 0.000000 
1.911 2 -0.925420 -1.078857 -9.640190 -0.579834 3.326416 0.030518 0.25 0.26 1.0 0.8 0.059 -0.029 0.0462 0.0695 0.1503 -0.2012 -0.0020 -0.005182 -0.011094 12.39 500 800 -0.013167 0.253802 0.244685 0.009117 0.000000 
1.941 2 0.110283 -0.035962 -11.337592 -1.861572 0.427246 1.342773 0.30 0.31 1.0 1.0 0.240 0.224 0.0868 0.0920 0.0337 -0.2000 -0.0020 -0.005182 -0.009565 12.38 500 780 -0.014558 0.300294 0.251855 0.048438 0.000000 
1.971 2 -0.927817 0.381196 -9.019248 2.777100 1.464844 2.899170 0.21 0.22 1.0 1.0 0.032 0.051 0.0165 0.0165 0.0000 -0.1996 -0.0020 -0.005182 -0.015220 12.38 500 800 -0.011618 0.210686 0.251825 -0.041139 0.000000 
2.001 2 0.136655 1.071665 -10.385800 -2.746582 18.035889 4.638672 0.25 0.27 0.6 0.7 0.094 0.114 0.0896 0.0835 -0.0389 -0.1974 -0.0020 -0.007773 -0.009951 12.38 500 790 -0.016407 0.260311 0.258704 0.001607 0.000000 
2.031 2 -1.522388 -0.853496 -7.058125 0.640869 -2.838135 -2.685547 0.19 0.20 0.9 1.0 -0.001 -0.012 0.0125 0.0141 0.0104 -0.1970 -0.0020 -0.007773 -0.018691 12.39 500 790 -0.011812 0.193226 0.252107 -0.058880 0.000000 
2.061 2 -0.640122 0.302080 -9.983027 1.647949 -6.835938 -3.326416 0.30 0.33 1.1 1.5 0.176 0.334 0.0908 0.0623 -0.1840 -0.1948 -0.0020 -0.010364 -0.011301 12.39 500 810 -0.015853 0.314756 0.245376 0.069380 0.000000 
2.091 2 -0.457915 0.714443 -10.052553 0.793457 9.185791 -1.220703 0.15 0.16 0.6 0.6 0.044 0.010 0.0129 0.0145 0.0104 -0.1946 -0.0020 -0.007773 -0.018129 12.38 500 800 -0.012529 0.156328 0.244391 -0.088063 0.000000 
2.121 2 -0.254131 -0.676084 -9.987822 -1.617432 -20.416260 2.319336 0.35 0.37 1.4 1.5 0.318 0.188 0.1032 0.1096 0.0415 -0.1926 -0.0021 -0.007773 -0.010464 12.39 500 790 -0.015845 0.357321 0.232241 0.125079 0.000000 
2.151 2 -0.134258 0.908638 -11.234502 1.892090 7.781982 3.753662 0.17 0.18 0.7 0.7 0.014 -0.010 0.0125 0.0141 0.0104 -0.1924 -0.0021 -0.005182 -0.015829 12.38 500 780 -0.012095 0.173555 0.238056 -0.064501 0.000000 
2.181 2 -1.301821 -1.145986 -10.498481 -6.958008 -15.930176 0.000000 0.35 0.37 1.2 1.6 0.285 0.194 0.1197 0.0960 -0.1529 -0.1903 -0.0021 -0.010364 -0.008776 12.38 490 800 -0.015827 0.360491 0.234379 0.126112 0.000000 
2.211 2 -0.654507 0.616147 -10.309082 1.983643 14.007568 2.563477 0.16 0.18 0.6 0.7 0.009 -0.002 0.0209 0.0181 -0.0181 -0.1895 -0.0021 -0.010364 -0.016841 12.39 500 800 -0.013706 0.169029 0.249280 -0.080252 0.000000 
2.241 2 -0.791162 0.287695 -9.175083 -2.716064 -20.141602 8.392334 0.31 0.33 1.3 1.2 0.206 0.152 0.0880 0.1096 0.1399 -0.1879 -0.0021 -0.010364 -0.012928 12.38 500 810 -0.014715 0.320354 0.232181 0.088173 0.000000 
2.271 2 -0.119873 -1.402515 -11.519799 -0.427246 21.697998 -3.540039 0.13 0.16 0.3 0.4 -0.020 -0.013 0.0209 0.0213 0.0026 -0.1869 -0.0021 -0.012956 -0.016596 12.38 500 790 -0.014171 0.145166 0.245161 -0.099995 0.000000 
2.301 2 -0.661699 -0.419556 -10.134068 0.701904 -14.099121 1.525879 0.20 0.23 0.8 1.0 0.084 -0.004 0.0462 0.0394 -0.0440 -0.1861 -0.0021 -0.012956 -0.017020 12.38 500 790 -0.011727 0.214429 0.218142 -0.003713 0.000000 
2.331 2 -0.707251 0.047949 -8.690796 6.774902 15.686035 -4.272461 0.17 0.19 0.5 0.4 0.014 -0.010 0.0305 0.0458 0.0985 -0.1847 -0.0021 -0.010364 -0.012127 12.38 500 790 -0.013291 0.176458 0.219576 -0.043118 0.000000 
2.361 2 -0.632930 0.493877 -9.292559 -2.044678 -8.819580 3.906250 0.20 0.22 1.1 1.2 0.148 0.172 0.0092 0.0104 0.0078 -0.1847 -0.0021 -0.010364 -0.012876 12.38 500 800 -0.009863 0.212793 0.212135 0.000658 0.000000 
2.391 2 0.299683 0.666494 -10.083720 6.011963 21.820068 0.823975 0.18 0.21 0.3 0.6 -0.008 0.146 0.0542 0.0365 -0.1140 -0.1829 -0.0022 -0.012956 -0.008542 12.38 500 800 -0.013288 0.193293 0.221997 -0.028704 0.000000 
2.421 2 -0.661699 0.268516 -9.211044 -2.471924 -4.760742 6.225586 0.20 0.23 1.1 1.2 0.114 0.168 0.0104 0.0096 -0.0052 -0.1829 -0.0022 -0.012956 -0.012241 12.38 500 800 -0.009814 0.214887 0.222540 -0.007653 0.000000 
2.451 2 -0.242144 1.035703 -11.045102 2.319336 8.087158 -4.150391 0.26 0.29 0.9 1.3 0.055 0.373 0.0667 0.0394 -0.1762 -0.1809 -0.0022 -0.012956 -0.006145 12.38 500 800 -0.013279 0.276510 0.233406 0.043104 0.000000 
2.481 2 -1.083652 0.374004 -8.304805 -0.579834 1.464844 -1.098633 0.19 0.22 0.9 1.0 0.035 0.063 0.0108 0.0129 0.0130 -0.1809 -0.0022 -0.012956 -0.012997 12.38 500 800 -0.010223 0.206136 0.238996 -0.032860 0.000000 
2.511 2 -0.743213 0.721636 -10.635137 -2.380371 -0.122070 2.624512 0.30 0.32 1.0 1.4 0.261 0.357 0.0892 0.0643 -0.1606 -0.1789 -0.0022 -0.012956 -0.007642 12.38 500 790 -0.014210 0.309326 0.243225 0.066101 0.000000 
2.541 2 -0.222964 0.350029 -9.510727 2.197266 7.141113 0.122070 0.17 0.20 0.7 0.8 0.010 0.004 0.0116 0.0149 0.0207 -0.1787 -0.0022 -0.010364 -0.014717 12.38 500 800 -0.010974 0.184703 0.247059 -0.062356 0.000000 
2.571 2 0.038359 -1.668633 -10.997153 0.000000 -3.753662 -8.117676 0.30 0.32 0.9 1.2 0.159 0.216 0.1092 0.0948 -0.0933 -0.1771 -0.0022 -0.010364 -0.008785 12.38 500 780 -0.014548 0.312572 0.241842 0.070730 0.000000 
2.601 2 -0.489082 -0.340439 -9.330917 3.692627 8.453369 -0.579834 0.15 0.16 0.6 0.6 0.013 -0.009 0.0116 0.0153 0.0233 -0.1769 -0.0022 -0.007773 -0.016569 12.38 500 800 -0.010870 0.153094 0.239589 -0.086496 0.000000 
2.631 2 -0.606558 0.292490 -9.364482 -2.197266 -13.092041 1.739502 0.27 0.29 1.1 1.1 0.202 0.101 0.0623 0.0823 0.1296 -0.1755 -0.0022 -0.010364 -0.010908 12.38 500 790 -0.011911 0.277156 0.221429 0.055727 0.000000 
2.661 2 -0.541826 0.992549 -10.189209 1.281738 -0.244141 1.190186 0.19 0.20 0.9 0.8 0.032 -0.037 0.0129 0.0398 0.1736 -0.1753 -0.0022 -0.007773 -0.013096 12.38 500 790 -0.010730 0.197176 0.219977 -0.022801 0.000000 
2.691 2 -0.606558 0.553813 -9.503535 -1.647949 -2.410889 -6.500244 0.20 0.22 0.7 1.0 -0.027 0.126 0.0458 0.0285 -0.1114 -0.1745 -0.0022 -0.007773 -0.010180 12.38 500 800 -0.009527 0.212262 0.210378 0.001884 0.000000 
2.721 2 -0.625737 -0.652109 -8.959311 -1.007080 1.190186 -10.864258 0.19 0.22 0.9 1.0 0.021 0.034 0.0225 0.0157 -0.0440 -0.1739 -0.0023 -0.010364 -0.009152 12.38 500 800 -0.008938 0.205296 0.211596 -0.006300 0.000000 
2.751 2 -1.330591 -0.637725 -9.292559 1.312256 8.880615 0.610352 0.16 0.18 0.6 0.5 0.026 0.005 0.0088 0.0369 0.1814 -0.1733 -0.0023 -0.007773 -0.008759 12.38 500 800 -0.007906 0.171213 0.210741 -0.039529 0.000000 
2.781 2 -0.388389 -0.278105 -10.400186 -0.732422 -11.474609 4.455566 0.24 0.25 1.3 1.4 0.291 0.257 0.0133 0.0108 -0.0155 -0.1729 -0.0023 -0.007773 -0.006315 12.38 500 790 -0.006343 0.245798 0.205467 0.040332 0.000000 
2.811 2 -0.815137 0.198989 -10.004604 0.427246 0.854492 6.500244 0.15 0.17 0.7 0.8 0.014 0.004 0.0149 0.0108 -0.0259 -0.1727 -0.0023 -0.010364 -0.009760 12.37 500 800 -0.006365 0.164414 0.201342 -0.036927 0.000000 
2.841 2 -0.309272 -0.134258 -9.896718 -2.441406 -7.904053 0.976562 0.19 0.21 1.0 1.1 0.230 0.206 0.0068 0.0072 0.0026 -0.1725 -0.0023 -0.007773 -0.006355 12.38 500 790 -0.004950 0.202596 0.189056 0.013541 0.000000 
2.871 2 -0.606558 -0.105488 -9.481957 1.892090 -3.906250 -8.789062 0.22 0.24 1.0 1.2 0.139 0.200 0.0305 0.0297 -0.0052 -0.1719 -0.0023 -0.010364 -0.004374 12.38 500 800 -0.006622 0.226385 0.190275 0.036110 0.000000 
2.901 2 -0.769585 0.342837 -9.371675 -0.122070 -4.821777 -5.187988 0.22 0.24 1.2 1.2 0.195 0.193 0.0092 0.0161 0.0440 -0.1717 -0.0023 -0.007773 -0.004511 12.38 500 800 -0.005801 0.228320 0.198588 0.029732 0.000000 
2.931 2 -0.822329 -0.707251 -9.613818 -1.770020 10.650635 -2.258301 0.15 0.16 0.5 0.6 0.043 0.002 0.0080 0.0209 0.0829 -0.1711 -0.0023 -0.005182 -0.007143 12.38 500 800 -0.005761 0.152616 0.203616 -0.051000 0.000000 
2.961 2 -0.709648 -0.374004 -9.985424 1.342773 -12.237549 2.380371 0.22 0.23 1.2 1.3 0.238 0.214 0.0072 0.0084 0.0078 -0.1707 -0.0023 -0.005182 -0.005801 12.38 500 810 -0.004651 0.225642 0.194431 0.031211 0.000000 
2.991 2 -0.721636 0.882266 -10.687881 -0.732422 8.697510 3.234863 0.14 0.15 0.5 0.9 0.021 0.100 0.0161 -0.0197 -0.2306 -0.1705 -0.0023 -0.007773 -0.007792 12.38 500 800 -0.005513 0.143865 0.197013 -0.053148 0.000000 
3.021 2 -0.793560 -0.714443 -9.376470 -1.953125 -7.385254 3.143311 0.20 0.22 1.1 1.1 0.180 0.150 0.0080 0.0177 0.0622 -0.1701 -0.0023 -0.007773 -0.005947 12.38 500 790 -0.005294 0.208050 0.188805 0.019245 0.000000 
3.051 2 -0.592173 -0.496274 -9.261392 0.488281 4.058838 -5.004883 0.16 0.18 0.3 0.8 0.070 -0.017 0.0558 0.0120 -0.2824 -0.1695 -0.0023 -0.010364 -0.006694 12.39 500 800 -0.006063 0.169487 0.189968 -0.020481 0.000000 
3.081 2 -0.151040 0.333247 -10.601572 -0.366211 6.103516 -2.288818 0.18 0.19 0.8 0.5 0.168 -0.025 0.0120 0.0458 0.2177 -0.1691 -0.0023 -0.005182 -0.004557 12.39 500 790 -0.006275 0.187299 0.191425 -0.004125 0.000000 
3.111 2 -0.704853 -0.455518 -8.896977 -1.800537 -4.516602 -2.655029 0.20 0.21 1.1 1.0 0.200 0.075 0.0060 0.0261 0.1296 -0.1691 -0.0023 -0.005182 -0.006830 12.38 500 800 -0.006378 0.201969 0.190725 0.011244 0.000000 
3.141 2 -0.565801 -1.160371 -9.455585 3.753662 11.932373 -5.004883 0.13 0.13 0.4 0.3 0.015 -0.002 0.0056 0.0273 0.1399 -0.1685 -0.0023 -0.002591 -0.008181 12.38 500 800 -0.006092 0.127937 0.190483 -0.062546 0.000000 
3.171 2 -0.666494 0.793560 -10.153247 1.586914 -9.155273 1.739502 0.18 0.18 1.0 1.0 0.086 0.078 0.0056 0.0088 0.0207 -0.1685 -0.0023 -0.002591 -0.007560 12.38 500 800 -0.004796 0.180840 0.176523 0.004317 0.000000 
3.201 2 -0.630532 -0.731226 -10.131670 -0.244141 0.488281 -5.889893 0.15 0.15 0.7 -0.0 0.017 0.076 0.0044 0.0735 0.4457 -0.1683 -0.0023 -0.000000 -0.005758 12.38 500 800 -0.004290 0.151737 0.168120 -0.016384 0.000000 
3.231 2 -0.592173 0.021577 -10.042964 -0.030518 -5.187988 2.227783 0.18 0.19 1.0 1.0 0.174 0.134 0.0032 0.0129 0.0622 -0.1681 -0.0023 -0.002591 -0.003673 12.38 500 800 -0.003954 0.186091 0.165175 0.020916 0.000000 
3.261 2 -0.659302 -0.330850 -9.659369 0.122070 -6.072998 0.732422 0.19 0.19 1.0 1.0 0.105 0.093 0.0032 0.0064 0.0207 -0.1681 -0.0023 -0.002591 -0.002793 12.38 500 790 -0.003122 0.190026 0.165537 0.024489 0.000000 
3.291 2 -0.620942 0.110283 -9.685741 -0.335693 -4.425049 1.708984 0.19 0.20 1.0 1.0 0.137 0.143 0.0032 0.0044 0.0078 -0.1681 -0.0023 -0.002591 -0.001342 12.37 500 790 -0.002445 0.195522 0.169047 0.026475 0.000000 
3.321 2 -0.752803 -0.218169 -9.671357 -0.549316 -4.150391 1.739502 0.20 0.21 1.0 1.1 0.163 0.149 0.0040 0.0032 -0.0052 -0.1679 -0.0023 -0.005182 -0.000616 12.39 500 800 -0.001949 0.202365 0.174545 0.027820 0.000000 
3.351 2 -0.692866 -0.062334 -9.592241 -0.213623 -4.547119 3.265381 0.21 0.22 1.1 1.2 0.221 0.215 0.0040 0.0024 -0.0104 -0.1679 -0.0023 -0.005182 -0.000119 12.39 500 800 -0.001613 0.211576 0.180757 0.030819 0.000000 
3.381 2 -0.800752 -0.165425 -9.565868 -0.152588 -4.089355 3.997803 0.21 0.22 1.1 1.2 0.193 0.187 0.0112 0.0020 -0.0596 -0.1675 -0.0023 -0.005182 -0.000007 12.39 500 800 -0.001777 0.219746 0.187771 0.031976 0.000000 
3.411 2 -0.553813 -0.047949 -9.779243 -0.274658 -0.762939 10.314941 0.20 0.22 1.0 1.1 0.158 0.192 0.0129 0.0020 -0.0700 -0.1673 -0.0023 -0.007773 -0.000691 12.38 500 800 -0.001941 0.210077 0.194916 0.015161 0.000000 
3.441 2 -0.963779 -0.258926 -9.594639 0.030518 -0.305176 1.464844 0.22 0.25 0.9 1.3 0.024 0.254 0.0418 0.0020 -0.2565 -0.1667 -0.0023 -0.015547 -0.000569 12.38 500 800 -0.003464 0.234318 0.204307 0.030011 0.000000 
3.471 2 -0.139053 -0.004795 -10.534443 0.366211 9.216309 1.190186 0.19 0.22 0.8 1.0 0.166 0.200 0.0120 0.0052 -0.0440 -0.1663 -0.0023 -0.015547 -0.000803 12.38 500 790 -0.003171 0.207960 0.216453 -0.008493 0.000000 
3.501 2 -0.752803 -0.191797 -10.376210 -0.305176 4.516602 -1.647949 0.22 0.24 1.0 1.1 0.222 0.235 0.0137 0.0201 0.0415 -0.1657 -0.0023 -0.012956 -0.001625 12.39 500 800 -0.003877 0.231306 0.224548 0.006758 0.000000 
3.531 2 -0.513057 -0.083911 -9.357289 0.823975 2.105713 3.631592 0.19 0.21 0.9 1.0 0.056 0.171 0.0141 0.0137 -0.0026 -0.1652 -0.0023 -0.012956 -0.007120 12.38 500 800 -0.005209 0.199117 0.225581 -0.026464 0.000000 
3.561 2 -0.860688 0.143848 -8.947324 7.080078 5.706787 -13.183594 0.20 0.23 0.2 1.1 -0.036 0.075 0.0940 0.0261 -0.4379 -0.1642 -0.0023 -0.015547 -0.006690 12.38 500 800 -0.007892 0.214482 0.222376 -0.007894 0.000000 
3.591 2 -0.251733 0.594570 -9.841577 -1.464844 -0.732422 5.798340 0.16 0.19 0.8 0.9 0.014 0.040 0.0120 0.0153 0.0207 -0.1640 -0.0023 -0.012956 -0.010378 12.38 500 800 -0.006561 0.177800 0.213411 -0.035611 0.000000 
3.621 2 -0.767187 -0.774380 -10.086118 -1.617432 -4.974365 -2.258301 0.17 0.20 0.9 1.0 0.000 0.021 0.0060 0.0080 0.0130 -0.1640 -0.0023 -0.012956 -0.008133 12.38 500 790 -0.005153 0.186085 0.198515 -0.012430 0.000000 
3.651 2 -0.498672 -0.218169 -9.968642 0.152588 -4.943848 -1.831055 0.18 0.20 0.9 1.0 0.086 0.170 0.0040 0.0056 0.0104 -0.1638 -0.0023 -0.010364 -0.005218 12.38 500 800 -0.003891 0.193405 0.189417 0.003987 0.000000 
3.681 2 -0.659302 -0.059937 -9.457983 0.213623 -4.669189 1.007080 0.19 0.22 1.0 1.1 0.127 0.194 0.0036 0.0056 0.0130 -0.1636 -0.0023 -0.012956 -0.002684 12.38 500 790 -0.003018 0.206900 0.187266 0.019635 0.000000 
3.711 2 -0.642520 0.004795 -9.702524 0.061035 -5.493164 -1.007080 0.23 0.26 1.2 1.4 0.238 0.312 0.0137 0.0056 -0.0518 -0.1634 -0.0023 -0.015547 -0.000315 12.38 500 800 -0.003250 0.243265 0.194738 0.048527 0.000000 
3.741 2 -0.441133 -0.052744 -10.297094 -0.030518 3.234863 2.502441 0.21 0.24 0.9 1.2 0.203 0.290 0.0080 0.0040 -0.0259 -0.1632 -0.0023 -0.018138 0.000013 12.37 500 800 -0.002769 0.224143 0.207611 0.016532 0.000000 
3.771 2 -0.673687 0.189399 -10.237158 0.427246 2.410889 -2.319336 0.21 0.25 0.7 1.2 0.150 0.254 0.0402 0.0036 -0.2358 -0.1626 -0.0024 -0.020729 -0.000872 12.38 500 810 -0.003016 0.228668 0.215647 0.013022 0.000000 
3.801 2 -0.350029 -0.270913 -10.174824 -0.396729 2.319336 -1.678467 0.22 0.25 1.0 1.1 0.240 0.251 0.0145 0.0197 0.0337 -0.1620 -0.0024 -0.018138 -0.002104 12.38 500 800 -0.004017 0.234186 0.223152 0.011034 0.000000 
3.831 2 -1.098037 -0.436338 -9.395649 0.488281 1.129150 6.744385 0.18 0.22 0.9 1.1 0.017 0.033 0.0173 0.0161 -0.0078 -0.1616 -0.0024 -0.018138 -0.007494 12.38 500 800 -0.005345 0.198136 0.223570 -0.025434 0.000000 
3.861 2 -0.407568 1.009331 -9.443599 1.373291 5.737305 -8.270264 0.19 0.23 0.2 0.9 0.002 0.018 0.0884 0.0353 -0.3420 -0.1608 -0.0024 -0.018138 -0.006508 12.38 500 790 -0.007536 0.208188 0.217930 -0.009742 0.000000 
3.891 2 -0.767187 -0.340439 -8.611679 -2.746582 -0.762939 -1.617432 0.18 0.22 0.9 1.0 0.038 0.040 0.0137 0.0153 0.0104 -0.1604 -0.0024 -0.018138 -0.008930 12.38 500 790 -0.006760 0.196868 0.215905 -0.019037 0.000000 
3.921 2 -0.455518 -0.683276 -10.054951 0.335693 -6.347656 -2.624512 0.21 0.24 1.1 1.2 0.219 0.259 0.0068 0.0157 0.0570 -0.1600 -0.0024 -0.018138 -0.006421 12.39 500 800 -0.005762 0.224098 0.208532 0.015566 0.000000 
3.951 2 -0.505864 0.194194 -10.134068 1.129150 0.183105 3.326416 0.19 0.22 0.9 1.1 0.009 0.146 0.0169 0.0076 -0.0596 -0.1596 -0.0024 -0.018138 -0.006053 12.39 500 800 -0.005717 0.205345 0.209346 -0.004000 0.000000 
3.981 2 -0.572993 -0.196592 -9.956655 0.366211 -6.988525 -3.723145 0.23 0.27 0.8 1.5 0.043 0.325 0.0506 0.0076 -0.2773 -0.1592 -0.0024 -0.023320 -0.003755 12.38 500 800 -0.005502 0.251233 0.209375 0.041857 0.000000 
4.011 2 -0.198989 -0.143848 -10.165234 -0.579834 0.396729 -0.488281 0.19 0.24 0.9 1.1 0.191 0.239 0.0116 0.0076 -0.0259 -0.1590 -0.0024 -0.020729 -0.004564 12.39 500 800 -0.004843 0.214549 0.213143 0.001406 0.000000 
4.041 2 -0.604160 -0.618545 -9.889526 0.244141 6.561279 -4.669189 0.18 0.22 0.6 0.8 0.019 -0.004 0.0305 0.0321 0.0104 -0.1582 -0.0024 -0.020729 -0.004766 12.38 500 800 -0.005612 0.199931 0.214373 -0.014441 0.000000 
4.071 2 -0.139053 0.477095 -10.510468 -0.030518 12.451172 -3.906250 0.17 0.21 0.7 0.5 0.092 -0.025 0.0116 0.0482 0.2358 -0.1576 -0.0025 -0.018138 -0.004811 12.38 500 790 -0.006325 0.190833 0.219161 -0.028329 0.000000 
4.101 2 -0.875073 -0.158232 -8.839438 -1.892090 -2.380371 0.305176 0.17 0.20 0.8 1.0 0.027 0.023 0.0100 0.0108 0.0052 -0.1574 -0.0025 -0.015547 -0.008722 12.39 500 800 -0.005297 0.185459 0.211396 -0.025937 0.000000 
4.131 2 -0.709648 0.769585 -10.102901 3.265381 3.143311 -1.647949 0.21 0.24 0.6 1.1 0.023 0.215 0.0530 0.0261 -0.1736 -0.1566 -0.0025 -0.015547 -0.005048 12.39 500 800 -0.007273 0.220549 0.209278 0.011271 0.000000 
4.161 2 -0.208579 0.141450 -10.347441 -1.617432 -1.495361 1.800537 0.20 0.23 1.0 1.1 0.241 0.265 0.0104 0.0125 0.0130 -0.1564 -0.0025 -0.012956 -0.005959 12.38 500 800 -0.005954 0.215527 0.210356 0.005170 0.000000 
4.191 2 -0.616147 -0.894253 -10.131670 -0.427246 -1.708984 -2.502441 0.22 0.25 1.1 1.2 0.199 0.209 0.0213 0.0165 -0.0311 -0.1554 -0.0025 -0.015547 -0.005144 12.38 500 810 -0.006656 0.234993 0.213909 0.021084 0.000000 
4.221 2 -0.441133 0.378799 -10.045361 1.800537 0.366211 -5.615234 0.19 0.21 0.9 1.0 0.017 0.105 0.0129 0.0137 0.0052 -0.1552 -0.0025 -0.012956 -0.008180 12.39 500 800 -0.006748 0.200309 0.215914 -0.015605 0.000000 
4.251 2 -0.728828 0.323657 -8.721963 0.671387 16.448975 1.892090 0.16 0.18 0.4 0.6 0.031 0.012 0.0329 0.0265 -0.0415 -0.1542 -0.0025 -0.010364 -0.007719 12.38 500 800 -0.008406 0.168027 0.218574 -0.050547 0.000000 
4.281 2 -0.805547 -0.376401 -9.469971 -1.190186 -6.103516 7.904053 0.19 0.21 1.0 1.1 0.032 0.093 0.0092 0.0088 -0.0026 -0.1542 -0.0025 -0.010364 -0.009903 12.38 500 790 -0.006569 0.197934 0.209968 -0.012034 0.000000 
4.311 2 -0.508262 0.877471 -9.736089 1.770020 2.777100 -5.950928 0.22 0.24 0.9 1.0 0.127 0.071 0.0333 0.0386 0.0337 -0.1530 -0.0025 -0.010364 -0.005941 12.38 500 800 -0.008711 0.228375 0.210377 0.017998 0.000000 
4.341 2 0.275708 -0.268516 -10.826933 -2.258301 7.476807 -2.502441 0.21 0.23 0.8 0.6 0.207 0.002 0.0301 0.0679 0.2436 -0.1522 -0.0025 -0.010364 -0.005897 12.38 500 800 -0.008875 0.221432 0.217758 0.003673 0.000000 
4.371 2 -0.716841 -0.505864 -9.184672 -0.549316 -2.929688 3.723145 0.19 0.21 1.0 1.0 0.023 0.048 0.0112 0.0125 0.0078 -0.1520 -0.0025 -0.007773 -0.009795 12.39 500 800 -0.007243 0.200151 0.215449 -0.015298 0.000000 
4.401 2 0.220566 1.095640 -10.440942 4.852295 12.176514 3.906250 0.20 0.22 0.6 0.9 -0.006 0.260 0.0566 0.0261 -0.1969 -0.1506 -0.0025 -0.010364 -0.006724 12.38 500 800 -0.010126 0.211496 0.219986 -0.008489 0.000000 
4.431 2 -0.692866 0.935010 -9.714512 -0.793457 -2.349854 5.065918 0.20 0.22 1.0 1.1 0.226 0.182 0.0104 0.0120 0.0104 -0.1506 -0.0025 -0.010364 -0.009525 12.38 500 790 -0.008066 0.214062 0.220444 -0.006382 0.000000 
4.461 2 -1.102832 -1.023716 -8.798681 2.960205 14.007568 -7.019043 0.17 0.19 0.5 0.6 0.041 -0.016 0.0281 0.0329 0.0311 -0.1494 -0.0025 -0.010364 -0.009471 12.39 500 800 -0.009680 0.177804 0.224606 -0.046802 0.000000 
4.491 2 -0.596968 0.654507 -10.364223 2.014160 -8.972168 0.396729 0.21 0.23 1.2 1.2 0.203 0.187 0.0088 0.0096 0.0052 -0.1492 -0.0025 -0.007773 -0.010064 12.38 500 800 -0.007410 0.220342 0.215559 0.004783 0.000000 
4.521 2 -1.659043 -0.668892 -9.314136 -3.570557 4.913330 -1.495361 0.18 0.20 0.7 0.9 0.017 -0.008 0.0285 0.0205 -0.0518 -0.1482 -0.0026 -0.010364 -0.010565 12.37 500 790 -0.009453 0.187917 0.216183 -0.028266 0.000000 
4.551 2 -0.460312 -0.287695 -10.090913 -0.274658 -8.087158 0.732422 0.19 0.21 1.1 1.1 0.214 0.170 0.0088 0.0080 -0.0052 -0.1480 -0.0026 -0.007773 -0.010185 12.38 500 800 -0.007179 0.202294 0.204120 -0.001826 0.000000 
4.581 2 -0.831919 0.026372 -9.191865 -1.434326 4.425049 5.310059 0.15 0.17 0.6 0.7 0.025 -0.006 0.0245 0.0169 -0.0492 -0.1474 -0.0026 -0.010364 -0.010447 12.38 500 800 -0.008076 0.159918 0.199071 -0.039154 0.000000 
4.611 2 -0.395581 -0.239746 -10.107695 -0.122070 -5.371094 3.326416 0.15 0.17 0.8 0.9 0.022 0.030 0.0084 0.0072 -0.0078 -0.1474 -0.0026 -0.010364 -0.010111 12.39 500 800 -0.006216 0.162385 0.182585 -0.020200 0.000000 
4.641 2 -0.791162 0.038359 -9.642588 0.366211 -5.340576 -2.593994 0.15 0.17 0.8 0.9 0.032 -0.010 0.0052 0.0044 -0.0052 -0.1474 -0.0026 -0.010364 -0.007172 12.39 500 800 -0.004610 0.162306 0.169286 -0.006980 0.000000 
4.671 2 -0.606558 -0.019180 -9.887129 -0.152588 -3.143311 -1.251221 0.15 0.17 0.7 0.8 0.003 -0.021 0.0036 0.0032 -0.0026 -0.1474 -0.0026 -0.010364 -0.004652 12.38 500 790 -0.003389 0.159812 0.161471 -0.001659 0.000000 
4.701 2 -0.692866 0.050347 -9.776845 -0.183105 -2.563477 0.122070 0.15 0.17 0.7 0.9 0.033 -0.008 0.0028 0.0024 -0.0026 -0.1474 -0.0026 -0.010364 -0.002955 12.39 500 800 -0.002503 0.162256 0.157832 0.004424 0.000000 
4.731 2 -0.618545 -0.184604 -9.836782 -0.122070 -2.593994 -0.305176 0.16 0.18 0.8 0.9 0.037 0.038 0.0024 0.0020 -0.0026 -0.1474 -0.0026 -0.010364 -0.001382 12.38 500 790 -0.001871 0.171732 0.157785 0.013947 0.000000 
4.761 2 -0.652109 -0.112681 -9.853564 -0.122070 -2.685547 -0.122070 0.17 0.20 0.9 1.0 0.033 0.131 0.0020 0.0016 -0.0026 -0.1474 -0.0026 -0.010364 -0.000027 12.39 500 800 -0.001417 0.184902 0.161632 0.023270 0.000000 
4.791 2 -0.709648 -0.350029 -9.599433 0.610352 0.152588 -6.347656 0.17 0.19 0.9 0.9 0.034 0.007 0.0016 0.0016 0.0000 -0.1472 -0.0026 -0.007773 -0.000051 12.38 500 790 -0.001089 0.178053 0.168209 0.009843 0.000000 
4.821 2 -0.529839 0.220566 -10.040566 0.488281 4.760742 -7.324219 0.17 0.19 0.8 0.8 0.093 0.081 0.0016 0.0100 0.0544 -0.1468 -0.0026 -0.007773 0.001136 12.39 500 800 -0.001203 0.182154 0.175376 0.006778 0.000000 
4.851 2 -0.558608 -0.100693 -9.740884 -0.640869 -4.821777 -1.220703 0.20 0.21 1.1 1.1 0.201 0.179 0.0016 0.0092 0.0492 -0.1468 -0.0026 -0.007773 -0.000486 12.38 490 790 -0.001377 0.204877 0.179139 0.025739 0.000000 
4.881 2 -0.659302 -1.062075 -9.867949 -1.861572 6.439209 -3.265381 0.16 0.17 0.7 0.6 0.042 -0.006 0.0016 0.0241 0.1451 -0.1464 -0.0026 -0.002591 -0.002277 12.38 500 790 -0.002364 0.163632 0.185246 -0.021614 0.000000 
4.911 2 -0.527441 -0.309272 -10.215581 0.762939 -5.279541 -1.220703 0.20 0.20 1.1 1.1 0.219 0.190 0.0016 0.0084 0.0440 -0.1464 -0.0026 -0.002591 -0.002036 12.38 500 800 -0.002132 0.202207 0.182822 0.019386 0.000000 
4.941 2 -0.625737 -0.292490 -10.522456 -1.342773 10.406494 -8.605957 0.13 0.13 0.5 0.4 0.017 -0.000 0.0036 0.0213 0.1140 -0.1458 -0.0026 -0.000000 -0.005196 12.38 500 770 -0.003091 0.125656 0.183036 -0.057380 0.000000 
4.971 2 -0.815137 -0.489082 -9.752871 -0.762939 -5.401611 -1.281738 0.15 0.14 0.9 0.7 0.040 0.002 -0.0133 0.0080 0.1373 -0.1460 -0.0026 0.002591 -0.005386 12.38 500 800 -0.001518 0.147018 0.166843 -0.019826 0.000000 
5.001 3 -0.527441 -0.256528 -9.577856 0.457764 0.091553 -2.105713 0.08 0.07 0.1 0.1 0.016 -0.023 -0.0064 0.0048 0.0726 -0.1460 -0.0026 0.002591 -0.003767 12.38 500 800 0.003904 0.076097 0.153128 -0.077031 0.150000 
5.031 3 -0.606558 0.007192 -9.882334 0.640869 0.244141 0.671387 -0.13 -0.14 -1.2 -1.3 0.004 -0.139 -0.0044 0.0036 0.0518 -0.1460 -0.0026 0.002591 -0.003713 12.39 500 800 0.018277 -0.133363 0.087389 -0.220752 0.150000 
5.061 3 -1.431284 -0.131860 -8.873003 -0.152588 -25.054932 3.143311 -0.27 -0.28 -1.3 -1.3 -0.120 -0.328 -0.0602 -0.0494 0.0700 -0.1472 -0.0026 0.002591 -0.001279 12.38 500 790 0.031597 -0.273027 -0.031726 -0.241301 0.150000 
5.091 3 -0.848701 -0.939805 -9.213442 -0.640869 -38.940430 6.134033 -0.32 -0.32 -1.2 -1.4 0.015 -0.214 -0.0815 -0.0679 0.0881 -0.1490 -0.0026 -0.000000 0.013420 12.38 500 760 0.042992 -0.324575 -0.164783 -0.159792 0.150000 
5.121 3 -0.719238 -0.493877 -9.330917 -0.488281 -41.778564 5.310059 -0.31 -0.30 -1.2 -1.0 0.035 -0.076 -0.0639 -0.0771 -0.0855 -0.1510 -0.0026 -0.005182 0.032803 12.38 500 790 0.051212 -0.305853 -0.267594 -0.038259 0.150000 
5.151 3 -0.450723 -0.280503 -11.452670 -0.701904 -18.859863 9.460449 -0.26 -0.24 -1.3 -1.2 0.030 -0.015 -0.0133 -0.0229 -0.0622 -0.1518 -0.0026 -0.010364 0.050964 12.38 500 790 0.052082 -0.254281 -0.308936 0.054654 0.150000 
5.181 3 -1.251475 -0.203784 -8.884990 -0.244141 -22.705078 1.647949 -0.23 -0.21 -0.6 -0.7 0.015 -0.021 -0.0498 -0.0406 0.0596 -0.1532 -0.0025 -0.007773 0.056204 12.38 500 790 0.055082 -0.219720 -0.310202 0.090482 0.150000 
5.211 3 -0.915830 0.000000 -9.599433 -0.396729 -22.583008 -7.476807 -0.06 -0.05 0.1 0.2 0.024 0.017 -0.0108 -0.0100 0.0052 -0.1532 -0.0025 -0.007773 0.067145 12.38 500 800 0.052810 -0.054039 -0.276222 0.222183 0.150000 
5.241 3 -1.076460 0.033564 -9.882334 -1.495361 -31.036377 -5.432129 0.20 0.22 1.7 1.8 0.427 0.344 0.0060 0.0060 0.0000 -0.1528 -0.0025 -0.007773 0.079229 12.38 500 800 0.050309 0.210996 -0.186544 0.397540 0.150000 
5.271 3 -1.033306 -1.416899 -11.152987 -2.868652 2.136230 -0.122070 0.35 0.36 1.6 2.2 0.386 0.456 0.0703 0.0285 -0.2695 -0.1514 -0.0026 -0.005182 0.082191 12.39 500 810 0.043185 0.350996 -0.031609 0.382605 0.150000 
5.301 3 -1.450464 -1.277847 -10.270722 4.730225 25.268555 -8.331299 0.49 0.50 1.9 2.2 0.383 0.328 0.1422 0.1233 -0.1218 -0.1480 -0.0026 -0.002591 0.073408 12.38 500 790 0.030453 0.493342 0.151997 0.341345 0.150000 
5.331 3 -0.534634 -0.047949 -9.743281 1.739502 48.034668 -0.701904 0.50 0.51 1.6 1.6 0.436 0.283 0.1687 0.1743 0.0363 -0.1432 -0.0026 -0.002591 0.053353 12.38 500 800 0.018139 0.507187 0.322714 0.184474 0.150000 
5.361 3 -0.695264 0.129463 -9.479560 3.021240 48.736572 -2.807617 0.48 0.48 1.3 1.4 0.155 0.135 0.1956 0.1847 -0.0700 -0.1373 -0.0026 -0.000000 0.027943 12.38 500 800 0.007260 0.484771 0.448055 0.036716 0.150000 
5.391 3 -0.561006 0.232554 -10.191607 0.366211 40.771484 -1.831055 0.42 0.42 1.0 1.1 0.152 0.069 0.1775 0.1731 -0.0285 -0.1313 -0.0026 -0.000000 0.005766 12.38 500 780 0.000219 0.417262 0.504110 -0.086847 0.150000 
5.421 3 -1.062075 -0.978164 -8.925747 1.525879 16.632080 -2.349854 0.27 0.26 0.6 0.6 -0.044 -0.097 0.1117 0.1036 -0.0518 -0.1275 -0.0026 0.002591 -0.012115 12.38 500 800 0.003645 0.265111 0.480769 -0.215658 0.150000 
5.451 3 -1.066870 -0.563403 -9.642588 -0.244141 -16.815186 -2.014160 0.39 0.38 1.3 1.3 0.157 0.163 0.1574 0.1486 -0.0570 -0.1235 -0.0026 0.002591 -0.006900 12.38 500 800 0.002679 0.386233 0.423323 -0.037090 0.150000 
5.481 3 -0.822329 0.637725 -9.100761 -1.068115 -9.704590 4.791260 0.20 0.20 0.8 0.8 -0.019 -0.058 0.0365 0.0345 -0.0130 -0.1217 -0.0026 -0.000000 -0.007339 12.39 500 770 0.012436 0.198247 0.362130 -0.163883 0.150000 
5.511 3 0.198989 1.253872 -10.644726 -4.974365 -11.718750 5.218506 0.34 0.34 1.0 1.3 0.217 0.346 0.1261 0.0964 -0.1917 -0.1183 -0.0026 -0.002591 0.009358 12.38 500 800 0.011020 0.340903 0.316616 0.024287 0.150000 
5.541 3 -0.966177 -0.594570 -7.623926 2.532959 -24.200439 -8.819580 0.30 0.30 1.4 1.4 0.176 0.210 0.0490 0.0466 -0.0155 -0.1169 -0.0026 -0.000000 0.010978 12.37 500 760 0.018715 0.297791 0.290687 0.007105 0.150000 
5.571 3 -0.546621 -0.251733 -9.165493 1.556396 7.507324 -0.091553 0.37 0.37 1.6 1.2 0.353 0.104 0.0707 0.1181 0.3058 -0.1130 -0.0026 0.002591 0.022474 12.38 500 800 0.013790 0.369155 0.308521 0.060634 0.150000 
5.601 3 -0.364414 -1.666235 -9.635395 -6.622314 -1.678467 -8.789062 0.48 0.48 1.6 1.9 0.316 0.282 0.1759 0.1474 -0.1840 -0.1088 -0.0026 -0.000000 0.021586 12.38 500 800 0.009102 0.476915 0.346212 0.130703 0.150000 
5.631 3 -0.807944 -0.302080 -9.872744 3.509521 8.666992 -1.281738 0.42 0.43 1.2 1.4 0.171 0.153 0.1699 0.1586 -0.0726 -0.1046 -0.0026 -0.002591 0.013275 12.38 500 800 0.006239 0.424836 0.384730 0.040106 0.150000 
5.661 3 -0.899048 0.970972 -9.625805 2.563477 22.369385 -2.685547 0.37 0.37 1.0 1.2 0.078 0.112 0.1470 0.1181 -0.1866 -0.0996 -0.0026 -0.000000 0.006326 12.38 500 770 0.003143 0.370793 0.417049 -0.046257 0.150000 
5.691 3 -0.460312 0.261323 -9.810410 -1.403809 -2.563477 2.624512 0.40 0.40 1.3 1.2 0.201 0.136 0.1542 0.1639 0.0622 -0.0952 -0.0026 -0.000000 0.000429 12.39 500 770 0.002509 0.400492 0.412342 -0.011850 0.150000 
5.721 3 -0.412363 -0.043154 -10.095708 0.732422 25.787354 1.708984 0.36 0.36 0.9 0.8 0.201 0.025 0.1325 0.1470 0.0933 -0.0899 -0.0026 -0.000000 0.001323 12.38 500 770 -0.000945 0.355889 0.423226 -0.067336 0.150000 
5.751 3 -0.618545 -1.172358 -8.834643 -1.556396 -18.035889 -4.150391 0.42 0.43 1.3 1.6 0.203 0.195 0.1799 0.1526 -0.1762 -0.0861 -0.0026 -0.002591 -0.002789 12.38 500 800 0.001425 0.425165 0.404344 0.020821 0.150000 
5.781 3 -0.992549 -0.088706 -8.822656 9.429932 15.045166 -8.026123 0.38 0.37 1.2 0.9 0.219 -0.100 0.1137 0.1514 0.2436 -0.0809 -0.0026 0.002591 0.000598 12.38 500 810 -0.000721 0.373584 0.412908 -0.039324 0.150000 
5.811 3 -0.834316 -0.299683 -8.650039 -2.990723 -11.444092 -4.486084 0.39 0.38 1.5 1.2 0.177 0.036 0.1257 0.1550 0.1892 -0.0771 -0.0026 0.005182 -0.003402 12.39 500 810 0.001896 0.385276 0.398299 -0.013023 0.150000 
5.841 3 -1.191538 0.795957 -8.196918 0.518799 14.312744 -7.415771 0.42 0.40 1.3 1.1 0.211 0.023 0.1482 0.1631 0.0959 -0.0715 -0.0026 0.005182 0.002189 12.38 500 800 -0.002814 0.410136 0.410061 0.000074 0.150000 
5.871 3 -0.680879 -0.318862 -9.582651 -2.532959 5.310059 -5.920410 0.42 0.41 1.4 1.1 0.222 0.089 0.1562 0.1743 0.1166 -0.0667 -0.0025 0.005182 -0.002197 12.38 490 790 -0.003497 0.415215 0.420747 -0.005532 0.150000 
5.901 3 -0.127065 -0.079116 -10.263530 1.525879 2.868652 3.631592 0.45 0.43 1.5 1.1 0.299 0.087 0.1663 0.1996 0.2151 -0.0612 -0.0025 0.007773 -0.003192 12.38 500 790 -0.005727 0.441367 0.426036 0.015331 0.150000 
5.931 3 -0.819932 0.599365 -9.803218 0.366211 1.708984 0.885010 0.42 0.41 1.2 1.1 0.113 0.093 0.1751 0.1847 0.0622 -0.0560 -0.0025 0.007773 -0.006429 12.38 500 810 -0.005684 0.414277 0.427698 -0.013421 0.150000 
5.961 3 -0.740815 -0.163027 -9.609023 0.579834 5.310059 1.831055 0.41 0.39 1.1 1.4 0.086 0.107 0.1707 0.1345 -0.2332 -0.0508 -0.0024 0.007773 -0.007205 12.38 500 800 -0.005847 0.397513 0.429631 -0.032118 0.150000 
5.991 3 -0.673687 0.146245 -9.983027 -1.098633 -8.331299 0.732422 0.47 0.46 1.4 1.4 0.227 0.168 0.2068 0.1948 -0.0777 -0.0454 -0.0024 0.005182 -0.006644 12.38 500 810 -0.007875 0.466293 0.424896 0.041397 0.150000 
6.021 3 -0.771982 -0.292490 -9.843974 0.976562 -1.251221 3.051758 0.42 0.41 1.2 1.1 0.122 0.059 0.1799 0.1751 -0.0311 -0.0403 -0.0023 0.007773 -0.008170 12.38 500 800 -0.006668 0.413068 0.423720 -0.010653 0.150000 
6.051 3 -0.218169 -0.071924 -10.397788 0.885010 13.336182 5.859375 0.39 0.38 1.1 0.8 0.209 0.087 0.1498 0.1759 0.1684 -0.0349 -0.0023 0.005182 -0.006957 12.38 500 810 -0.007255 0.381565 0.425140 -0.043575 0.150000 
6.081 3 -0.985356 -1.443271 -9.680947 -1.586914 -6.072998 0.183105 0.47 0.46 1.3 1.7 0.183 0.177 0.2145 0.1631 -0.3317 -0.0295 -0.0023 0.002591 -0.006539 12.39 500 810 -0.008237 0.463089 0.424912 0.038176 0.150000 
6.111 3 -0.949395 -0.342837 -9.208647 -0.091553 -1.708984 5.950928 0.44 0.44 1.0 1.3 0.152 0.104 0.2169 0.1831 -0.2177 -0.0243 -0.0023 0.002591 -0.007849 12.38 500 800 -0.008251 0.437742 0.427755 0.009986 0.150000 
6.141 3 -0.980561 -0.314067 -9.570663 0.579834 3.936768 2.014160 0.42 0.42 1.2 1.4 0.099 0.122 0.1699 0.1490 -0.1347 -0.0189 -0.0023 0.000000 -0.008049 12.38 500 770 -0.007743 0.416350 0.433162 -0.016811 0.150000 
6.171 3 -0.525044 0.050347 -10.644726 0.396729 6.652832 8.300781 0.44 0.44 1.3 1.2 0.238 0.146 0.1735 0.1847 0.0726 -0.0134 -0.0023 -0.002591 -0.006982 12.38 500 800 -0.009431 0.439669 0.438396 0.001273 0.150000 
6.201 3 -0.251733 -0.187002 -9.745678 -0.885010 -3.967285 5.981445 0.45 0.46 1.4 1.5 0.171 0.207 0.1884 0.1807 -0.0492 -0.0080 -0.0023 -0.005182 -0.008693 12.38 500 810 -0.009274 0.458612 0.438958 0.019654 0.150000 
6.231 3 -0.309272 -0.448325 -10.239555 0.061035 1.922607 6.591797 0.42 0.44 1.2 1.3 0.176 0.124 0.1731 0.1691 -0.0259 -0.0026 -0.0023 -0.007773 -0.009720 12.38 500 800 -0.008917 0.428039 0.442779 -0.014740 0.150000 
6.261 3 -0.520249 -0.124668 -10.369019 -0.915527 5.035400 3.387451 0.43 0.45 1.2 1.3 0.181 0.242 0.1791 0.1783 -0.0052 0.0032 -0.0024 -0.010364 -0.008643 12.39 500 810 -0.009685 0.437200 0.444349 -0.007149 0.150000 
6.291 3 -1.181948 -0.314067 -9.810410 0.976562 -3.204346 0.457764 0.46 0.49 1.4 1.7 0.104 0.205 0.2016 0.1767 -0.1606 0.0087 -0.0024 -0.012956 -0.008505 12.38 500 800 -0.010222 0.475262 0.446901 0.028361 0.150000 
6.321 3 -0.999741 -0.601763 -10.083720 0.091553 -6.225586 0.976562 0.46 0.49 1.5 1.6 0.177 0.222 0.1831 0.1847 0.0104 0.0139 -0.0025 -0.012956 -0.008914 12.37 500 800 -0.009645 0.476741 0.447705 0.029036 0.150000 
6.351 3 -0.424351 -0.103091 -9.748075 0.244141 4.516602 -0.152588 0.41 0.44 1.2 1.0 0.136 0.103 0.1687 0.1956 0.1736 0.0195 -0.0026 -0.012956 -0.010514 12.38 500 800 -0.009336 0.422884 0.450434 -0.027550 0.150000 
6.381 3 -0.196592 0.388389 -10.397788 2.044678 7.873535 -0.152588 0.43 0.46 1.1 1.4 0.177 0.239 0.1876 0.1743 -0.0855 0.0253 -0.0027 -0.015547 -0.009150 12.38 500 800 -0.010810 0.443713 0.454595 -0.010883 0.150000 
6.411 3 -0.481890 0.155835 -9.839179 -2.166748 -1.525879 6.866455 0.43 0.46 1.1 1.3 0.150 0.113 0.1988 0.1928 -0.0389 0.0307 -0.0027 -0.012956 -0.011775 12.39 500 810 -0.010509 0.442559 0.449892 -0.007334 0.150000 
6.441 3 -0.748008 0.043154 -9.033632 0.640869 -1.220703 -5.004883 0.42 0.46 1.2 1.4 0.055 0.178 0.1892 0.1839 -0.0337 0.0362 -0.0028 -0.015547 -0.011231 12.38 500 810 -0.010407 0.440338 0.444317 -0.003979 0.150000 
6.471 3 -0.441133 -0.028770 -9.894321 -0.427246 1.129150 1.251221 0.41 0.45 1.2 1.4 0.177 0.154 0.1759 0.1723 -0.0233 0.0418 -0.0029 -0.015547 -0.011146 12.38 500 800 -0.010086 0.429602 0.444142 -0.014540 0.150000 
6.501 3 -0.961382 -0.793560 -9.304545 -0.823975 4.089355 0.610352 0.42 0.44 1.3 1.1 0.117 0.084 0.1691 0.1956 0.1710 0.0476 -0.0030 -0.012956 -0.011208 12.38 500 810 -0.010994 0.428787 0.445202 -0.016416 0.150000 
6.531 3 -0.620942 -0.163027 -10.177221 0.671387 -3.845215 -6.042480 0.43 0.45 1.3 1.2 0.184 0.143 0.1823 0.2036 0.1373 0.0530 -0.0031 -0.010364 -0.011932 12.38 500 810 -0.010864 0.443262 0.440524 0.002739 0.150000 
6.561 3 -0.143848 -0.191797 -10.381005 -1.098633 4.852295 -2.685547 0.39 0.41 0.9 1.2 0.192 0.131 0.1751 0.1699 -0.0337 0.0586 -0.0031 -0.010364 -0.012459 12.39 500 810 -0.010064 0.396755 0.437642 -0.040887 0.150000 
6.591 3 -0.913433 -0.175015 -9.697729 0.152588 -8.361816 -3.387451 0.44 0.45 1.3 1.2 0.128 0.070 0.1876 0.2145 0.1736 0.0641 -0.0032 -0.007773 -0.011233 12.38 500 800 -0.010399 0.447111 0.426253 0.020857 0.150000 
6.621 3 -0.076719 -0.081514 -10.611162 -1.190186 9.765625 -6.958008 0.40 0.42 1.0 1.0 0.194 0.135 0.1791 0.1847 0.0363 0.0697 -0.0032 -0.007773 -0.009690 12.38 500 780 -0.010891 0.411245 0.433327 -0.022082 0.150000 
6.651 3 -0.819932 -0.752803 -9.616216 0.000000 -2.685547 -5.310059 0.43 0.44 1.2 1.3 0.143 0.115 0.1968 0.1968 0.0000 0.0751 -0.0032 -0.005182 -0.011183 12.38 500 800 -0.011000 0.439812 0.432272 0.007540 0.150000 
6.681 3 -0.330850 0.601763 -9.913501 0.091553 5.187988 -3.356934 0.40 0.40 0.9 1.2 0.106 0.117 0.1876 0.1611 -0.1710 0.0809 -0.0033 -0.002591 -0.011817 12.38 500 810 -0.010503 0.402011 0.433265 -0.031254 0.150000 
6.711 3 -0.608955 -0.556211 -9.393251 -1.525879 -8.728027 -2.532959 0.47 0.48 1.4 1.6 0.164 0.145 0.2088 0.1968 -0.0777 0.0866 -0.0033 -0.002591 -0.010406 12.38 490 790 -0.011832 0.474469 0.429747 0.044722 0.150000 
6.741 3 -0.472300 0.208579 -9.520317 1.007080 -3.967285 -1.159668 0.44 0.45 1.3 1.3 0.155 0.105 0.1900 0.1976 0.0492 0.0922 -0.0033 -0.002591 -0.010950 12.38 500 800 -0.011089 0.446064 0.430826 0.015239 0.150000 
6.771 3 -0.975767 -0.419556 -9.594639 0.457764 3.814697 -3.356934 0.42 0.42 1.0 1.3 0.142 0.061 0.1912 0.1731 -0.1166 0.0980 -0.0033 -0.000000 -0.011213 12.38 500 770 -0.011119 0.421179 0.435434 -0.014256 0.150000 
6.801 3 -0.462710 0.074321 -10.419365 0.274658 7.904053 -2.349854 0.42 0.42 1.1 1.0 0.239 0.096 0.1775 0.1956 0.1166 0.1036 -0.0033 -0.000000 -0.010964 12.37 500 810 -0.011832 0.419638 0.438545 -0.018907 0.150000 
6.831 3 -0.616147 -0.083911 -9.702524 0.579834 -3.997803 -4.913330 0.43 0.43 1.2 1.3 0.146 0.113 0.1948 0.1823 -0.0803 0.1089 -0.0033 -0.000000 -0.012220 12.38 500 770 -0.010784 0.432276 0.432683 -0.000406 0.150000 
6.861 3 0.136655 -0.201387 -9.827192 0.518799 -1.190186 0.244141 0.44 0.43 1.1 1.2 0.150 0.122 0.1968 0.1940 -0.0181 0.1145 -0.0033 0.005182 -0.011104 12.37 500 800 -0.010889 0.432425 0.430423 0.002003 0.150000 
6.891 3 -0.565801 -0.179810 -9.980630 0.427246 -0.213623 1.220703 0.42 0.42 1.2 1.4 0.149 0.162 0.1839 0.1598 -0.1555 0.1199 -0.0032 0.002591 -0.010953 12.38 500 790 -0.009857 0.420468 0.430683 -0.010216 0.150000 
6.921 3 0.285298 -0.405171 -10.613559 -1.586914 -0.671387 5.737305 0.46 0.45 1.4 1.2 0.265 0.138 0.1839 0.2028 0.1218 0.1257 -0.0032 0.005182 -0.009113 12.38 500 810 -0.011039 0.451543 0.429940 0.021604 0.150000 
6.951 3 -0.870278 -0.179810 -9.702524 -0.427246 -3.021240 0.885010 0.46 0.45 1.3 1.2 0.162 0.094 0.2036 0.2088 0.0337 0.1311 -0.0032 0.002591 -0.010143 12.38 500 820 -0.011339 0.454599 0.432088 0.022512 0.150000 
6.981 3 -0.970972 -0.201387 -9.318931 -0.518799 -1.007080 -0.640869 0.43 0.42 1.2 1.3 0.139 0.106 0.1815 0.1691 -0.0803 0.1366 -0.0032 0.005182 -0.011162 12.38 500 820 -0.009862 0.422185 0.431673 -0.009488 0.150000 
7.011 3 -0.628135 -0.357222 -9.678550 0.488281 0.854492 -0.213623 0.40 0.40 1.3 1.3 0.161 0.147 0.1530 0.1506 -0.0155 0.1420 -0.0032 0.002591 -0.011192 12.38 500 810 -0.008681 0.402062 0.430158 -0.028095 0.150000 
7.041 3 -0.170220 -0.153437 -10.021386 -0.457764 -8.666992 -0.793457 0.46 0.46 1.3 1.5 0.213 0.137 0.2100 0.1868 -0.1503 0.1472 -0.0032 0.002591 -0.009031 12.39 500 800 -0.009691 0.458392 0.421539 0.036853 0.150000 
7.071 3 -1.131602 0.155835 -9.328520 -0.579834 -1.190186 2.166748 0.39 0.38 1.1 1.1 0.069 0.044 0.1586 0.1550 -0.0233 0.1520 -0.0032 0.002591 -0.010305 12.38 500 800 -0.006709 0.385348 0.417152 -0.031803 0.150000 
7.101 3 -0.827124 0.028770 -9.644985 -0.915527 -17.852783 6.469727 0.51 0.50 1.6 1.8 0.239 0.165 0.2229 0.1948 -0.1814 0.1576 -0.0031 0.002591 -0.005404 12.38 510 810 -0.008582 0.503168 0.409073 0.094095 0.150000 
7.131 3 -1.030908 0.455518 -9.606626 -4.455566 1.861572 2.716064 0.42 0.42 1.4 1.2 0.118 0.129 0.1538 0.1743 0.1321 0.1627 -0.0031 -0.000000 -0.006419 12.39 500 770 -0.007170 0.424278 0.423260 0.001018 0.150000 
7.161 3 -0.273311 0.175015 -11.066679 -0.671387 4.364014 -1.525879 0.47 0.48 1.1 1.7 0.131 0.319 0.2321 0.1643 -0.4379 0.1685 -0.0031 -0.002591 -0.004817 12.38 500 790 -0.010199 0.474416 0.435830 0.038586 0.150000 
7.191 3 -1.107627 -0.242144 -9.901513 -0.518799 3.997803 6.317139 0.45 0.45 1.3 1.2 0.233 0.097 0.1815 0.1948 0.0855 0.1741 -0.0031 -0.002591 -0.008839 12.38 500 810 -0.010237 0.447772 0.447745 0.000027 0.150000 
7.221 3 -0.786367 -0.570596 -9.757666 0.671387 3.021240 -1.403809 0.43 0.44 1.0 1.4 0.133 0.165 0.2068 0.1715 -0.2280 0.1795 -0.0032 -0.005182 -0.010525 12.38 500 810 -0.010394 0.436182 0.448035 -0.011852 0.150000 
7.251 3 -0.577788 -0.330850 -9.714512 -1.068115 -4.394531 6.866455 0.41 0.43 1.4 1.3 0.146 0.128 0.1562 0.1707 0.0933 0.1848 -0.0032 -0.005182 -0.011684 12.39 500 810 -0.008330 0.420028 0.438229 -0.018201 0.150000 
7.281 3 -0.649712 -0.086309 -10.162837 -0.061035 3.082275 3.082275 0.39 0.41 1.0 1.1 0.158 0.108 0.1639 0.1671 0.0207 0.1900 -0.0032 -0.010364 -0.010052 12.38 500 810 -0.007786 0.395491 0.428909 -0.033418 0.150000 
7.311 3 -0.812739 0.153437 -9.664165 -0.518799 -8.056641 0.122070 0.45 0.47 1.3 1.6 0.170 0.248 0.2048 0.1751 -0.1917 0.1952 -0.0033 -0.010364 -0.006946 12.38 500 800 -0.008282 0.463151 0.421669 0.041482 0.150000 
7.341 3 -0.783970 -0.122271 -9.537099 0.671387 -9.460449 6.469727 0.45 0.46 1.4 1.5 0.199 0.140 0.1884 0.1839 -0.0285 0.2002 -0.0033 -0.007773 -0.006897 12.38 500 820 -0.007182 0.455986 0.420112 0.035873 0.150000 
7.371 3 -1.047690 -0.426748 -8.849028 0.335693 5.187988 0.946045 0.40 0.43 1.2 1.2 0.167 -0.002 0.1631 0.1751 0.0777 0.2054 -0.0034 -0.012956 -0.006873 12.38 500 800 -0.007243 0.414143 0.428553 -0.014410 0.150000 
7.401 3 -0.750405 0.285298 -9.776845 -0.823975 0.244141 -2.593994 0.45 0.47 1.1 1.6 0.133 0.255 0.2181 0.1715 -0.3006 0.2111 -0.0035 -0.012956 -0.006207 12.39 500 810 -0.008994 0.459916 0.432895 0.027020 0.150000 
7.431 3 -0.623340 -0.052744 -9.486753 0.488281 -3.906250 5.157471 0.43 0.45 1.5 1.3 0.152 0.061 0.1639 0.1900 0.1684 0.2163 -0.0035 -0.012956 -0.008691 12.38 500 800 -0.007996 0.440506 0.433813 0.006693 0.150000 
7.461 3 -1.395322 -0.222964 -9.755268 -1.831055 0.610352 -1.495361 0.42 0.45 1.2 1.2 0.179 0.112 0.1799 0.1948 0.0959 0.2217 -0.0036 -0.015547 -0.008403 12.38 500 790 -0.008912 0.438319 0.435359 0.002960 0.150000 
7.491 3 -0.896650 0.541826 -9.294956 0.762939 4.821777 1.098633 0.40 0.43 1.2 1.2 0.121 0.097 0.1663 0.1715 0.0337 0.2271 -0.0037 -0.012956 -0.009183 12.38 500 820 -0.008545 0.414119 0.437324 -0.023205 0.150000 
7.521 3 -0.656904 0.208579 -9.640190 -1.159668 -3.906250 -0.061035 0.44 0.47 1.2 1.5 0.195 0.169 0.2016 0.1856 -0.1036 0.2327 -0.0038 -0.012956 -0.009249 12.39 500 810 -0.009790 0.454331 0.435282 0.019049 0.150000 
7.551 3 -0.779175 -0.601763 -9.275776 -0.213623 0.518799 -3.265381 0.40 0.42 1.1 1.1 0.132 0.090 0.1767 0.1920 0.0985 0.2380 -0.0039 -0.012956 -0.010966 12.38 500 800 -0.009157 0.411711 0.431617 -0.019906 0.150000 
7.581 3 -0.239746 -0.321260 -10.225170 0.610352 7.141113 -4.150391 0.37 0.39 1.0 1.0 0.130 0.104 0.1606 0.1723 0.0751 0.2434 -0.0039 -0.010364 -0.010464 12.38 500 810 -0.008720 0.383999 0.426367 -0.042368 0.150000 
7.611 3 -0.815137 -0.306875 -9.561074 0.213623 -6.011963 -4.699707 0.39 0.41 1.0 1.2 0.146 0.086 0.1715 0.1699 -0.0104 0.2482 -0.0040 -0.010364 -0.010533 12.38 500 820 -0.006974 0.396093 0.410695 -0.014602 0.150000 
7.641 3 -1.143589 -0.477095 -9.585049 0.488281 6.378174 -6.500244 0.37 0.39 1.0 1.0 0.036 0.040 0.1542 0.1619 0.0492 0.2536 -0.0040 -0.007773 -0.007544 12.38 500 810 -0.006805 0.377498 0.407156 -0.029658 0.150000 
7.671 3 -0.503467 -0.354824 -9.997412 0.122070 -9.521484 -5.340576 0.44 0.45 1.5 1.4 0.168 0.158 0.1731 0.1847 0.0751 0.2587 -0.0040 -0.005182 -0.006179 12.38 490 800 -0.006880 0.443381 0.403139 0.040242 0.150000 
7.701 3 -0.985356 -0.076719 -9.901513 -1.892090 0.152588 -5.340576 0.44 0.44 1.1 1.4 0.161 0.137 0.2056 0.1743 -0.2021 0.2641 -0.0041 -0.002591 -0.005524 12.38 500 810 -0.008137 0.438577 0.412975 0.025601 0.150000 
7.731 3 -1.076460 0.004795 -9.575459 -0.061035 1.892090 -2.105713 0.42 0.42 1.4 1.1 0.152 0.044 0.1611 0.1831 0.1425 0.2695 -0.0041 -0.000000 -0.007646 12.38 500 800 -0.007979 0.418417 0.421690 -0.003273 0.150000 
7.761 3 0.165425 0.155835 -11.162578 0.000000 5.493164 2.197266 0.44 0.45 1.4 1.1 0.276 0.155 0.1731 0.2056 0.2099 0.2753 -0.0041 -0.002591 -0.006829 12.38 500 810 -0.010151 0.442839 0.428793 0.014045 0.150000 
7.791 3 -0.635327 0.254131 -9.671357 0.244141 -0.152588 -0.518799 0.43 0.43 1.2 1.2 0.137 0.086 0.1912 0.1868 -0.0285 0.2807 -0.0041 -0.000000 -0.009730 12.38 500 780 -0.009543 0.428855 0.430189 -0.001334 0.150000 
7.821 3 -0.436338 0.589775 -9.796025 -1.098633 2.624512 -1.983643 0.41 0.41 1.2 1.3 0.136 0.073 0.1639 0.1526 -0.0726 0.2860 -0.0041 -0.000000 -0.010436 12.39 500 760 -0.008744 0.405495 0.431571 -0.026076 0.150000 
7.851 3 -0.278105 0.620942 -10.349838 -0.213623 -1.617432 1.159668 0.42 0.42 1.4 1.2 0.233 0.127 0.1590 0.1799 0.1347 0.2912 -0.0041 -0.000000 -0.009758 12.39 500 770 -0.008429 0.415359 0.423003 -0.007644 0.150000 
7.881 3 -0.714443 0.222964 -9.568266 0.366211 6.713867 -0.122070 0.38 0.38 1.0 1.0 0.043 -0.033 0.1611 0.1574 -0.0233 0.2966 -0.0041 0.002591 -0.009449 12.38 500 800 -0.007788 0.381034 0.421082 -0.040048 0.150000 
7.911 3 -0.795957 -0.175015 -9.146314 1.190186 -9.918213 -4.638672 0.45 0.45 1.4 1.4 0.201 0.121 0.1920 0.1892 -0.0181 0.3018 -0.0041 0.002591 -0.007828 12.38 500 810 -0.007998 0.450106 0.413778 0.036328 0.150000 
7.941 3 -0.671289 -0.371606 -8.887387 0.061035 -0.152588 -2.563477 0.39 0.38 1.1 1.1 0.079 0.079 0.1590 0.1578 -0.0078 0.3066 -0.0041 0.002591 -0.008413 12.38 500 800 -0.005805 0.385135 0.410677 -0.025542 0.150000 
7.971 3 0.220566 -0.429145 -11.085859 0.305176 3.845215 3.875732 0.41 0.40 1.3 1.1 0.329 0.141 0.1498 0.1723 0.1451 0.3117 -0.0040 0.005182 -0.005235 12.39 500 800 -0.006428 0.406546 0.408038 -0.001492 0.150000 
8.001 3 -0.673687 -0.076719 -9.853564 -0.305176 -4.211426 -2.471924 0.41 0.40 1.2 1.1 0.136 0.074 0.1735 0.1759 0.0155 0.3165 -0.0040 0.005182 -0.006618 12.38 500 810 -0.005262 0.403820 0.402686 0.001135 0.150000 
8.031 3 -1.009331 -0.649712 -9.968642 2.044678 -0.610352 -0.671387 0.41 0.40 1.2 1.4 0.106 0.165 0.1679 0.1474 -0.1321 0.3217 -0.0040 0.005182 -0.005057 12.38 500 810 -0.005144 0.408437 0.405436 0.003001 0.150000 
8.061 3 -0.304478 -0.117476 -9.918296 -0.488281 -2.075195 -4.180908 0.43 0.43 1.3 1.4 0.170 0.186 0.1783 0.1707 -0.0492 0.3267 -0.0040 0.002591 -0.004379 12.38 500 810 -0.006107 0.431911 0.407390 0.024521 0.150000 
8.091 3 -0.644917 -0.246938 -9.726499 -0.457764 -2.807617 2.502441 0.43 0.42 1.3 1.3 0.182 0.139 0.1783 0.1735 -0.0311 0.3317 -0.0040 0.005182 -0.005135 12.38 500 810 -0.005656 0.423714 0.408698 0.015016 0.150000 
8.121 3 -0.630532 0.069526 -9.918296 -1.617432 3.784180 4.974365 0.41 0.40 1.2 1.1 0.193 0.106 0.1715 0.1707 -0.0052 0.3370 -0.0039 0.005182 -0.005652 12.39 500 810 -0.006053 0.405725 0.414927 -0.009202 0.150000 
8.151 3 -0.390786 0.496274 -10.392993 0.213623 11.352539 7.110596 0.39 0.39 1.0 0.9 -0.002 0.104 0.1715 0.1735 0.0130 0.3424 -0.0039 0.002591 -0.006065 12.38 500 800 -0.007069 0.390243 0.419825 -0.029582 0.150000 
8.181 3 -0.529839 0.292490 -9.510727 -2.502441 -7.446289 10.253906 0.44 0.44 1.4 1.5 0.158 0.135 0.1856 0.1775 -0.0518 0.3474 -0.0039 -0.000000 -0.006536 12.38 500 800 -0.006756 0.444405 0.416214 0.028191 0.150000 
8.211 3 -0.299683 -0.285298 -10.090913 0.061035 1.739502 2.319336 0.40 0.41 1.1 1.2 0.170 0.146 0.1759 0.1631 -0.0829 0.3524 -0.0039 -0.002591 -0.006828 12.39 500 800 -0.006255 0.405329 0.417137 -0.011808 0.150000 
8.241 3 -0.668892 -0.064731 -9.469971 -0.457764 -3.326416 4.119873 0.41 0.42 1.2 1.3 0.052 0.176 0.1815 0.1611 -0.1321 0.3574 -0.0039 -0.005182 -0.006673 12.39 500 800 -0.005982 0.417806 0.413106 0.004700 0.150000 
8.271 3 -0.553813 -0.069526 -9.724101 -1.373291 -5.218506 9.521484 0.40 0.41 1.3 1.1 0.200 0.127 0.1506 0.1723 0.1399 0.3623 -0.0040 -0.005182 -0.006554 12.38 500 800 -0.004337 0.402648 0.406601 -0.003953 0.150000 
8.301 3 -0.565801 -0.213374 -9.879936 -0.457764 6.256104 2.380371 0.36 0.38 1.0 1.2 0.097 0.129 0.1474 0.1309 -0.1062 0.3671 -0.0040 -0.010364 -0.004946 12.39 500 810 -0.003722 0.371576 0.405652 -0.034076 0.150000 
8.331 3 -0.508262 -0.105488 -9.477162 0.122070 -9.033203 4.394531 0.45 0.48 1.4 1.7 0.153 0.242 0.1956 0.1707 -0.1606 0.3721 -0.0041 -0.012956 -0.002295 12.39 500 810 -0.005112 0.464424 0.404720 0.059704 0.150000 
8.361 3 -0.901445 -0.122271 -9.453188 0.305176 -6.774902 6.591797 0.44 0.46 1.5 1.4 0.196 0.175 0.1611 0.1823 0.1373 0.3769 -0.0041 -0.012956 -0.002980 12.38 500 810 -0.004392 0.449106 0.411335 0.037771 0.150000 
8.391 3 -0.556211 0.558608 -9.860757 0.061035 3.753662 2.410889 0.40 0.43 1.1 1.4 0.179 0.233 0.1687 0.1470 -0.1399 0.3819 -0.0042 -0.015547 -0.003674 12.37 500 810 -0.004212 0.413405 0.421135 -0.007730 0.150000 
8.421 3 -0.915830 -0.383594 -9.884731 0.793457 3.601074 4.608154 0.41 0.44 1.4 1.2 0.165 0.169 0.1502 0.1775 0.1762 0.3872 -0.0043 -0.015547 -0.004013 12.37 500 810 -0.004926 0.422508 0.425952 -0.003444 0.150000 
8.451 3 -0.513057 -0.196592 -10.289902 -0.915527 0.122070 4.486084 0.40 0.43 1.1 1.3 0.208 0.184 0.1707 0.1643 -0.0415 0.3920 -0.0043 -0.015547 -0.005225 12.38 500 810 -0.004579 0.418384 0.425274 -0.006890 0.150000 
8.481 3 -0.697661 0.740815 -9.513124 -0.640869 2.746582 -4.821777 0.37 0.41 1.0 1.4 -0.043 0.226 0.1623 0.1414 -0.1347 0.3968 -0.0044 -0.020729 -0.005332 12.38 500 810 -0.003709 0.393936 0.419746 -0.025810 0.150000 
8.511 3 -0.654507 0.206182 -9.630600 0.946045 -6.347656 -0.274658 0.40 0.43 1.2 1.3 0.219 0.167 0.1586 0.1743 0.1011 0.4014 -0.0045 -0.018138 -0.004727 12.38 500 810 -0.002995 0.415164 0.410329 0.004835 0.150000 
8.541 3 -0.771982 0.177412 -10.455327 -0.366211 -0.122070 -2.288818 0.38 0.41 1.1 1.4 0.193 0.189 0.1566 0.1450 -0.0751 0.4060 -0.0046 -0.015547 -0.003280 12.38 500 800 -0.002532 0.399293 0.406347 -0.007054 0.150000 
8.571 3 -0.982959 -0.091104 -9.901513 -0.457764 -3.784180 -4.302979 0.41 0.45 1.1 1.4 0.053 0.222 0.1892 0.1731 -0.1036 0.4109 -0.0047 -0.015547 -0.002138 12.37 500 820 -0.003464 0.430513 0.404047 0.026465 0.150000 
8.601 3 -0.700059 -0.143848 -9.937475 -0.305176 -1.617432 1.068115 0.40 0.43 1.3 1.2 0.251 0.121 0.1550 0.1831 0.1814 0.4157 -0.0047 -0.015547 -0.002508 12.38 500 810 -0.003029 0.417269 0.406420 0.010850 0.150000 
8.631 3 -0.481890 -0.493877 -9.997412 0.183105 5.676270 -5.523682 0.37 0.41 0.9 1.3 0.143 0.141 0.1611 0.1418 -0.1244 0.4205 -0.0048 -0.015547 -0.002916 12.38 500 810 -0.002882 0.389701 0.409863 -0.020163 0.150000 
8.661 3 -1.304219 -0.115078 -9.709717 -2.044678 -4.852295 -4.241943 0.42 0.44 1.2 1.4 0.153 0.164 0.1807 0.1759 -0.0311 0.4255 -0.0049 -0.012956 -0.003118 12.38 500 800 -0.003821 0.431259 0.407290 0.023969 0.150000 
8.691 3 -0.587378 -0.474697 -9.632998 0.030518 -0.091553 -1.495361 0.36 0.38 1.1 1.1 0.135 0.085 0.1422 0.1554 0.0855 0.4297 -0.0049 -0.010364 -0.004794 12.37 500 790 -0.001754 0.372736 0.402822 -0.030086 0.150000 
8.721 3 -0.129463 0.980561 -10.273120 -0.610352 5.523682 -2.532959 0.38 0.40 1.0 1.1 0.184 0.210 0.1639 0.1578 -0.0389 0.4348 -0.0050 -0.007773 -0.002051 12.38 500 790 -0.003061 0.389662 0.398846 -0.009184 0.150000 
8.751 3 -1.169961 0.057539 -9.484355 -1.068115 0.274658 10.131836 0.38 0.39 1.1 1.0 0.143 0.062 0.1514 0.1743 0.1477 0.4392 -0.0050 -0.007773 -0.003027 12.38 500 800 -0.002088 0.383443 0.393793 -0.010350 0.150000 
8.781 3 -1.256269 0.196592 -10.018989 -0.152588 4.760742 28.137207 0.31 0.33 0.7 0.9 -0.047 -0.059 0.1341 0.1261 -0.0518 0.4434 -0.0051 -0.010364 -0.004673 12.39 500 820 0.000457 0.315602 0.383519 -0.067917 0.150000 
8.811 3 -0.462710 -0.218169 -10.299492 -0.244141 4.302979 17.700195 0.29 0.32 0.7 1.0 -0.055 0.122 0.1301 0.0972 -0.2125 0.4474 -0.0051 -0.015547 -0.002080 12.38 500 810 0.002565 0.304360 0.365832 -0.061472 0.150000 
8.841 3 -0.539429 -0.457915 -9.714512 0.061035 -2.044678 2.441406 0.31 0.36 0.9 1.2 -0.021 0.196 0.1281 0.1096 -0.1192 0.4510 -0.0052 -0.025911 0.001594 12.38 500 790 0.004159 0.332306 0.350825 -0.018519 0.150000 
8.871 3 -0.613750 -0.774380 -9.556279 -1.068115 -9.979248 -4.638672 0.34 0.39 1.4 1.4 0.182 0.180 0.1016 0.1225 0.1347 0.4546 -0.0053 -0.025911 0.005151 12.38 500 800 0.006248 0.364868 0.341009 0.023859 0.150000 
8.901 3 0.083911 -0.266118 -10.654316 0.457764 2.166748 -9.796143 0.35 0.40 1.3 1.1 0.336 0.194 0.1108 0.1514 0.2617 0.4586 -0.0054 -0.025911 0.008685 12.38 500 790 0.005343 0.373221 0.347367 0.025854 0.150000 
8.931 3 -0.728828 -0.175015 -9.827192 -0.061035 -3.784180 -10.833740 0.37 0.41 1.2 1.2 0.208 0.097 0.1378 0.1679 0.1943 0.4625 -0.0055 -0.023320 0.007687 12.38 500 810 0.005288 0.390987 0.353794 0.037193 0.150000 
8.961 3 -0.584980 -0.357222 -10.472109 1.098633 4.516602 -9.094238 0.35 0.39 1.2 1.1 0.204 0.168 0.1149 0.1514 0.2358 0.4665 -0.0056 -0.018138 0.007180 12.39 500 820 0.005222 0.368682 0.364872 0.003810 0.150000 
8.991 3 -1.009331 -0.047949 -9.333315 0.061035 3.784180 -10.498047 0.34 0.36 1.0 1.2 0.168 0.117 0.1233 0.1277 0.0285 0.4705 -0.0056 -0.012956 0.005248 12.38 500 810 0.005671 0.350653 0.368088 -0.017435 0.150000 
9.021 3 -1.059678 -0.505864 -9.196660 0.518799 -0.793457 -10.314941 0.36 0.37 1.4 1.3 0.226 0.086 0.1052 0.1229 0.1140 0.4745 -0.0057 -0.007773 0.005027 12.38 500 810 0.005702 0.366798 0.370771 -0.003973 0.150000 
9.051 3 -0.290093 -0.110283 -10.215581 0.793457 1.251221 -6.378174 0.36 0.37 0.9 1.2 0.194 0.171 0.1426 0.1313 -0.0726 0.4783 -0.0057 -0.005182 0.005174 12.38 500 800 0.005270 0.364124 0.369454 -0.005330 0.150000 
9.081 3 -1.016523 -0.345234 -9.683345 1.098633 2.075195 -6.378174 0.36 0.37 1.1 1.3 0.170 0.152 0.1317 0.1217 -0.0648 0.4825 -0.0057 -0.002591 0.005316 12.38 500 800 0.005255 0.365405 0.372034 -0.006630 0.150000 
9.111 3 -0.601763 0.402773 -9.942270 -0.854492 2.716064 -0.457764 0.35 0.35 1.1 1.1 0.191 0.133 0.1185 0.1285 0.0648 0.4864 -0.0057 -0.000000 0.004587 12.38 500 810 0.005612 0.351011 0.370749 -0.019738 0.150000 
9.141 3 -1.004536 -0.364414 -9.450790 0.061035 7.904053 -3.753662 0.33 0.32 1.1 0.8 0.061 -0.038 0.1024 0.1277 0.1632 0.4902 -0.0057 0.002591 0.004173 12.38 500 800 0.005742 0.326704 0.369980 -0.043276 0.150000 
9.171 3 -0.297285 0.167822 -9.935078 0.793457 -2.838135 5.798340 0.38 0.37 1.5 0.9 0.323 0.044 0.1024 0.1598 0.3705 0.4940 -0.0057 0.005182 0.005819 12.38 500 800 0.005866 0.372451 0.363009 0.009442 0.150000 
9.201 3 -1.323398 -0.198989 -8.769912 -0.274658 -2.685547 -2.471924 0.36 0.36 1.3 1.3 0.171 0.084 0.1100 0.1153 0.0337 0.4978 -0.0057 0.002591 0.005552 12.37 500 790 0.006741 0.360761 0.363281 -0.002520 0.150000 
9.231 3 -0.429145 0.254131 -10.210786 -0.305176 -1.403809 7.019043 0.38 0.36 1.3 1.0 0.233 0.157 0.1277 0.1442 0.1062 0.5018 -0.0056 0.007773 0.006624 12.38 500 810 0.006218 0.370017 0.361052 0.008964 0.150000 
9.261 3 -0.858291 -0.016782 -9.884731 -0.366211 -1.495361 5.645752 0.39 0.39 1.5 1.0 0.272 0.077 0.1201 0.1619 0.2695 0.5058 -0.0056 0.002591 0.007335 12.38 490 800 0.005439 0.388605 0.364424 0.024181 0.150000 
9.291 3 -0.712046 -0.314067 -9.721704 0.793457 -0.610352 6.958008 0.38 0.37 1.3 0.9 0.230 -0.014 0.1241 0.1606 0.2358 0.5096 -0.0056 0.005182 0.006167 12.38 500 800 0.005513 0.375214 0.366544 0.008670 0.150000 
9.321 3 -0.815137 0.450723 -9.709717 0.305176 9.124756 15.045166 0.35 0.35 0.9 1.2 -0.044 0.184 0.1454 0.1056 -0.2565 0.5139 -0.0056 -0.002591 0.005653 12.38 500 800 0.004897 0.348818 0.373109 -0.024291 0.150000 
9.351 3 -0.757598 0.086309 -9.369277 0.915527 3.662109 22.796631 0.32 0.33 0.8 1.3 -0.061 0.188 0.1325 0.0807 -0.3343 0.5177 -0.0056 -0.005182 0.003584 12.38 500 810 0.006513 0.326419 0.368495 -0.042075 0.150000 
9.381 3 -0.472300 0.302080 -9.764858 -1.007080 -4.699707 12.084961 0.35 0.38 0.8 1.5 0.023 0.262 0.1671 0.0976 -0.4483 0.5211 -0.0056 -0.012956 0.005795 12.38 500 800 0.006819 0.362602 0.356439 0.006163 0.150000 
9.411 3 -0.364414 -1.014126 -10.366621 -0.732422 -5.065918 -5.767822 0.38 0.42 1.2 1.5 0.184 0.201 0.1530 0.1269 -0.1684 0.5251 -0.0057 -0.018138 0.008601 12.38 500 790 0.005953 0.401917 0.357758 0.044159 0.150000 
9.441 3 -0.522646 -0.110283 -10.131670 0.793457 2.380371 -4.028320 0.37 0.41 1.1 1.3 0.207 0.196 0.1498 0.1506 0.0052 0.5293 -0.0058 -0.020729 0.007664 12.38 500 810 0.004704 0.392250 0.370963 0.021287 0.150000 
9.471 3 -1.181948 -0.040757 -9.503535 -0.518799 -7.263184 -0.885010 0.40 0.43 1.2 1.4 0.134 0.171 0.1679 0.1578 -0.0648 0.5333 -0.0059 -0.015547 0.005825 12.38 500 810 0.004302 0.415135 0.374553 0.040583 0.150000 
9.501 3 -0.649712 0.362017 -9.781640 -0.518799 6.683350 -5.218506 0.33 0.36 1.0 1.0 0.022 0.134 0.1217 0.1309 0.0596 0.5374 -0.0059 -0.015547 0.004115 12.39 500 810 0.005119 0.345359 0.378729 -0.033370 0.150000 
9.531 3 -1.069268 0.244541 -9.529907 0.305176 -2.655029 -6.561279 0.36 0.39 1.3 1.5 0.036 0.225 0.1225 0.1169 -0.0363 0.5414 -0.0060 -0.015547 0.004440 12.38 500 800 0.005357 0.376073 0.375979 0.000094 0.150000 
9.561 3 -0.366812 -0.254131 -9.635395 1.220703 1.098633 -5.126953 0.34 0.36 1.1 1.2 0.212 0.220 0.1096 0.1217 0.0777 0.5452 -0.0060 -0.012956 0.004136 12.38 500 810 0.006295 0.348975 0.374397 -0.025422 0.150000 
9.591 3 -0.278105 -0.561006 -9.997412 1.495361 -0.946045 -7.385254 0.38 0.40 1.0 1.4 0.143 0.230 0.1586 0.1341 -0.1581 0.5494 -0.0061 -0.010364 0.005824 12.37 500 800 0.004720 0.388319 0.373975 0.014344 0.150000 
9.621 3 -0.498672 0.477095 -10.148452 -0.762939 2.563477 2.899170 0.37 0.39 1.1 1.3 0.057 0.188 0.1450 0.1378 -0.0466 0.5534 -0.0061 -0.010364 0.005606 12.38 500 800 0.004330 0.382442 0.378622 0.003820 0.150000 
9.651 3 -0.680879 0.239746 -10.040566 0.488281 -1.800537 -3.448486 0.39 0.41 1.2 1.5 0.135 0.271 0.1566 0.1281 -0.1840 0.5574 -0.0062 -0.010364 0.005406 12.38 500 790 0.004123 0.399858 0.380738 0.019119 0.150000 
9.681 3 -0.338042 -0.239746 -9.906308 0.610352 1.831055 -0.366211 0.37 0.39 1.1 1.3 0.208 0.207 0.1374 0.1261 -0.0726 0.5615 -0.0062 -0.010364 0.004409 12.38 500 800 0.004346 0.378190 0.383951 -0.005761 0.150000 
9.711 3 -0.656904 -0.151040 -9.573061 0.885010 -2.960205 -2.288818 0.40 0.42 1.2 1.4 0.126 0.192 0.1606 0.1490 -0.0751 0.5659 -0.0063 -0.010364 0.004314 12.37 500 810 0.003104 0.407981 0.385552 0.022429 0.150000 
9.741 3 -0.973369 0.057539 -9.484355 -0.061035 -2.929688 4.943848 0.38 0.40 1.5 1.2 0.200 0.127 0.1161 0.1514 0.2280 0.5699 -0.0063 -0.010364 0.003357 12.38 500 800 0.003894 0.391796 0.386942 0.004854 0.150000 
9.771 3 -0.946997 0.805547 -9.752871 -1.220703 3.173828 26.489258 0.34 0.37 1.2 1.0 0.173 0.078 0.1165 0.1426 0.1684 0.5739 -0.0064 -0.015547 0.002470 12.39 510 800 0.004362 0.355040 0.385035 -0.029995 0.150000 
9.801 3 -1.155576 -0.028770 -9.625805 0.122070 -11.566162 25.360107 0.34 0.38 0.9 1.5 -0.031 0.308 0.1562 0.1008 -0.3576 0.5773 -0.0064 -0.023320 0.001923 12.38 500 800 0.006553 0.360111 0.366036 -0.005925 0.150000 
9.831 3 -0.839111 -0.570596 -10.194004 -3.814697 -2.899170 16.693115 0.27 0.34 0.8 1.5 -0.011 0.253 0.1048 0.0486 -0.3628 0.5805 -0.0065 -0.033685 0.003528 12.38 500 800 0.009579 0.301535 0.351929 -0.050393 0.150000 
9.861 3 -0.426748 0.541826 -10.414570 4.913330 2.044678 -8.178711 0.31 0.38 0.9 1.6 0.066 0.299 0.1181 0.0799 -0.2462 0.5845 -0.0067 -0.038867 0.009555 12.38 500 800 0.008800 0.345015 0.344604 0.000412 0.150000 
9.891 3 -0.397979 0.232554 -9.477162 -2.349854 -7.904053 -7.751465 0.34 0.41 1.0 1.5 0.205 0.225 0.1345 0.1225 -0.0777 0.5876 -0.0068 -0.036276 0.010399 12.38 500 810 0.009600 0.375981 0.340394 0.035587 0.150000 
9.921 3 -0.690469 -0.743213 -9.278173 0.640869 -1.739502 -6.896973 0.32 0.38 1.2 1.2 0.253 0.184 0.0932 0.1345 0.2669 0.5912 -0.0069 -0.031093 0.010384 12.38 500 810 0.010218 0.352736 0.345008 0.007728 0.150000 
9.951 3 -0.342837 -0.035962 -10.114887 0.549316 -1.068115 -6.713867 0.33 0.39 1.2 1.3 0.272 0.195 0.0948 0.1269 0.2073 0.5946 -0.0070 -0.028502 0.010591 12.38 500 810 0.010064 0.358457 0.349451 0.009006 0.150000 
9.981 3 -1.054883 -0.172617 -9.388456 -0.518799 1.556396 -10.711670 0.34 0.38 1.3 1.2 0.232 0.015 0.0924 0.1345 0.2721 0.5984 -0.0071 -0.020729 0.009967 12.38 500 810 0.009159 0.359631 0.356981 0.002651 0.150000 
10.011 3 -0.338042 0.117476 -9.990219 0.610352 3.295898 -5.645752 0.33 0.36 1.2 1.1 0.213 0.147 0.0944 0.1261 0.2047 0.6022 -0.0072 -0.018138 0.008467 12.37 500 800 0.008920 0.346263 0.362300 -0.016037 0.150000 
10.041 3 -0.383594 -0.023975 -10.404980 0.640869 7.598877 -5.950928 0.35 0.38 1.2 1.1 0.174 0.158 0.1080 0.1462 0.2462 0.6062 -0.0072 -0.018138 0.008985 12.39 500 800 0.006776 0.363724 0.368162 -0.004438 0.150000 
10.071 3 -0.944600 0.493877 -9.443599 0.518799 0.122070 -4.058838 0.36 0.39 1.1 1.1 0.233 0.044 0.1317 0.1631 0.2021 0.6102 -0.0073 -0.012956 0.006471 12.38 500 810 0.006011 0.374341 0.370169 0.004171 0.150000 
10.101 3 -0.282900 -0.208579 -10.093310 0.000000 11.566162 -7.934570 0.32 0.34 0.8 1.1 0.181 0.102 0.1165 0.1129 -0.0233 0.6141 -0.0073 -0.010364 0.005550 12.38 500 800 0.006031 0.328026 0.373214 -0.045188 0.150000 
10.131 3 -0.935010 -0.306875 -9.573061 -0.305176 -8.728027 -5.310059 0.37 0.39 1.1 1.3 0.139 0.147 0.1470 0.1438 -0.0207 0.6179 -0.0074 -0.007773 0.004801 12.38 500 800 0.006195 0.379329 0.362798 0.016531 0.150000 
10.161 3 -0.632930 0.110283 -9.580254 3.295898 8.026123 -2.471924 0.32 0.33 1.1 1.2 0.191 0.120 0.0960 0.0996 0.0233 0.6221 -0.0074 -0.005182 0.005200 12.38 500 810 0.006491 0.327897 0.368821 -0.040924 0.150000 
10.191 3 -0.438735 0.680879 -9.690536 -1.190186 -10.040283 0.976562 0.38 0.38 1.4 1.1 0.229 0.135 0.1309 0.1659 0.2254 0.6257 -0.0074 -0.000000 0.005170 12.38 500 800 0.006229 0.381512 0.357051 0.024461 0.150000 
10.222 3 -1.376143 -0.927817 -8.443857 0.793457 14.892578 -6.439209 0.33 0.34 0.9 1.1 0.177 -0.057 0.1205 0.1032 -0.1114 0.6301 -0.0074 -0.005182 0.006507 12.38 500 820 0.004998 0.334717 0.371610 -0.036892 0.150000 
10.252 3 -0.774380 0.338042 -10.155644 0.915527 -9.674072 -0.457764 0.38 0.39 1.3 1.3 0.166 0.210 0.1402 0.1418 0.0104 0.6339 -0.0074 -0.002591 0.004270 12.38 500 810 0.005806 0.383895 0.365491 0.018403 0.150000 
10.282 3 -0.752803 0.246938 -9.812807 2.563477 20.965576 -1.342773 0.35 0.35 1.0 0.8 0.165 0.057 0.1181 0.1382 0.1296 0.6386 -0.0074 -0.000000 0.006917 12.38 500 760 0.002827 0.350520 0.382798 -0.032278 0.150000 
10.312 3 -0.769585 -0.549019 -8.954516 -4.730225 -3.082275 2.471924 0.37 0.37 1.1 1.3 0.142 0.071 0.1394 0.1313 -0.0518 0.6424 -0.0075 -0.002591 0.002135 12.38 500 800 0.004355 0.369630 0.381071 -0.011441 0.150000 
10.342 3 0.937407 -0.256528 -11.642070 -0.579834 10.711670 7.141113 0.42 0.43 1.5 1.1 0.314 0.226 0.1349 0.1759 0.2643 0.6476 -0.0075 -0.002591 0.006475 12.38 500 800 -0.000132 0.422573 0.393897 0.028675 0.150000 
10.372 3 -0.911035 -0.515454 -8.952119 4.058838 4.211426 -5.096436 0.35 0.35 1.1 0.8 0.162 -0.056 0.1173 0.1458 0.1840 0.6514 -0.0075 -0.000000 -0.000659 12.38 510 820 0.002718 0.347350 0.395817 -0.048467 0.150000 
10.402 3 -0.146245 0.846304 -10.042964 0.976562 -16.418457 -1.495361 0.51 0.51 2.0 1.7 0.375 0.244 0.1815 0.2100 0.1840 0.6566 -0.0075 -0.000000 0.004308 12.38 500 800 -0.001829 0.513636 0.394954 0.118682 0.150000 
10.432 3 -0.558608 0.481890 -10.680688 -1.770020 6.866455 -5.554199 0.40 0.40 1.2 1.0 0.200 0.061 0.1518 0.1715 0.1270 0.6612 -0.0075 0.002591 0.000004 12.38 500 810 -0.001197 0.398110 0.410065 -0.011955 0.150000 
10.462 3 -1.289834 -0.896650 -9.695332 0.946045 5.554199 -3.936768 0.38 0.37 1.1 1.4 0.112 0.050 0.1486 0.1185 -0.1943 0.6661 -0.0075 0.002591 -0.002856 12.37 500 800 -0.001025 0.376460 0.414159 -0.037700 0.150000 
10.492 3 -0.692866 0.630532 -10.177221 1.861572 -4.425049 -6.805420 0.41 0.41 1.6 1.0 0.234 0.130 0.1353 0.1900 0.3524 0.6705 -0.0075 0.002591 -0.002685 12.38 500 800 -0.001549 0.407637 0.403544 0.004093 0.150000 
10.522 3 -0.453120 0.059937 -10.035771 0.152588 -4.608154 -1.281738 0.40 0.38 1.3 1.2 0.181 0.151 0.1426 0.1526 0.0648 0.6749 -0.0074 0.007773 -0.002562 12.38 500 810 -0.000276 0.387842 0.394620 -0.006778 0.150000 
10.552 3 -0.896650 -0.110283 -9.800820 -0.457764 -0.427246 -2.746582 0.33 0.32 0.9 0.9 0.044 0.063 0.1265 0.1193 -0.0466 0.6787 -0.0074 0.005182 -0.002801 12.39 500 800 0.002515 0.329786 0.381451 -0.051666 0.150000 
10.582 3 -0.489082 0.254131 -10.433750 -0.244141 -10.650635 5.554199 0.43 0.42 1.6 1.5 0.283 0.169 0.1474 0.1550 0.0492 0.6833 -0.0074 0.007773 0.002867 12.37 500 810 0.001105 0.426359 0.371559 0.054801 0.150000 
10.612 3 -0.232554 0.549019 -10.045361 2.807617 0.579834 2.990723 0.38 0.37 1.2 1.0 0.216 0.100 0.1366 0.1502 0.0881 0.6873 -0.0074 0.007773 0.002422 12.37 500 800 0.001988 0.375531 0.373209 0.002322 0.150000 
10.642 3 -0.848701 -0.100693 -9.803218 -0.366211 0.701904 1.190186 0.40 0.39 1.3 1.1 0.200 0.124 0.1486 0.1611 0.0803 0.6920 -0.0073 0.005182 0.002841 12.38 500 800 0.000932 0.395814 0.379178 0.016636 0.150000 
10.672 3 -0.685674 -0.251733 -9.704922 -0.823975 1.831055 4.821777 0.40 0.38 1.3 1.1 0.201 -0.057 0.1450 0.1574 0.0803 0.6966 -0.0073 0.007773 0.001679 12.38 500 800 0.000566 0.390520 0.385782 0.004738 0.150000 
10.702 3 -1.117217 -0.371606 -9.215839 0.305176 7.537842 0.122070 0.37 0.36 1.1 1.2 0.089 -0.044 0.1454 0.1269 -0.1192 0.7012 -0.0073 0.005182 0.000398 12.38 500 820 0.000277 0.367454 0.392558 -0.025104 0.150000 
10.732 3 -0.158232 -0.376401 -9.997412 1.586914 0.091553 -4.272461 0.40 0.40 1.2 1.3 0.159 0.203 0.1631 0.1450 -0.1166 0.7058 -0.0073 0.002591 0.000326 12.38 500 810 -0.000541 0.402337 0.393982 0.008355 0.150000 
10.762 3 -0.860688 -0.333247 -9.556279 -0.183105 2.227783 -1.983643 0.37 0.37 1.1 1.2 0.124 0.083 0.1514 0.1349 -0.1062 0.7102 -0.0073 0.002591 -0.001569 12.38 500 800 -0.000005 0.371611 0.395020 -0.023409 0.150000 
10.792 3 0.191797 0.112681 -10.898857 0.030518 2.288818 7.873535 0.40 0.40 1.2 1.3 0.266 0.211 0.1542 0.1450 -0.0596 0.7151 -0.0073 0.002591 0.000366 12.38 500 800 -0.001082 0.400905 0.394412 0.006494 0.150000 
10.822 3 -0.587378 0.184604 -9.594639 -0.244141 -4.730225 5.493164 0.39 0.38 1.2 1.1 0.185 0.040 0.1474 0.1586 0.0726 0.7191 -0.0073 0.002591 -0.001618 12.39 500 810 0.000472 0.382565 0.386955 -0.004390 0.150000 
10.852 3 -0.978164 0.640122 -9.009658 4.882812 14.221191 3.692627 0.37 0.37 1.1 1.0 0.138 0.033 0.1370 0.1402 0.0207 0.7241 -0.0072 -0.000000 0.000962 12.37 500 760 -0.001130 0.367471 0.396189 -0.028719 0.150000 
10.882 3 -0.618545 -0.352427 -8.724360 -3.112793 -6.591797 10.528564 0.42 0.42 1.4 1.2 0.222 0.120 0.1611 0.1823 0.1373 0.7285 -0.0073 -0.000000 -0.000999 12.38 500 770 -0.001266 0.420658 0.394975 0.025682 0.150000 
10.912 3 -1.112422 -0.635327 -9.369277 -0.549316 13.458252 4.333496 0.37 0.38 1.1 0.9 0.173 -0.017 0.1426 0.1619 0.1244 0.7337 -0.0073 -0.005182 -0.001023 12.38 490 800 -0.002459 0.374209 0.406836 -0.032627 0.150000 
10.942 3 -0.292490 -0.287695 -10.270722 1.983643 -1.983643 0.244141 0.45 0.47 1.2 1.6 0.142 0.208 0.2080 0.1707 -0.2410 0.7388 -0.0073 -0.007773 -0.000653 12.38 500 810 -0.004494 0.458344 0.413011 0.045333 0.150000 
10.972 3 -1.126807 0.047949 -9.553882 0.366211 -3.112793 8.392334 0.41 0.43 1.4 1.3 0.149 0.124 0.1462 0.1651 0.1218 0.7434 -0.0073 -0.010364 -0.003996 12.38 510 820 -0.002952 0.417259 0.416834 0.000426 0.150000 
11.002 3 -0.402773 -0.134258 -10.352236 -0.122070 10.864258 0.366211 0.37 0.40 1.0 1.0 0.188 0.094 0.1462 0.1619 0.1011 0.7484 -0.0074 -0.012956 -0.003495 12.38 500 800 -0.003583 0.382781 0.419824 -0.037043 0.150000 
11.032 3 -0.724033 -0.604160 -9.702524 0.427246 -9.674072 -1.098633 0.45 0.48 1.3 1.7 0.203 0.223 0.1996 0.1751 -0.1581 0.7532 -0.0075 -0.012956 -0.002852 12.38 500 790 -0.004351 0.463986 0.415229 0.048756 0.150000 
11.062 3 -1.009331 0.338042 -9.532305 -0.701904 -0.640869 2.929688 0.36 0.39 1.2 1.1 0.136 0.104 0.1309 0.1518 0.1347 0.7576 -0.0075 -0.012956 -0.004938 12.38 500 810 -0.001257 0.377468 0.412048 -0.034580 0.150000 
11.092 3 -0.702456 0.158232 -10.493686 -2.349854 -2.319336 -2.716064 0.45 0.47 1.3 1.8 0.211 0.369 0.1900 0.1434 -0.3006 0.7629 -0.0076 -0.012956 0.000088 12.38 500 810 -0.003756 0.458547 0.412013 0.046534 0.150000 
11.122 3 -0.409966 -0.738418 -8.983286 1.098633 -1.434326 2.563477 0.39 0.42 1.2 1.1 0.213 0.144 0.1514 0.1699 0.1192 0.7673 -0.0076 -0.012956 -0.003209 12.38 500 800 -0.001885 0.402910 0.411142 -0.008232 0.150000 
11.152 3 -0.716841 -0.700059 -9.695332 2.777100 10.986328 0.427246 0.36 0.39 1.1 1.0 0.164 0.127 0.1329 0.1574 0.1581 0.7723 -0.0077 -0.015547 -0.002524 12.38 500 810 -0.002647 0.378161 0.415284 -0.037122 0.150000 
11.182 3 -0.357222 0.225361 -9.899116 -0.579834 -2.380371 -2.258301 0.41 0.44 1.0 1.6 0.106 0.199 0.1948 0.1526 -0.2721 0.7771 -0.0078 -0.015547 -0.002885 12.38 490 800 -0.003504 0.428032 0.413536 0.014495 0.150000 
11.212 3 -0.731226 0.098296 -9.815205 -0.823975 0.396729 -2.075195 0.38 0.41 1.1 1.4 0.063 0.200 0.1542 0.1402 -0.0907 0.7817 -0.0078 -0.018138 -0.003930 12.38 500 820 -0.002425 0.395131 0.411560 -0.016429 0.150000 
11.242 3 -0.256528 0.127065 -9.997412 0.854492 -1.495361 -1.983643 0.38 0.41 1.3 1.3 0.227 0.135 0.1313 0.1506 0.1244 0.7863 -0.0079 -0.015547 -0.003981 12.38 500 810 -0.001809 0.391533 0.408029 -0.016496 0.150000 
11.272 3 -0.956587 0.196592 -9.932680 -0.671387 3.479004 -6.195068 0.38 0.41 1.0 1.3 0.040 0.207 0.1611 0.1462 -0.0959 0.7912 -0.0080 -0.015547 -0.002991 12.38 510 810 -0.002741 0.390682 0.405324 -0.014642 0.150000 
11.302 3 -0.872676 0.206182 -9.299750 -1.068115 4.974365 1.251221 0.37 0.39 1.1 1.0 0.100 0.048 0.1458 0.1707 0.1606 0.7960 -0.0081 -0.010364 -0.003298 12.38 500 810 -0.002732 0.380559 0.403585 -0.023026 0.150000 
11.332 3 -0.501069 -0.405171 -10.028579 -0.976562 -4.455566 -3.936768 0.43 0.45 1.6 1.4 0.208 0.184 0.1514 0.1751 0.1529 0.8008 -0.0081 -0.010364 -0.001770 12.38 500 800 -0.003517 0.437114 0.404090 0.033024 0.150000 
11.362 3 -0.491479 0.263721 -9.779243 1.434326 -2.349854 -4.974365 0.39 0.41 1.3 1.1 0.213 0.145 0.1462 0.1735 0.1762 0.8054 -0.0082 -0.007773 -0.003503 12.37 500 800 -0.002513 0.400043 0.401734 -0.001691 0.150000 
11.392 3 -0.707251 -0.498672 -9.565868 -1.495361 3.021240 -3.967285 0.37 0.38 1.2 1.3 0.157 0.108 0.1333 0.1341 0.0052 0.8104 -0.0082 -0.005182 -0.003806 12.38 500 800 -0.002169 0.377351 0.404271 -0.026920 0.150000 
11.422 3 -0.616147 0.115078 -9.776845 0.457764 -6.103516 -2.197266 0.40 0.41 1.2 1.2 0.171 0.103 0.1679 0.1735 0.0363 0.8149 -0.0082 -0.005182 -0.003718 12.38 500 800 -0.002471 0.402789 0.393949 0.008840 0.150000 
11.452 3 -0.596968 -0.294888 -9.613818 0.335693 6.439209 -0.854492 0.36 0.36 1.0 1.2 0.069 0.149 0.1370 0.1229 -0.0907 0.8199 -0.0082 -0.002591 -0.003272 12.38 500 810 -0.001866 0.362166 0.398702 -0.036536 0.150000 
11.482 3 -0.445928 0.467505 -9.393251 -0.640869 -11.138916 -0.915527 0.40 0.40 1.1 1.3 0.136 0.155 0.1735 0.1562 -0.1114 0.8239 -0.0082 -0.002591 -0.003198 12.38 500 800 -0.000969 0.400155 0.383562 0.016593 0.150000 
11.512 3 -1.265859 0.047949 -9.026441 3.875732 9.552002 -3.662109 0.42 0.42 1.0 1.4 0.124 0.126 0.1868 0.1498 -0.2384 0.8297 -0.0082 -0.000000 0.000983 12.38 500 810 -0.004460 0.420899 0.399821 0.021078 0.150000 
11.542 3 -0.100693 -0.884663 -9.781640 -2.410889 8.087158 1.129150 0.43 0.43 1.3 1.1 0.247 0.055 0.1723 0.1928 0.1321 0.8351 -0.0083 -0.002591 -0.002546 12.38 500 790 -0.006360 0.429645 0.419731 0.009914 0.150000 
11.572 3 -0.270913 -0.311670 -10.215581 2.197266 8.605957 -6.866455 0.42 0.42 1.2 1.1 0.177 0.193 0.1783 0.1868 0.0544 0.8408 -0.0083 -0.002591 -0.005542 12.38 500 810 -0.007698 0.422334 0.430813 -0.008478 0.150000 
11.602 3 -0.503467 0.352427 -10.261132 1.068115 2.075195 -3.265381 0.41 0.41 1.0 1.2 0.126 0.129 0.1847 0.1731 -0.0751 0.8458 -0.0083 -0.000000 -0.008969 12.37 500 800 -0.007379 0.406023 0.429172 -0.023149 0.150000 
11.632 3 -0.872676 -0.263721 -10.059746 1.464844 2.441406 -3.234863 0.38 0.37 1.1 0.9 0.106 0.109 0.1530 0.1735 0.1321 0.8508 -0.0083 0.002591 -0.009835 12.38 500 800 -0.006253 0.376048 0.420393 -0.044345 0.150000 
11.662 3 -0.644917 -0.280503 -9.805614 1.129150 -10.833740 -7.720947 0.42 0.42 1.3 1.3 0.193 0.168 0.1775 0.1735 -0.0259 0.8556 -0.0083 0.002591 -0.007482 12.38 500 800 -0.005591 0.422348 0.403439 0.018909 0.150000 
11.692 3 -0.781572 -0.469902 -9.340508 1.220703 -4.669189 -5.249023 0.38 0.37 1.3 1.1 0.169 0.023 0.1329 0.1490 0.1036 0.8602 -0.0083 0.005182 -0.006232 12.38 500 820 -0.003114 0.378680 0.393564 -0.014885 0.150000 
11.722 3 -1.258667 0.409966 -8.501396 -0.335693 -0.244141 -1.525879 0.40 0.39 1.2 1.2 0.155 0.086 0.1542 0.1514 -0.0181 0.8651 -0.0082 0.005182 -0.003443 12.38 500 790 -0.003521 0.393220 0.391585 0.001635 0.150000 
11.752 3 -0.688071 -0.067129 -9.784038 -0.915527 -7.568359 -0.152588 0.46 0.44 1.4 1.5 0.208 0.134 0.1876 0.1743 -0.0855 0.8701 -0.0082 0.007773 -0.001958 12.39 500 810 -0.004672 0.448816 0.395253 0.053563 0.150000 
11.782 3 -0.455518 0.028770 -10.014194 0.366211 -0.152588 1.922607 0.42 0.41 1.3 1.2 0.226 0.132 0.1691 0.1767 0.0492 0.8751 -0.0082 0.005182 -0.003100 12.38 500 810 -0.004698 0.419517 0.403000 0.016517 0.150000 
11.812 3 -0.649712 -0.304478 -10.047758 1.159668 6.530762 0.885010 0.40 0.39 1.2 1.0 0.215 0.002 0.1631 0.1743 0.0726 0.8803 -0.0082 0.005182 -0.004291 12.38 500 810 -0.005395 0.398521 0.410280 -0.011759 0.150000 
11.842 3 -0.836714 -0.311670 -9.685741 -0.335693 -2.075195 0.549316 0.42 0.41 1.2 1.1 0.139 0.101 0.1731 0.1759 0.0181 0.8851 -0.0081 0.005182 -0.005750 12.38 500 790 -0.005097 0.410243 0.409533 0.000710 0.150000 
11.872 3 -0.486685 -0.146245 -10.042964 0.640869 2.502441 3.814697 0.38 0.38 1.1 1.4 0.128 0.126 0.1498 0.1165 -0.2151 0.8902 -0.0081 0.002591 -0.005918 12.39 500 800 -0.003807 0.380875 0.410716 -0.029842 0.150000 
11.902 3 -0.481890 0.107886 -9.805614 -0.762939 -8.544922 0.427246 0.44 0.44 1.2 1.3 0.165 0.147 0.1976 0.1884 -0.0596 0.8950 -0.0081 0.002591 -0.004670 12.38 500 800 -0.005305 0.438868 0.402684 0.036184 0.150000 
11.932 3 -0.985356 -0.436338 -9.400444 -1.434326 5.096436 0.793457 0.40 0.39 1.1 1.1 0.016 0.160 0.1586 0.1574 -0.0078 0.9000 -0.0081 0.005182 -0.004768 12.38 500 790 -0.004653 0.391824 0.410756 -0.018932 0.150000 
11.962 3 -0.167822 -0.350029 -11.383144 0.457764 4.272461 5.523682 0.45 0.44 1.4 1.4 0.338 0.228 0.1751 0.1687 -0.0415 0.9056 -0.0080 0.005182 -0.002856 12.38 500 810 -0.006732 0.442116 0.418266 0.023850 0.150000 
11.992 3 -0.596968 0.400376 -9.906308 -1.495361 -1.922607 7.568359 0.43 0.43 1.2 1.3 0.162 0.169 0.1868 0.1691 -0.1140 0.9104 -0.0080 -0.000000 -0.005947 12.38 490 800 -0.005911 0.426431 0.420081 0.006350 0.150000 
12.022 3 -0.527441 -1.165166 -9.760063 1.983643 6.225586 7.263184 0.40 0.40 1.2 1.3 0.129 0.151 0.1562 0.1414 -0.0959 0.9157 -0.0080 -0.000000 -0.006497 12.38 500 810 -0.005702 0.397436 0.427118 -0.029682 0.150000 
