%% logfile from robot 5
%  1    time 0.012 sec
%  2    mission (2) state 2
%  3  4  5 Acc x,y,z [m/s2]: -4.986719 -1.440874 -15.156748
%  6  7  8 Gyro x,y,z [deg/s]: -18.981934 13.671875 23.956299
%  9 10 Motor velocity ref left, right: 2.00 2.00
% 11 12 Motor voltage [V] left, right: 8.0 8.0
% 13 14 Motor current left, right [A]: 2.245 2.097
% 15 16 Wheel velocity [m/s] left, right: 0.3896 0.4562
% 17    Turnrate [r/s]: 0.4301
% 18 19 20 21 Pose x,y,h,tilt [m,m,rad,rad]: 0.0028 0.0000 0.005182 0.509450
% 22    Battery voltage [V]: 12.31
% 23 24 Get data time [us]: 500 +ctrl 810
% 25 26 27 28 29 Ballance pitch ref -0.021709 [rad], bal-out 2.000000 [rad], I-out 0.923224 [m/s], D-out 5.263863 [rad], vel ref [m/s] 0.000000
%% Configuration as seen in client (assumed updated from robot)
% [main]
% version = 2.162
% mission = 2
% statusinterval = 50
% usbdevicename = /dev/ttyACM0
% connect = True
% 
% [log]
% interval = 30
% mission_state = True
% acceleration = True
% gyro = True
% encoder = False
% motorref = True
% motorvoltage = True
% motorcurrent = True
% wheelvelocity = True
% robotpose = True
% linesensor = False
% batteryvoltage = True
% balancectrl = True
% controltime = True
% extrainfo = False
% logfilename = /home/chr/svnregbot/matlab/log_2015_11_01/bal_drive_1.log
% allow = True
% 
% [wheelVel]
% reguse = True
% usevelest = False
% usevelleadfwd = True
% acclimit = 0.0
% kp = 8.5
% taui = 0.0
% taud = 0.036
% alpha = 0.5
% imax = 8.0
% steptime = 0.2
% stepfromreg = -0.1
% steptoreg = -1.5
% stepfromv = 2.1
% steptov = 4.1
% motorvoltlimit = 8.0
% 
% [turn]
% reguse = True
% leadfwd = False
% kp = 0.5
% taui = 0.0
% taud = 0.0
% alpha = 0.1
% imax = 0.4
% outmax = 15.0
% stepontime = 0.1
% stepofftime = 0.6
% stepvaluereg = 1.0
% stepvaluemotreg = 1.0
% stepvaluemotv = 0.35
% stepvelocitymotreg = 0.2
% stepvelocitymotv = 0.2
% 
% [mission]
% mission = # demo mission
% 	vel=0.2, acc=1,log=67  : dist = 0.2
% 	bal=1,vel=0 : time=8
% 	# go straight
% 	bal=0,vel=0.2: dist = 0.3,time=5
% 	vel=0 : time=1
% filename = mission_1.mis
% 
% [balance]
% use = True
% kp = -10.0
% taui = 0.07
% taud = 0.2
% alpha = 0.2
% imax = 1.0
% outmax = 2.0
% leadfwd = True
% leadgyro = True
% 
% [balanceVel]
% use = True
% kp = 0.33
% taui = 0.0
% taud = 0.007
% alpha = 10.0
% zeta = 0.05
% imax = 0.075
% leadfwd = True
% outmax = 0.075
% steptime = 5.0
% stepfrom = 0.0
% stepto = 0.0
% stepfromvel = 0.0
% steptovel = 0.1
% stepfrommsec = 0.0
% steptomsec = 0.0
% stepfrommotvolt = 0.0
% steptomotvolt = 0.0
% 
% [balanceSS]
% use = False
% k_tilt = -8.0
% k_gyro = 0.02
% k_pos = 0.0
% k_vel = 0.0
% k_motor = 0.0
% outmax = 0.1
% steptime = 50.0
% stepfrom = 0.09
% stepto = 0.09
% steppos = -1
% 
% [lineSensor]
% maximum = 1024
% 
% [robot5]
% version = 2.156.13
% robotbase = 0.155
% gear = 9.68
% encoderppr = 48.0
% weelradiusleft = 0.0297
% weelradiusright = 0.0297
% balanceoffset = 0.07
% 
%% data log
0.042 2 -2.773862 -1.186743 -10.594379 21.087646 141.754150 7.568359 2.01 1.99 8.0 8.0 1.902 1.774 0.6804 0.7723 0.5934 0.0201 0.0003 0.025911 0.456416 12.32 500 810 -0.075000 2.000000 1.000000 4.819348 0.000000 
0.072 2 -6.252578 -1.644658 -10.383403 7.354736 261.077881 3.173828 2.01 1.99 7.6 8.0 1.826 1.434 0.9559 0.9338 -0.1425 0.0444 0.0010 0.028502 0.341697 12.33 500 820 -0.075000 2.000000 1.000000 3.255637 0.000000 
0.102 2 -0.457915 -0.522646 -6.823174 20.080566 365.356445 10.742188 2.01 1.99 6.8 6.0 0.946 0.934 1.1153 1.1474 0.2073 0.0749 0.0019 0.028502 0.172344 12.37 500 810 -0.075000 2.000000 1.000000 1.198102 0.000000 
0.132 2 -2.299165 -1.762134 -6.305322 6.805420 310.485840 17.120361 0.52 0.49 -2.3 -2.6 -0.911 -1.160 0.4723 0.4779 0.0363 0.0996 0.0025 0.025911 -0.016313 12.39 500 800 -0.075000 0.503070 1.000000 -0.496930 0.000000 
0.162 2 -1.404912 -0.328452 -8.386318 3.387451 87.860107 14.068604 0.25 0.23 -1.4 -1.5 -0.352 -0.375 0.3185 0.3040 -0.0933 0.1090 0.0027 0.023320 -0.114836 12.41 500 820 -0.075000 0.241327 0.946380 -0.705053 0.000000 
0.192 2 -0.460312 0.412363 -8.923349 -1.037598 -5.279541 10.253906 0.29 0.27 0.5 0.4 -0.150 -0.179 0.2510 0.2374 -0.0881 0.1174 0.0029 0.018138 -0.123199 12.41 500 810 -0.075000 0.281048 0.744606 -0.463559 0.000000 
0.222 2 -0.129463 -0.330850 -10.042964 -1.708984 -24.078369 6.103516 0.29 0.27 1.0 1.3 0.083 0.092 0.1968 0.1598 -0.2384 0.1235 0.0030 0.012956 -0.111442 12.41 500 790 -0.075000 0.281275 0.561645 -0.280369 0.000000 
0.252 2 -0.369209 -0.206182 -9.877539 -1.678467 -25.970459 8.514404 0.33 0.32 1.1 1.4 0.066 0.083 0.2157 0.1900 -0.1658 0.1297 0.0031 0.010364 -0.095223 12.41 500 810 -0.075000 0.329373 0.440953 -0.111579 0.000000 
0.282 2 -0.388389 0.076719 -10.174824 -0.671387 -10.437012 0.732422 0.31 0.30 1.0 1.3 0.220 0.093 0.1956 0.1679 -0.1788 0.1351 0.0031 0.007773 -0.085566 12.41 500 800 -0.075000 0.308868 0.378097 -0.069230 0.000000 
0.312 2 -0.441133 -0.350029 -9.544291 -1.434326 -7.415771 2.532959 0.33 0.32 1.3 1.0 0.134 -0.038 0.1884 0.1996 0.0726 0.1409 0.0032 0.005182 -0.079588 12.41 500 810 -0.075000 0.326311 0.346306 -0.019995 0.000000 
0.342 2 -0.568198 -0.158232 -9.534702 -0.976562 0.274658 -0.518799 0.31 0.31 0.9 1.0 0.052 0.090 0.1988 0.1815 -0.1114 0.1468 0.0032 0.002591 -0.075753 12.42 500 810 -0.073483 0.311554 0.335208 -0.023653 0.000000 
0.372 2 -1.256269 -0.234951 -8.817861 -1.678467 -27.587891 -0.030518 0.29 0.28 1.6 1.3 0.203 -0.097 0.1353 0.1566 0.1373 0.1508 0.0032 0.002591 -0.074055 12.39 490 790 -0.062878 0.285382 0.300844 -0.015462 0.000000 
0.402 2 -0.273311 -0.565801 -9.748075 3.784180 4.760742 -3.662109 0.26 0.26 0.7 1.0 -0.074 -0.094 0.1502 0.1357 -0.0933 0.1564 0.0032 0.002591 -0.062892 12.41 500 800 -0.061728 0.261843 0.290110 -0.028266 0.000000 
0.432 2 0.100693 -0.302080 -10.565610 -2.685547 -36.499023 2.380371 0.35 0.34 2.0 1.5 0.424 0.304 0.1707 0.1948 0.1555 0.1600 0.0032 0.002591 -0.059170 12.40 500 790 -0.054886 0.343881 0.259318 0.084563 0.000000 
0.462 2 -1.141191 0.520249 -8.393511 9.002686 23.468018 1.770020 0.17 0.17 0.1 0.6 -0.059 -0.044 0.1028 0.0699 -0.2125 0.1648 0.0032 0.002591 -0.055161 12.41 500 800 -0.052795 0.166848 0.272430 -0.105582 0.000000 
0.492 2 -1.229897 0.896650 -9.225430 -5.371094 -37.994385 6.774902 0.46 0.47 2.8 2.9 0.342 0.299 0.2305 0.2181 -0.0803 0.1692 0.0032 -0.002591 -0.047389 12.40 500 800 -0.054907 0.463935 0.256134 0.207801 0.000000 
0.522 2 -0.697661 1.229897 -10.141259 -6.225586 14.709473 9.826660 0.12 0.13 -0.4 0.3 -0.094 -0.112 0.1076 0.0498 -0.3731 0.1729 0.0032 -0.007773 -0.055467 12.41 500 810 -0.046302 0.122804 0.265797 -0.142994 0.000000 
0.552 2 -0.390786 -0.069526 -9.774448 -7.476807 17.517090 13.275146 0.26 0.27 0.5 0.7 0.077 -0.069 0.1679 0.1530 -0.0959 0.1783 0.0032 -0.010364 -0.046342 12.41 500 800 -0.052217 0.264935 0.267335 -0.002400 0.000000 
0.582 2 -1.014126 -0.975767 -7.427334 1.922607 -31.005859 7.324219 0.27 0.28 1.7 1.8 0.096 0.138 0.1357 0.1265 -0.0596 0.1809 0.0031 -0.018138 -0.052418 12.41 500 790 -0.044383 0.274745 0.246862 0.027882 0.000000 
0.612 2 -0.455518 1.160371 -8.602090 10.162354 18.676758 0.762939 0.17 0.19 0.1 0.6 -0.041 -0.040 0.1133 0.0884 -0.1606 0.1855 0.0030 -0.020729 -0.046628 12.40 500 800 -0.045794 0.175941 0.249479 -0.073538 0.000000 
0.642 2 -0.354824 0.294888 -9.649780 -5.218506 -25.756836 3.845215 0.26 0.28 1.2 1.0 0.203 0.224 0.1482 0.1611 0.0829 0.1881 0.0030 -0.023320 -0.045179 12.40 500 810 -0.041244 0.266862 0.216310 0.050552 0.000000 
0.672 2 -1.018921 -2.390269 -9.457983 6.195068 19.073486 -0.183105 0.09 0.12 0.2 0.1 -0.002 -0.016 0.0434 0.0606 0.1114 0.1913 0.0029 -0.023320 -0.042791 12.40 500 790 -0.038129 0.106495 0.219703 -0.113208 0.000000 
0.702 2 0.131860 1.778916 -11.373554 0.335693 -30.548096 -3.875732 0.34 0.37 2.0 2.3 0.325 0.306 0.1687 0.1639 -0.0311 0.1947 0.0028 -0.025911 -0.034446 12.41 500 790 -0.039507 0.355038 0.197791 0.157247 0.000000 
0.732 2 -0.448325 -0.390786 -10.886869 -2.685547 13.122559 -8.422852 0.06 0.09 -0.0 0.0 -0.032 -0.070 0.0253 0.0422 0.1088 0.1965 0.0028 -0.023320 -0.039954 12.41 500 790 -0.031868 0.075963 0.202629 -0.126666 0.000000 
0.762 2 -0.091104 -0.671289 -11.889009 -4.638672 -9.582520 -4.577637 0.30 0.32 1.4 1.5 0.351 0.230 0.1562 0.1671 0.0700 0.2006 0.0027 -0.018138 -0.029924 12.41 500 800 -0.037819 0.308600 0.196195 0.112405 0.000000 
0.792 2 -1.217910 0.230156 -8.232881 6.164551 -13.427734 -1.953125 0.13 0.15 1.3 1.4 -0.006 -0.043 0.0201 0.0221 0.0130 0.2018 0.0026 -0.018138 -0.038045 12.41 500 800 -0.028026 0.138192 0.191504 -0.053312 0.000000 
0.822 2 -0.376401 1.690210 -8.674013 1.708984 28.076172 -8.758545 0.13 0.14 0.3 -0.4 0.046 -0.040 0.0506 0.1028 0.3368 0.2054 0.0026 -0.012956 -0.029531 12.40 500 790 -0.033104 0.135762 0.198029 -0.062266 0.000000 
0.852 2 -0.465107 -2.037842 -8.868208 -5.096436 -17.150879 -10.864258 0.20 0.21 0.8 0.9 0.149 0.044 0.1092 0.1145 0.0337 0.2072 0.0026 -0.010364 -0.032339 12.41 500 790 -0.029054 0.204736 0.177723 0.027013 0.000000 
0.882 2 -0.853496 0.342837 -8.297612 11.505127 19.836426 -13.305664 0.10 0.11 0.2 0.2 0.010 -0.054 0.0418 0.0526 0.0700 0.2100 0.0025 -0.005182 -0.030388 12.41 500 800 -0.029135 0.105328 0.187094 -0.081766 0.000000 
0.912 2 -0.151040 1.699800 -10.711855 -1.220703 -23.620605 -2.227783 0.23 0.24 0.3 1.2 0.165 0.148 0.1663 0.1205 -0.2954 0.2116 0.0025 -0.005182 -0.028300 12.41 500 800 -0.027393 0.233557 0.160175 0.073382 0.000000 
0.942 2 -0.290093 -2.793042 -11.505415 -2.258301 13.916016 -3.112793 0.08 0.08 0.2 0.1 0.020 -0.021 0.0285 0.0378 0.0596 0.2134 0.0025 -0.002591 -0.027977 12.41 500 800 -0.024376 0.082094 0.166687 -0.084593 0.000000 
0.972 2 -0.767187 -1.774121 -11.634877 2.624512 -21.575928 -8.666992 0.28 0.28 1.3 1.6 0.172 0.207 0.1502 0.1349 -0.0985 0.2154 0.0025 -0.002591 -0.021101 12.38 500 790 -0.026778 0.283303 0.151217 0.132086 0.000000 
1.002 2 -0.539429 0.954189 -10.333056 1.892090 4.486084 -3.936768 0.06 0.06 0.3 0.3 0.033 -0.020 0.0141 0.0169 0.0181 0.2160 0.0025 -0.000000 -0.026861 12.41 500 760 -0.019745 0.063983 0.150805 -0.086822 0.000000 
1.032 2 -0.023975 2.481372 -9.520317 -7.507324 4.882812 1.190186 0.19 0.19 0.8 0.9 0.087 0.330 0.0892 0.0799 -0.0596 0.2186 0.0025 -0.002591 -0.017427 12.41 500 780 -0.023652 0.193335 0.148126 0.045209 0.000000 
1.062 2 -1.023716 -0.690469 -7.496860 1.403809 -6.652832 1.220703 0.10 0.10 0.8 0.8 -0.009 -0.044 0.0112 0.0141 0.0181 0.2188 0.0025 -0.000000 -0.024103 12.41 500 760 -0.017092 0.095160 0.142045 -0.046884 0.000000 
1.092 2 0.438735 0.577788 -10.263530 2.044678 18.188477 4.455566 0.13 0.13 0.4 0.1 0.066 0.116 0.0502 0.0647 0.0933 0.2212 0.0025 -0.000000 -0.015841 12.41 510 770 -0.020555 0.127980 0.144324 -0.016344 0.000000 
1.122 2 -0.978164 0.062334 -7.242729 -2.624512 -10.620117 0.915527 0.09 0.09 0.8 0.8 0.006 -0.026 0.0137 0.0149 0.0078 0.2216 0.0025 -0.000000 -0.023150 12.41 500 760 -0.014988 0.085401 0.129950 -0.044548 0.000000 
1.152 2 -0.441133 -0.565801 -9.652178 0.640869 -22.735596 2.624512 0.20 0.20 1.5 1.6 0.316 0.272 0.0606 0.0578 -0.0181 0.2229 0.0025 -0.000000 -0.014043 12.39 500 760 -0.014965 0.200406 0.111825 0.088581 0.000000 
1.182 2 -0.596968 0.834316 -11.037910 -4.180908 14.282227 -4.394531 0.04 0.04 -0.1 -0.1 0.019 -0.023 0.0189 0.0153 -0.0233 0.2239 0.0025 -0.002591 -0.017546 12.41 500 800 -0.014581 0.043407 0.122907 -0.079500 0.000000 
1.212 2 -0.834316 -1.431284 -10.299492 -2.349854 -19.470215 1.892090 0.16 0.16 1.0 1.1 0.012 0.169 0.0635 0.0534 -0.0648 0.2249 0.0025 -0.000000 -0.014512 12.41 500 770 -0.013172 0.157108 0.102540 0.054568 0.000000 
1.242 2 -1.004536 -0.179810 -8.803476 2.380371 11.627197 -2.838135 0.08 0.08 0.4 0.2 0.017 0.035 0.0241 0.0337 0.0622 0.2261 0.0025 -0.000000 -0.013128 12.40 500 760 -0.014082 0.083359 0.114405 -0.031046 0.000000 
1.272 2 -0.623340 1.193936 -10.107695 0.610352 -7.843018 7.659912 0.09 0.09 0.8 0.8 0.039 -0.013 0.0084 0.0092 0.0052 0.2261 0.0025 -0.000000 -0.014426 12.41 500 770 -0.010346 0.090246 0.103665 -0.013419 0.000000 
1.302 2 0.357222 0.170220 -10.424160 -0.274658 -3.662109 -10.162354 0.18 0.18 0.7 1.2 -0.030 0.067 0.0928 0.0614 -0.2021 0.2275 0.0025 -0.002591 -0.007113 12.41 500 790 -0.013627 0.180993 0.103071 0.077922 0.000000 
1.332 2 -0.606558 -1.201128 -8.949721 2.410889 1.007080 -1.556396 0.09 0.09 0.7 0.7 0.040 -0.009 0.0116 0.0108 -0.0052 0.2275 0.0025 -0.002591 -0.011487 12.41 500 800 -0.010036 0.093044 0.111072 -0.018028 0.000000 
1.362 2 -0.688071 -0.671289 -10.105297 -0.549316 -12.115479 1.983643 0.18 0.19 0.8 1.2 0.235 0.220 0.0799 0.0619 -0.1166 0.2287 0.0025 -0.002591 -0.007032 12.38 500 810 -0.010663 0.185936 0.107330 0.078606 0.000000 
1.392 2 -0.733623 0.589775 -9.678550 1.159668 3.021240 5.828857 0.09 0.10 0.7 0.7 0.011 -0.007 0.0149 0.0125 -0.0155 0.2289 0.0025 -0.005182 -0.010685 12.41 500 800 -0.009621 0.096667 0.117853 -0.021185 0.000000 
1.422 2 -0.280503 -0.040757 -9.736089 -2.166748 -11.260986 6.744385 0.15 0.16 0.3 1.7 0.325 0.284 0.0823 0.0068 -0.4871 0.2295 0.0025 -0.007773 -0.007677 12.39 500 810 -0.008466 0.158406 0.111208 0.047198 0.000000 
1.452 2 -0.635327 0.383594 -10.205991 -2.044678 8.239746 2.624512 0.06 0.06 0.2 -0.3 0.036 0.023 0.0153 0.0394 0.1555 0.2301 0.0025 -0.005182 -0.011548 12.41 500 800 -0.008802 0.059334 0.115553 -0.056219 0.000000 
1.482 2 -0.508262 -0.623340 -9.769653 -1.556396 -12.054443 7.019043 0.11 0.11 1.1 1.1 0.138 0.095 0.0068 0.0112 0.0285 0.2301 0.0025 -0.005182 -0.010397 12.41 500 800 -0.007084 0.108522 0.099569 0.008953 0.000000 
1.512 2 -0.484287 -0.254131 -9.414829 0.732422 -3.387451 -7.263184 0.09 0.10 0.5 0.8 0.029 -0.021 0.0321 0.0092 -0.1477 0.2309 0.0025 -0.010364 -0.007946 12.41 500 800 -0.007027 0.094747 0.092118 0.002629 0.000000 
1.542 2 -0.592173 0.282900 -9.757666 1.861572 4.943848 -9.368896 0.07 0.08 0.3 0.3 0.016 -0.025 0.0108 0.0096 -0.0078 0.2311 0.0025 -0.007773 -0.006301 12.41 500 800 -0.005970 0.071620 0.092190 -0.020570 0.000000 
1.572 2 -0.623340 0.234951 -9.829590 -0.976562 -8.850098 2.563477 0.12 0.13 1.2 1.2 0.219 0.191 0.0056 0.0092 0.0233 0.2311 0.0025 -0.007773 -0.004530 12.41 500 800 -0.004806 0.123227 0.089573 0.033654 0.000000 
1.602 2 -0.788765 -0.537031 -10.102901 -3.021240 5.340576 -2.716064 0.05 0.05 0.1 0.2 0.007 -0.032 0.0048 0.0084 0.0233 0.2315 0.0025 -0.007773 -0.006001 12.41 490 790 -0.003887 0.049405 0.089179 -0.039774 0.000000 
1.632 2 -0.656904 -0.510659 -10.078925 0.335693 -8.758545 4.211426 0.10 0.11 1.0 1.1 0.127 0.142 0.0048 0.0072 0.0155 0.2315 0.0025 -0.007773 -0.003653 12.41 500 800 -0.003262 0.108043 0.081378 0.026666 0.000000 
1.662 2 -0.558608 0.218169 -9.815205 0.885010 -5.096436 -2.075195 0.11 0.12 1.1 0.9 0.147 -0.018 0.0048 0.0281 0.1503 0.2317 0.0025 -0.005182 -0.002589 12.41 500 800 -0.004143 0.116366 0.083036 0.033330 0.000000 
1.692 2 -1.102832 -0.175015 -9.191865 -0.396729 5.828857 6.713867 0.07 0.08 0.4 0.5 0.034 -0.010 0.0040 0.0088 0.0311 0.2319 0.0025 -0.007773 -0.002961 12.41 500 800 -0.003521 0.076428 0.091178 -0.014749 0.000000 
1.722 2 -0.340439 -0.191797 -10.172426 -0.335693 -2.288818 0.671387 0.10 0.12 0.8 1.0 0.084 0.212 0.0096 0.0052 -0.0285 0.2321 0.0025 -0.010364 -0.002105 12.41 500 790 -0.003025 0.109862 0.092673 0.017189 0.000000 
1.752 2 -0.608955 -0.196592 -9.757666 0.122070 -0.854492 -3.417969 0.11 0.12 0.8 1.0 0.019 0.147 0.0096 0.0036 -0.0389 0.2321 0.0025 -0.010364 -0.001378 12.41 500 790 -0.002750 0.114092 0.097394 0.016697 0.000000 
1.782 2 -0.419556 0.745610 -10.273120 -0.152588 2.990723 2.990723 0.11 0.12 0.8 0.9 0.169 0.207 0.0068 0.0032 -0.0233 0.2325 0.0025 -0.010364 -0.000653 12.41 500 800 -0.002388 0.111083 0.104176 0.006907 0.000000 
1.812 2 -0.362017 -0.227759 -10.114887 -0.854492 -3.387451 7.446289 0.12 0.13 1.0 1.2 0.259 0.245 0.0104 0.0032 -0.0466 0.2327 0.0025 -0.012956 -0.001666 12.41 500 790 -0.002204 0.122772 0.105571 0.017201 0.000000 
1.842 2 -0.534634 -0.127065 -9.978232 0.335693 1.708984 2.868652 0.10 0.11 0.7 0.9 0.029 0.089 0.0173 0.0032 -0.0907 0.2329 0.0025 -0.015547 -0.003064 12.41 500 800 -0.003263 0.105511 0.109489 -0.003978 0.000000 
1.872 2 -1.004536 -0.498672 -9.294956 0.518799 9.368896 0.762939 0.06 0.08 0.2 0.3 0.029 -0.024 0.0104 0.0040 -0.0415 0.2333 0.0025 -0.015547 -0.003861 12.41 500 800 -0.002942 0.069366 0.111265 -0.041899 0.000000 
1.902 2 -0.534634 -0.414761 -10.313877 -0.854492 -6.011963 -0.274658 0.12 0.14 1.1 1.3 0.273 0.269 0.0088 0.0040 -0.0311 0.2333 0.0025 -0.015547 -0.002649 12.41 500 800 -0.002708 0.128479 0.106901 0.021578 0.000000 
1.932 2 -0.620942 0.254131 -9.817602 1.037598 -1.525879 -4.364014 0.09 0.10 0.7 0.8 0.041 -0.005 0.0084 0.0076 -0.0052 0.2337 0.0025 -0.015547 -0.004208 12.41 500 790 -0.002705 0.093325 0.103025 -0.009700 0.000000 
1.962 2 -0.263721 -0.091104 -9.501138 0.915527 8.605957 -8.026123 0.06 0.07 0.2 0.2 0.019 -0.025 0.0068 0.0088 0.0130 0.2339 0.0025 -0.012956 -0.003256 12.41 500 800 -0.002687 0.065668 0.101399 -0.035731 0.000000 
1.992 2 -0.736021 -0.481890 -9.235020 -1.922607 -5.706787 0.061035 0.10 0.11 0.9 1.0 0.012 -0.016 0.0044 0.0088 0.0285 0.2339 0.0025 -0.012956 -0.003781 12.41 500 800 -0.002532 0.102167 0.094743 0.007424 0.000000 
2.022 2 -0.632930 -0.357222 -9.438804 2.624512 3.387451 -8.239746 0.07 0.08 0.4 0.5 0.023 -0.010 0.0032 0.0076 0.0285 0.2341 0.0025 -0.010364 -0.003147 12.37 500 800 -0.002279 0.072429 0.092933 -0.020504 0.000000 
2.052 2 -0.493877 0.580186 -10.143657 0.701904 -5.065918 2.929688 0.10 0.11 0.9 1.0 0.155 0.137 0.0024 0.0076 0.0337 0.2341 0.0025 -0.010364 -0.002173 12.41 500 800 -0.002074 0.105725 0.089033 0.016692 0.000000 
2.082 2 -0.745610 -0.088706 -9.951860 -0.762939 -4.028320 -3.234863 0.10 0.11 1.0 1.0 0.026 -0.012 0.0020 0.0076 0.0363 0.2343 0.0025 -0.007773 -0.001631 12.41 500 790 -0.001913 0.106608 0.089728 0.016880 0.000000 
2.112 2 -0.580186 -0.206182 -9.731294 -0.976562 -3.631592 0.549316 0.12 0.12 1.1 1.1 0.235 0.173 0.0016 0.0064 0.0311 0.2343 0.0025 -0.007773 -0.000311 12.41 500 790 -0.001758 0.120552 0.093404 0.027148 0.000000 
2.142 2 -0.891855 -0.117476 -9.352495 -0.396729 -5.401611 -0.427246 0.13 0.13 1.2 1.2 0.206 0.158 0.0016 0.0044 0.0181 0.2345 0.0025 -0.005182 -0.000457 12.41 500 800 -0.001512 0.127719 0.098316 0.029403 0.000000 
2.172 2 -0.489082 0.103091 -9.851167 0.305176 -0.610352 -1.281738 0.10 0.11 0.9 0.9 0.072 0.013 0.0012 0.0044 0.0207 0.2345 0.0025 -0.005182 -0.001125 12.41 500 800 -0.001311 0.105810 0.101817 0.003993 0.000000 
2.202 2 -1.237090 -0.481890 -9.107954 0.488281 3.814697 2.502441 0.08 0.09 0.6 0.6 0.048 -0.015 0.0012 0.0092 0.0518 0.2349 0.0025 -0.005182 -0.002065 12.37 500 800 -0.001446 0.085695 0.105202 -0.019506 0.000000 
2.232 2 -0.302080 -0.273311 -10.333056 -0.793457 -6.958008 3.570557 0.13 0.14 1.2 1.3 0.280 0.306 0.0088 0.0076 -0.0078 0.2351 0.0025 -0.007773 -0.000937 12.40 500 800 -0.001728 0.134501 0.102311 0.032191 0.000000 
2.262 2 -1.110024 0.019180 -9.148710 0.244141 -0.396729 5.157471 0.10 0.11 0.8 1.0 0.014 -0.026 0.0145 0.0048 -0.0622 0.2353 0.0025 -0.010364 -0.003260 12.41 500 800 -0.003042 0.105728 0.106522 -0.000794 0.000000 
2.292 2 -0.529839 -0.179810 -9.755268 0.885010 19.805908 5.645752 0.04 0.05 -0.6 -0.1 0.046 -0.006 0.0378 0.0044 -0.2151 0.2359 0.0024 -0.012956 -0.004000 12.41 500 790 -0.004255 0.043810 0.110398 -0.066588 0.000000 
2.322 2 -0.918227 -0.254131 -9.597035 0.244141 -6.286621 8.331299 0.10 0.11 1.0 1.1 0.017 0.009 0.0096 0.0044 -0.0337 0.2359 0.0024 -0.012956 -0.005755 12.42 500 800 -0.003658 0.104243 0.103270 0.000973 0.000000 
2.352 2 -0.450723 -0.033564 -10.052553 -0.457764 -2.258301 -4.394531 0.10 0.11 0.4 1.0 0.015 0.070 0.0329 0.0044 -0.1840 0.2363 0.0024 -0.018138 -0.003618 12.41 500 800 -0.003545 0.105405 0.098251 0.007154 0.000000 
2.382 2 -0.601763 -0.086309 -9.793628 -0.305176 -3.845215 -2.105713 0.12 0.13 1.1 1.2 0.229 0.194 0.0129 0.0044 -0.0544 0.2365 0.0024 -0.015547 -0.002449 12.41 500 800 -0.003648 0.126451 0.101040 0.025411 0.000000 
2.412 2 -0.407568 -0.294888 -10.246748 0.091553 3.875732 -2.502441 0.10 0.11 0.7 0.7 0.154 0.101 0.0064 0.0076 0.0078 0.2367 0.0024 -0.012956 -0.001796 12.41 500 790 -0.003127 0.105959 0.106179 -0.000220 0.000000 
2.442 2 -0.285298 -0.376401 -10.333056 -0.640869 0.610352 0.885010 0.12 0.13 1.0 0.9 0.329 0.222 0.0040 0.0133 0.0596 0.2369 0.0024 -0.010364 -0.001257 12.41 500 800 -0.002870 0.124195 0.110196 0.013999 0.000000 
2.472 2 -0.673687 0.067129 -9.642588 1.159668 -3.662109 -4.058838 0.12 0.12 1.1 1.0 0.173 0.097 0.0032 0.0116 0.0544 0.2371 0.0024 -0.007773 -0.003203 12.42 500 810 -0.002793 0.119009 0.110329 0.008680 0.000000 
2.502 2 -0.441133 -0.738418 -9.594639 1.983643 8.026123 -5.340576 0.08 0.08 0.4 0.4 0.015 -0.000 0.0028 0.0197 0.1088 0.2375 0.0024 -0.007773 -0.004087 12.40 500 790 -0.003579 0.080095 0.113187 -0.033093 0.000000 
2.532 2 -0.640122 -0.040757 -10.261132 -0.732422 -7.598877 3.295898 0.14 0.15 1.3 1.4 0.274 0.230 0.0072 0.0092 0.0130 0.2379 0.0024 -0.007773 -0.002591 12.39 500 800 -0.003135 0.141948 0.109980 0.031968 0.000000 
2.562 2 -0.688071 0.074321 -9.800820 1.281738 -0.610352 4.638672 0.08 0.09 0.7 0.7 0.050 -0.000 0.0072 0.0133 0.0389 0.2381 0.0024 -0.005182 -0.006563 12.41 500 800 -0.004098 0.085904 0.108423 -0.022519 0.000000 
2.592 2 -0.369209 -0.194194 -10.172426 -1.434326 -1.892090 -2.563477 0.10 0.11 0.8 0.9 0.136 0.151 0.0076 0.0072 -0.0026 0.2385 0.0024 -0.005182 -0.003992 12.41 490 790 -0.003540 0.103218 0.101132 0.002086 0.000000 
2.622 2 -0.748008 -0.256528 -9.131928 -0.366211 -6.134033 -0.335693 0.13 0.14 1.3 0.6 0.243 -0.008 0.0145 0.0602 0.2954 0.2387 0.0024 -0.007773 -0.004164 12.37 500 790 -0.005505 0.135156 0.100334 0.034822 0.000000 
2.652 2 -0.546621 0.076719 -9.702524 0.274658 -0.854492 7.171631 0.11 0.12 0.9 1.0 0.007 0.017 0.0104 0.0108 0.0026 0.2389 0.0024 -0.010364 -0.004372 12.41 500 800 -0.004808 0.112951 0.105612 0.007339 0.000000 
2.682 2 -0.613750 -0.004795 -9.913501 -0.732422 -4.699707 -2.655029 0.12 0.14 1.1 1.3 0.166 0.223 0.0096 0.0060 -0.0233 0.2391 0.0024 -0.012956 -0.003371 12.41 500 800 -0.004081 0.131450 0.107948 0.023502 0.000000 
2.712 2 -1.018921 -0.191797 -9.465176 -0.335693 -6.347656 6.164551 0.13 0.14 1.1 1.3 0.042 0.143 0.0169 0.0056 -0.0726 0.2395 0.0024 -0.012956 -0.004127 12.41 500 790 -0.004257 0.132954 0.109493 0.023461 0.000000 
2.742 2 -0.748008 0.230156 -9.474766 -0.579834 -1.831055 4.699707 0.10 0.12 0.8 1.0 0.026 0.007 0.0112 0.0056 -0.0363 0.2397 0.0024 -0.015547 -0.004380 12.41 500 800 -0.003722 0.110451 0.110644 -0.000193 0.000000 
2.772 2 -0.019180 0.266118 -10.220376 0.518799 9.460449 1.037598 0.07 0.09 0.2 0.4 0.054 0.059 0.0100 0.0052 -0.0311 0.2401 0.0024 -0.015547 -0.003315 12.41 500 780 -0.003329 0.077535 0.110418 -0.032883 0.000000 
2.802 2 -0.522646 -0.244541 -9.911103 -1.647949 -7.629395 2.441406 0.13 0.14 1.2 1.3 0.230 0.302 0.0100 0.0088 -0.0078 0.2403 0.0024 -0.012956 -0.002695 12.41 500 810 -0.003110 0.138175 0.107390 0.030785 0.000000 
2.832 2 -0.846304 0.436338 -9.707319 0.549316 -0.549316 0.671387 0.07 0.09 0.5 0.7 0.036 -0.016 0.0088 0.0088 0.0000 0.2405 0.0024 -0.015547 -0.005445 12.42 500 800 -0.003032 0.081485 0.103691 -0.022206 0.000000 
2.862 2 -0.577788 -0.007192 -10.033374 -1.403809 2.990723 -6.835938 0.09 0.11 0.7 0.1 0.038 0.044 0.0076 0.0486 0.2643 0.2411 0.0024 -0.012956 -0.002810 12.41 500 800 -0.003797 0.099237 0.099805 -0.000568 0.000000 
2.892 2 -0.484287 -0.764790 -9.110352 0.213623 -5.004883 -3.265381 0.10 0.11 0.9 1.0 0.016 0.044 0.0076 0.0120 0.0285 0.2411 0.0024 -0.012956 -0.005161 12.41 500 790 -0.003927 0.102244 0.097115 0.005129 0.000000 
2.922 2 -1.316206 -0.100693 -8.261650 5.554199 8.666992 -5.249023 0.03 0.04 -0.2 1.0 0.010 -0.011 0.0080 -0.0554 -0.4094 0.2415 0.0024 -0.012956 -0.005681 12.41 500 800 -0.002424 0.033031 0.095855 -0.062824 0.000000 
2.952 2 -0.326055 1.066870 -10.349838 0.091553 -8.270264 4.486084 0.08 0.09 0.8 0.8 0.067 -0.004 0.0080 0.0177 0.0622 0.2417 0.0024 -0.010364 -0.005721 12.41 500 800 -0.003583 0.088162 0.080674 0.007488 0.000000 
2.982 2 -0.774380 -0.338042 -10.014194 -1.342773 -4.241943 -3.051758 0.09 0.10 0.8 0.9 0.003 -0.037 0.0052 0.0076 0.0155 0.2417 0.0024 -0.010364 -0.003226 12.41 490 790 -0.003165 0.091245 0.077047 0.014198 0.000000 
3.012 2 -0.445928 -0.117476 -9.496343 0.122070 0.854492 -6.683350 0.09 0.10 0.7 0.8 -0.019 -0.008 0.0040 0.0056 0.0104 0.2421 0.0024 -0.010364 -0.001015 12.40 500 790 -0.002618 0.094888 0.081843 0.013044 0.000000 
3.042 2 -0.134258 -0.489082 -10.704662 -1.739502 -2.807617 9.582520 0.13 0.14 1.1 1.2 0.329 0.292 0.0153 0.0100 -0.0337 0.2425 0.0024 -0.010364 0.000847 12.40 500 790 -0.002785 0.136042 0.089919 0.046123 0.000000 
3.072 2 -0.453120 0.426748 -10.018989 2.014160 -1.190186 2.838135 0.10 0.12 0.9 1.0 0.039 0.078 0.0116 0.0100 -0.0104 0.2427 0.0024 -0.012956 -0.002313 12.41 500 790 -0.003125 0.109363 0.097096 0.012267 0.000000 
3.102 2 -1.335386 0.822329 -7.774966 7.019043 22.521973 -7.904053 0.06 0.07 -0.3 -0.1 0.044 0.008 0.0337 0.0317 -0.0130 0.2435 0.0024 -0.012956 -0.003340 12.41 500 800 -0.006334 0.063409 0.112080 -0.048671 0.000000 
3.132 2 -0.858291 0.690469 -9.700127 -1.159668 -6.988525 7.385254 0.10 0.11 1.3 1.1 0.200 0.006 -0.0145 0.0092 0.1529 0.2433 0.0024 -0.010364 -0.007306 12.42 500 800 -0.004239 0.102490 0.108761 -0.006270 0.000000 
3.162 2 -0.239746 0.210977 -9.692934 1.922607 3.997803 -15.045166 0.13 0.15 0.3 1.1 0.013 0.139 0.0695 0.0357 -0.2177 0.2445 0.0024 -0.010364 -0.004120 12.40 500 800 -0.008336 0.140062 0.111857 0.028204 0.000000 
3.192 2 -0.896650 0.062334 -8.861015 -1.464844 -2.441406 -9.368896 0.15 0.16 1.4 1.2 0.254 0.037 0.0149 0.0374 0.1451 0.2453 0.0023 -0.010364 -0.006319 12.39 500 790 -0.008423 0.155108 0.125547 0.029561 0.000000 
3.222 2 -0.443530 -0.755200 -10.052553 -0.579834 -8.209229 8.056641 0.16 0.17 1.5 1.6 0.298 0.310 0.0141 0.0173 0.0207 0.2457 0.0023 -0.010364 -0.006659 12.40 500 790 -0.007537 0.167460 0.130025 0.037435 0.000000 
3.252 2 -0.513057 0.172617 -10.313877 -2.136230 5.676270 5.645752 0.06 0.07 0.3 0.3 0.048 0.002 0.0145 0.0149 0.0026 0.2461 0.0023 -0.010364 -0.011659 12.41 500 800 -0.007491 0.066229 0.127725 -0.061496 0.000000 
3.282 2 -0.635327 -0.333247 -9.784038 -1.434326 -8.239746 1.556396 0.09 0.10 0.8 0.9 0.027 0.058 0.0072 0.0072 0.0000 0.2465 0.0023 -0.010364 -0.009639 12.41 500 800 -0.005794 0.097215 0.106905 -0.009690 0.000000 
3.312 2 -0.561006 -0.095898 -9.513124 -0.061035 -8.911133 1.373291 0.11 0.12 1.0 1.1 0.077 0.106 0.0072 0.0072 0.0000 0.2465 0.0023 -0.010364 -0.006168 12.41 500 790 -0.004606 0.110599 0.095117 0.015481 0.000000 
3.342 2 -0.618545 -0.374004 -10.203593 -0.305176 -7.934570 -1.861572 0.13 0.13 1.2 1.2 0.314 0.238 0.0060 0.0068 0.0052 0.2467 0.0023 -0.007773 -0.002998 12.41 500 800 -0.003791 0.128990 0.093361 0.035629 0.000000 
3.372 2 -0.122271 -0.481890 -10.503276 -0.396729 -0.366211 -10.284424 0.13 0.14 1.0 1.1 0.267 0.246 0.0225 0.0145 -0.0518 0.2474 0.0023 -0.010364 -0.001146 12.41 500 790 -0.004568 0.136773 0.101274 0.035499 0.000000 
3.402 2 -0.870278 0.182207 -9.278173 1.800537 -4.211426 -7.263184 0.16 0.16 1.4 1.5 0.339 0.304 0.0149 0.0141 -0.0052 0.2480 0.0023 -0.007773 -0.002396 12.38 500 810 -0.005484 0.160987 0.115411 0.045576 0.000000 
3.432 2 -0.759995 -0.040757 -9.839179 -3.173828 2.807617 0.701904 0.14 0.14 1.0 0.5 0.053 0.085 0.0237 0.0647 0.2643 0.2488 0.0023 -0.007773 -0.005410 12.41 500 790 -0.007580 0.140920 0.129027 0.011893 0.000000 
3.462 2 -0.563403 -0.616147 -10.119682 0.579834 12.939453 8.819580 0.09 0.10 0.4 0.4 0.013 -0.004 0.0245 0.0337 0.0596 0.2496 0.0023 -0.007773 -0.008713 12.41 500 790 -0.008981 0.096851 0.139338 -0.042486 0.000000 
3.492 2 -0.673687 0.117476 -9.366879 0.854492 -7.904053 9.185791 0.12 0.13 1.1 1.2 0.236 0.200 0.0084 0.0092 0.0052 0.2498 0.0023 -0.010364 -0.010280 12.42 500 810 -0.007038 0.123607 0.128443 -0.004836 0.000000 
3.522 2 -0.834316 -1.491221 -10.436147 -2.685547 1.220703 -9.887695 0.11 0.12 0.6 0.2 0.020 0.105 0.0434 0.0610 0.1140 0.2508 0.0023 -0.012956 -0.009583 12.41 500 800 -0.009311 0.116578 0.123566 -0.006989 0.000000 
3.552 2 -0.026372 0.035962 -11.548569 0.854492 3.479004 -0.396729 0.12 0.13 0.9 0.4 0.315 0.028 0.0120 0.0482 0.2332 0.2514 0.0023 -0.010364 -0.007661 12.41 500 780 -0.008660 0.120595 0.122743 -0.002148 0.000000 
3.582 2 -0.513057 0.297285 -9.383662 0.396729 -1.983643 8.880615 0.07 0.08 0.5 0.6 0.046 -0.005 0.0108 0.0112 0.0026 0.2514 0.0023 -0.010364 -0.011363 12.41 500 790 -0.007185 0.077350 0.112202 -0.034852 0.000000 
3.612 2 -0.644917 -0.151040 -9.767256 0.213623 -5.706787 -0.823975 0.08 0.10 0.7 0.8 0.029 0.004 0.0060 0.0060 0.0000 0.2514 0.0023 -0.010364 -0.008176 12.40 500 790 -0.005452 0.090154 0.097470 -0.007316 0.000000 
3.642 2 -0.450723 -0.019180 -10.028579 -0.640869 -6.591797 1.434326 0.10 0.11 0.9 1.0 0.181 0.137 0.0040 0.0044 0.0026 0.2516 0.0023 -0.007773 -0.004512 12.41 500 800 -0.004059 0.108432 0.089950 0.018482 0.000000 
3.672 2 -0.503467 -0.299683 -10.124477 -0.366211 -8.270264 -0.640869 0.13 0.15 1.1 1.4 0.203 0.268 0.0173 0.0044 -0.0829 0.2520 0.0023 -0.012956 -0.001553 12.41 500 800 -0.003428 0.138735 0.091118 0.047617 0.000000 
3.702 2 -1.098037 0.218169 -8.988081 0.152588 -2.563477 7.720947 0.12 0.13 1.1 1.1 0.032 0.010 0.0145 0.0108 -0.0233 0.2524 0.0023 -0.012956 -0.003278 12.41 500 800 -0.004717 0.124553 0.101220 0.023333 0.000000 
3.732 2 -1.122012 -0.187002 -8.422280 3.753662 12.756348 -1.831055 0.09 0.10 0.4 0.3 0.029 0.006 0.0241 0.0313 0.0466 0.2532 0.0023 -0.012956 -0.004667 12.41 500 800 -0.006881 0.092733 0.115118 -0.022385 0.000000 
3.762 2 -0.350029 1.133999 -10.416967 0.274658 -9.979248 3.082275 0.13 0.14 1.4 1.5 0.286 0.279 0.0084 0.0092 0.0052 0.2532 0.0023 -0.012956 -0.006662 12.38 500 790 -0.005650 0.136976 0.112259 0.024717 0.000000 
3.792 2 -1.299424 -3.238970 -9.357289 -1.068115 12.786865 -5.340576 0.10 0.11 0.5 -0.3 0.036 -0.010 0.0345 0.0811 0.3006 0.2546 0.0022 -0.015547 -0.007921 12.41 500 790 -0.010454 0.105019 0.124325 -0.019306 0.000000 
3.822 2 -0.498672 0.654507 -10.805356 2.990723 -8.392334 6.896973 0.15 0.16 1.5 1.3 0.334 0.257 0.0100 0.0329 0.1477 0.2552 0.0022 -0.012956 -0.008696 12.41 500 800 -0.008804 0.156313 0.125938 0.030375 0.000000 
3.852 2 -0.412363 0.889458 -10.016591 -0.061035 12.145996 8.331299 0.04 0.05 -0.0 -0.1 0.021 -0.002 0.0165 0.0221 0.0363 0.2558 0.0022 -0.015547 -0.013643 12.41 500 800 -0.009765 0.044599 0.125779 -0.081180 0.000000 
3.882 2 -0.733623 -0.378799 -9.263789 -2.288818 -10.955811 5.981445 0.08 0.10 0.8 0.9 0.002 -0.000 0.0072 0.0080 0.0052 0.2558 0.0022 -0.015547 -0.012737 12.41 500 790 -0.007378 0.087460 0.102811 -0.015351 0.000000 
3.912 2 -0.390786 -0.541826 -9.820000 -0.671387 -6.347656 -3.387451 0.06 0.07 0.5 0.6 0.022 -0.002 0.0044 0.0048 0.0026 0.2558 0.0022 -0.015547 -0.009247 12.41 490 790 -0.005405 0.066649 0.082913 -0.016264 0.000000 
3.942 2 -0.702456 -0.095898 -9.827192 0.610352 -4.608154 -0.793457 0.06 0.08 0.5 0.6 0.015 -0.006 0.0032 0.0036 0.0026 0.2558 0.0022 -0.015547 -0.005728 12.41 500 790 -0.003944 0.069818 0.071567 -0.001748 0.000000 
3.972 2 -0.503467 0.076719 -9.779243 0.091553 -5.035400 -0.091553 0.08 0.09 0.7 0.8 0.014 -0.009 0.0024 0.0028 0.0026 0.2558 0.0022 -0.015547 -0.002820 12.41 500 800 -0.002890 0.085867 0.067587 0.018280 0.000000 
4.002 2 -0.606558 -0.103091 -9.800820 -0.183105 -5.798340 0.488281 0.11 0.12 1.0 1.1 0.189 0.173 0.0020 0.0020 0.0000 0.2558 0.0022 -0.015547 -0.000043 12.41 500 790 -0.002138 0.113042 0.071855 0.041187 0.000000 
4.032 2 -0.824727 0.100693 -10.004604 -1.953125 -4.211426 -7.934570 0.11 0.12 1.0 1.2 0.084 0.161 0.0020 0.0020 0.0000 0.2562 0.0022 -0.015547 0.000342 12.42 500 800 -0.001623 0.115523 0.081169 0.034354 0.000000 
4.062 2 0.340439 -1.277847 -10.743022 0.518799 19.104004 3.784180 0.08 0.10 -0.1 0.4 0.040 0.055 0.0494 0.0217 -0.1788 0.2572 0.0022 -0.018138 0.000046 12.41 500 790 -0.005729 0.092866 0.101801 -0.008935 0.000000 
4.092 2 -1.217910 1.038101 -9.927885 2.868652 8.697510 -0.366211 0.13 0.15 0.1 1.1 0.054 0.177 0.0803 0.0269 -0.3446 0.2580 0.0022 -0.018138 -0.002943 12.41 500 800 -0.007925 0.140273 0.120808 0.019465 0.000000 
4.122 2 -0.227759 0.381196 -10.287504 -0.946045 0.579834 11.077881 0.12 0.14 1.0 1.1 0.226 0.203 0.0141 0.0173 0.0207 0.2584 0.0022 -0.018138 -0.006357 12.41 500 790 -0.006825 0.130890 0.128232 0.002658 0.000000 
4.152 2 -0.673687 -0.436338 -9.841577 -0.366211 -0.549316 -0.823975 0.13 0.15 1.0 1.3 0.140 0.227 0.0237 0.0116 -0.0777 0.2592 0.0022 -0.023320 -0.006769 12.41 500 790 -0.007375 0.140147 0.132172 0.007975 0.000000 
4.182 2 -0.565801 -0.508262 -10.297094 0.396729 -5.981445 -0.946045 0.15 0.17 1.4 1.5 0.368 0.316 0.0120 0.0161 0.0259 0.2598 0.0022 -0.020729 -0.006071 12.41 500 800 -0.006761 0.160909 0.133135 0.027775 0.000000 
4.212 2 -0.649712 0.412363 -10.062143 1.770020 2.380371 2.655029 0.06 0.08 0.3 0.4 0.002 -0.011 0.0120 0.0120 0.0000 0.2598 0.0022 -0.020729 -0.010722 12.40 500 800 -0.005921 0.067423 0.123739 -0.056316 0.000000 
4.242 2 -0.553813 -0.055142 -9.740884 -1.983643 -7.385254 3.234863 0.09 0.10 0.8 0.9 0.015 0.050 0.0064 0.0064 0.0000 0.2600 0.0022 -0.018138 -0.008180 12.41 500 790 -0.004683 0.094657 0.103848 -0.009191 0.000000 
4.272 2 -0.616147 -0.273311 -9.805614 -0.762939 -7.537842 -2.258301 0.10 0.11 0.9 1.0 0.011 0.063 0.0040 0.0064 0.0155 0.2600 0.0022 -0.018138 -0.005101 12.41 500 790 -0.003678 0.105328 0.093249 0.012079 0.000000 
4.302 2 -0.664097 -0.582583 -9.628202 1.403809 0.000000 -7.232666 0.08 0.10 0.6 0.7 0.033 -0.003 0.0036 0.0092 0.0363 0.2604 0.0021 -0.018138 -0.003122 12.41 500 780 -0.003122 0.092380 0.092378 0.000002 0.000000 
4.332 2 -0.745610 1.433682 -10.030976 2.105713 7.202148 -12.054443 0.11 0.12 0.7 0.3 0.105 -0.007 0.0153 0.0514 0.2332 0.2612 0.0021 -0.018138 -0.001410 12.41 500 800 -0.005249 0.114316 0.101062 0.013253 0.000000 
4.362 2 -0.354824 -0.280503 -9.611421 -3.051758 -2.532959 1.586914 0.11 0.12 0.9 1.1 0.098 0.207 0.0125 0.0104 -0.0130 0.2612 0.0021 -0.018138 -0.004826 12.41 500 800 -0.004886 0.114953 0.105502 0.009451 0.000000 
4.392 2 -1.246680 -1.491221 -8.635654 4.486084 18.310547 3.356934 0.08 0.10 0.0 0.2 0.031 0.007 0.0390 0.0293 -0.0622 0.2624 0.0021 -0.018138 -0.005237 12.41 500 800 -0.008381 0.087024 0.119496 -0.032472 0.000000 
4.422 2 -0.858291 0.421953 -9.879936 1.556396 -10.833740 7.598877 0.14 0.16 1.5 1.6 0.201 0.248 0.0096 0.0108 0.0078 0.2624 0.0021 -0.018138 -0.007824 12.39 500 800 -0.006944 0.149828 0.120811 0.029017 0.000000 
4.452 2 -0.309272 -1.831660 -9.400444 4.943848 23.681641 -9.246826 0.05 0.08 -0.3 1.0 0.018 0.242 0.0337 -0.0422 -0.4897 0.2636 0.0021 -0.023320 -0.007859 12.41 500 800 -0.009126 0.064299 0.134288 -0.069988 0.000000 
4.482 2 -1.004536 1.119614 -10.054951 2.410889 -3.204346 -1.251221 0.11 0.13 1.0 1.1 0.013 0.037 0.0092 0.0141 0.0311 0.2638 0.0021 -0.020729 -0.011607 12.41 500 790 -0.008896 0.115794 0.131718 -0.015924 0.000000 
4.512 2 -1.009331 -0.122271 -9.661767 3.601074 19.622803 -2.197266 0.06 0.08 -0.2 0.1 0.014 -0.006 0.0329 0.0273 -0.0363 0.2650 0.0021 -0.020729 -0.010615 12.41 500 800 -0.011074 0.069715 0.133622 -0.063907 0.000000 
4.542 2 -0.805547 0.071924 -9.357289 -2.380371 -5.126953 8.514404 0.07 0.09 0.6 0.8 0.017 0.002 0.0092 0.0088 -0.0026 0.2650 0.0021 -0.020729 -0.013785 12.40 500 800 -0.008416 0.083989 0.119785 -0.035796 0.000000 
4.572 2 -0.467505 -0.781572 -9.997412 -0.549316 -5.432129 -3.295898 0.07 0.09 0.5 0.7 0.040 -0.002 0.0052 0.0052 0.0000 0.2650 0.0021 -0.020729 -0.009983 12.41 500 790 -0.006156 0.079992 0.099306 -0.019314 0.000000 
4.602 2 -0.649712 0.182207 -9.805614 0.549316 -7.385254 2.014160 0.07 0.09 0.6 0.8 0.013 -0.009 0.0036 0.0036 0.0000 0.2650 0.0021 -0.020729 -0.007325 12.41 500 800 -0.004465 0.081395 0.084212 -0.002817 0.000000 
4.632 2 -0.635327 -0.153437 -9.714512 -0.030518 -5.249023 -2.014160 0.08 0.10 0.7 0.8 0.022 -0.003 0.0028 0.0028 0.0000 0.2650 0.0021 -0.020729 -0.004105 12.41 500 790 -0.003252 0.086571 0.076780 0.009792 0.000000 
4.662 2 -0.671289 0.026372 -9.774448 -0.640869 -7.141113 1.098633 0.11 0.13 1.1 1.2 0.244 0.186 0.0024 0.0024 0.0000 0.2652 0.0021 -0.018138 -0.000940 12.41 500 790 -0.002398 0.117177 0.077663 0.039514 0.000000 
4.692 2 -0.692866 0.117476 -10.095708 -0.823975 -7.659912 -4.821777 0.15 0.17 1.2 1.7 0.131 0.296 0.0309 0.0153 -0.1011 0.2658 0.0020 -0.020729 0.000180 12.41 500 800 -0.004298 0.162287 0.090770 0.071517 0.000000 
4.722 2 0.047949 -1.603901 -10.215581 -3.723145 15.960693 -0.915527 0.08 0.10 0.4 -0.3 0.002 0.023 0.0217 0.0683 0.3006 0.2668 0.0020 -0.018138 -0.004511 12.41 500 780 -0.007434 0.088775 0.115265 -0.026490 0.000000 
4.752 2 -0.664097 -0.527441 -10.057348 2.288818 -1.159668 1.861572 0.09 0.11 0.8 0.9 0.009 -0.002 0.0080 0.0189 0.0700 0.2672 0.0020 -0.012956 -0.008589 12.40 500 810 -0.006747 0.099467 0.113841 -0.014374 0.000000 
4.782 2 0.023975 0.736021 -10.138862 6.286621 23.254395 2.441406 0.06 0.08 -0.4 -0.3 0.022 -0.031 0.0474 0.0406 -0.0440 0.2684 0.0020 -0.018138 -0.007306 12.41 500 790 -0.010072 0.067127 0.120640 -0.053512 0.000000 
4.812 2 -1.040498 -0.007192 -8.863413 -3.234863 -5.249023 9.704590 0.08 0.10 0.9 0.8 0.017 -0.013 0.0104 0.0241 0.0881 0.2684 0.0020 -0.018138 -0.011608 12.39 500 800 -0.007966 0.093827 0.111921 -0.018094 0.000000 
4.842 2 -0.251733 -1.229897 -10.572803 -1.739502 -1.647949 -7.537842 0.09 0.11 0.2 0.9 0.027 0.196 0.0418 0.0108 -0.1995 0.2690 0.0020 -0.020729 -0.007555 12.41 490 790 -0.007185 0.104456 0.102403 0.002053 0.000000 
4.872 2 -0.839111 -0.163027 -9.362084 1.037598 -6.225586 -5.249023 0.12 0.14 1.2 1.3 0.162 0.144 0.0116 0.0205 0.0570 0.2694 0.0020 -0.020729 -0.006647 12.41 500 790 -0.007438 0.132646 0.103012 0.029634 0.000000 
4.902 2 -0.561006 -0.405171 -9.489150 0.335693 8.575439 -0.518799 0.05 0.07 0.0 0.3 0.012 -0.024 0.0205 0.0193 -0.0078 0.2700 0.0020 -0.018138 -0.008968 12.41 500 790 -0.007582 0.062789 0.106574 -0.043785 0.000000 
4.932 2 -0.623340 -0.011987 -9.911103 0.579834 -10.559082 3.662109 0.11 0.13 1.2 1.3 0.219 0.213 0.0092 0.0080 -0.0078 0.2702 0.0020 -0.015547 -0.007468 12.41 500 800 -0.006159 0.121480 0.097710 0.023770 0.000000 
4.962 2 -0.824727 -0.323657 -10.522456 -3.417969 6.622314 -2.166748 0.08 0.09 0.3 0.6 0.017 -0.001 0.0261 0.0153 -0.0700 0.2708 0.0020 -0.018138 -0.007283 12.41 500 790 -0.007931 0.085895 0.102532 -0.016637 0.000000 
4.992 2 -0.549019 0.122271 -10.359428 -1.281738 4.119873 -1.098633 0.10 0.12 0.2 0.6 0.083 0.008 0.0446 0.0293 -0.0985 0.2716 0.0019 -0.018138 -0.005569 12.41 500 800 -0.007620 0.111600 0.105477 0.006123 0.000000 
5.022 3 -0.345234 -0.086309 -9.453188 -0.396729 -3.234863 6.835938 -0.07 -0.05 -1.3 -1.0 0.002 -0.038 0.0125 -0.0145 -0.1736 0.2714 0.0020 -0.020729 -0.007639 12.41 500 790 0.007150 -0.063954 0.072652 -0.136606 0.100000 
5.052 3 -0.378799 0.067129 -9.338110 0.854492 -9.552002 -0.457764 -0.22 -0.21 -1.4 -1.4 -0.281 -0.238 -0.0835 -0.0827 0.0052 0.2704 0.0020 -0.018138 -0.003972 12.41 500 810 0.020329 -0.215458 -0.005794 -0.209664 0.100000 
5.082 3 -0.728828 0.364414 -9.978232 0.793457 -18.707275 -5.310059 -0.24 -0.22 -2.5 -1.2 -0.312 -0.255 -0.0201 -0.0872 -0.4327 0.2694 0.0020 -0.020729 0.009555 12.41 500 800 0.029129 -0.230094 -0.099661 -0.130434 0.100000 
5.112 3 -0.527441 -0.656904 -10.807754 -1.739502 -31.890869 -14.495850 -0.11 -0.09 -0.5 -0.5 0.016 0.017 -0.0305 -0.0173 0.0855 0.2686 0.0020 -0.015547 0.029799 12.41 500 790 0.034873 -0.097966 -0.158549 0.060583 0.100000 
5.142 3 -1.011729 0.016782 -9.131928 -0.030518 -14.923096 -4.974365 -0.09 -0.07 -0.5 -0.3 0.000 -0.028 -0.0149 -0.0177 -0.0181 0.2680 0.0020 -0.018138 0.038499 12.42 500 810 0.035844 -0.081587 -0.160228 0.078641 0.100000 
5.172 3 -0.692866 -0.071924 -9.808012 0.183105 -18.798828 3.540039 0.02 0.04 0.7 0.9 0.051 -0.000 -0.0084 -0.0133 -0.0311 0.2680 0.0020 -0.018138 0.046123 12.41 500 790 0.036363 0.028141 -0.135079 0.163220 0.100000 
5.202 3 -0.640122 0.100693 -9.786435 0.030518 -4.089355 -0.701904 0.14 0.16 1.3 1.1 0.371 0.012 0.0261 0.0586 0.2099 0.2690 0.0020 -0.015547 0.052880 12.42 500 810 0.032180 0.151930 -0.069344 0.221274 0.100000 
5.232 3 -0.659302 1.023716 -8.702783 9.155273 26.947021 -3.356934 0.21 0.22 0.6 1.6 -0.032 0.309 0.1048 0.0631 -0.2695 0.2710 0.0020 -0.015547 0.050277 12.38 500 800 0.022992 0.216833 0.038053 0.178780 0.100000 
5.262 3 -0.659302 1.421694 -9.522715 -3.295898 40.008545 -1.159668 0.27 0.29 1.1 0.9 0.377 0.206 0.1221 0.1422 0.1296 0.2745 0.0019 -0.012956 0.039166 12.40 500 800 0.012356 0.278985 0.150539 0.128446 0.100000 
5.292 3 -0.743213 -1.462451 -8.563730 1.800537 21.148682 0.061035 0.31 0.32 1.1 1.7 0.124 0.182 0.1659 0.1438 -0.1425 0.2781 0.0019 -0.012956 0.021131 12.41 500 810 0.005378 0.314711 0.231009 0.083702 0.100000 
5.322 3 -1.428887 -0.477095 -9.676152 4.943848 42.083740 -2.197266 0.18 0.20 0.7 0.7 -0.025 -0.055 0.0759 0.0831 0.0466 0.2823 0.0018 -0.015547 0.004830 12.41 500 810 0.000473 0.188853 0.292178 -0.103325 0.100000 
5.352 3 -0.963779 0.357222 -11.028320 -4.608154 -13.580322 0.244141 0.39 0.41 1.9 2.5 0.306 0.346 0.2100 0.1831 -0.1736 0.2859 0.0018 -0.015547 0.000566 12.41 500 800 -0.005678 0.399718 0.289875 0.109843 0.100000 
5.382 3 -1.126807 2.342319 -9.678550 0.122070 20.141602 11.413574 0.04 0.06 -0.5 -0.3 0.001 -0.066 0.0462 0.0365 -0.0622 0.2883 0.0017 -0.015547 -0.014643 12.40 500 790 0.001173 0.050406 0.278878 -0.228472 0.100000 
5.412 3 -0.927817 -0.644917 -9.899116 -4.272461 -15.594482 -6.896973 0.23 0.25 0.9 1.7 0.147 0.290 0.1349 0.0940 -0.2643 0.2915 0.0017 -0.015547 -0.005801 12.40 490 800 -0.001018 0.238283 0.231677 0.006606 0.100000 
5.442 3 -0.927817 -0.875073 -8.628462 2.563477 -11.932373 -8.544922 0.10 0.11 0.8 0.8 0.003 -0.025 0.0185 0.0237 0.0337 0.2925 0.0017 -0.012956 -0.005937 12.40 500 790 0.007088 0.107101 0.195700 -0.088600 0.100000 
5.472 3 0.189399 -0.095898 -10.970781 -3.387451 0.274658 -2.441406 0.21 0.22 0.9 0.5 0.385 0.108 0.0940 0.1285 0.2228 0.2955 0.0016 -0.010364 0.007500 12.41 500 790 0.003252 0.218454 0.176932 0.041522 0.100000 
5.502 3 -1.117217 -0.913433 -7.813325 2.349854 -29.205322 0.366211 0.23 0.24 2.6 1.5 0.382 0.211 0.0213 0.0936 0.4664 0.2963 0.0016 -0.005182 0.006226 12.41 500 800 0.009624 0.235513 0.167543 0.067970 0.100000 
5.532 3 -1.349770 -0.067129 -7.156421 11.840820 23.925781 -7.843018 0.15 0.16 0.7 0.7 -0.009 0.001 0.0410 0.0506 0.0622 0.2998 0.0016 -0.007773 0.009531 12.40 500 790 0.005537 0.153279 0.196852 -0.043572 0.100000 
5.562 3 -0.606558 -2.064214 -13.183638 -9.704590 -22.766113 -10.498047 0.46 0.47 2.6 3.6 0.456 0.545 0.2157 0.1631 -0.3394 0.3034 0.0016 -0.007773 0.014473 12.40 500 810 -0.002112 0.461806 0.216487 0.245318 0.100000 
5.592 3 -1.699800 -0.016782 -8.496601 5.279541 5.401611 -10.192871 0.18 0.18 1.0 1.0 -0.076 -0.098 0.0635 0.0703 0.0440 0.3056 0.0015 -0.005182 -0.001382 12.41 500 790 0.003139 0.181153 0.245208 -0.064056 0.100000 
5.622 3 -0.604160 1.062075 -9.412432 6.958008 35.827637 -6.744385 0.20 0.20 0.0 0.5 -0.056 -0.049 0.1217 0.1032 -0.1192 0.3102 0.0015 -0.002591 0.000570 12.41 500 800 -0.005224 0.203415 0.270543 -0.067128 0.100000 
5.652 3 -0.529839 -1.582324 -8.721963 -4.272461 -19.958496 1.281738 0.30 0.30 1.3 2.1 0.241 0.206 0.1619 0.1241 -0.2436 0.3128 0.0015 -0.005182 -0.005352 12.40 500 800 -0.003029 0.301136 0.254705 0.046431 0.100000 
5.682 3 -0.692866 -1.699800 -9.580254 3.143311 25.665283 2.502441 0.12 0.13 -0.0 0.3 -0.020 -0.029 0.0671 0.0514 -0.1011 0.3164 0.0015 -0.005182 -0.007906 12.41 500 800 -0.002883 0.124026 0.263841 -0.139814 0.100000 
5.712 3 -0.004795 1.371348 -11.220117 0.640869 -23.223877 4.943848 0.32 0.32 1.5 2.3 0.343 0.332 0.1731 0.1285 -0.2876 0.3198 0.0015 -0.007773 -0.004120 12.40 500 790 -0.004664 0.321019 0.234517 0.086502 0.100000 
5.742 3 -0.743213 0.752803 -11.112231 -8.392334 17.059326 -2.105713 0.07 0.08 -0.2 -0.1 -0.002 -0.064 0.0410 0.0390 -0.0130 0.3222 0.0015 -0.007773 -0.009099 12.41 500 800 0.000581 0.074862 0.231215 -0.156353 0.100000 
5.772 3 0.122271 0.129463 -11.479043 -2.410889 13.519287 4.577637 0.22 0.23 0.9 0.2 0.198 0.063 0.0972 0.1458 0.3135 0.3263 0.0014 -0.007773 0.000607 12.42 500 800 -0.004277 0.222248 0.220600 0.001648 0.100000 
5.802 3 -0.568198 0.062334 -8.240073 2.197266 -32.928467 6.683350 0.28 0.29 1.9 1.4 0.340 0.430 0.1201 0.1506 0.1969 0.3281 0.0014 -0.010364 -0.002541 12.41 500 810 0.000522 0.289134 0.204822 0.084312 0.100000 
5.832 3 -1.050088 0.896650 -6.655351 8.941650 27.221680 1.007080 0.13 0.13 0.2 0.3 -0.006 0.007 0.0522 0.0546 0.0155 0.3315 0.0014 -0.007773 -0.001067 12.40 500 800 -0.000979 0.129589 0.225493 -0.095903 0.100000 
5.862 3 -0.311670 -0.539429 -10.953999 -4.730225 -31.036377 -2.349854 0.45 0.46 2.8 3.2 0.495 0.427 0.2056 0.1876 -0.1166 0.3353 0.0013 -0.010364 0.005081 12.39 500 800 -0.006737 0.451318 0.224796 0.226522 0.100000 
5.892 3 -2.049829 -0.182207 -9.251801 -1.892090 -4.272461 -16.571045 0.20 0.21 0.7 2.0 -0.107 0.048 0.1024 0.0313 -0.4586 0.3377 0.0013 -0.010364 -0.006113 12.41 490 790 -0.000434 0.200373 0.242243 -0.041870 0.100000 
5.922 3 0.194194 1.392925 -10.251543 -1.647949 36.621094 5.828857 0.19 0.20 0.1 0.4 0.008 -0.029 0.1112 0.1048 -0.0415 0.3427 0.0012 -0.007773 -0.001623 12.41 500 820 -0.007944 0.198806 0.263435 -0.064629 0.100000 
5.952 3 0.011987 -1.618286 -9.556279 -0.915527 -17.242432 -1.983643 0.32 0.33 0.9 0.9 0.357 0.192 0.2113 0.2133 0.0130 0.3457 0.0012 -0.010364 -0.006588 12.41 500 790 -0.008294 0.327357 0.250113 0.077244 0.100000 
5.982 3 -0.968574 -2.419038 -9.342905 1.281738 23.620605 -1.831055 0.11 0.12 -0.2 0.3 -0.039 -0.015 0.0775 0.0490 -0.1840 0.3490 0.0012 -0.010364 -0.010961 12.41 500 800 -0.004679 0.117028 0.262293 -0.145266 0.100000 
6.012 3 -0.050347 -0.553813 -14.032338 -1.190186 -13.488770 -3.723145 0.36 0.37 1.9 2.1 0.448 0.575 0.1823 0.1731 -0.0596 0.3532 0.0011 -0.012956 -0.002863 12.40 500 790 -0.010168 0.367784 0.247647 0.120137 0.100000 
6.042 3 -1.301821 1.558350 -8.594897 2.349854 -21.575928 -6.042480 0.23 0.24 1.0 1.9 -0.070 0.333 0.1313 0.0767 -0.3524 0.3556 0.0011 -0.012956 -0.010833 12.41 500 810 -0.003293 0.237032 0.237118 -0.000085 0.100000 
6.072 3 -0.433940 0.326055 -7.921211 1.922607 29.296875 -4.272461 0.15 0.16 0.1 -0.3 0.050 -0.067 0.0763 0.1108 0.2228 0.3598 0.0011 -0.010364 -0.005714 12.41 510 810 -0.006814 0.151205 0.242468 -0.091262 0.100000 
6.102 3 -0.688071 -1.289834 -8.508589 -3.265381 -28.320312 -10.040283 0.33 0.34 1.5 1.5 0.334 0.196 0.1856 0.1912 0.0363 0.3626 0.0010 -0.010364 -0.004611 12.41 490 800 -0.006298 0.336301 0.220577 0.115724 0.100000 
6.132 3 -0.290093 -0.891855 -11.184155 -2.777100 16.113281 -7.110596 0.11 0.12 0.1 0.7 -0.036 -0.025 0.0623 0.0301 -0.2073 0.3654 0.0010 -0.010364 -0.007578 12.41 500 800 -0.001906 0.118447 0.231411 -0.112964 0.100000 
6.162 3 -0.374004 -2.368691 -14.262495 -4.882812 -14.556885 1.586914 0.37 0.38 2.2 1.9 0.500 0.460 0.1659 0.1847 0.1218 0.3696 0.0010 -0.007773 0.001957 12.39 500 810 -0.007871 0.374646 0.225550 0.149096 0.100000 
6.192 3 -1.239487 1.112422 -9.129531 7.629395 -28.472900 3.021240 0.29 0.30 2.2 1.8 0.188 0.370 0.1032 0.1253 0.1425 0.3718 0.0009 -0.010364 -0.005227 12.40 500 810 -0.001571 0.290194 0.227370 0.062824 0.100000 
6.222 3 -0.812739 -0.551416 -6.768032 8.605957 40.161133 -3.601074 0.16 0.17 0.2 -0.2 -0.038 -0.044 0.0691 0.1024 0.2151 0.3767 0.0009 -0.010364 -0.002885 12.41 500 810 -0.007011 0.160655 0.259580 -0.098925 0.100000 
6.252 3 -1.637466 0.210977 -8.839438 -4.852295 -28.747559 -2.899170 0.42 0.43 2.0 2.4 0.302 0.087 0.2362 0.2241 -0.0777 0.3803 0.0009 -0.010364 -0.003085 12.41 500 800 -0.010731 0.429027 0.252223 0.176804 0.100000 
6.282 3 -0.172617 -0.757598 -10.697471 -4.547119 29.907227 -12.695312 0.08 0.08 -0.3 -0.2 -0.074 -0.064 0.0402 0.0494 0.0596 0.3833 0.0008 -0.007773 -0.013192 12.40 500 790 -0.004401 0.079177 0.271478 -0.192300 0.100000 
6.312 3 -0.107886 -0.503467 -12.191089 -0.335693 19.470215 0.671387 0.25 0.26 0.7 0.3 0.305 0.111 0.1329 0.1715 0.2487 0.3883 0.0008 -0.005182 -0.005660 12.40 500 800 -0.011434 0.255412 0.265637 -0.010225 0.100000 
6.342 3 -1.395322 -0.915830 -6.516299 5.493164 -34.698486 -5.218506 0.27 0.27 2.8 1.6 0.295 0.051 0.0550 0.1289 0.4768 0.3903 0.0008 -0.000000 -0.013043 12.41 500 800 -0.003308 0.266092 0.242321 0.023770 0.100000 
6.372 3 -0.270913 1.699800 -7.484873 14.495850 29.510498 -7.507324 0.12 0.12 -0.0 0.2 -0.032 0.002 0.0602 0.0526 -0.0492 0.3943 0.0008 -0.000000 -0.007974 12.40 500 760 -0.005750 0.124115 0.249367 -0.125252 0.100000 
6.402 3 -0.700059 0.877471 -9.012055 -7.781982 -31.829834 1.556396 0.33 0.33 1.7 1.9 0.272 0.231 0.1715 0.1651 -0.0415 0.3973 0.0008 -0.002591 -0.005245 12.40 500 800 -0.005424 0.332824 0.219932 0.112893 0.100000 
6.432 3 -0.695264 -4.075684 -12.768877 -2.227783 22.888184 1.495361 0.11 0.11 0.0 0.0 0.002 -0.039 0.0498 0.0530 0.0207 0.4004 0.0008 -0.000000 -0.006766 12.40 500 760 -0.002150 0.108297 0.234352 -0.126055 0.100000 
6.462 3 0.146245 -0.019180 -16.022230 -6.256104 -15.289307 1.220703 0.40 0.40 2.3 1.9 0.755 0.483 0.1791 0.2048 0.1658 0.4044 0.0008 -0.000000 0.003398 12.40 500 750 -0.008112 0.397203 0.228730 0.168472 0.100000 
6.492 3 -1.994687 0.815137 -8.753130 3.906250 -33.050537 0.061035 0.28 0.29 1.9 2.6 0.235 0.318 0.1125 0.0683 -0.2850 0.4062 0.0008 -0.002591 -0.005420 12.39 500 800 0.000604 0.284974 0.229849 0.055125 0.100000 
6.522 3 -0.649712 -0.424351 -6.825571 10.772705 41.870117 -1.800537 0.15 0.14 -0.1 0.2 -0.032 -0.020 0.0731 0.0659 -0.0466 0.4106 0.0008 0.002591 -0.002021 12.41 500 800 -0.005111 0.145842 0.261094 -0.115252 0.100000 
6.552 3 -1.275449 -0.517852 -8.148970 -0.610352 -27.252197 -3.967285 0.37 0.38 1.9 1.8 0.378 0.086 0.2016 0.2056 0.0259 0.4138 0.0008 -0.002591 -0.004010 12.41 500 800 -0.007526 0.375146 0.244866 0.130280 0.100000 
6.582 3 -0.877471 -2.953672 -10.776587 -4.791260 31.738281 5.584717 0.08 0.08 -0.5 -0.4 -0.051 -0.054 0.0506 0.0486 -0.0130 0.4172 0.0008 -0.000000 -0.010673 12.41 500 760 -0.003224 0.075888 0.261161 -0.185273 0.100000 
6.612 3 -0.733623 0.716841 -12.042446 2.105713 -29.541016 -0.549316 0.38 0.39 2.0 2.3 0.404 0.346 0.2056 0.1856 -0.1296 0.4210 0.0007 -0.002591 -0.003922 12.40 500 810 -0.008506 0.385007 0.236049 0.148959 0.100000 
6.642 3 -1.129204 1.150781 -10.098105 -6.500244 7.812500 3.753662 0.09 0.09 0.1 0.5 -0.044 -0.051 0.0414 0.0205 -0.1347 0.4233 0.0007 -0.005182 -0.010910 12.41 500 800 0.000405 0.092393 0.232810 -0.140417 0.100000 
6.672 3 -0.326055 1.057280 -10.999551 -6.256104 -5.065918 6.530762 0.31 0.31 1.7 1.6 0.246 0.531 0.1422 0.1366 -0.0363 0.4271 0.0007 -0.007773 0.001829 12.39 500 800 -0.005397 0.310927 0.220975 0.089952 0.100000 
6.702 3 -1.649453 -0.350029 -6.933457 8.605957 -24.688721 -4.943848 0.19 0.20 1.7 2.2 0.048 0.162 0.0494 0.0257 -0.1529 0.4285 0.0007 -0.010364 -0.005921 12.39 500 790 0.003799 0.197777 0.208803 -0.011026 0.100000 
6.732 3 -1.038101 1.706992 -6.391631 6.866455 24.963379 -3.540039 0.17 0.17 0.7 0.3 0.010 -0.051 0.0558 0.0859 0.1943 0.4327 0.0007 -0.007773 0.001539 12.41 500 800 -0.001630 0.169475 0.224919 -0.055444 0.100000 
6.762 3 -0.374004 -0.362017 -8.865810 -6.103516 -26.428223 4.791260 0.35 0.36 1.9 1.6 0.415 0.066 0.1743 0.1956 0.1373 0.4351 0.0006 -0.007773 0.002477 12.41 500 810 -0.002426 0.355903 0.214623 0.141280 0.100000 
6.792 3 -0.491479 -3.320483 -12.557900 -1.556396 31.066895 -1.708984 0.09 0.10 -0.2 0.2 -0.030 -0.042 0.0446 0.0269 -0.1140 0.4381 0.0006 -0.015547 -0.003244 12.40 500 790 0.000662 0.095596 0.243104 -0.147508 0.100000 
6.822 3 0.448325 0.973369 -12.939096 1.556396 -0.671387 -4.638672 0.36 0.37 1.4 2.2 0.320 0.687 0.1996 0.1462 -0.3446 0.4425 0.0005 -0.015547 0.004127 12.39 500 810 -0.007314 0.363344 0.246591 0.116753 0.100000 
6.852 3 -1.977905 -0.076719 -8.858618 6.530762 -22.003174 -4.821777 0.23 0.25 1.2 1.5 -0.021 0.138 0.1181 0.1048 -0.0855 0.4445 0.0005 -0.015547 -0.008318 12.41 500 800 -0.000331 0.237501 0.240564 -0.003063 0.100000 
6.882 3 -0.592173 1.361758 -7.245127 11.688232 33.416748 -1.739502 0.13 0.15 -0.1 0.0 -0.012 -0.022 0.0807 0.0795 -0.0078 0.4486 0.0004 -0.015547 -0.003428 12.41 500 800 -0.004251 0.142695 0.251115 -0.108420 0.100000 
6.912 3 -0.227759 -0.306875 -8.168149 -9.796143 -32.012939 4.791260 0.36 0.38 1.6 1.6 0.230 0.149 0.2157 0.2181 0.0155 0.4512 0.0004 -0.018138 -0.002099 12.39 500 800 -0.005538 0.372949 0.226813 0.146137 0.100000 
6.942 3 -0.930215 -0.721636 -10.182016 -2.502441 29.113770 -1.159668 0.04 0.06 -0.6 -0.4 -0.045 -0.049 0.0357 0.0382 0.0155 0.4540 0.0003 -0.018138 -0.008067 12.41 500 790 0.000365 0.053518 0.239470 -0.185952 0.100000 
6.972 3 -0.335645 -1.098037 -12.483579 -3.723145 -19.714355 -7.324219 0.33 0.35 1.2 2.1 0.255 0.343 0.2016 0.1586 -0.2773 0.4578 0.0003 -0.020729 -0.000328 12.39 500 810 -0.005496 0.338302 0.217806 0.120496 0.100000 
7.002 3 -1.045293 1.766929 -10.066938 0.396729 7.354736 -1.129150 0.08 0.10 0.2 0.4 -0.002 -0.051 0.0313 0.0265 -0.0311 0.4596 0.0002 -0.018138 -0.007291 12.41 500 800 0.002921 0.087457 0.215250 -0.127793 0.100000 
7.032 3 -0.033564 1.342578 -10.194004 -7.324219 22.979736 3.540039 0.18 0.19 0.2 0.2 0.249 0.139 0.0960 0.1052 0.0596 0.4632 0.0002 -0.018138 0.003509 12.41 500 790 -0.001801 0.184189 0.211300 -0.027112 0.100000 
7.062 3 0.071924 -1.340181 -6.909482 2.014160 -25.634766 4.852295 0.25 0.26 1.7 1.7 0.279 0.284 0.0964 0.1056 0.0596 0.4648 0.0001 -0.018138 -0.000041 12.41 500 790 0.003226 0.254079 0.197266 0.056813 0.100000 
7.092 3 -1.680620 -0.338042 -6.648159 8.575439 20.751953 -7.415771 0.15 0.17 0.7 0.4 -0.015 -0.057 0.0570 0.0811 0.1555 0.4684 0.0001 -0.018138 0.002133 12.41 500 800 0.000293 0.163510 0.217546 -0.054036 0.100000 
7.122 3 -1.742954 1.424092 -10.203593 -0.579834 -28.961182 -2.807617 0.39 0.40 2.0 2.3 0.291 0.218 0.2036 0.1956 -0.0518 0.4714 0.0000 -0.015547 0.005120 12.40 500 810 -0.002991 0.393339 0.211144 0.182195 0.100000 
7.152 3 -0.702456 1.932353 -11.591723 -7.904053 22.979736 1.464844 0.07 0.09 -0.2 0.3 -0.036 -0.045 0.0446 0.0249 -0.1270 0.4739 -0.0000 -0.020729 -0.004375 12.41 500 800 0.002460 0.082635 0.231201 -0.148566 0.100000 
7.182 3 -0.350029 0.350029 -12.680170 -3.051758 -0.091553 -0.183105 0.28 0.30 1.5 1.6 0.346 0.481 0.1329 0.1305 -0.0155 0.4779 -0.0001 -0.020729 0.003047 12.40 500 800 -0.003666 0.294083 0.226629 0.067454 0.100000 
7.212 3 -1.258667 0.374004 -6.986201 4.486084 -18.737793 -11.169434 0.20 0.22 1.2 1.6 0.100 0.202 0.0843 0.0695 -0.0959 0.4797 -0.0001 -0.018138 -0.004242 12.41 500 810 0.003055 0.208049 0.215608 -0.007559 0.100000 
7.242 3 -0.203784 1.985098 -9.366879 4.760742 30.883789 -3.265381 0.14 0.15 -0.0 0.1 0.021 -0.025 0.0763 0.0835 0.0466 0.4835 -0.0002 -0.015547 0.001020 12.41 500 800 -0.001788 0.146529 0.226252 -0.079724 0.100000 
7.272 3 -0.649712 -1.498413 -8.733950 -4.974365 -28.045654 -2.044678 0.31 0.32 1.6 1.2 0.322 0.238 0.1578 0.1884 0.1969 0.4857 -0.0002 -0.012956 0.000642 12.39 500 810 -0.000404 0.314060 0.205701 0.108359 0.100000 
7.302 3 -1.289834 -1.922764 -10.018989 -5.004883 22.399902 -7.598877 0.08 0.09 -0.0 0.2 -0.005 -0.015 0.0313 0.0277 -0.0233 0.4881 -0.0003 -0.012956 -0.002783 12.41 500 800 0.003084 0.082820 0.219682 -0.136862 0.100000 
7.332 3 0.496274 -0.843906 -15.056054 -0.762939 -1.556396 0.000000 0.30 0.31 1.9 1.2 0.572 0.408 0.1181 0.1679 0.3213 0.4919 -0.0003 -0.010364 0.005960 12.40 500 800 -0.002883 0.308370 0.214509 0.093861 0.100000 
7.362 3 -1.608696 0.549019 -9.254199 3.051758 -27.374268 3.997803 0.24 0.25 1.6 1.8 0.207 0.234 0.0984 0.0944 -0.0259 0.4937 -0.0003 -0.012956 -0.002904 12.41 500 810 0.003219 0.243675 0.209348 0.034328 0.100000 
7.392 3 -0.824727 -0.242144 -8.101020 6.469727 33.538818 -2.349854 0.11 0.12 -0.1 -0.5 -0.055 -0.067 0.0578 0.0811 0.1503 0.4973 -0.0004 -0.012956 0.000330 12.41 500 790 -0.000434 0.111634 0.221065 -0.109431 0.100000 
7.422 3 -0.254131 -0.843906 -8.959311 -0.152588 -26.489258 -6.225586 0.29 0.31 1.1 1.5 0.213 0.165 0.1799 0.1659 -0.0907 0.4998 -0.0004 -0.012956 0.000895 12.39 500 800 -0.000133 0.300408 0.197654 0.102753 0.100000 
7.452 3 -0.572993 -0.731226 -9.642588 -7.019043 15.716553 -4.486084 0.06 0.07 -0.0 0.1 -0.020 -0.017 0.0241 0.0241 0.0000 0.5016 -0.0004 -0.010364 -0.002403 12.41 500 790 0.005420 0.069661 0.202750 -0.133088 0.100000 
7.482 3 0.395581 2.143330 -11.802700 -0.030518 16.235352 1.007080 0.20 0.22 0.7 0.5 0.151 0.103 0.0968 0.1193 0.1451 0.5054 -0.0005 -0.012956 0.006123 12.41 510 820 -0.000371 0.211419 0.203147 0.008272 0.100000 
7.512 3 0.769585 -0.469902 -9.050415 -1.861572 -26.702881 3.021240 0.28 0.29 1.1 1.4 0.575 0.332 0.1562 0.1498 -0.0415 0.5070 -0.0005 -0.012956 0.002750 12.40 500 810 0.002714 0.284995 0.191417 0.093578 0.100000 
7.542 3 -0.210977 -1.989892 -11.162578 -1.953125 23.193359 7.171631 0.10 0.11 0.2 0.1 0.011 -0.023 0.0305 0.0442 0.0881 0.5098 -0.0005 -0.007773 0.001201 12.41 500 800 0.003986 0.101208 0.210016 -0.108808 0.100000 
7.572 3 0.009590 -1.102832 -12.183896 1.739502 -13.183594 -14.556885 0.33 0.35 1.6 2.1 0.269 0.511 0.1723 0.1486 -0.1529 0.5134 -0.0006 -0.012956 0.006767 12.40 500 790 -0.001850 0.339830 0.207640 0.132190 0.100000 
7.602 3 -1.414502 1.126807 -9.247006 1.525879 -7.354736 -12.756348 0.14 0.15 1.3 1.3 -0.067 -0.032 0.0277 0.0345 0.0440 0.5150 -0.0006 -0.007773 -0.003381 12.41 500 800 0.005427 0.147693 0.210103 -0.062410 0.100000 
7.632 3 -0.558608 -0.498672 -8.556538 -0.518799 26.458740 -1.831055 0.14 0.14 0.1 0.1 0.020 -0.054 0.0747 0.0771 0.0155 0.5188 -0.0006 -0.005182 0.001936 12.41 500 810 0.000084 0.141435 0.215274 -0.073839 0.100000 
7.662 3 -0.894253 -2.104971 -8.297612 0.030518 -19.073486 -2.227783 0.25 0.25 1.7 0.6 0.267 -0.051 0.1024 0.1723 0.4509 0.5208 -0.0006 -0.005182 0.000600 12.39 500 800 0.001540 0.252126 0.194951 0.057174 0.100000 
7.692 3 0.139053 -1.047690 -10.186811 2.319336 23.040771 -1.983643 0.08 0.08 0.1 -0.2 0.027 -0.044 0.0249 0.0518 0.1736 0.5234 -0.0006 -0.002591 -0.000793 12.41 500 790 0.003489 0.082548 0.205798 -0.123251 0.100000 
7.722 3 -0.333247 1.462451 -12.409258 0.427246 -22.491455 -11.535645 0.32 0.32 2.5 1.6 0.464 0.218 0.1125 0.1751 0.4042 0.5267 -0.0007 -0.002591 0.005689 12.41 500 810 0.000093 0.323253 0.188779 0.134474 0.100000 
7.752 3 -1.551157 0.517852 -9.709717 -0.885010 -16.540527 -19.989014 0.18 0.18 1.8 1.7 0.139 0.056 0.0201 0.0325 0.0803 0.5279 -0.0007 0.002591 0.000740 12.40 500 800 0.007444 0.177445 0.186748 -0.009303 0.100000 
7.782 3 -1.107627 -0.321260 -7.750991 12.603760 32.775879 -12.145996 0.14 0.13 0.2 0.3 0.011 -0.034 0.0534 0.0514 -0.0130 0.5315 -0.0006 0.007773 0.005813 12.41 500 800 0.002072 0.133221 0.210217 -0.076996 0.100000 
7.812 3 -1.519990 -0.927817 -7.784555 -6.500244 -27.282715 -12.420654 0.37 0.36 1.9 2.2 0.096 0.189 0.1956 0.1759 -0.1270 0.5345 -0.0006 0.010364 0.005408 12.40 500 800 -0.001244 0.366387 0.204637 0.161750 0.100000 
7.842 3 -0.788765 -1.002139 -10.639932 -1.556396 10.070801 -10.345459 0.12 0.10 0.5 0.4 -0.054 -0.025 0.0309 0.0386 0.0492 0.5363 -0.0006 0.012956 -0.002067 12.41 500 800 0.005040 0.109649 0.215875 -0.106225 0.100000 
7.872 3 -0.151040 0.208579 -10.623149 -0.915527 30.792236 1.770020 0.18 0.17 0.6 -0.4 0.114 -0.044 0.0687 0.1273 0.3783 0.5403 -0.0005 0.018138 0.004079 12.41 500 800 -0.001428 0.174810 0.227226 -0.052416 0.100000 
7.902 3 0.047949 -0.774380 -8.160956 -0.701904 -14.739990 -5.187988 0.21 0.19 1.2 0.8 0.160 -0.043 0.0976 0.1125 0.0959 0.5425 -0.0005 0.015547 -0.003452 12.41 500 790 0.002199 0.202176 0.207240 -0.005064 0.100000 
7.932 3 -0.894253 1.853237 -8.439062 0.488281 6.622314 3.875732 0.19 0.17 0.7 0.9 -0.003 -0.042 0.0904 0.0767 -0.0881 0.5455 -0.0004 0.018138 0.000891 12.41 500 800 0.000865 0.182141 0.204997 -0.022856 0.100000 
7.962 3 -0.570596 -0.294888 -10.158042 -3.540039 -7.110596 4.638672 0.18 0.17 1.1 0.8 0.184 -0.033 0.0586 0.0703 0.0751 0.5473 -0.0004 0.015547 0.000807 12.41 500 790 0.005140 0.172934 0.191439 -0.018505 0.100000 
7.992 3 -0.565801 -1.069268 -10.896460 -0.457764 -18.096924 2.075195 0.32 0.31 1.7 1.8 0.283 0.367 0.1538 0.1333 -0.1321 0.5504 -0.0004 0.012956 0.007977 12.40 500 790 0.001730 0.313156 0.187523 0.125633 0.100000 
8.022 3 -0.990151 1.160371 -10.081323 2.990723 -2.746582 -7.293701 0.15 0.14 1.0 1.2 -0.044 -0.023 0.0341 0.0189 -0.0985 0.5518 -0.0004 0.010364 0.002012 12.41 500 790 0.008040 0.141123 0.191809 -0.050686 0.100000 
8.052 3 -0.704853 1.117217 -9.923091 -3.417969 33.142090 4.333496 0.19 0.18 0.4 0.2 0.051 -0.023 0.0924 0.0932 0.0052 0.5560 -0.0003 0.012956 0.009072 12.41 500 810 0.000339 0.185369 0.213720 -0.028351 0.100000 
8.082 3 -0.067129 -2.522129 -8.151367 -2.807617 -20.690918 0.579834 0.30 0.29 1.7 1.0 0.385 0.279 0.1426 0.1743 0.2047 0.5580 -0.0003 0.007773 0.002740 12.41 500 800 0.001370 0.295878 0.209956 0.085922 0.100000 
8.112 3 -0.678481 -2.083394 -9.273378 5.889893 27.038574 3.356934 0.13 0.12 0.0 0.3 -0.032 -0.029 0.0683 0.0482 -0.1296 0.5614 -0.0003 0.005182 -0.001048 12.41 500 800 0.000706 0.122656 0.234582 -0.111925 0.100000 
8.142 3 -1.117217 1.575132 -11.083462 1.464844 -26.214600 8.453369 0.34 0.34 1.9 1.9 0.354 0.169 0.1735 0.1671 -0.0415 0.5646 -0.0003 0.005182 0.001246 12.41 500 810 -0.002000 0.337888 0.213925 0.123963 0.100000 
8.172 3 -0.755200 -0.750405 -10.795766 -9.521484 9.826660 -4.333496 0.10 0.10 0.3 0.5 -0.011 -0.013 0.0365 0.0233 -0.0855 0.5664 -0.0003 0.002591 -0.004282 12.41 500 790 0.004006 0.100421 0.217603 -0.117183 0.100000 
8.202 3 -0.033564 2.107368 -11.069077 -3.356934 25.512695 3.662109 0.21 0.21 0.5 -0.1 0.345 0.129 0.1064 0.1434 0.2384 0.5704 -0.0003 0.002591 0.005307 12.40 500 790 -0.002625 0.210433 0.220173 -0.009740 0.100000 
8.232 3 -0.033564 -0.489082 -8.755527 3.295898 -27.038574 -5.615234 0.26 0.26 1.7 1.5 0.446 0.219 0.1141 0.1257 0.0751 0.5722 -0.0003 0.005182 -0.001634 12.41 500 790 0.002287 0.261099 0.205921 0.055178 0.100000 
8.262 3 -1.169961 -0.047949 -8.148970 6.500244 16.723633 -0.946045 0.13 0.13 0.3 0.7 0.002 -0.010 0.0586 0.0390 -0.1270 0.5753 -0.0002 0.002591 -0.000283 12.41 500 790 0.002077 0.131787 0.213760 -0.081974 0.100000 
8.292 3 -0.817534 0.374004 -10.577598 -6.072998 -32.989502 3.204346 0.39 0.39 1.9 2.6 0.321 0.279 0.2113 0.1699 -0.2669 0.5781 -0.0002 0.002591 0.005978 12.40 500 800 -0.001556 0.389111 0.198608 0.190503 0.100000 
8.322 3 -1.390527 -0.050347 -9.942270 -2.807617 3.875732 -14.404297 0.12 0.11 0.7 0.8 -0.050 -0.005 0.0225 0.0221 -0.0026 0.5797 -0.0002 0.002591 -0.001841 12.40 500 800 0.006061 0.115561 0.208106 -0.092546 0.100000 
8.352 3 -0.342837 1.241885 -10.117285 -6.622314 20.660400 2.655029 0.24 0.23 0.6 0.1 0.224 -0.042 0.1217 0.1562 0.2228 0.5839 -0.0002 0.005182 0.006362 12.40 500 800 -0.002429 0.233060 0.217269 0.015791 0.100000 
8.382 3 -0.745610 -0.824727 -6.638569 3.692627 -30.761719 10.253906 0.28 0.28 2.3 1.7 0.400 0.375 0.0924 0.1217 0.1892 0.5855 -0.0002 0.005182 0.000303 12.41 500 810 0.003853 0.278850 0.206967 0.071882 0.100000 
8.412 3 -1.431284 0.155835 -7.283486 6.927490 26.855469 2.777100 0.12 0.11 0.4 0.4 0.002 -0.006 0.0301 0.0305 0.0026 0.5885 -0.0002 0.002591 0.001042 12.41 500 800 0.002762 0.116192 0.227139 -0.110947 0.100000 
8.442 3 -0.479492 -1.191538 -12.804838 -5.828857 -28.808594 -7.659912 0.42 0.42 2.8 2.9 0.457 0.474 0.1799 0.1691 -0.0700 0.5919 -0.0002 0.000000 0.007146 12.40 500 770 -0.002717 0.418217 0.219022 0.199196 0.100000 
8.472 3 -0.978164 0.491479 -10.752612 1.556396 3.631592 1.129150 0.11 0.10 0.7 0.5 -0.033 -0.010 0.0241 0.0374 0.0855 0.5937 -0.0002 0.002591 -0.005282 12.41 500 800 0.005240 0.104613 0.222506 -0.117893 0.100000 
8.502 3 -0.086309 0.611353 -9.848769 -0.274658 23.559570 2.136230 0.17 0.17 0.0 0.4 0.054 -0.016 0.1084 0.0868 -0.1399 0.5975 -0.0002 0.000000 0.002573 12.40 500 750 -0.000923 0.173342 0.220625 -0.047283 0.100000 
8.532 3 -0.222964 -0.815137 -7.686260 0.427246 -34.851074 1.525879 0.28 0.27 2.0 1.4 0.474 0.405 0.1048 0.1370 0.2073 0.5990 -0.0002 0.002591 -0.000138 12.40 500 800 0.004164 0.274726 0.196086 0.078639 0.100000 
8.562 3 -1.165166 -2.222446 -8.568525 4.760742 23.315430 -3.356934 0.10 0.10 0.3 0.1 0.006 0.006 0.0273 0.0442 0.1088 0.6018 -0.0002 0.002591 0.001210 12.41 500 790 0.003801 0.103201 0.210490 -0.107289 0.100000 
8.592 3 -0.330850 0.822329 -11.524594 -4.333496 -31.494141 -6.072998 0.39 0.39 2.8 2.7 0.422 0.422 0.1550 0.1611 0.0389 0.6048 -0.0002 0.000000 0.008461 12.40 500 800 0.000114 0.390335 0.196930 0.193405 0.100000 
8.622 3 -0.822329 1.596709 -10.874883 0.610352 5.401611 4.882812 0.10 0.10 0.4 0.6 -0.027 -0.058 0.0345 0.0181 -0.1062 0.6060 -0.0002 0.000000 -0.001243 12.41 500 760 0.007224 0.098600 0.202128 -0.103528 0.100000 
8.652 3 0.213374 0.462710 -10.836523 -3.265381 25.512695 5.310059 0.19 0.19 0.5 0.0 0.214 0.067 0.0876 0.1153 0.1788 0.6100 -0.0002 0.000000 0.008209 12.41 500 760 0.000923 0.192165 0.208361 -0.016196 0.100000 
8.682 3 -0.932612 -1.215513 -6.732070 2.105713 -24.841309 2.838135 0.22 0.22 1.6 1.5 0.215 0.249 0.0823 0.0872 0.0311 0.6112 -0.0002 0.000000 0.001002 12.39 500 800 0.006776 0.222222 0.193251 0.028971 0.100000 
8.712 3 -0.745610 1.066870 -7.022163 11.291504 28.106689 2.105713 0.12 0.12 -0.0 0.1 -0.036 -0.022 0.0643 0.0526 -0.0751 0.6144 -0.0002 -0.005182 0.004529 12.40 500 800 0.003423 0.119444 0.206504 -0.087060 0.100000 
8.742 3 -0.314067 0.165425 -9.220634 -6.256104 -30.029297 8.422852 0.32 0.33 1.1 1.8 0.263 0.333 0.1956 0.1530 -0.2747 0.6162 -0.0002 -0.007773 0.006741 12.40 500 810 0.003712 0.323313 0.188202 0.135111 0.100000 
8.772 3 -1.083652 -3.361240 -12.109575 -5.126953 21.942139 5.340576 0.09 0.10 0.1 0.2 0.006 -0.001 0.0289 0.0237 -0.0337 0.6184 -0.0002 -0.010364 0.003160 12.41 500 790 0.007252 0.090543 0.208058 -0.117515 0.100000 
8.802 3 -0.882266 -2.970454 -14.487856 0.335693 -16.357422 -10.192871 0.37 0.38 1.5 2.8 0.385 0.603 0.2080 0.1309 -0.4975 0.6218 -0.0002 -0.012956 0.011386 12.40 500 800 0.000228 0.375139 0.206457 0.168681 0.100000 
8.832 3 -0.721636 -0.129463 -9.417226 3.448486 -1.098633 -14.709473 0.14 0.15 1.2 1.2 0.025 -0.002 0.0177 0.0297 0.0777 0.6233 -0.0003 -0.010364 0.000250 12.41 500 800 0.007720 0.144575 0.215443 -0.070868 0.100000 
8.862 3 -0.225361 1.309014 -9.079185 -5.706787 26.611328 1.464844 0.20 0.20 0.9 -0.2 0.215 -0.017 0.0606 0.1438 0.5364 0.6273 -0.0003 -0.005182 0.006753 12.40 500 790 0.000342 0.199224 0.228006 -0.028781 0.100000 
8.892 3 -0.630532 -2.176894 -6.763237 0.335693 -27.923584 6.958008 0.25 0.26 1.8 2.3 0.369 0.348 0.0876 0.0582 -0.1892 0.6285 -0.0003 -0.010364 0.000831 12.40 500 800 0.006831 0.250194 0.212719 0.037475 0.100000 
8.922 3 -1.452861 0.098296 -6.408413 15.930176 30.334473 -1.708984 0.12 0.13 0.3 -0.1 -0.002 -0.035 0.0498 0.0707 0.1347 0.6321 -0.0003 -0.010364 0.002698 12.41 500 800 0.002129 0.129242 0.229441 -0.100199 0.100000 
8.952 3 -0.230156 0.867881 -9.541894 -7.385254 -27.679443 1.495361 0.31 0.32 1.8 1.4 0.296 0.116 0.1462 0.1687 0.1451 0.6341 -0.0004 -0.010364 0.003402 12.41 500 800 0.002500 0.311040 0.205403 0.105637 0.100000 
8.982 3 -1.160371 -1.522388 -10.692676 -8.026123 21.911621 0.640869 0.06 0.08 -0.2 0.0 0.001 -0.008 0.0345 0.0249 -0.0622 0.6363 -0.0004 -0.012956 -0.000959 12.41 500 790 0.005768 0.071025 0.214782 -0.143756 0.100000 
9.012 3 0.141450 -1.474438 -15.883178 0.823975 -7.843018 -0.152588 0.30 0.32 1.8 1.5 0.512 0.504 0.1265 0.1550 0.1840 0.6397 -0.0004 -0.015547 0.008543 12.40 500 790 0.000469 0.311283 0.203161 0.108122 0.100000 
9.042 3 -1.376143 0.982959 -8.966504 4.547119 -28.381348 -4.547119 0.20 0.21 2.3 2.5 0.215 0.264 0.0233 0.0177 -0.0363 0.6407 -0.0005 -0.012956 0.000234 12.41 500 800 0.009059 0.204929 0.194111 0.010818 0.100000 
9.072 3 -0.795957 -0.561006 -6.691313 9.552002 27.038574 -4.089355 0.11 0.12 -0.2 0.4 -0.041 0.002 0.0687 0.0382 -0.1969 0.6441 -0.0005 -0.015547 0.004081 12.40 490 790 0.003790 0.115683 0.207157 -0.091474 0.100000 
9.102 3 -0.863086 1.893994 -8.805874 -2.197266 -25.512695 12.145996 0.24 0.26 1.1 1.6 0.188 0.224 0.1341 0.1096 -0.1581 0.6459 -0.0005 -0.018138 0.003715 12.41 500 820 0.005649 0.252196 0.182483 0.069713 0.100000 
9.132 3 -0.409966 -2.728310 -11.083462 -1.861572 21.209717 4.058838 0.09 0.11 0.2 0.3 0.017 -0.006 0.0317 0.0345 0.0181 0.6484 -0.0006 -0.018138 0.004177 12.41 500 800 0.006314 0.100748 0.196158 -0.095410 0.100000 
9.162 3 -0.668892 -0.709648 -13.610385 -1.525879 -25.177002 -6.378174 0.35 0.37 1.9 2.6 0.364 0.362 0.1767 0.1418 -0.2254 0.6512 -0.0006 -0.018138 0.010287 12.40 500 800 0.002018 0.357560 0.186985 0.170575 0.100000 
9.192 3 -0.795957 0.925420 -11.109834 -1.770020 11.260986 -5.065918 0.06 0.08 0.1 0.3 0.021 -0.057 0.0189 0.0213 0.0155 0.6528 -0.0007 -0.018138 0.000066 12.41 500 810 0.008691 0.069125 0.194681 -0.125556 0.100000 
9.222 3 0.455518 1.208320 -9.726499 -6.011963 13.793945 6.225586 0.21 0.22 0.8 0.7 0.302 0.152 0.0944 0.1133 0.1218 0.6562 -0.0007 -0.015547 0.008724 12.41 500 790 0.002050 0.213765 0.195178 0.018587 0.100000 
9.252 3 -0.350029 -1.222705 -7.022163 3.326416 -25.115967 7.629395 0.23 0.25 1.3 1.7 0.249 0.332 0.1080 0.0932 -0.0959 0.6576 -0.0007 -0.018138 0.003426 12.40 500 800 0.006800 0.237242 0.183310 0.053932 0.100000 
9.282 3 -1.625479 -0.743213 -6.465952 9.490967 22.735596 -5.157471 0.11 0.13 0.1 0.6 -0.003 -0.027 0.0570 0.0353 -0.1399 0.6606 -0.0008 -0.020729 0.004632 12.41 500 800 0.004686 0.121494 0.201397 -0.079902 0.100000 
9.312 3 -1.510400 1.452861 -10.289902 -0.701904 -28.991699 -2.960205 0.35 0.36 1.5 1.9 0.184 0.178 0.2016 0.1900 -0.0751 0.6632 -0.0008 -0.018138 0.007862 12.41 500 810 0.001204 0.354896 0.187113 0.167783 0.100000 
9.342 3 -1.344976 1.651851 -11.016333 -6.439209 4.425049 -0.640869 0.11 0.12 0.7 0.9 -0.017 -0.041 0.0233 0.0189 -0.0285 0.6646 -0.0009 -0.015547 0.001531 12.41 500 800 0.008216 0.116574 0.198867 -0.082293 0.100000 
9.372 3 -0.604160 0.433940 -10.381005 6.439209 38.787842 -5.462646 0.13 0.14 -0.0 -0.3 0.054 0.002 0.0627 0.0835 0.1347 0.6682 -0.0009 -0.015547 0.007333 12.41 500 790 0.001936 0.133148 0.214575 -0.081427 0.100000 
9.402 3 -0.767187 -0.872676 -8.012314 -3.875732 -17.150879 -4.394531 0.24 0.25 0.7 1.3 0.117 0.205 0.1482 0.1237 -0.1581 0.6700 -0.0009 -0.012956 0.002255 12.41 500 800 0.003680 0.242768 0.197144 0.045624 0.100000 
9.432 3 -0.201387 -2.852978 -9.431611 -0.366211 19.348145 -4.150391 0.08 0.09 0.1 0.2 0.017 -0.018 0.0217 0.0293 0.0492 0.6722 -0.0010 -0.010364 0.000817 12.41 500 800 0.006255 0.081988 0.203903 -0.121915 0.100000 
9.462 3 -0.071924 -0.709648 -13.569629 0.427246 -10.559082 -9.979248 0.27 0.28 1.4 1.6 0.387 0.362 0.1261 0.1177 -0.0544 0.6755 -0.0010 -0.010364 0.007775 12.41 500 790 0.002911 0.273122 0.187621 0.085501 0.100000 
9.492 3 -1.642261 -0.481890 -8.769912 0.854492 -18.341064 3.417969 0.15 0.16 1.6 1.7 0.089 0.033 0.0153 0.0177 0.0155 0.6761 -0.0010 -0.007773 0.001940 12.40 500 800 0.010536 0.156295 0.178234 -0.021939 0.100000 
9.522 3 -1.210718 -0.448325 -7.590361 8.331299 24.230957 -3.753662 0.11 0.12 -0.1 0.3 -0.003 -0.017 0.0610 0.0434 -0.1140 0.6791 -0.0010 -0.010364 0.007418 12.41 500 800 0.006150 0.114477 0.186388 -0.071911 0.100000 
9.552 3 -0.632930 0.345234 -9.326122 -2.044678 -27.008057 0.732422 0.32 0.33 1.4 1.4 0.208 0.091 0.1799 0.1868 0.0440 0.6813 -0.0011 -0.007773 0.009718 12.41 500 810 0.004006 0.326263 0.174867 0.151396 0.100000 
9.582 3 -0.795957 1.064473 -10.486494 -2.716064 12.786865 0.213623 0.08 0.09 0.2 0.3 0.005 -0.021 0.0241 0.0193 -0.0311 0.6827 -0.0011 -0.010364 0.003644 12.41 500 800 0.009770 0.080591 0.186481 -0.105890 0.100000 
9.612 3 0.748008 1.352168 -11.093051 -3.082275 18.676758 5.920410 0.20 0.21 0.7 0.6 0.145 0.326 0.0912 0.0996 0.0544 0.6861 -0.0011 -0.007773 0.011186 12.41 500 800 0.003754 0.201615 0.192494 0.009120 0.100000 
9.642 3 -0.726431 -0.256528 -8.491806 0.579834 -24.139404 0.579834 0.23 0.24 1.7 1.4 0.181 0.375 0.0876 0.1052 0.1140 0.6877 -0.0011 -0.007773 0.004168 12.41 500 810 0.007617 0.233950 0.184177 0.049773 0.100000 
9.672 3 -0.839111 1.402515 -7.573579 5.584717 21.453857 -3.875732 0.11 0.11 0.4 0.1 0.021 -0.029 0.0349 0.0610 0.1684 0.6905 -0.0011 -0.002591 0.004738 12.41 500 800 0.005665 0.112108 0.196260 -0.084152 0.100000 
9.702 3 -0.549019 0.858291 -9.779243 -2.746582 -25.024414 -9.399414 0.29 0.29 1.9 1.5 0.314 0.100 0.1201 0.1486 0.1840 0.6927 -0.0011 -0.005182 0.007290 12.40 500 800 0.004989 0.288997 0.178631 0.110366 0.100000 
9.732 3 -0.688071 -1.733364 -10.273120 -7.049561 14.221191 -2.563477 0.09 0.09 0.3 0.4 0.005 -0.002 0.0189 0.0221 0.0207 0.6943 -0.0011 -0.000000 0.003784 12.41 500 760 0.008672 0.093012 0.191533 -0.098521 0.100000 
9.762 3 0.175015 3.883887 -11.119424 -2.807617 33.630371 5.065918 0.16 0.16 -0.0 0.0 0.202 0.017 0.0835 0.0872 0.0233 0.6977 -0.0011 0.002591 0.010392 12.41 500 800 0.003084 0.158048 0.202361 -0.044313 0.100000 
9.792 3 0.151040 -1.934751 -8.192123 -2.410889 -22.399902 -9.735107 0.32 0.32 1.6 0.8 0.359 0.172 0.1611 0.2080 0.3032 0.6998 -0.0011 0.002591 0.007475 12.41 500 810 0.002799 0.322517 0.197571 0.124946 0.100000 
9.822 3 -0.513057 -1.567939 -9.911103 -5.157471 29.541016 -0.915527 0.07 0.07 -0.3 -0.1 0.004 -0.002 0.0325 0.0241 -0.0544 0.7022 -0.0011 0.002591 0.000970 12.41 490 790 0.005914 0.069009 0.221562 -0.152553 0.100000 
9.852 3 0.342837 -1.352168 -14.588550 -0.701904 4.577637 7.293701 0.27 0.27 1.0 1.0 0.375 0.356 0.1462 0.1418 -0.0285 0.7058 -0.0011 0.002591 0.006480 12.39 500 800 -0.000615 0.272932 0.217960 0.054972 0.100000 
9.882 3 -1.114819 1.426489 -8.141777 3.051758 -15.808105 -4.241943 0.16 0.16 0.5 1.8 -0.026 0.115 0.1000 0.0209 -0.5105 0.7074 -0.0011 -0.002591 -0.003716 12.41 500 800 0.005965 0.162169 0.203799 -0.041630 0.100000 
9.912 3 0.098296 -0.086309 -10.249146 -1.922607 14.801025 8.544922 0.17 0.17 0.3 0.1 0.187 0.089 0.0944 0.1016 0.0466 0.7108 -0.0011 -0.000000 0.004005 12.41 500 790 0.001905 0.165059 0.195725 -0.030666 0.100000 
9.942 3 -0.599365 0.153437 -8.146572 0.244141 -25.451660 -3.204346 0.20 0.20 1.1 2.3 0.078 0.422 0.0872 0.0189 -0.4405 0.7118 -0.0011 -0.002591 0.002238 12.39 500 790 0.008581 0.199360 0.173940 0.025420 0.100000 
9.972 3 -1.148384 0.999741 -8.340766 6.591797 13.000488 -0.091553 0.12 0.12 0.6 0.6 0.003 -0.015 0.0277 0.0349 0.0466 0.7144 -0.0011 0.005182 0.005968 12.41 500 810 0.007276 0.122273 0.180732 -0.058459 0.100000 
10.002 3 -0.095898 0.690469 -11.673237 -3.631592 -28.350830 -5.126953 0.38 0.38 2.5 2.4 0.482 0.195 0.1590 0.1687 0.0622 0.7170 -0.0011 0.002591 0.012826 12.41 500 790 0.002764 0.377353 0.177762 0.199591 0.100000 
10.032 3 -1.567939 0.254131 -10.194004 -0.305176 -2.136230 -14.556885 0.14 0.14 1.1 1.2 -0.049 -0.034 0.0241 0.0205 -0.0233 0.7184 -0.0011 0.005182 0.003844 12.41 500 790 0.009577 0.142080 0.191952 -0.049872 0.100000 
10.062 3 -0.915830 0.515454 -8.978491 -3.875732 27.130127 0.152588 0.18 0.17 0.6 0.2 0.067 -0.049 0.0635 0.0984 0.2254 0.7220 -0.0011 0.010364 0.008187 12.41 500 800 0.002752 0.171021 0.211371 -0.040350 0.100000 
10.092 3 -0.551416 -2.514936 -8.674013 -1.190186 -15.319824 3.814697 0.26 0.26 1.6 0.6 0.396 0.146 0.1096 0.1679 0.3757 0.7241 -0.0011 0.005182 0.004346 12.41 500 800 0.003733 0.261697 0.202085 0.059611 0.100000 
10.122 3 0.215771 -3.152661 -10.834126 2.349854 25.878906 7.293701 0.09 0.09 -0.1 0.1 0.026 0.001 0.0406 0.0273 -0.0855 0.7267 -0.0011 0.002591 0.001001 12.41 500 800 0.005100 0.087901 0.219227 -0.131326 0.100000 
10.152 3 0.963779 -1.026113 -15.180722 -0.610352 12.969971 8.972168 0.23 0.22 0.9 0.5 0.661 0.281 0.1032 0.1265 0.1503 0.7301 -0.0011 0.005182 0.006682 12.41 500 810 0.000793 0.226729 0.213113 0.013615 0.100000 
10.182 3 -0.716841 -0.302080 -8.558935 2.685547 -28.411865 3.326416 0.25 0.25 1.8 2.0 0.228 0.452 0.0924 0.0703 -0.1425 0.7313 -0.0011 0.000000 0.001537 12.40 500 760 0.006705 0.246044 0.198557 0.047487 0.100000 
10.212 3 -0.992549 0.155835 -7.110869 6.835938 23.803711 0.396729 0.12 0.11 0.2 0.1 -0.017 -0.046 0.0494 0.0522 0.0181 0.7343 -0.0011 0.002591 0.003014 12.41 500 800 0.004184 0.115487 0.210276 -0.094789 0.100000 
10.243 3 -1.234692 1.287436 -9.644985 -2.746582 -26.428223 0.152588 0.30 0.30 2.0 2.0 0.299 0.103 0.1277 0.1257 -0.0130 0.7367 -0.0011 0.002591 0.005225 12.40 500 800 0.003707 0.297650 0.190218 0.107432 0.100000 
10.273 3 -0.419556 -0.719238 -11.994496 -7.110596 12.298584 2.532959 0.09 0.09 0.1 0.4 -0.021 -0.029 0.0426 0.0265 -0.1036 0.7385 -0.0011 0.000000 0.001480 12.41 500 760 0.007166 0.094973 0.194769 -0.099796 0.100000 
10.303 3 -1.273052 -3.212598 -12.670581 -5.096436 -24.536133 -3.967285 0.34 0.34 1.4 2.6 0.317 0.439 0.1912 0.1209 -0.4534 0.7415 -0.0011 -0.002591 0.009849 12.39 500 800 0.002724 0.337424 0.180535 0.156890 0.100000 
10.333 3 -1.292231 0.748008 -8.707578 -0.244141 -1.007080 -12.664795 0.13 0.13 1.0 1.0 -0.004 -0.024 0.0173 0.0189 0.0104 0.7429 -0.0011 0.000000 0.002959 12.41 500 800 0.009531 0.126391 0.188592 -0.062202 0.100000 
10.363 3 -0.517852 0.357222 -9.721704 4.913330 29.296875 -4.394531 0.16 0.16 0.1 0.3 0.026 -0.020 0.0863 0.0727 -0.0881 0.7465 -0.0011 0.000000 0.008817 12.41 500 760 0.003072 0.160112 0.204933 -0.044822 0.100000 
10.393 3 -0.165425 -2.037842 -7.796543 -5.096436 -22.277832 -0.152588 0.30 0.30 1.3 1.4 0.357 0.201 0.1631 0.1586 -0.0285 0.7482 -0.0011 0.000000 0.006121 12.41 500 770 0.003488 0.302399 0.198303 0.104097 0.100000 
10.423 3 -0.644917 -2.649194 -11.023525 2.258301 30.212402 -2.899170 0.06 0.06 -0.4 -0.2 -0.033 -0.020 0.0341 0.0253 -0.0570 0.7508 -0.0011 -0.002591 0.000649 12.40 500 800 0.005801 0.060494 0.217472 -0.156978 0.100000 
10.453 3 -0.484287 0.151040 -12.217461 0.244141 -19.348145 -6.652832 0.32 0.32 1.8 1.9 0.340 0.426 0.1598 0.1502 -0.0622 0.7542 -0.0011 0.000000 0.005969 12.40 500 800 0.000629 0.324253 0.203321 0.120933 0.100000 
10.483 3 -1.229897 2.536514 -10.611162 -2.288818 -5.889893 7.476807 0.13 0.13 1.1 1.1 -0.011 -0.086 0.0213 0.0201 -0.0078 0.7554 -0.0011 0.000000 -0.001443 12.41 500 760 0.007927 0.127212 0.200351 -0.073139 0.100000 
10.513 3 -0.903843 0.364414 -8.954516 5.523682 30.517578 -2.197266 0.13 0.12 0.3 -0.2 0.039 -0.006 0.0446 0.0703 0.1658 0.7588 -0.0011 0.002591 0.005997 12.41 500 790 0.003388 0.125802 0.206239 -0.080437 0.100000 
10.543 3 -0.275708 -1.728569 -7.441719 -4.150391 -25.177002 -4.364014 0.33 0.33 1.2 1.4 0.273 0.074 0.1928 0.1815 -0.0726 0.7610 -0.0011 0.000000 0.006487 12.38 500 760 0.001885 0.327726 0.193818 0.133908 0.100000 
10.573 3 -0.661699 -1.361758 -11.112231 -4.058838 27.557373 -1.739502 0.06 0.06 -0.5 -0.2 -0.025 -0.082 0.0390 0.0257 -0.0855 0.7630 -0.0011 0.000000 -0.000168 12.41 500 770 0.005845 0.055987 0.212311 -0.156323 0.100000 
10.603 3 -0.141450 -1.702197 -14.722807 -2.166748 -5.737305 -2.166748 0.29 0.29 1.6 1.4 0.466 0.424 0.1301 0.1418 0.0751 0.7666 -0.0011 0.000000 0.007691 12.41 500 750 0.000491 0.294070 0.202042 0.092028 0.100000 
10.633 3 -1.102832 1.213115 -8.983286 7.659912 -9.735107 -12.084961 0.14 0.14 0.3 1.4 -0.047 -0.007 0.0791 0.0229 -0.3628 0.7678 -0.0011 0.000000 -0.001969 12.41 500 770 0.007109 0.136706 0.193499 -0.056792 0.100000 
10.663 3 -0.198989 1.680620 -9.328520 -0.488281 25.512695 1.861572 0.16 0.16 0.5 0.2 0.035 0.070 0.0663 0.0803 0.0907 0.7712 -0.0011 0.002591 0.007483 12.40 500 800 0.002455 0.159105 0.197882 -0.038777 0.100000 
10.693 3 -0.649712 -1.028511 -6.477939 -3.570557 -34.667969 1.068115 0.28 0.28 1.9 2.0 0.454 0.534 0.1064 0.1008 -0.0363 0.7724 -0.0010 0.002591 0.004939 12.40 500 790 0.007448 0.277454 0.181523 0.095930 0.100000 
10.723 3 -0.551416 -2.092983 -8.940131 4.150391 27.801514 -1.861572 0.09 0.08 0.1 0.0 0.027 -0.017 0.0253 0.0301 0.0311 0.7751 -0.0010 0.005182 0.004512 12.41 500 790 0.006549 0.084827 0.202243 -0.117415 0.100000 
10.753 3 -0.397979 0.632930 -13.037393 -2.502441 -28.869629 -5.981445 0.40 0.40 2.6 2.8 0.465 0.404 0.1731 0.1598 -0.0855 0.7783 -0.0010 0.005182 0.011541 12.40 500 800 0.001167 0.399556 0.195040 0.204516 0.100000 
10.783 3 -1.203525 0.872676 -11.416709 0.518799 -6.561279 -0.701904 0.13 0.13 1.2 1.2 -0.020 -0.061 0.0181 0.0173 -0.0052 0.7793 -0.0010 0.007773 0.000378 12.41 500 800 0.009543 0.130742 0.199497 -0.068755 0.100000 
10.813 3 -0.982959 0.278105 -8.319189 6.195068 36.712646 -5.401611 0.12 0.11 0.1 -0.7 0.044 -0.030 0.0430 0.0916 0.3135 0.7829 -0.0010 0.007773 0.006473 12.41 500 790 0.003468 0.112910 0.211010 -0.098100 0.100000 
10.843 3 -0.707251 -3.027993 -7.504053 -2.044678 -21.789551 -7.965088 0.27 0.26 1.1 1.1 0.216 0.119 0.1498 0.1474 -0.0155 0.7847 -0.0010 0.005182 0.003764 12.41 500 810 0.004173 0.262502 0.190528 0.071974 0.100000 
10.873 3 -0.091104 -0.779175 -9.184672 -2.410889 20.843506 2.746582 0.07 0.06 -0.0 0.0 0.032 0.003 0.0237 0.0225 -0.0078 0.7867 -0.0010 0.005182 0.001463 12.41 500 780 0.007455 0.066882 0.199558 -0.132676 0.100000 
10.903 3 -0.134258 -1.594311 -14.924194 -3.143311 -23.132324 0.213623 0.34 0.33 1.8 2.2 0.389 0.429 0.1671 0.1349 -0.2073 0.7895 -0.0010 0.005182 0.010168 12.40 500 780 0.003011 0.334106 0.181788 0.152318 0.100000 
10.933 3 -1.145986 0.865483 -10.603970 4.821777 -7.598877 -0.518799 0.12 0.12 0.8 1.1 -0.061 -0.036 0.0369 0.0145 -0.1451 0.7903 -0.0009 0.000000 0.002307 12.41 500 760 0.010815 0.118500 0.177047 -0.058547 0.100000 
10.963 3 -0.067129 2.469385 -10.548828 -13.580322 2.563477 6.042480 0.24 0.25 1.2 1.4 0.291 0.478 0.1096 0.0920 -0.1140 0.7935 -0.0010 -0.005182 0.013026 12.40 500 800 0.005222 0.245817 0.176719 0.069098 0.100000 
10.993 3 -1.599106 -0.366812 -6.386836 6.591797 -22.216797 -4.516602 0.18 0.18 2.0 2.0 0.200 0.196 0.0153 0.0141 -0.0078 0.7941 -0.0010 -0.002591 0.006074 12.41 500 800 0.012858 0.180921 0.171204 0.009717 0.100000 
11.023 3 -0.503467 2.126548 -7.432129 12.573242 25.939941 -2.166748 0.15 0.15 0.4 0.6 -0.005 -0.025 0.0514 0.0498 -0.0104 0.7973 -0.0010 -0.002591 0.011336 12.41 490 790 0.006984 0.146457 0.193478 -0.047022 0.100000 
11.053 3 -0.810342 0.057539 -7.985942 -7.232666 -24.810791 0.030518 0.34 0.35 1.9 1.2 0.308 0.021 0.1623 0.2036 0.2669 0.7992 -0.0010 -0.005182 0.011528 12.41 500 800 0.004769 0.344924 0.190730 0.154195 0.100000 
11.083 3 -1.014126 -1.934751 -11.220117 -5.035400 29.907227 6.134033 0.07 0.08 -0.3 0.0 0.000 -0.022 0.0382 0.0217 -0.1062 0.8014 -0.0010 -0.007773 0.003661 12.41 500 800 0.007697 0.074062 0.218827 -0.144765 0.100000 
11.113 3 0.383594 -0.644917 -14.029941 3.570557 -9.979248 -3.601074 0.33 0.34 1.6 2.4 0.343 0.557 0.1707 0.1173 -0.3446 0.8048 -0.0010 -0.010364 0.010003 12.38 500 800 0.001292 0.335460 0.213509 0.121950 0.100000 
11.143 3 -1.098037 0.338042 -8.702783 6.591797 -14.251709 -6.347656 0.15 0.16 1.4 1.6 0.037 0.149 0.0301 0.0161 -0.0907 0.8058 -0.0010 -0.012956 -0.000224 12.41 500 800 0.009728 0.155314 0.205091 -0.049777 0.100000 
11.173 3 -0.841509 1.426489 -7.758183 6.500244 31.097412 -4.974365 0.10 0.11 0.1 -0.5 0.051 -0.028 0.0398 0.0779 0.2462 0.8090 -0.0011 -0.012956 0.005277 12.38 500 790 0.004566 0.107200 0.208642 -0.101442 0.100000 
11.203 3 -0.527441 -1.148384 -7.820518 -7.324219 -31.158447 0.396729 0.26 0.27 1.7 1.3 0.480 0.391 0.1036 0.1414 0.2436 0.8102 -0.0011 -0.012956 0.005709 12.40 500 790 0.007938 0.267579 0.181113 0.086466 0.100000 
11.233 3 -0.994946 -3.541050 -10.474506 -1.037598 22.247314 -3.753662 0.07 0.08 -0.1 0.0 0.024 -0.009 0.0221 0.0237 0.0104 0.8122 -0.0011 -0.012956 0.005015 12.41 500 800 0.009227 0.072876 0.192660 -0.119784 0.100000 
11.263 3 -0.359619 -1.445669 -15.336557 -0.885010 -18.920898 -9.155273 0.34 0.35 1.7 2.6 0.431 0.536 0.1671 0.1181 -0.3161 0.8150 -0.0012 -0.012956 0.013571 12.40 490 800 0.004399 0.342572 0.184807 0.157765 0.100000 
11.293 3 -1.397720 1.064473 -10.182016 4.516602 -6.378174 -2.197266 0.11 0.12 0.9 1.0 -0.017 -0.067 0.0157 0.0181 0.0155 0.8158 -0.0012 -0.012956 0.003050 12.41 500 800 0.012329 0.112764 0.183290 -0.070525 0.100000 
11.323 3 -0.489082 0.740815 -9.925488 2.868652 33.355713 -1.617432 0.12 0.13 0.1 0.0 0.074 0.027 0.0490 0.0578 0.0570 0.8190 -0.0012 -0.012956 0.011135 12.41 500 800 0.006450 0.123758 0.193343 -0.069585 0.100000 
11.353 3 -0.227759 -1.675825 -7.937993 -4.333496 -21.057129 2.563477 0.23 0.24 1.4 0.8 0.268 0.227 0.0972 0.1370 0.2565 0.8204 -0.0012 -0.010364 0.007338 12.38 500 810 0.008892 0.235580 0.177612 0.057967 0.100000 
11.383 3 -1.225103 -1.687812 -8.813066 5.218506 19.958496 -2.227783 0.10 0.11 0.3 0.5 0.010 -0.008 0.0361 0.0265 -0.0622 0.8229 -0.0013 -0.015547 0.006497 12.41 500 800 0.008430 0.104919 0.193917 -0.088998 0.100000 
11.413 3 -0.944600 2.095381 -10.215581 -0.030518 -27.709961 3.021240 0.29 0.30 1.8 1.7 0.195 0.363 0.1378 0.1422 0.0285 0.8251 -0.0013 -0.012956 0.009452 12.40 500 810 0.006757 0.296750 0.173069 0.123682 0.100000 
11.443 3 -0.637725 -1.129204 -11.963329 -9.613037 18.524170 -2.716064 0.05 0.07 -0.1 0.0 0.016 -0.034 0.0197 0.0189 -0.0052 0.8265 -0.0013 -0.015547 0.004660 12.41 500 800 0.010590 0.060357 0.184317 -0.123960 0.100000 
11.473 3 -0.208579 -0.376401 -14.550190 -1.556396 -1.281738 2.197266 0.25 0.27 1.3 1.2 0.418 0.370 0.1117 0.1297 0.1166 0.8297 -0.0014 -0.015547 0.013399 12.39 500 810 0.005455 0.262535 0.178615 0.083920 0.100000 
11.503 3 -1.098037 0.338042 -8.657231 7.690430 -9.185791 13.031006 0.12 0.14 1.1 0.7 -0.021 -0.081 0.0273 0.0522 0.1606 0.8305 -0.0014 -0.015547 0.004603 12.41 500 790 0.011948 0.131057 0.172439 -0.041383 0.100000 
11.533 3 0.388389 1.349770 -9.879936 -1.251221 20.477295 1.831055 0.17 0.19 0.5 0.5 0.043 0.351 0.0803 0.0779 -0.0155 0.8337 -0.0014 -0.020729 0.013619 12.41 500 810 0.006789 0.175930 0.179107 -0.003177 0.100000 
11.563 3 -0.668892 -1.563144 -5.912138 -2.838135 -29.571533 5.371094 0.25 0.27 1.7 2.2 0.512 0.365 0.0912 0.0707 -0.1321 0.8345 -0.0015 -0.020729 0.009410 12.41 500 810 0.011379 0.255765 0.172229 0.083536 0.100000 
11.593 3 -1.009331 -1.560747 -7.866069 7.324219 25.115967 2.288818 0.10 0.12 0.2 0.5 -0.012 -0.006 0.0422 0.0249 -0.1114 0.8371 -0.0015 -0.023320 0.008839 12.41 500 790 0.008594 0.111765 0.196982 -0.085217 0.100000 
11.623 3 -0.383594 0.896650 -11.872226 -5.950928 -30.334473 -1.098633 0.39 0.41 2.0 2.9 0.312 0.351 0.2036 0.1619 -0.2695 0.8399 -0.0016 -0.023320 0.013370 12.40 500 810 0.003350 0.397464 0.191377 0.206087 0.100000 
11.653 3 -1.066870 1.385732 -11.169770 -0.183105 0.823975 -1.464844 0.11 0.13 0.9 1.1 -0.016 -0.050 0.0177 0.0185 0.0052 0.8411 -0.0016 -0.023320 0.002332 12.41 500 800 0.010305 0.121270 0.203876 -0.082606 0.100000 
11.683 3 -1.112422 0.028770 -7.204370 8.666992 31.250000 -6.042480 0.11 0.13 -0.1 -0.1 0.000 -0.021 0.0562 0.0691 0.0829 0.8445 -0.0017 -0.020729 0.005790 12.40 500 800 0.004624 0.115420 0.212849 -0.097429 0.100000 
11.713 3 -0.769585 -0.031167 -7.966763 -2.929688 -22.979736 -0.488281 0.28 0.30 1.0 1.2 0.126 -0.036 0.1775 0.1783 0.0052 0.8465 -0.0017 -0.020729 0.005359 12.41 500 790 0.003253 0.294074 0.192801 0.101273 0.100000 
11.743 3 0.016782 0.791162 -10.927627 -4.180908 20.629883 -10.406494 0.04 0.06 -0.3 -0.2 -0.002 -0.025 0.0217 0.0229 0.0078 0.8481 -0.0017 -0.020729 0.000844 12.41 500 780 0.008651 0.045700 0.195782 -0.150082 0.100000 
11.773 3 0.433940 -0.316465 -13.274741 -3.326416 2.410889 2.563477 0.20 0.21 1.2 0.8 0.421 0.361 0.0707 0.1056 0.2254 0.8510 -0.0018 -0.015547 0.009281 12.39 500 810 0.005728 0.206264 0.179150 0.027114 0.100000 
11.803 3 -1.098037 -0.599365 -7.228344 4.180908 -25.970459 -1.892090 0.18 0.20 2.1 1.3 0.234 0.229 0.0169 0.0703 0.3446 0.8518 -0.0018 -0.015547 0.005594 12.41 500 800 0.012157 0.187485 0.162456 0.025028 0.100000 
11.833 3 -0.867881 0.783970 -7.194780 9.277344 21.423340 -9.857178 0.09 0.11 0.1 0.2 0.012 -0.010 0.0394 0.0410 0.0104 0.8542 -0.0018 -0.015547 0.009390 12.40 500 790 0.008953 0.100953 0.171369 -0.070415 0.100000 
11.863 3 -0.374004 0.481890 -9.453188 -3.662109 -23.010254 -3.082275 0.23 0.24 0.7 1.3 0.302 0.080 0.1398 0.1189 -0.1347 0.8556 -0.0019 -0.012956 0.010624 12.38 500 820 0.010160 0.237491 0.152524 0.084968 0.100000 
11.893 3 -0.431543 -3.811963 -10.649521 0.640869 19.378662 -4.180908 0.08 0.09 0.2 0.3 0.006 -0.041 0.0201 0.0237 0.0233 0.8574 -0.0019 -0.010364 0.009616 12.41 500 800 0.011449 0.085294 0.171261 -0.085968 0.100000 
11.923 3 -0.071924 0.908638 -13.224394 4.119873 -23.681641 -6.866455 0.33 0.34 2.3 2.2 0.420 0.477 0.1313 0.1390 0.0492 0.8600 -0.0019 -0.007773 0.015699 12.40 500 780 0.007234 0.333533 0.166217 0.167316 0.100000 
11.953 3 -1.577529 1.294629 -11.066679 -1.007080 -6.591797 -14.129639 0.14 0.14 1.2 1.3 -0.021 -0.044 0.0169 0.0193 0.0155 0.8610 -0.0019 -0.005182 0.007636 12.42 500 790 0.013510 0.138232 0.173970 -0.035738 0.100000 
11.983 3 -0.529839 -0.309272 -8.978491 -1.098633 33.020020 -6.347656 0.13 0.13 0.3 -0.2 0.069 -0.036 0.0454 0.0888 0.2798 0.8642 -0.0019 -0.000000 0.012915 12.42 500 760 0.006991 0.134677 0.190698 -0.056020 0.100000 
12.013 3 -0.606558 -2.114560 -8.563730 -0.823975 -18.707275 -1.953125 0.27 0.27 1.0 0.9 0.291 0.108 0.1526 0.1659 0.0855 0.8658 -0.0019 -0.000000 0.009715 12.40 500 770 0.007246 0.272368 0.182372 0.089997 0.100000 
